[2025-05-13T18:20:32.907+0000] {local_task_job_runner.py:123} INFO - ::group::Pre task execution logs
[2025-05-13T18:20:33.059+0000] {taskinstance.py:2613} INFO - Dependencies all met for dep_context=non-requeueable deps ti=<TaskInstance: hh_vacancies_parser.parse_and_save scheduled__2025-02-16T00:00:00+00:00 [queued]>
[2025-05-13T18:20:33.119+0000] {taskinstance.py:2613} INFO - Dependencies all met for dep_context=requeueable deps ti=<TaskInstance: hh_vacancies_parser.parse_and_save scheduled__2025-02-16T00:00:00+00:00 [queued]>
[2025-05-13T18:20:33.124+0000] {taskinstance.py:2866} INFO - Starting attempt 1 of 2
[2025-05-13T18:20:33.228+0000] {taskinstance.py:2889} INFO - Executing <Task(PythonOperator): parse_and_save> on 2025-02-16 00:00:00+00:00
[2025-05-13T18:20:33.261+0000] {warnings.py:112} WARNING - /home/***/.local/lib/python3.12/site-packages/***/task/task_runner/standard_task_runner.py:70: DeprecationWarning: This process (pid=85) is multi-threaded, use of fork() may lead to deadlocks in the child.
  pid = os.fork()

[2025-05-13T18:20:33.268+0000] {standard_task_runner.py:72} INFO - Started process 96 to run task
[2025-05-13T18:20:33.365+0000] {standard_task_runner.py:104} INFO - Running: ['***', 'tasks', 'run', 'hh_vacancies_parser', 'parse_and_save', 'scheduled__2025-02-16T00:00:00+00:00', '--job-id', '32', '--raw', '--subdir', 'DAGS_FOLDER/pars_hh_***.py', '--cfg-path', '/tmp/tmpx2lh64eg']
[2025-05-13T18:20:33.391+0000] {standard_task_runner.py:105} INFO - Job 32: Subtask parse_and_save
[2025-05-13T18:20:33.861+0000] {task_command.py:467} INFO - Running <TaskInstance: hh_vacancies_parser.parse_and_save scheduled__2025-02-16T00:00:00+00:00 [running]> on host 4110aaea58fc
[2025-05-13T18:20:35.711+0000] {taskinstance.py:3132} INFO - Exporting env vars: AIRFLOW_CTX_DAG_OWNER='***' AIRFLOW_CTX_DAG_ID='hh_vacancies_parser' AIRFLOW_CTX_TASK_ID='parse_and_save' AIRFLOW_CTX_EXECUTION_DATE='2025-02-16T00:00:00+00:00' AIRFLOW_CTX_TRY_NUMBER='1' AIRFLOW_CTX_DAG_RUN_ID='scheduled__2025-02-16T00:00:00+00:00'
[2025-05-13T18:20:35.718+0000] {logging_mixin.py:190} INFO - Task instance is in running state
[2025-05-13T18:20:35.720+0000] {logging_mixin.py:190} INFO -  Previous state of the Task instance: queued
[2025-05-13T18:20:35.723+0000] {logging_mixin.py:190} INFO - Current task name:parse_and_save state:running start_date:2025-05-13 18:20:33.063788+00:00
[2025-05-13T18:20:35.729+0000] {logging_mixin.py:190} INFO - Dag name:hh_vacancies_parser and current dag run status:running
[2025-05-13T18:20:35.732+0000] {taskinstance.py:731} INFO - ::endgroup::
[2025-05-13T18:20:36.089+0000] {python.py:240} INFO - Done. Returned value was: None
[2025-05-13T18:20:36.168+0000] {taskinstance.py:340} INFO - ::group::Post task execution logs
[2025-05-13T18:20:36.170+0000] {taskinstance.py:352} INFO - Marking task as SUCCESS. dag_id=hh_vacancies_parser, task_id=parse_and_save, run_id=scheduled__2025-02-16T00:00:00+00:00, execution_date=20250216T000000, start_date=20250513T182033, end_date=20250513T182036
[2025-05-13T18:20:36.210+0000] {logging_mixin.py:190} INFO - Task instance in success state
[2025-05-13T18:20:36.222+0000] {logging_mixin.py:190} INFO -  Previous state of the Task instance: running
[2025-05-13T18:20:36.228+0000] {logging_mixin.py:190} INFO - Dag name:hh_vacancies_parser queued_at:2025-05-13 18:19:17.855857+00:00
[2025-05-13T18:20:36.233+0000] {logging_mixin.py:190} INFO - Task hostname:4110aaea58fc operator:PythonOperator
[2025-05-13T18:20:36.485+0000] {local_task_job_runner.py:266} INFO - Task exited with return code 0
[2025-05-13T18:20:36.616+0000] {taskinstance.py:3895} INFO - 0 downstream tasks scheduled from follow-on schedule check
[2025-05-13T18:20:36.650+0000] {local_task_job_runner.py:245} INFO - ::endgroup::
