[2025-05-13T19:55:09.394+0000] {local_task_job_runner.py:123} INFO - ::group::Pre task execution logs
[2025-05-13T19:55:09.490+0000] {taskinstance.py:2613} INFO - Dependencies all met for dep_context=non-requeueable deps ti=<TaskInstance: hh_vacancies_parser.parse_and_save manual__2025-05-13T19:55:01.871549+00:00 [queued]>
[2025-05-13T19:55:09.518+0000] {taskinstance.py:2613} INFO - Dependencies all met for dep_context=requeueable deps ti=<TaskInstance: hh_vacancies_parser.parse_and_save manual__2025-05-13T19:55:01.871549+00:00 [queued]>
[2025-05-13T19:55:09.520+0000] {taskinstance.py:2866} INFO - Starting attempt 1 of 2
[2025-05-13T19:55:09.568+0000] {taskinstance.py:2889} INFO - Executing <Task(PythonOperator): parse_and_save> on 2025-05-13 19:55:01.871549+00:00
[2025-05-13T19:55:09.594+0000] {warnings.py:112} WARNING - /home/***/.local/lib/python3.12/site-packages/***/task/task_runner/standard_task_runner.py:70: DeprecationWarning: This process (pid=300) is multi-threaded, use of fork() may lead to deadlocks in the child.
  pid = os.fork()

[2025-05-13T19:55:09.599+0000] {standard_task_runner.py:104} INFO - Running: ['***', 'tasks', 'run', 'hh_vacancies_parser', 'parse_and_save', 'manual__2025-05-13T19:55:01.871549+00:00', '--job-id', '52', '--raw', '--subdir', 'DAGS_FOLDER/pars_hh_***.py', '--cfg-path', '/tmp/tmp9qmu7lcv']
[2025-05-13T19:55:09.604+0000] {standard_task_runner.py:72} INFO - Started process 302 to run task
[2025-05-13T19:55:09.605+0000] {standard_task_runner.py:105} INFO - Job 52: Subtask parse_and_save
[2025-05-13T19:55:11.083+0000] {task_command.py:467} INFO - Running <TaskInstance: hh_vacancies_parser.parse_and_save manual__2025-05-13T19:55:01.871549+00:00 [running]> on host e1e17e4bcaff
[2025-05-13T19:55:11.562+0000] {taskinstance.py:3132} INFO - Exporting env vars: AIRFLOW_CTX_DAG_OWNER='***' AIRFLOW_CTX_DAG_ID='hh_vacancies_parser' AIRFLOW_CTX_TASK_ID='parse_and_save' AIRFLOW_CTX_EXECUTION_DATE='2025-05-13T19:55:01.871549+00:00' AIRFLOW_CTX_TRY_NUMBER='1' AIRFLOW_CTX_DAG_RUN_ID='manual__2025-05-13T19:55:01.871549+00:00'
[2025-05-13T19:55:11.564+0000] {logging_mixin.py:190} INFO - Task instance is in running state
[2025-05-13T19:55:11.565+0000] {logging_mixin.py:190} INFO -  Previous state of the Task instance: queued
[2025-05-13T19:55:11.567+0000] {logging_mixin.py:190} INFO - Current task name:parse_and_save state:running start_date:2025-05-13 19:55:09.492381+00:00
[2025-05-13T19:55:11.569+0000] {logging_mixin.py:190} INFO - Dag name:hh_vacancies_parser and current dag run status:running
[2025-05-13T19:55:11.571+0000] {taskinstance.py:731} INFO - ::endgroup::
[2025-05-13T19:55:12.004+0000] {python.py:240} INFO - Done. Returned value was: None
[2025-05-13T19:55:12.045+0000] {taskinstance.py:340} INFO - ::group::Post task execution logs
[2025-05-13T19:55:12.051+0000] {taskinstance.py:352} INFO - Marking task as SUCCESS. dag_id=hh_vacancies_parser, task_id=parse_and_save, run_id=manual__2025-05-13T19:55:01.871549+00:00, execution_date=20250513T195501, start_date=20250513T195509, end_date=20250513T195512
[2025-05-13T19:55:12.133+0000] {logging_mixin.py:190} INFO - Task instance in success state
[2025-05-13T19:55:12.140+0000] {logging_mixin.py:190} INFO -  Previous state of the Task instance: running
[2025-05-13T19:55:12.148+0000] {logging_mixin.py:190} INFO - Dag name:hh_vacancies_parser queued_at:2025-05-13 19:55:01.907373+00:00
[2025-05-13T19:55:12.150+0000] {logging_mixin.py:190} INFO - Task hostname:e1e17e4bcaff operator:PythonOperator
[2025-05-13T19:55:12.297+0000] {local_task_job_runner.py:266} INFO - Task exited with return code 0
[2025-05-13T19:55:13.111+0000] {taskinstance.py:3895} INFO - 0 downstream tasks scheduled from follow-on schedule check
[2025-05-13T19:55:13.122+0000] {local_task_job_runner.py:245} INFO - ::endgroup::
