[2025-05-13T19:15:05.639+0000] {local_task_job_runner.py:123} INFO - ::group::Pre task execution logs
[2025-05-13T19:15:05.703+0000] {taskinstance.py:2613} INFO - Dependencies all met for dep_context=non-requeueable deps ti=<TaskInstance: news_parser.parse_and_save manual__2025-05-13T19:14:35.350067+00:00 [queued]>
[2025-05-13T19:15:05.726+0000] {taskinstance.py:2613} INFO - Dependencies all met for dep_context=requeueable deps ti=<TaskInstance: news_parser.parse_and_save manual__2025-05-13T19:14:35.350067+00:00 [queued]>
[2025-05-13T19:15:05.727+0000] {taskinstance.py:2866} INFO - Starting attempt 1 of 2
[2025-05-13T19:15:05.781+0000] {taskinstance.py:2889} INFO - Executing <Task(PythonOperator): parse_and_save> on 2025-05-13 19:14:35.350067+00:00
[2025-05-13T19:15:05.803+0000] {warnings.py:112} WARNING - /home/***/.local/lib/python3.12/site-packages/***/task/task_runner/standard_task_runner.py:70: DeprecationWarning: This process (pid=90) is multi-threaded, use of fork() may lead to deadlocks in the child.
  pid = os.fork()

[2025-05-13T19:15:05.808+0000] {standard_task_runner.py:72} INFO - Started process 100 to run task
[2025-05-13T19:15:05.817+0000] {standard_task_runner.py:104} INFO - Running: ['***', 'tasks', 'run', 'news_parser', 'parse_and_save', 'manual__2025-05-13T19:14:35.350067+00:00', '--job-id', '43', '--raw', '--subdir', 'DAGS_FOLDER/news_parser.py', '--cfg-path', '/tmp/tmp3da405gh']
[2025-05-13T19:15:05.821+0000] {standard_task_runner.py:105} INFO - Job 43: Subtask parse_and_save
[2025-05-13T19:15:05.989+0000] {task_command.py:467} INFO - Running <TaskInstance: news_parser.parse_and_save manual__2025-05-13T19:14:35.350067+00:00 [running]> on host 78b568645d46
[2025-05-13T19:15:06.470+0000] {taskinstance.py:3132} INFO - Exporting env vars: AIRFLOW_CTX_DAG_OWNER='***' AIRFLOW_CTX_DAG_ID='news_parser' AIRFLOW_CTX_TASK_ID='parse_and_save' AIRFLOW_CTX_EXECUTION_DATE='2025-05-13T19:14:35.350067+00:00' AIRFLOW_CTX_TRY_NUMBER='1' AIRFLOW_CTX_DAG_RUN_ID='manual__2025-05-13T19:14:35.350067+00:00'
[2025-05-13T19:15:06.477+0000] {logging_mixin.py:190} INFO - Task instance is in running state
[2025-05-13T19:15:06.480+0000] {logging_mixin.py:190} INFO -  Previous state of the Task instance: queued
[2025-05-13T19:15:06.482+0000] {logging_mixin.py:190} INFO - Current task name:parse_and_save state:running start_date:2025-05-13 19:15:05.705705+00:00
[2025-05-13T19:15:06.484+0000] {logging_mixin.py:190} INFO - Dag name:news_parser and current dag run status:running
[2025-05-13T19:15:06.486+0000] {taskinstance.py:731} INFO - ::endgroup::
[2025-05-13T19:15:07.340+0000] {python.py:240} INFO - Done. Returned value was: None
[2025-05-13T19:15:07.370+0000] {taskinstance.py:340} INFO - ::group::Post task execution logs
[2025-05-13T19:15:07.372+0000] {taskinstance.py:352} INFO - Marking task as SUCCESS. dag_id=news_parser, task_id=parse_and_save, run_id=manual__2025-05-13T19:14:35.350067+00:00, execution_date=20250513T191435, start_date=20250513T191505, end_date=20250513T191507
[2025-05-13T19:15:07.409+0000] {logging_mixin.py:190} INFO - Task instance in success state
[2025-05-13T19:15:07.412+0000] {logging_mixin.py:190} INFO -  Previous state of the Task instance: running
[2025-05-13T19:15:07.413+0000] {logging_mixin.py:190} INFO - Dag name:news_parser queued_at:2025-05-13 19:14:35.421854+00:00
[2025-05-13T19:15:07.416+0000] {logging_mixin.py:190} INFO - Task hostname:78b568645d46 operator:PythonOperator
[2025-05-13T19:15:07.464+0000] {local_task_job_runner.py:266} INFO - Task exited with return code 0
[2025-05-13T19:15:07.518+0000] {taskinstance.py:3895} INFO - 0 downstream tasks scheduled from follow-on schedule check
[2025-05-13T19:15:07.522+0000] {local_task_job_runner.py:245} INFO - ::endgroup::
