[2025-05-19T19:32:24.981+0000] {local_task_job_runner.py:123} INFO - ::group::Pre task execution logs
[2025-05-19T19:32:25.006+0000] {taskinstance.py:2613} INFO - Dependencies all met for dep_context=non-requeueable deps ti=<TaskInstance: car_prices_etl.process_file manual__2025-05-19T19:32:21.407384+00:00 [queued]>
[2025-05-19T19:32:25.019+0000] {taskinstance.py:2613} INFO - Dependencies all met for dep_context=requeueable deps ti=<TaskInstance: car_prices_etl.process_file manual__2025-05-19T19:32:21.407384+00:00 [queued]>
[2025-05-19T19:32:25.020+0000] {taskinstance.py:2866} INFO - Starting attempt 1 of 2
[2025-05-19T19:32:25.039+0000] {taskinstance.py:2889} INFO - Executing <Task(PythonOperator): process_file> on 2025-05-19 19:32:21.407384+00:00
[2025-05-19T19:32:25.051+0000] {warnings.py:112} WARNING - /home/***/.local/lib/python3.12/site-packages/***/task/task_runner/standard_task_runner.py:70: DeprecationWarning: This process (pid=553) is multi-threaded, use of fork() may lead to deadlocks in the child.
  pid = os.fork()

[2025-05-19T19:32:25.053+0000] {standard_task_runner.py:72} INFO - Started process 555 to run task
[2025-05-19T19:32:25.054+0000] {standard_task_runner.py:104} INFO - Running: ['***', 'tasks', 'run', 'car_prices_etl', 'process_file', 'manual__2025-05-19T19:32:21.407384+00:00', '--job-id', '14', '--raw', '--subdir', 'DAGS_FOLDER/test_car_2.py', '--cfg-path', '/tmp/tmp192ucvv2']
[2025-05-19T19:32:25.058+0000] {standard_task_runner.py:105} INFO - Job 14: Subtask process_file
[2025-05-19T19:32:25.171+0000] {task_command.py:467} INFO - Running <TaskInstance: car_prices_etl.process_file manual__2025-05-19T19:32:21.407384+00:00 [running]> on host 21ce6642f26a
[2025-05-19T19:32:25.465+0000] {taskinstance.py:3132} INFO - Exporting env vars: AIRFLOW_CTX_DAG_OWNER='***' AIRFLOW_CTX_DAG_ID='car_prices_etl' AIRFLOW_CTX_TASK_ID='process_file' AIRFLOW_CTX_EXECUTION_DATE='2025-05-19T19:32:21.407384+00:00' AIRFLOW_CTX_TRY_NUMBER='1' AIRFLOW_CTX_DAG_RUN_ID='manual__2025-05-19T19:32:21.407384+00:00'
[2025-05-19T19:32:25.470+0000] {taskinstance.py:731} INFO - ::endgroup::
[2025-05-19T19:32:25.496+0000] {test_car_2.py:74} INFO - >>> [START] process_file
[2025-05-19T19:32:25.497+0000] {test_car_2.py:77} INFO - Execution date: 2025-05-19 19:32:21.407384+00:00
[2025-05-19T19:32:25.674+0000] {test_car_2.py:81} INFO - Currency rate: 51.9829
[2025-05-19T19:32:25.701+0000] {base.py:84} INFO - Retrieving connection 'minio_conn'
[2025-05-19T19:32:25.703+0000] {connection_wrapper.py:328} INFO - AWS Connection (conn_id='minio_conn', conn_type='aws') credentials retrieved from extra.
[2025-05-19T19:32:26.744+0000] {test_car_2.py:113} INFO - Successfully read with utf-16
[2025-05-19T19:32:26.994+0000] {test_car_2.py:114} INFO - Data sample:
   brand   model  ...  file_actual_date                   processing_date
0  Dodge   Camry  ...        2025-05-18  2025-05-19T19:32:21.407384+00:00
1  Honda  Accord  ...        2025-05-18  2025-05-19T19:32:21.407384+00:00
2    BMW      X5  ...        2025-05-18  2025-05-19T19:32:21.407384+00:00
3   Lada   Vesta  ...        2025-05-18  2025-05-19T19:32:21.407384+00:00
4   Audi      A6  ...        2025-05-18  2025-05-19T19:32:21.407384+00:00

[5 rows x 8 columns]
[2025-05-19T19:32:27.010+0000] {python.py:240} INFO - Done. Returned value was: [{'brand': 'Dodge', 'model': 'Camry', 'engine_volume': 2.5, 'manufacture_year': 2020, 'price_foreign': 25000, 'price_rub': 1299572.5, 'file_actual_date': datetime.date(2025, 5, 18), 'processing_date': '2025-05-19T19:32:21.407384+00:00'}, {'brand': 'Honda', 'model': 'Accord', 'engine_volume': 1.5, 'manufacture_year': 2021, 'price_foreign': 22000, 'price_rub': 1143623.8, 'file_actual_date': datetime.date(2025, 5, 18), 'processing_date': '2025-05-19T19:32:21.407384+00:00'}, {'brand': 'BMW', 'model': 'X5', 'engine_volume': 3.0, 'manufacture_year': 2019, 'price_foreign': 45000, 'price_rub': 2339230.5, 'file_actual_date': datetime.date(2025, 5, 18), 'processing_date': '2025-05-19T19:32:21.407384+00:00'}, {'brand': 'Lada', 'model': 'Vesta', 'engine_volume': 2.0, 'manufacture_year': 2022, 'price_foreign': 40000, 'price_rub': 2079316.0, 'file_actual_date': datetime.date(2025, 5, 18), 'processing_date': '2025-05-19T19:32:21.407384+00:00'}, {'brand': 'Audi', 'model': 'A6', 'engine_volume': 2.0, 'manufacture_year': 2021, 'price_foreign': 38000, 'price_rub': 1975350.2, 'file_actual_date': datetime.date(2025, 5, 18), 'processing_date': '2025-05-19T19:32:21.407384+00:00'}, {'brand': 'Kia', 'model': 'Optima', 'engine_volume': 2.4, 'manufacture_year': 2020, 'price_foreign': 18000, 'price_rub': 935692.2000000001, 'file_actual_date': datetime.date(2025, 5, 18), 'processing_date': '2025-05-19T19:32:21.407384+00:00'}, {'brand': 'Samsung', 'model': 'Solaris', 'engine_volume': 1.6, 'manufacture_year': 2021, 'price_foreign': 15000, 'price_rub': 779743.5, 'file_actual_date': datetime.date(2025, 5, 18), 'processing_date': '2025-05-19T19:32:21.407384+00:00'}, {'brand': 'Lada', 'model': 'VAZ2106', 'engine_volume': 2.0, 'manufacture_year': 2022, 'price_foreign': 30000, 'price_rub': 1559487.0, 'file_actual_date': datetime.date(2025, 5, 18), 'processing_date': '2025-05-19T19:32:21.407384+00:00'}, {'brand': 'Lexus', 'model': 'RX', 'engine_volume': 3.5, 'manufacture_year': 2021, 'price_foreign': 50000, 'price_rub': 2599145.0, 'file_actual_date': datetime.date(2025, 5, 18), 'processing_date': '2025-05-19T19:32:21.407384+00:00'}, {'brand': 'Ford', 'model': 'Focus', 'engine_volume': 1.5, 'manufacture_year': 2020, 'price_foreign': 32000, 'price_rub': 1663452.8, 'file_actual_date': datetime.date(2025, 5, 18), 'processing_date': '2025-05-19T19:32:21.407384+00:00'}, {'brand': 'Samsung', 'model': 'Solaris', 'engine_volume': 1.6, 'manufacture_year': 2021, 'price_foreign': 40000, 'price_rub': 2079316.0, 'file_actual_date': datetime.date(2025, 5, 18), 'processing_date': '2025-05-19T19:32:21.407384+00:00'}, {'brand': 'Lada', 'model': 'Optima', 'engine_volume': 2.0, 'manufacture_year': 2022, 'price_foreign': 45000, 'price_rub': 2339230.5, 'file_actual_date': datetime.date(2025, 5, 18), 'processing_date': '2025-05-19T19:32:21.407384+00:00'}, {'brand': 'Lexus', 'model': 'RX', 'engine_volume': 3.5, 'manufacture_year': 2021, 'price_foreign': 25000, 'price_rub': 1299572.5, 'file_actual_date': datetime.date(2025, 5, 18), 'processing_date': '2025-05-19T19:32:21.407384+00:00'}, {'brand': 'Acer', 'model': 'Three', 'engine_volume': 4.4, 'manufacture_year': 1994, 'price_foreign': 25001, 'price_rub': 1299624.4829, 'file_actual_date': datetime.date(2025, 5, 18), 'processing_date': '2025-05-19T19:32:21.407384+00:00'}]
[2025-05-19T19:32:27.145+0000] {taskinstance.py:340} INFO - ::group::Post task execution logs
[2025-05-19T19:32:27.151+0000] {taskinstance.py:352} INFO - Marking task as SUCCESS. dag_id=car_prices_etl, task_id=process_file, run_id=manual__2025-05-19T19:32:21.407384+00:00, execution_date=20250519T193221, start_date=20250519T193225, end_date=20250519T193227
[2025-05-19T19:32:27.274+0000] {local_task_job_runner.py:266} INFO - Task exited with return code 0
[2025-05-19T19:32:27.408+0000] {taskinstance.py:3895} INFO - 1 downstream tasks scheduled from follow-on schedule check
[2025-05-19T19:32:27.431+0000] {local_task_job_runner.py:245} INFO - ::endgroup::
