[2025-02-17T18:25:44.920+0000] {local_task_job_runner.py:123} INFO - ::group::Pre task execution logs
[2025-02-17T18:25:45.017+0000] {taskinstance.py:2613} INFO - Dependencies all met for dep_context=non-requeueable deps ti=<TaskInstance: news_parser.parse_and_save manual__2025-02-17T18:25:30.404187+00:00 [queued]>
[2025-02-17T18:25:45.070+0000] {taskinstance.py:2613} INFO - Dependencies all met for dep_context=requeueable deps ti=<TaskInstance: news_parser.parse_and_save manual__2025-02-17T18:25:30.404187+00:00 [queued]>
[2025-02-17T18:25:45.112+0000] {taskinstance.py:2866} INFO - Starting attempt 1 of 2
[2025-02-17T18:25:45.204+0000] {taskinstance.py:2889} INFO - Executing <Task(PythonOperator): parse_and_save> on 2025-02-17 18:25:30.404187+00:00
[2025-02-17T18:25:45.237+0000] {warnings.py:112} WARNING - /home/***/.local/lib/python3.12/site-packages/***/task/task_runner/standard_task_runner.py:70: DeprecationWarning: This process (pid=148) is multi-threaded, use of fork() may lead to deadlocks in the child.
  pid = os.fork()

[2025-02-17T18:25:45.242+0000] {standard_task_runner.py:72} INFO - Started process 158 to run task
[2025-02-17T18:25:45.249+0000] {standard_task_runner.py:104} INFO - Running: ['***', 'tasks', 'run', 'news_parser', 'parse_and_save', 'manual__2025-02-17T18:25:30.404187+00:00', '--job-id', '9', '--raw', '--subdir', 'DAGS_FOLDER/news_parser.py', '--cfg-path', '/tmp/tmpxckwpfhh']
[2025-02-17T18:25:45.254+0000] {standard_task_runner.py:105} INFO - Job 9: Subtask parse_and_save
[2025-02-17T18:25:45.485+0000] {task_command.py:467} INFO - Running <TaskInstance: news_parser.parse_and_save manual__2025-02-17T18:25:30.404187+00:00 [running]> on host f910d4e1a84f
[2025-02-17T18:25:45.875+0000] {taskinstance.py:3132} INFO - Exporting env vars: AIRFLOW_CTX_DAG_OWNER='***' AIRFLOW_CTX_DAG_ID='news_parser' AIRFLOW_CTX_TASK_ID='parse_and_save' AIRFLOW_CTX_EXECUTION_DATE='2025-02-17T18:25:30.404187+00:00' AIRFLOW_CTX_TRY_NUMBER='1' AIRFLOW_CTX_DAG_RUN_ID='manual__2025-02-17T18:25:30.404187+00:00'
[2025-02-17T18:25:45.878+0000] {logging_mixin.py:190} INFO - Task instance is in running state
[2025-02-17T18:25:45.879+0000] {logging_mixin.py:190} INFO -  Previous state of the Task instance: queued
[2025-02-17T18:25:45.880+0000] {logging_mixin.py:190} INFO - Current task name:parse_and_save state:running start_date:2025-02-17 18:25:45.027352+00:00
[2025-02-17T18:25:45.881+0000] {logging_mixin.py:190} INFO - Dag name:news_parser and current dag run status:running
[2025-02-17T18:25:45.882+0000] {taskinstance.py:731} INFO - ::endgroup::
[2025-02-17T18:25:46.660+0000] {python.py:240} INFO - Done. Returned value was: None
[2025-02-17T18:25:46.709+0000] {taskinstance.py:340} INFO - ::group::Post task execution logs
[2025-02-17T18:25:46.711+0000] {taskinstance.py:352} INFO - Marking task as SUCCESS. dag_id=news_parser, task_id=parse_and_save, run_id=manual__2025-02-17T18:25:30.404187+00:00, execution_date=20250217T182530, start_date=20250217T182545, end_date=20250217T182546
[2025-02-17T18:25:46.761+0000] {logging_mixin.py:190} INFO - Task instance in success state
[2025-02-17T18:25:46.762+0000] {logging_mixin.py:190} INFO -  Previous state of the Task instance: running
[2025-02-17T18:25:46.764+0000] {logging_mixin.py:190} INFO - Dag name:news_parser queued_at:2025-02-17 18:25:30.450471+00:00
[2025-02-17T18:25:46.765+0000] {logging_mixin.py:190} INFO - Task hostname:f910d4e1a84f operator:PythonOperator
[2025-02-17T18:25:46.828+0000] {local_task_job_runner.py:266} INFO - Task exited with return code 0
[2025-02-17T18:25:46.878+0000] {local_task_job_runner.py:245} INFO - ::endgroup::
