[2025-05-13T18:20:33.622+0000] {local_task_job_runner.py:123} INFO - ::group::Pre task execution logs
[2025-05-13T18:20:33.791+0000] {taskinstance.py:2613} INFO - Dependencies all met for dep_context=non-requeueable deps ti=<TaskInstance: news_parser.parse_and_save scheduled__2025-05-12T09:00:00+00:00 [queued]>
[2025-05-13T18:20:33.886+0000] {taskinstance.py:2613} INFO - Dependencies all met for dep_context=requeueable deps ti=<TaskInstance: news_parser.parse_and_save scheduled__2025-05-12T09:00:00+00:00 [queued]>
[2025-05-13T18:20:33.891+0000] {taskinstance.py:2866} INFO - Starting attempt 1 of 2
[2025-05-13T18:20:33.986+0000] {taskinstance.py:2889} INFO - Executing <Task(PythonOperator): parse_and_save> on 2025-05-12 09:00:00+00:00
[2025-05-13T18:20:34.032+0000] {warnings.py:112} WARNING - /home/***/.local/lib/python3.12/site-packages/***/task/task_runner/standard_task_runner.py:70: DeprecationWarning: This process (pid=83) is multi-threaded, use of fork() may lead to deadlocks in the child.
  pid = os.fork()

[2025-05-13T18:20:34.038+0000] {standard_task_runner.py:72} INFO - Started process 102 to run task
[2025-05-13T18:20:34.061+0000] {standard_task_runner.py:104} INFO - Running: ['***', 'tasks', 'run', 'news_parser', 'parse_and_save', 'scheduled__2025-05-12T09:00:00+00:00', '--job-id', '35', '--raw', '--subdir', 'DAGS_FOLDER/news_parser.py', '--cfg-path', '/tmp/tmpi26vo7_k']
[2025-05-13T18:20:34.073+0000] {standard_task_runner.py:105} INFO - Job 35: Subtask parse_and_save
[2025-05-13T18:20:34.400+0000] {task_command.py:467} INFO - Running <TaskInstance: news_parser.parse_and_save scheduled__2025-05-12T09:00:00+00:00 [running]> on host 4110aaea58fc
[2025-05-13T18:20:35.356+0000] {taskinstance.py:3132} INFO - Exporting env vars: AIRFLOW_CTX_DAG_OWNER='***' AIRFLOW_CTX_DAG_ID='news_parser' AIRFLOW_CTX_TASK_ID='parse_and_save' AIRFLOW_CTX_EXECUTION_DATE='2025-05-12T09:00:00+00:00' AIRFLOW_CTX_TRY_NUMBER='1' AIRFLOW_CTX_DAG_RUN_ID='scheduled__2025-05-12T09:00:00+00:00'
[2025-05-13T18:20:35.380+0000] {logging_mixin.py:190} INFO - Task instance is in running state
[2025-05-13T18:20:35.384+0000] {logging_mixin.py:190} INFO -  Previous state of the Task instance: queued
[2025-05-13T18:20:35.388+0000] {logging_mixin.py:190} INFO - Current task name:parse_and_save state:running start_date:2025-05-13 18:20:33.793196+00:00
[2025-05-13T18:20:35.391+0000] {logging_mixin.py:190} INFO - Dag name:news_parser and current dag run status:running
[2025-05-13T18:20:35.392+0000] {taskinstance.py:731} INFO - ::endgroup::
[2025-05-13T18:20:36.116+0000] {python.py:240} INFO - Done. Returned value was: None
[2025-05-13T18:20:36.162+0000] {taskinstance.py:340} INFO - ::group::Post task execution logs
[2025-05-13T18:20:36.171+0000] {taskinstance.py:352} INFO - Marking task as SUCCESS. dag_id=news_parser, task_id=parse_and_save, run_id=scheduled__2025-05-12T09:00:00+00:00, execution_date=20250512T090000, start_date=20250513T182033, end_date=20250513T182036
[2025-05-13T18:20:36.235+0000] {logging_mixin.py:190} INFO - Task instance in success state
[2025-05-13T18:20:36.236+0000] {logging_mixin.py:190} INFO -  Previous state of the Task instance: running
[2025-05-13T18:20:36.238+0000] {logging_mixin.py:190} INFO - Dag name:news_parser queued_at:2025-05-13 18:19:20.190859+00:00
[2025-05-13T18:20:36.239+0000] {logging_mixin.py:190} INFO - Task hostname:4110aaea58fc operator:PythonOperator
[2025-05-13T18:20:36.439+0000] {local_task_job_runner.py:266} INFO - Task exited with return code 0
[2025-05-13T18:20:36.589+0000] {taskinstance.py:3895} INFO - 0 downstream tasks scheduled from follow-on schedule check
[2025-05-13T18:20:36.620+0000] {local_task_job_runner.py:245} INFO - ::endgroup::
