[2025-05-18T09:31:38.221+0000] {local_task_job_runner.py:123} INFO - ::group::Pre task execution logs
[2025-05-18T09:31:38.283+0000] {taskinstance.py:2613} INFO - Dependencies all met for dep_context=non-requeueable deps ti=<TaskInstance: news_parser.parse_and_save scheduled__2025-05-17T09:00:00+00:00 [queued]>
[2025-05-18T09:31:38.307+0000] {taskinstance.py:2613} INFO - Dependencies all met for dep_context=requeueable deps ti=<TaskInstance: news_parser.parse_and_save scheduled__2025-05-17T09:00:00+00:00 [queued]>
[2025-05-18T09:31:38.363+0000] {taskinstance.py:2866} INFO - Starting attempt 1 of 2
[2025-05-18T09:31:38.407+0000] {taskinstance.py:2889} INFO - Executing <Task(PythonOperator): parse_and_save> on 2025-05-17 09:00:00+00:00
[2025-05-18T09:31:38.418+0000] {warnings.py:112} WARNING - /home/***/.local/lib/python3.12/site-packages/***/task/task_runner/standard_task_runner.py:70: DeprecationWarning: This process (pid=90) is multi-threaded, use of fork() may lead to deadlocks in the child.
  pid = os.fork()

[2025-05-18T09:31:38.421+0000] {standard_task_runner.py:72} INFO - Started process 94 to run task
[2025-05-18T09:31:38.427+0000] {standard_task_runner.py:104} INFO - Running: ['***', 'tasks', 'run', 'news_parser', 'parse_and_save', 'scheduled__2025-05-17T09:00:00+00:00', '--job-id', '4', '--raw', '--subdir', 'DAGS_FOLDER/news_parser.py', '--cfg-path', '/tmp/tmp4j77w1wb']
[2025-05-18T09:31:38.432+0000] {standard_task_runner.py:105} INFO - Job 4: Subtask parse_and_save
[2025-05-18T09:31:38.517+0000] {task_command.py:467} INFO - Running <TaskInstance: news_parser.parse_and_save scheduled__2025-05-17T09:00:00+00:00 [running]> on host 36960384466a
[2025-05-18T09:31:38.673+0000] {taskinstance.py:3132} INFO - Exporting env vars: AIRFLOW_CTX_DAG_OWNER='***' AIRFLOW_CTX_DAG_ID='news_parser' AIRFLOW_CTX_TASK_ID='parse_and_save' AIRFLOW_CTX_EXECUTION_DATE='2025-05-17T09:00:00+00:00' AIRFLOW_CTX_TRY_NUMBER='1' AIRFLOW_CTX_DAG_RUN_ID='scheduled__2025-05-17T09:00:00+00:00'
[2025-05-18T09:31:38.677+0000] {taskinstance.py:731} INFO - ::endgroup::
[2025-05-18T09:31:39.064+0000] {python.py:240} INFO - Done. Returned value was: None
[2025-05-18T09:31:39.082+0000] {taskinstance.py:340} INFO - ::group::Post task execution logs
[2025-05-18T09:31:39.083+0000] {taskinstance.py:352} INFO - Marking task as SUCCESS. dag_id=news_parser, task_id=parse_and_save, run_id=scheduled__2025-05-17T09:00:00+00:00, execution_date=20250517T090000, start_date=20250518T093138, end_date=20250518T093139
[2025-05-18T09:31:39.123+0000] {local_task_job_runner.py:266} INFO - Task exited with return code 0
[2025-05-18T09:31:39.151+0000] {taskinstance.py:3895} INFO - 0 downstream tasks scheduled from follow-on schedule check
[2025-05-18T09:31:39.154+0000] {local_task_job_runner.py:245} INFO - ::endgroup::
[2025-05-18T12:28:25.344+0000] {local_task_job_runner.py:123} INFO - ::group::Pre task execution logs
[2025-05-18T12:28:25.434+0000] {taskinstance.py:2613} INFO - Dependencies all met for dep_context=non-requeueable deps ti=<TaskInstance: news_parser.parse_and_save scheduled__2025-05-17T09:00:00+00:00 [queued]>
[2025-05-18T12:28:25.480+0000] {taskinstance.py:2613} INFO - Dependencies all met for dep_context=requeueable deps ti=<TaskInstance: news_parser.parse_and_save scheduled__2025-05-17T09:00:00+00:00 [queued]>
[2025-05-18T12:28:25.482+0000] {taskinstance.py:2866} INFO - Starting attempt 1 of 2
[2025-05-18T12:28:25.552+0000] {taskinstance.py:2889} INFO - Executing <Task(PythonOperator): parse_and_save> on 2025-05-17 09:00:00+00:00
[2025-05-18T12:28:25.579+0000] {warnings.py:112} WARNING - /home/***/.local/lib/python3.12/site-packages/***/task/task_runner/standard_task_runner.py:70: DeprecationWarning: This process (pid=1509) is multi-threaded, use of fork() may lead to deadlocks in the child.
  pid = os.fork()

[2025-05-18T12:28:25.596+0000] {standard_task_runner.py:72} INFO - Started process 1513 to run task
[2025-05-18T12:28:25.585+0000] {standard_task_runner.py:104} INFO - Running: ['***', 'tasks', 'run', 'news_parser', 'parse_and_save', 'scheduled__2025-05-17T09:00:00+00:00', '--job-id', '14', '--raw', '--subdir', 'DAGS_FOLDER/news_parser.py', '--cfg-path', '/tmp/tmpkquncmju']
[2025-05-18T12:28:25.604+0000] {standard_task_runner.py:105} INFO - Job 14: Subtask parse_and_save
[2025-05-18T12:28:25.833+0000] {task_command.py:467} INFO - Running <TaskInstance: news_parser.parse_and_save scheduled__2025-05-17T09:00:00+00:00 [running]> on host 1f5d5888f00f
[2025-05-18T12:28:26.276+0000] {taskinstance.py:3132} INFO - Exporting env vars: AIRFLOW_CTX_DAG_OWNER='***' AIRFLOW_CTX_DAG_ID='news_parser' AIRFLOW_CTX_TASK_ID='parse_and_save' AIRFLOW_CTX_EXECUTION_DATE='2025-05-17T09:00:00+00:00' AIRFLOW_CTX_TRY_NUMBER='1' AIRFLOW_CTX_DAG_RUN_ID='scheduled__2025-05-17T09:00:00+00:00'
[2025-05-18T12:28:26.284+0000] {taskinstance.py:731} INFO - ::endgroup::
[2025-05-18T12:28:27.090+0000] {python.py:240} INFO - Done. Returned value was: None
[2025-05-18T12:28:27.126+0000] {taskinstance.py:340} INFO - ::group::Post task execution logs
[2025-05-18T12:28:27.128+0000] {taskinstance.py:352} INFO - Marking task as SUCCESS. dag_id=news_parser, task_id=parse_and_save, run_id=scheduled__2025-05-17T09:00:00+00:00, execution_date=20250517T090000, start_date=20250518T122825, end_date=20250518T122827
[2025-05-18T12:28:27.229+0000] {local_task_job_runner.py:266} INFO - Task exited with return code 0
[2025-05-18T12:28:27.279+0000] {taskinstance.py:3895} INFO - 0 downstream tasks scheduled from follow-on schedule check
[2025-05-18T12:28:27.284+0000] {local_task_job_runner.py:245} INFO - ::endgroup::
