[2025-02-18T16:54:18.062+0000] {local_task_job_runner.py:123} INFO - ::group::Pre task execution logs
[2025-02-18T16:54:18.115+0000] {taskinstance.py:2613} INFO - Dependencies all met for dep_context=non-requeueable deps ti=<TaskInstance: hh_vacancies_parser.parse_and_save scheduled__2025-02-13T00:00:00+00:00 [queued]>
[2025-02-18T16:54:18.140+0000] {taskinstance.py:2613} INFO - Dependencies all met for dep_context=requeueable deps ti=<TaskInstance: hh_vacancies_parser.parse_and_save scheduled__2025-02-13T00:00:00+00:00 [queued]>
[2025-02-18T16:54:18.141+0000] {taskinstance.py:2866} INFO - Starting attempt 1 of 2
[2025-02-18T16:54:18.180+0000] {taskinstance.py:2889} INFO - Executing <Task(PythonOperator): parse_and_save> on 2025-02-13 00:00:00+00:00
[2025-02-18T16:54:18.198+0000] {warnings.py:112} WARNING - /home/***/.local/lib/python3.12/site-packages/***/task/task_runner/standard_task_runner.py:70: DeprecationWarning: This process (pid=137) is multi-threaded, use of fork() may lead to deadlocks in the child.
  pid = os.fork()

[2025-02-18T16:54:18.202+0000] {standard_task_runner.py:72} INFO - Started process 139 to run task
[2025-02-18T16:54:18.208+0000] {standard_task_runner.py:104} INFO - Running: ['***', 'tasks', 'run', 'hh_vacancies_parser', 'parse_and_save', 'scheduled__2025-02-13T00:00:00+00:00', '--job-id', '25', '--raw', '--subdir', 'DAGS_FOLDER/pars_hh_***.py', '--cfg-path', '/tmp/tmpcta_cuiq']
[2025-02-18T16:54:18.210+0000] {standard_task_runner.py:105} INFO - Job 25: Subtask parse_and_save
[2025-02-18T16:54:18.413+0000] {task_command.py:467} INFO - Running <TaskInstance: hh_vacancies_parser.parse_and_save scheduled__2025-02-13T00:00:00+00:00 [running]> on host f35531eaa931
[2025-02-18T16:54:19.170+0000] {taskinstance.py:3132} INFO - Exporting env vars: AIRFLOW_CTX_DAG_OWNER='***' AIRFLOW_CTX_DAG_ID='hh_vacancies_parser' AIRFLOW_CTX_TASK_ID='parse_and_save' AIRFLOW_CTX_EXECUTION_DATE='2025-02-13T00:00:00+00:00' AIRFLOW_CTX_TRY_NUMBER='1' AIRFLOW_CTX_DAG_RUN_ID='scheduled__2025-02-13T00:00:00+00:00'
[2025-02-18T16:54:19.172+0000] {logging_mixin.py:190} INFO - Task instance is in running state
[2025-02-18T16:54:19.173+0000] {logging_mixin.py:190} INFO -  Previous state of the Task instance: queued
[2025-02-18T16:54:19.174+0000] {logging_mixin.py:190} INFO - Current task name:parse_and_save state:running start_date:2025-02-18 16:54:18.116323+00:00
[2025-02-18T16:54:19.175+0000] {logging_mixin.py:190} INFO - Dag name:hh_vacancies_parser and current dag run status:running
[2025-02-18T16:54:19.177+0000] {taskinstance.py:731} INFO - ::endgroup::
[2025-02-18T16:54:19.531+0000] {python.py:240} INFO - Done. Returned value was: None
[2025-02-18T16:54:19.555+0000] {taskinstance.py:340} INFO - ::group::Post task execution logs
[2025-02-18T16:54:19.556+0000] {taskinstance.py:352} INFO - Marking task as SUCCESS. dag_id=hh_vacancies_parser, task_id=parse_and_save, run_id=scheduled__2025-02-13T00:00:00+00:00, execution_date=20250213T000000, start_date=20250218T165418, end_date=20250218T165419
[2025-02-18T16:54:19.580+0000] {logging_mixin.py:190} INFO - Task instance in success state
[2025-02-18T16:54:19.581+0000] {logging_mixin.py:190} INFO -  Previous state of the Task instance: running
[2025-02-18T16:54:19.582+0000] {logging_mixin.py:190} INFO - Dag name:hh_vacancies_parser queued_at:2025-02-18 16:54:11.202609+00:00
[2025-02-18T16:54:19.583+0000] {logging_mixin.py:190} INFO - Task hostname:f35531eaa931 operator:PythonOperator
[2025-02-18T16:54:19.647+0000] {local_task_job_runner.py:266} INFO - Task exited with return code 0
[2025-02-18T16:54:19.705+0000] {taskinstance.py:3895} INFO - 0 downstream tasks scheduled from follow-on schedule check
[2025-02-18T16:54:19.709+0000] {local_task_job_runner.py:245} INFO - ::endgroup::
