[2025-05-19T19:13:47.935+0000] {local_task_job_runner.py:123} INFO - ::group::Pre task execution logs
[2025-05-19T19:13:47.977+0000] {taskinstance.py:2613} INFO - Dependencies all met for dep_context=non-requeueable deps ti=<TaskInstance: car_prices_etl.load_to_greenplum manual__2025-05-19T19:13:39.281309+00:00 [queued]>
[2025-05-19T19:13:47.996+0000] {taskinstance.py:2613} INFO - Dependencies all met for dep_context=requeueable deps ti=<TaskInstance: car_prices_etl.load_to_greenplum manual__2025-05-19T19:13:39.281309+00:00 [queued]>
[2025-05-19T19:13:48.000+0000] {taskinstance.py:2866} INFO - Starting attempt 1 of 2
[2025-05-19T19:13:48.030+0000] {taskinstance.py:2889} INFO - Executing <Task(PythonOperator): load_to_greenplum> on 2025-05-19 19:13:39.281309+00:00
[2025-05-19T19:13:48.047+0000] {warnings.py:112} WARNING - /home/***/.local/lib/python3.12/site-packages/***/task/task_runner/standard_task_runner.py:70: DeprecationWarning: This process (pid=329) is multi-threaded, use of fork() may lead to deadlocks in the child.
  pid = os.fork()

[2025-05-19T19:13:48.050+0000] {standard_task_runner.py:72} INFO - Started process 331 to run task
[2025-05-19T19:13:48.050+0000] {standard_task_runner.py:104} INFO - Running: ['***', 'tasks', 'run', 'car_prices_etl', 'load_to_greenplum', 'manual__2025-05-19T19:13:39.281309+00:00', '--job-id', '11', '--raw', '--subdir', 'DAGS_FOLDER/test_car_2.py', '--cfg-path', '/tmp/tmpsq9kqbh9']
[2025-05-19T19:13:48.054+0000] {standard_task_runner.py:105} INFO - Job 11: Subtask load_to_greenplum
[2025-05-19T19:13:48.124+0000] {task_command.py:467} INFO - Running <TaskInstance: car_prices_etl.load_to_greenplum manual__2025-05-19T19:13:39.281309+00:00 [running]> on host 21ce6642f26a
[2025-05-19T19:13:48.270+0000] {taskinstance.py:3132} INFO - Exporting env vars: AIRFLOW_CTX_DAG_OWNER='***' AIRFLOW_CTX_DAG_ID='car_prices_etl' AIRFLOW_CTX_TASK_ID='load_to_greenplum' AIRFLOW_CTX_EXECUTION_DATE='2025-05-19T19:13:39.281309+00:00' AIRFLOW_CTX_TRY_NUMBER='1' AIRFLOW_CTX_DAG_RUN_ID='manual__2025-05-19T19:13:39.281309+00:00'
[2025-05-19T19:13:48.272+0000] {taskinstance.py:731} INFO - ::endgroup::
[2025-05-19T19:13:48.291+0000] {test_car_2.py:132} INFO - >>> [START] load_to_greenplum
[2025-05-19T19:13:48.334+0000] {base.py:84} INFO - Retrieving connection 'postgres_default'
[2025-05-19T19:13:48.352+0000] {test_car_2.py:200} INFO - Successfully loaded 14/14 records to GreenPlum
[2025-05-19T19:13:48.354+0000] {python.py:240} INFO - Done. Returned value was: None
[2025-05-19T19:13:48.370+0000] {taskinstance.py:340} INFO - ::group::Post task execution logs
[2025-05-19T19:13:48.371+0000] {taskinstance.py:352} INFO - Marking task as SUCCESS. dag_id=car_prices_etl, task_id=load_to_greenplum, run_id=manual__2025-05-19T19:13:39.281309+00:00, execution_date=20250519T191339, start_date=20250519T191347, end_date=20250519T191348
[2025-05-19T19:13:48.428+0000] {local_task_job_runner.py:266} INFO - Task exited with return code 0
[2025-05-19T19:13:48.457+0000] {taskinstance.py:3895} INFO - 0 downstream tasks scheduled from follow-on schedule check
[2025-05-19T19:13:48.460+0000] {local_task_job_runner.py:245} INFO - ::endgroup::
