[2025-05-14T17:00:32.851+0000] {processor.py:186} INFO - Started process (PID=142) to work on /home/airflow/.local/lib/python3.12/site-packages/airflow/example_dags/example_branch_labels.py
[2025-05-14T17:00:32.854+0000] {processor.py:914} INFO - Processing file /home/airflow/.local/lib/python3.12/site-packages/airflow/example_dags/example_branch_labels.py for tasks to queue
[2025-05-14T17:00:32.865+0000] {logging_mixin.py:190} INFO - [2025-05-14T17:00:32.863+0000] {dagbag.py:588} INFO - Filling up the DagBag from /home/airflow/.local/lib/python3.12/site-packages/airflow/example_dags/example_branch_labels.py
[2025-05-14T17:00:32.907+0000] {processor.py:925} INFO - DAG(s) 'example_branch_labels' retrieved from /home/airflow/.local/lib/python3.12/site-packages/airflow/example_dags/example_branch_labels.py
[2025-05-14T17:00:33.001+0000] {logging_mixin.py:190} INFO - [2025-05-14T17:00:33.001+0000] {dag.py:3239} INFO - Sync 1 DAGs
[2025-05-14T17:00:33.097+0000] {logging_mixin.py:190} INFO - [2025-05-14T17:00:33.097+0000] {dag.py:4180} INFO - Setting next_dagrun for example_branch_labels to 2025-05-13 00:00:00+00:00, run_after=2025-05-14 00:00:00+00:00
[2025-05-14T17:00:33.148+0000] {processor.py:208} INFO - Processing /home/airflow/.local/lib/python3.12/site-packages/airflow/example_dags/example_branch_labels.py took 0.318 seconds
[2025-05-14T17:01:07.266+0000] {processor.py:186} INFO - Started process (PID=208) to work on /home/airflow/.local/lib/python3.12/site-packages/airflow/example_dags/example_branch_labels.py
[2025-05-14T17:01:07.269+0000] {processor.py:914} INFO - Processing file /home/airflow/.local/lib/python3.12/site-packages/airflow/example_dags/example_branch_labels.py for tasks to queue
[2025-05-14T17:01:07.274+0000] {logging_mixin.py:190} INFO - [2025-05-14T17:01:07.273+0000] {dagbag.py:588} INFO - Filling up the DagBag from /home/airflow/.local/lib/python3.12/site-packages/airflow/example_dags/example_branch_labels.py
[2025-05-14T17:01:07.304+0000] {processor.py:925} INFO - DAG(s) 'example_branch_labels' retrieved from /home/airflow/.local/lib/python3.12/site-packages/airflow/example_dags/example_branch_labels.py
[2025-05-14T17:01:07.381+0000] {logging_mixin.py:190} INFO - [2025-05-14T17:01:07.380+0000] {dag.py:3239} INFO - Sync 1 DAGs
[2025-05-14T17:01:07.479+0000] {logging_mixin.py:190} INFO - [2025-05-14T17:01:07.479+0000] {dag.py:4180} INFO - Setting next_dagrun for example_branch_labels to 2025-05-13 00:00:00+00:00, run_after=2025-05-14 00:00:00+00:00
[2025-05-14T17:01:07.547+0000] {processor.py:208} INFO - Processing /home/airflow/.local/lib/python3.12/site-packages/airflow/example_dags/example_branch_labels.py took 0.302 seconds
[2025-05-14T17:01:37.706+0000] {processor.py:186} INFO - Started process (PID=274) to work on /home/airflow/.local/lib/python3.12/site-packages/airflow/example_dags/example_branch_labels.py
[2025-05-14T17:01:37.708+0000] {processor.py:914} INFO - Processing file /home/airflow/.local/lib/python3.12/site-packages/airflow/example_dags/example_branch_labels.py for tasks to queue
[2025-05-14T17:01:37.712+0000] {logging_mixin.py:190} INFO - [2025-05-14T17:01:37.712+0000] {dagbag.py:588} INFO - Filling up the DagBag from /home/airflow/.local/lib/python3.12/site-packages/airflow/example_dags/example_branch_labels.py
[2025-05-14T17:01:37.730+0000] {processor.py:925} INFO - DAG(s) 'example_branch_labels' retrieved from /home/airflow/.local/lib/python3.12/site-packages/airflow/example_dags/example_branch_labels.py
[2025-05-14T17:01:37.795+0000] {logging_mixin.py:190} INFO - [2025-05-14T17:01:37.795+0000] {dag.py:3239} INFO - Sync 1 DAGs
[2025-05-14T17:01:37.880+0000] {logging_mixin.py:190} INFO - [2025-05-14T17:01:37.879+0000] {dag.py:4180} INFO - Setting next_dagrun for example_branch_labels to 2025-05-13 00:00:00+00:00, run_after=2025-05-14 00:00:00+00:00
[2025-05-14T17:01:37.920+0000] {processor.py:208} INFO - Processing /home/airflow/.local/lib/python3.12/site-packages/airflow/example_dags/example_branch_labels.py took 0.227 seconds
[2025-05-14T17:02:13.987+0000] {processor.py:186} INFO - Started process (PID=341) to work on /home/airflow/.local/lib/python3.12/site-packages/airflow/example_dags/example_branch_labels.py
[2025-05-14T17:02:13.993+0000] {processor.py:914} INFO - Processing file /home/airflow/.local/lib/python3.12/site-packages/airflow/example_dags/example_branch_labels.py for tasks to queue
[2025-05-14T17:02:14.018+0000] {logging_mixin.py:190} INFO - [2025-05-14T17:02:14.013+0000] {dagbag.py:588} INFO - Filling up the DagBag from /home/airflow/.local/lib/python3.12/site-packages/airflow/example_dags/example_branch_labels.py
[2025-05-14T17:02:14.053+0000] {processor.py:925} INFO - DAG(s) 'example_branch_labels' retrieved from /home/airflow/.local/lib/python3.12/site-packages/airflow/example_dags/example_branch_labels.py
[2025-05-14T17:02:14.196+0000] {logging_mixin.py:190} INFO - [2025-05-14T17:02:14.195+0000] {dag.py:3239} INFO - Sync 1 DAGs
[2025-05-14T17:02:14.449+0000] {logging_mixin.py:190} INFO - [2025-05-14T17:02:14.449+0000] {dag.py:4180} INFO - Setting next_dagrun for example_branch_labels to 2025-05-13 00:00:00+00:00, run_after=2025-05-14 00:00:00+00:00
[2025-05-14T17:02:14.704+0000] {processor.py:208} INFO - Processing /home/airflow/.local/lib/python3.12/site-packages/airflow/example_dags/example_branch_labels.py took 0.761 seconds
[2025-05-14T17:02:45.341+0000] {processor.py:186} INFO - Started process (PID=406) to work on /home/airflow/.local/lib/python3.12/site-packages/airflow/example_dags/example_branch_labels.py
[2025-05-14T17:02:45.342+0000] {processor.py:914} INFO - Processing file /home/airflow/.local/lib/python3.12/site-packages/airflow/example_dags/example_branch_labels.py for tasks to queue
[2025-05-14T17:02:45.346+0000] {logging_mixin.py:190} INFO - [2025-05-14T17:02:45.346+0000] {dagbag.py:588} INFO - Filling up the DagBag from /home/airflow/.local/lib/python3.12/site-packages/airflow/example_dags/example_branch_labels.py
[2025-05-14T17:02:45.363+0000] {processor.py:925} INFO - DAG(s) 'example_branch_labels' retrieved from /home/airflow/.local/lib/python3.12/site-packages/airflow/example_dags/example_branch_labels.py
[2025-05-14T17:02:45.408+0000] {logging_mixin.py:190} INFO - [2025-05-14T17:02:45.408+0000] {dag.py:3239} INFO - Sync 1 DAGs
[2025-05-14T17:02:45.475+0000] {logging_mixin.py:190} INFO - [2025-05-14T17:02:45.474+0000] {dag.py:4180} INFO - Setting next_dagrun for example_branch_labels to 2025-05-13 00:00:00+00:00, run_after=2025-05-14 00:00:00+00:00
[2025-05-14T17:02:45.520+0000] {processor.py:208} INFO - Processing /home/airflow/.local/lib/python3.12/site-packages/airflow/example_dags/example_branch_labels.py took 0.189 seconds
[2025-05-14T17:06:05.539+0000] {processor.py:186} INFO - Started process (PID=128) to work on /home/airflow/.local/lib/python3.12/site-packages/airflow/example_dags/example_branch_labels.py
[2025-05-14T17:06:05.550+0000] {processor.py:914} INFO - Processing file /home/airflow/.local/lib/python3.12/site-packages/airflow/example_dags/example_branch_labels.py for tasks to queue
[2025-05-14T17:06:05.557+0000] {logging_mixin.py:190} INFO - [2025-05-14T17:06:05.557+0000] {dagbag.py:588} INFO - Filling up the DagBag from /home/airflow/.local/lib/python3.12/site-packages/airflow/example_dags/example_branch_labels.py
[2025-05-14T17:06:05.649+0000] {processor.py:925} INFO - DAG(s) 'example_branch_labels' retrieved from /home/airflow/.local/lib/python3.12/site-packages/airflow/example_dags/example_branch_labels.py
[2025-05-14T17:06:05.752+0000] {logging_mixin.py:190} INFO - [2025-05-14T17:06:05.751+0000] {dag.py:3239} INFO - Sync 1 DAGs
[2025-05-14T17:06:05.984+0000] {logging_mixin.py:190} INFO - [2025-05-14T17:06:05.983+0000] {dag.py:4180} INFO - Setting next_dagrun for example_branch_labels to 2025-05-13 00:00:00+00:00, run_after=2025-05-14 00:00:00+00:00
[2025-05-14T17:06:06.162+0000] {processor.py:208} INFO - Processing /home/airflow/.local/lib/python3.12/site-packages/airflow/example_dags/example_branch_labels.py took 0.656 seconds
[2025-05-14T17:06:42.848+0000] {processor.py:186} INFO - Started process (PID=194) to work on /home/airflow/.local/lib/python3.12/site-packages/airflow/example_dags/example_branch_labels.py
[2025-05-14T17:06:42.858+0000] {processor.py:914} INFO - Processing file /home/airflow/.local/lib/python3.12/site-packages/airflow/example_dags/example_branch_labels.py for tasks to queue
[2025-05-14T17:06:42.889+0000] {logging_mixin.py:190} INFO - [2025-05-14T17:06:42.889+0000] {dagbag.py:588} INFO - Filling up the DagBag from /home/airflow/.local/lib/python3.12/site-packages/airflow/example_dags/example_branch_labels.py
[2025-05-14T17:06:42.976+0000] {processor.py:925} INFO - DAG(s) 'example_branch_labels' retrieved from /home/airflow/.local/lib/python3.12/site-packages/airflow/example_dags/example_branch_labels.py
[2025-05-14T17:06:43.202+0000] {logging_mixin.py:190} INFO - [2025-05-14T17:06:43.201+0000] {dag.py:3239} INFO - Sync 1 DAGs
[2025-05-14T17:06:43.471+0000] {logging_mixin.py:190} INFO - [2025-05-14T17:06:43.471+0000] {dag.py:4180} INFO - Setting next_dagrun for example_branch_labels to 2025-05-13 00:00:00+00:00, run_after=2025-05-14 00:00:00+00:00
[2025-05-14T17:06:43.949+0000] {processor.py:208} INFO - Processing /home/airflow/.local/lib/python3.12/site-packages/airflow/example_dags/example_branch_labels.py took 1.171 seconds
[2025-05-14T17:07:14.363+0000] {processor.py:186} INFO - Started process (PID=259) to work on /home/airflow/.local/lib/python3.12/site-packages/airflow/example_dags/example_branch_labels.py
[2025-05-14T17:07:14.364+0000] {processor.py:914} INFO - Processing file /home/airflow/.local/lib/python3.12/site-packages/airflow/example_dags/example_branch_labels.py for tasks to queue
[2025-05-14T17:07:14.368+0000] {logging_mixin.py:190} INFO - [2025-05-14T17:07:14.368+0000] {dagbag.py:588} INFO - Filling up the DagBag from /home/airflow/.local/lib/python3.12/site-packages/airflow/example_dags/example_branch_labels.py
[2025-05-14T17:07:14.387+0000] {processor.py:925} INFO - DAG(s) 'example_branch_labels' retrieved from /home/airflow/.local/lib/python3.12/site-packages/airflow/example_dags/example_branch_labels.py
[2025-05-14T17:07:14.424+0000] {logging_mixin.py:190} INFO - [2025-05-14T17:07:14.423+0000] {dag.py:3239} INFO - Sync 1 DAGs
[2025-05-14T17:07:14.476+0000] {logging_mixin.py:190} INFO - [2025-05-14T17:07:14.475+0000] {dag.py:4180} INFO - Setting next_dagrun for example_branch_labels to 2025-05-13 00:00:00+00:00, run_after=2025-05-14 00:00:00+00:00
[2025-05-14T17:07:14.517+0000] {processor.py:208} INFO - Processing /home/airflow/.local/lib/python3.12/site-packages/airflow/example_dags/example_branch_labels.py took 0.167 seconds
[2025-05-14T17:07:44.644+0000] {processor.py:186} INFO - Started process (PID=327) to work on /home/airflow/.local/lib/python3.12/site-packages/airflow/example_dags/example_branch_labels.py
[2025-05-14T17:07:44.645+0000] {processor.py:914} INFO - Processing file /home/airflow/.local/lib/python3.12/site-packages/airflow/example_dags/example_branch_labels.py for tasks to queue
[2025-05-14T17:07:44.651+0000] {logging_mixin.py:190} INFO - [2025-05-14T17:07:44.650+0000] {dagbag.py:588} INFO - Filling up the DagBag from /home/airflow/.local/lib/python3.12/site-packages/airflow/example_dags/example_branch_labels.py
[2025-05-14T17:07:44.675+0000] {processor.py:925} INFO - DAG(s) 'example_branch_labels' retrieved from /home/airflow/.local/lib/python3.12/site-packages/airflow/example_dags/example_branch_labels.py
[2025-05-14T17:07:44.739+0000] {logging_mixin.py:190} INFO - [2025-05-14T17:07:44.738+0000] {dag.py:3239} INFO - Sync 1 DAGs
[2025-05-14T17:07:44.826+0000] {logging_mixin.py:190} INFO - [2025-05-14T17:07:44.825+0000] {dag.py:4180} INFO - Setting next_dagrun for example_branch_labels to 2025-05-13 00:00:00+00:00, run_after=2025-05-14 00:00:00+00:00
[2025-05-14T17:07:44.911+0000] {processor.py:208} INFO - Processing /home/airflow/.local/lib/python3.12/site-packages/airflow/example_dags/example_branch_labels.py took 0.277 seconds
[2025-05-14T17:08:15.148+0000] {processor.py:186} INFO - Started process (PID=393) to work on /home/airflow/.local/lib/python3.12/site-packages/airflow/example_dags/example_branch_labels.py
[2025-05-14T17:08:15.151+0000] {processor.py:914} INFO - Processing file /home/airflow/.local/lib/python3.12/site-packages/airflow/example_dags/example_branch_labels.py for tasks to queue
[2025-05-14T17:08:15.162+0000] {logging_mixin.py:190} INFO - [2025-05-14T17:08:15.160+0000] {dagbag.py:588} INFO - Filling up the DagBag from /home/airflow/.local/lib/python3.12/site-packages/airflow/example_dags/example_branch_labels.py
[2025-05-14T17:08:15.211+0000] {processor.py:925} INFO - DAG(s) 'example_branch_labels' retrieved from /home/airflow/.local/lib/python3.12/site-packages/airflow/example_dags/example_branch_labels.py
[2025-05-14T17:08:15.284+0000] {logging_mixin.py:190} INFO - [2025-05-14T17:08:15.283+0000] {dag.py:3239} INFO - Sync 1 DAGs
[2025-05-14T17:08:15.361+0000] {logging_mixin.py:190} INFO - [2025-05-14T17:08:15.360+0000] {dag.py:4180} INFO - Setting next_dagrun for example_branch_labels to 2025-05-13 00:00:00+00:00, run_after=2025-05-14 00:00:00+00:00
[2025-05-14T17:08:15.430+0000] {processor.py:208} INFO - Processing /home/airflow/.local/lib/python3.12/site-packages/airflow/example_dags/example_branch_labels.py took 0.303 seconds
[2025-05-14T17:08:45.889+0000] {processor.py:186} INFO - Started process (PID=459) to work on /home/airflow/.local/lib/python3.12/site-packages/airflow/example_dags/example_branch_labels.py
[2025-05-14T17:08:45.891+0000] {processor.py:914} INFO - Processing file /home/airflow/.local/lib/python3.12/site-packages/airflow/example_dags/example_branch_labels.py for tasks to queue
[2025-05-14T17:08:45.896+0000] {logging_mixin.py:190} INFO - [2025-05-14T17:08:45.895+0000] {dagbag.py:588} INFO - Filling up the DagBag from /home/airflow/.local/lib/python3.12/site-packages/airflow/example_dags/example_branch_labels.py
[2025-05-14T17:08:45.917+0000] {processor.py:925} INFO - DAG(s) 'example_branch_labels' retrieved from /home/airflow/.local/lib/python3.12/site-packages/airflow/example_dags/example_branch_labels.py
[2025-05-14T17:08:45.963+0000] {logging_mixin.py:190} INFO - [2025-05-14T17:08:45.963+0000] {dag.py:3239} INFO - Sync 1 DAGs
[2025-05-14T17:08:46.011+0000] {logging_mixin.py:190} INFO - [2025-05-14T17:08:46.010+0000] {dag.py:4180} INFO - Setting next_dagrun for example_branch_labels to 2025-05-13 00:00:00+00:00, run_after=2025-05-14 00:00:00+00:00
[2025-05-14T17:08:46.045+0000] {processor.py:208} INFO - Processing /home/airflow/.local/lib/python3.12/site-packages/airflow/example_dags/example_branch_labels.py took 0.166 seconds
[2025-05-14T17:09:22.404+0000] {processor.py:186} INFO - Started process (PID=525) to work on /home/airflow/.local/lib/python3.12/site-packages/airflow/example_dags/example_branch_labels.py
[2025-05-14T17:09:22.407+0000] {processor.py:914} INFO - Processing file /home/airflow/.local/lib/python3.12/site-packages/airflow/example_dags/example_branch_labels.py for tasks to queue
[2025-05-14T17:09:22.416+0000] {logging_mixin.py:190} INFO - [2025-05-14T17:09:22.415+0000] {dagbag.py:588} INFO - Filling up the DagBag from /home/airflow/.local/lib/python3.12/site-packages/airflow/example_dags/example_branch_labels.py
[2025-05-14T17:09:22.450+0000] {processor.py:925} INFO - DAG(s) 'example_branch_labels' retrieved from /home/airflow/.local/lib/python3.12/site-packages/airflow/example_dags/example_branch_labels.py
[2025-05-14T17:09:22.507+0000] {logging_mixin.py:190} INFO - [2025-05-14T17:09:22.506+0000] {dag.py:3239} INFO - Sync 1 DAGs
[2025-05-14T17:09:22.619+0000] {logging_mixin.py:190} INFO - [2025-05-14T17:09:22.618+0000] {dag.py:4180} INFO - Setting next_dagrun for example_branch_labels to 2025-05-13 00:00:00+00:00, run_after=2025-05-14 00:00:00+00:00
[2025-05-14T17:09:22.699+0000] {processor.py:208} INFO - Processing /home/airflow/.local/lib/python3.12/site-packages/airflow/example_dags/example_branch_labels.py took 0.312 seconds
[2025-05-14T17:09:53.701+0000] {processor.py:186} INFO - Started process (PID=592) to work on /home/airflow/.local/lib/python3.12/site-packages/airflow/example_dags/example_branch_labels.py
[2025-05-14T17:09:53.703+0000] {processor.py:914} INFO - Processing file /home/airflow/.local/lib/python3.12/site-packages/airflow/example_dags/example_branch_labels.py for tasks to queue
[2025-05-14T17:09:53.707+0000] {logging_mixin.py:190} INFO - [2025-05-14T17:09:53.706+0000] {dagbag.py:588} INFO - Filling up the DagBag from /home/airflow/.local/lib/python3.12/site-packages/airflow/example_dags/example_branch_labels.py
[2025-05-14T17:09:53.728+0000] {processor.py:925} INFO - DAG(s) 'example_branch_labels' retrieved from /home/airflow/.local/lib/python3.12/site-packages/airflow/example_dags/example_branch_labels.py
[2025-05-14T17:09:53.776+0000] {logging_mixin.py:190} INFO - [2025-05-14T17:09:53.775+0000] {dag.py:3239} INFO - Sync 1 DAGs
[2025-05-14T17:09:53.822+0000] {logging_mixin.py:190} INFO - [2025-05-14T17:09:53.821+0000] {dag.py:4180} INFO - Setting next_dagrun for example_branch_labels to 2025-05-13 00:00:00+00:00, run_after=2025-05-14 00:00:00+00:00
[2025-05-14T17:09:53.857+0000] {processor.py:208} INFO - Processing /home/airflow/.local/lib/python3.12/site-packages/airflow/example_dags/example_branch_labels.py took 0.166 seconds
[2025-05-14T17:10:25.170+0000] {processor.py:186} INFO - Started process (PID=658) to work on /home/airflow/.local/lib/python3.12/site-packages/airflow/example_dags/example_branch_labels.py
[2025-05-14T17:10:25.171+0000] {processor.py:914} INFO - Processing file /home/airflow/.local/lib/python3.12/site-packages/airflow/example_dags/example_branch_labels.py for tasks to queue
[2025-05-14T17:10:25.176+0000] {logging_mixin.py:190} INFO - [2025-05-14T17:10:25.175+0000] {dagbag.py:588} INFO - Filling up the DagBag from /home/airflow/.local/lib/python3.12/site-packages/airflow/example_dags/example_branch_labels.py
[2025-05-14T17:10:25.205+0000] {processor.py:925} INFO - DAG(s) 'example_branch_labels' retrieved from /home/airflow/.local/lib/python3.12/site-packages/airflow/example_dags/example_branch_labels.py
[2025-05-14T17:10:25.266+0000] {logging_mixin.py:190} INFO - [2025-05-14T17:10:25.266+0000] {dag.py:3239} INFO - Sync 1 DAGs
[2025-05-14T17:10:25.350+0000] {logging_mixin.py:190} INFO - [2025-05-14T17:10:25.350+0000] {dag.py:4180} INFO - Setting next_dagrun for example_branch_labels to 2025-05-13 00:00:00+00:00, run_after=2025-05-14 00:00:00+00:00
[2025-05-14T17:10:25.414+0000] {processor.py:208} INFO - Processing /home/airflow/.local/lib/python3.12/site-packages/airflow/example_dags/example_branch_labels.py took 0.260 seconds
[2025-05-14T17:10:56.118+0000] {processor.py:186} INFO - Started process (PID=724) to work on /home/airflow/.local/lib/python3.12/site-packages/airflow/example_dags/example_branch_labels.py
[2025-05-14T17:10:56.119+0000] {processor.py:914} INFO - Processing file /home/airflow/.local/lib/python3.12/site-packages/airflow/example_dags/example_branch_labels.py for tasks to queue
[2025-05-14T17:10:56.123+0000] {logging_mixin.py:190} INFO - [2025-05-14T17:10:56.122+0000] {dagbag.py:588} INFO - Filling up the DagBag from /home/airflow/.local/lib/python3.12/site-packages/airflow/example_dags/example_branch_labels.py
[2025-05-14T17:10:56.141+0000] {processor.py:925} INFO - DAG(s) 'example_branch_labels' retrieved from /home/airflow/.local/lib/python3.12/site-packages/airflow/example_dags/example_branch_labels.py
[2025-05-14T17:10:56.187+0000] {logging_mixin.py:190} INFO - [2025-05-14T17:10:56.187+0000] {dag.py:3239} INFO - Sync 1 DAGs
[2025-05-14T17:10:56.229+0000] {logging_mixin.py:190} INFO - [2025-05-14T17:10:56.229+0000] {dag.py:4180} INFO - Setting next_dagrun for example_branch_labels to 2025-05-13 00:00:00+00:00, run_after=2025-05-14 00:00:00+00:00
[2025-05-14T17:10:56.263+0000] {processor.py:208} INFO - Processing /home/airflow/.local/lib/python3.12/site-packages/airflow/example_dags/example_branch_labels.py took 0.156 seconds
[2025-05-14T17:11:26.644+0000] {processor.py:186} INFO - Started process (PID=788) to work on /home/airflow/.local/lib/python3.12/site-packages/airflow/example_dags/example_branch_labels.py
[2025-05-14T17:11:26.646+0000] {processor.py:914} INFO - Processing file /home/airflow/.local/lib/python3.12/site-packages/airflow/example_dags/example_branch_labels.py for tasks to queue
[2025-05-14T17:11:26.649+0000] {logging_mixin.py:190} INFO - [2025-05-14T17:11:26.649+0000] {dagbag.py:588} INFO - Filling up the DagBag from /home/airflow/.local/lib/python3.12/site-packages/airflow/example_dags/example_branch_labels.py
[2025-05-14T17:11:26.682+0000] {processor.py:925} INFO - DAG(s) 'example_branch_labels' retrieved from /home/airflow/.local/lib/python3.12/site-packages/airflow/example_dags/example_branch_labels.py
[2025-05-14T17:11:26.765+0000] {logging_mixin.py:190} INFO - [2025-05-14T17:11:26.765+0000] {dag.py:3239} INFO - Sync 1 DAGs
[2025-05-14T17:11:26.832+0000] {logging_mixin.py:190} INFO - [2025-05-14T17:11:26.831+0000] {dag.py:4180} INFO - Setting next_dagrun for example_branch_labels to 2025-05-13 00:00:00+00:00, run_after=2025-05-14 00:00:00+00:00
[2025-05-14T17:11:26.891+0000] {processor.py:208} INFO - Processing /home/airflow/.local/lib/python3.12/site-packages/airflow/example_dags/example_branch_labels.py took 0.259 seconds
[2025-05-14T17:11:57.460+0000] {processor.py:186} INFO - Started process (PID=855) to work on /home/airflow/.local/lib/python3.12/site-packages/airflow/example_dags/example_branch_labels.py
[2025-05-14T17:11:57.462+0000] {processor.py:914} INFO - Processing file /home/airflow/.local/lib/python3.12/site-packages/airflow/example_dags/example_branch_labels.py for tasks to queue
[2025-05-14T17:11:57.472+0000] {logging_mixin.py:190} INFO - [2025-05-14T17:11:57.469+0000] {dagbag.py:588} INFO - Filling up the DagBag from /home/airflow/.local/lib/python3.12/site-packages/airflow/example_dags/example_branch_labels.py
[2025-05-14T17:11:57.503+0000] {processor.py:925} INFO - DAG(s) 'example_branch_labels' retrieved from /home/airflow/.local/lib/python3.12/site-packages/airflow/example_dags/example_branch_labels.py
[2025-05-14T17:11:57.567+0000] {logging_mixin.py:190} INFO - [2025-05-14T17:11:57.566+0000] {dag.py:3239} INFO - Sync 1 DAGs
[2025-05-14T17:11:57.628+0000] {logging_mixin.py:190} INFO - [2025-05-14T17:11:57.628+0000] {dag.py:4180} INFO - Setting next_dagrun for example_branch_labels to 2025-05-13 00:00:00+00:00, run_after=2025-05-14 00:00:00+00:00
[2025-05-14T17:11:57.684+0000] {processor.py:208} INFO - Processing /home/airflow/.local/lib/python3.12/site-packages/airflow/example_dags/example_branch_labels.py took 0.241 seconds
[2025-05-14T17:12:27.937+0000] {processor.py:186} INFO - Started process (PID=921) to work on /home/airflow/.local/lib/python3.12/site-packages/airflow/example_dags/example_branch_labels.py
[2025-05-14T17:12:27.938+0000] {processor.py:914} INFO - Processing file /home/airflow/.local/lib/python3.12/site-packages/airflow/example_dags/example_branch_labels.py for tasks to queue
[2025-05-14T17:12:27.944+0000] {logging_mixin.py:190} INFO - [2025-05-14T17:12:27.943+0000] {dagbag.py:588} INFO - Filling up the DagBag from /home/airflow/.local/lib/python3.12/site-packages/airflow/example_dags/example_branch_labels.py
[2025-05-14T17:12:27.962+0000] {processor.py:925} INFO - DAG(s) 'example_branch_labels' retrieved from /home/airflow/.local/lib/python3.12/site-packages/airflow/example_dags/example_branch_labels.py
[2025-05-14T17:12:28.002+0000] {logging_mixin.py:190} INFO - [2025-05-14T17:12:28.001+0000] {dag.py:3239} INFO - Sync 1 DAGs
[2025-05-14T17:12:28.048+0000] {logging_mixin.py:190} INFO - [2025-05-14T17:12:28.048+0000] {dag.py:4180} INFO - Setting next_dagrun for example_branch_labels to 2025-05-13 00:00:00+00:00, run_after=2025-05-14 00:00:00+00:00
[2025-05-14T17:12:28.087+0000] {processor.py:208} INFO - Processing /home/airflow/.local/lib/python3.12/site-packages/airflow/example_dags/example_branch_labels.py took 0.160 seconds
[2025-05-14T17:12:59.284+0000] {processor.py:186} INFO - Started process (PID=987) to work on /home/airflow/.local/lib/python3.12/site-packages/airflow/example_dags/example_branch_labels.py
[2025-05-14T17:12:59.286+0000] {processor.py:914} INFO - Processing file /home/airflow/.local/lib/python3.12/site-packages/airflow/example_dags/example_branch_labels.py for tasks to queue
[2025-05-14T17:12:59.300+0000] {logging_mixin.py:190} INFO - [2025-05-14T17:12:59.292+0000] {dagbag.py:588} INFO - Filling up the DagBag from /home/airflow/.local/lib/python3.12/site-packages/airflow/example_dags/example_branch_labels.py
[2025-05-14T17:12:59.369+0000] {processor.py:925} INFO - DAG(s) 'example_branch_labels' retrieved from /home/airflow/.local/lib/python3.12/site-packages/airflow/example_dags/example_branch_labels.py
[2025-05-14T17:12:59.450+0000] {logging_mixin.py:190} INFO - [2025-05-14T17:12:59.450+0000] {dag.py:3239} INFO - Sync 1 DAGs
[2025-05-14T17:12:59.564+0000] {logging_mixin.py:190} INFO - [2025-05-14T17:12:59.559+0000] {dag.py:4180} INFO - Setting next_dagrun for example_branch_labels to 2025-05-13 00:00:00+00:00, run_after=2025-05-14 00:00:00+00:00
[2025-05-14T17:12:59.631+0000] {processor.py:208} INFO - Processing /home/airflow/.local/lib/python3.12/site-packages/airflow/example_dags/example_branch_labels.py took 0.362 seconds
[2025-05-14T17:13:30.243+0000] {processor.py:186} INFO - Started process (PID=1054) to work on /home/airflow/.local/lib/python3.12/site-packages/airflow/example_dags/example_branch_labels.py
[2025-05-14T17:13:30.246+0000] {processor.py:914} INFO - Processing file /home/airflow/.local/lib/python3.12/site-packages/airflow/example_dags/example_branch_labels.py for tasks to queue
[2025-05-14T17:13:30.259+0000] {logging_mixin.py:190} INFO - [2025-05-14T17:13:30.258+0000] {dagbag.py:588} INFO - Filling up the DagBag from /home/airflow/.local/lib/python3.12/site-packages/airflow/example_dags/example_branch_labels.py
[2025-05-14T17:13:30.293+0000] {processor.py:925} INFO - DAG(s) 'example_branch_labels' retrieved from /home/airflow/.local/lib/python3.12/site-packages/airflow/example_dags/example_branch_labels.py
[2025-05-14T17:13:30.368+0000] {logging_mixin.py:190} INFO - [2025-05-14T17:13:30.367+0000] {dag.py:3239} INFO - Sync 1 DAGs
[2025-05-14T17:13:30.444+0000] {logging_mixin.py:190} INFO - [2025-05-14T17:13:30.443+0000] {dag.py:4180} INFO - Setting next_dagrun for example_branch_labels to 2025-05-13 00:00:00+00:00, run_after=2025-05-14 00:00:00+00:00
[2025-05-14T17:13:30.501+0000] {processor.py:208} INFO - Processing /home/airflow/.local/lib/python3.12/site-packages/airflow/example_dags/example_branch_labels.py took 0.271 seconds
[2025-05-14T17:14:00.805+0000] {processor.py:186} INFO - Started process (PID=1120) to work on /home/airflow/.local/lib/python3.12/site-packages/airflow/example_dags/example_branch_labels.py
[2025-05-14T17:14:00.807+0000] {processor.py:914} INFO - Processing file /home/airflow/.local/lib/python3.12/site-packages/airflow/example_dags/example_branch_labels.py for tasks to queue
[2025-05-14T17:14:00.811+0000] {logging_mixin.py:190} INFO - [2025-05-14T17:14:00.810+0000] {dagbag.py:588} INFO - Filling up the DagBag from /home/airflow/.local/lib/python3.12/site-packages/airflow/example_dags/example_branch_labels.py
[2025-05-14T17:14:00.825+0000] {processor.py:925} INFO - DAG(s) 'example_branch_labels' retrieved from /home/airflow/.local/lib/python3.12/site-packages/airflow/example_dags/example_branch_labels.py
[2025-05-14T17:14:00.872+0000] {logging_mixin.py:190} INFO - [2025-05-14T17:14:00.872+0000] {dag.py:3239} INFO - Sync 1 DAGs
[2025-05-14T17:14:00.932+0000] {logging_mixin.py:190} INFO - [2025-05-14T17:14:00.930+0000] {dag.py:4180} INFO - Setting next_dagrun for example_branch_labels to 2025-05-13 00:00:00+00:00, run_after=2025-05-14 00:00:00+00:00
[2025-05-14T17:14:00.990+0000] {processor.py:208} INFO - Processing /home/airflow/.local/lib/python3.12/site-packages/airflow/example_dags/example_branch_labels.py took 0.197 seconds
[2025-05-14T17:14:33.784+0000] {processor.py:186} INFO - Started process (PID=1186) to work on /home/airflow/.local/lib/python3.12/site-packages/airflow/example_dags/example_branch_labels.py
[2025-05-14T17:14:33.788+0000] {processor.py:914} INFO - Processing file /home/airflow/.local/lib/python3.12/site-packages/airflow/example_dags/example_branch_labels.py for tasks to queue
[2025-05-14T17:14:33.797+0000] {logging_mixin.py:190} INFO - [2025-05-14T17:14:33.796+0000] {dagbag.py:588} INFO - Filling up the DagBag from /home/airflow/.local/lib/python3.12/site-packages/airflow/example_dags/example_branch_labels.py
[2025-05-14T17:14:33.855+0000] {processor.py:925} INFO - DAG(s) 'example_branch_labels' retrieved from /home/airflow/.local/lib/python3.12/site-packages/airflow/example_dags/example_branch_labels.py
[2025-05-14T17:14:33.920+0000] {logging_mixin.py:190} INFO - [2025-05-14T17:14:33.920+0000] {dag.py:3239} INFO - Sync 1 DAGs
[2025-05-14T17:14:34.035+0000] {logging_mixin.py:190} INFO - [2025-05-14T17:14:34.034+0000] {dag.py:4180} INFO - Setting next_dagrun for example_branch_labels to 2025-05-13 00:00:00+00:00, run_after=2025-05-14 00:00:00+00:00
[2025-05-14T17:14:34.145+0000] {processor.py:208} INFO - Processing /home/airflow/.local/lib/python3.12/site-packages/airflow/example_dags/example_branch_labels.py took 0.374 seconds
[2025-05-14T17:15:04.495+0000] {processor.py:186} INFO - Started process (PID=1252) to work on /home/airflow/.local/lib/python3.12/site-packages/airflow/example_dags/example_branch_labels.py
[2025-05-14T17:15:04.496+0000] {processor.py:914} INFO - Processing file /home/airflow/.local/lib/python3.12/site-packages/airflow/example_dags/example_branch_labels.py for tasks to queue
[2025-05-14T17:15:04.501+0000] {logging_mixin.py:190} INFO - [2025-05-14T17:15:04.500+0000] {dagbag.py:588} INFO - Filling up the DagBag from /home/airflow/.local/lib/python3.12/site-packages/airflow/example_dags/example_branch_labels.py
[2025-05-14T17:15:04.524+0000] {processor.py:925} INFO - DAG(s) 'example_branch_labels' retrieved from /home/airflow/.local/lib/python3.12/site-packages/airflow/example_dags/example_branch_labels.py
[2025-05-14T17:15:04.583+0000] {logging_mixin.py:190} INFO - [2025-05-14T17:15:04.583+0000] {dag.py:3239} INFO - Sync 1 DAGs
[2025-05-14T17:15:04.641+0000] {logging_mixin.py:190} INFO - [2025-05-14T17:15:04.641+0000] {dag.py:4180} INFO - Setting next_dagrun for example_branch_labels to 2025-05-13 00:00:00+00:00, run_after=2025-05-14 00:00:00+00:00
[2025-05-14T17:15:04.674+0000] {processor.py:208} INFO - Processing /home/airflow/.local/lib/python3.12/site-packages/airflow/example_dags/example_branch_labels.py took 0.190 seconds
