[2025-05-14T17:00:38.110+0000] {processor.py:186} INFO - Started process (PID=153) to work on /home/airflow/.local/lib/python3.12/site-packages/airflow/example_dags/example_datasets.py
[2025-05-14T17:00:38.113+0000] {processor.py:914} INFO - Processing file /home/airflow/.local/lib/python3.12/site-packages/airflow/example_dags/example_datasets.py for tasks to queue
[2025-05-14T17:00:38.121+0000] {logging_mixin.py:190} INFO - [2025-05-14T17:00:38.120+0000] {dagbag.py:588} INFO - Filling up the DagBag from /home/airflow/.local/lib/python3.12/site-packages/airflow/example_dags/example_datasets.py
[2025-05-14T17:00:40.357+0000] {processor.py:925} INFO - DAG(s) 'consume_1_or_2_with_dataset_expressions', 'dataset_produces_1', 'dataset_consumes_1_never_scheduled', 'conditional_dataset_and_time_based_timetable', 'dataset_consumes_unknown_never_scheduled', 'dataset_produces_2', 'dataset_consumes_1_and_2', 'consume_1_or_both_2_and_3_with_dataset_expressions', 'consume_1_and_2_with_dataset_expressions', 'dataset_consumes_1' retrieved from /home/airflow/.local/lib/python3.12/site-packages/airflow/example_dags/example_datasets.py
[2025-05-14T17:00:40.508+0000] {logging_mixin.py:190} INFO - [2025-05-14T17:00:40.506+0000] {dag.py:3239} INFO - Sync 10 DAGs
[2025-05-14T17:00:40.672+0000] {logging_mixin.py:190} INFO - [2025-05-14T17:00:40.671+0000] {dag.py:4180} INFO - Setting next_dagrun for conditional_dataset_and_time_based_timetable to 2025-05-14 01:00:00+00:00, run_after=2025-05-14 01:00:00+00:00
[2025-05-14T17:00:40.722+0000] {logging_mixin.py:190} INFO - [2025-05-14T17:00:40.721+0000] {dag.py:4180} INFO - Setting next_dagrun for consume_1_and_2_with_dataset_expressions to None, run_after=None
[2025-05-14T17:00:40.735+0000] {logging_mixin.py:190} INFO - [2025-05-14T17:00:40.734+0000] {dag.py:4180} INFO - Setting next_dagrun for consume_1_or_2_with_dataset_expressions to None, run_after=None
[2025-05-14T17:00:40.743+0000] {logging_mixin.py:190} INFO - [2025-05-14T17:00:40.742+0000] {dag.py:4180} INFO - Setting next_dagrun for consume_1_or_both_2_and_3_with_dataset_expressions to None, run_after=None
[2025-05-14T17:00:40.763+0000] {logging_mixin.py:190} INFO - [2025-05-14T17:00:40.762+0000] {dag.py:4180} INFO - Setting next_dagrun for dataset_consumes_1 to None, run_after=None
[2025-05-14T17:00:40.771+0000] {logging_mixin.py:190} INFO - [2025-05-14T17:00:40.770+0000] {dag.py:4180} INFO - Setting next_dagrun for dataset_consumes_1_and_2 to None, run_after=None
[2025-05-14T17:00:40.784+0000] {logging_mixin.py:190} INFO - [2025-05-14T17:00:40.783+0000] {dag.py:4180} INFO - Setting next_dagrun for dataset_consumes_1_never_scheduled to None, run_after=None
[2025-05-14T17:00:40.791+0000] {logging_mixin.py:190} INFO - [2025-05-14T17:00:40.791+0000] {dag.py:4180} INFO - Setting next_dagrun for dataset_consumes_unknown_never_scheduled to None, run_after=None
[2025-05-14T17:00:40.805+0000] {logging_mixin.py:190} INFO - [2025-05-14T17:00:40.804+0000] {dag.py:4180} INFO - Setting next_dagrun for dataset_produces_1 to 2025-05-13 00:00:00+00:00, run_after=2025-05-14 00:00:00+00:00
[2025-05-14T17:00:40.821+0000] {logging_mixin.py:190} INFO - [2025-05-14T17:00:40.820+0000] {dag.py:4180} INFO - Setting next_dagrun for dataset_produces_2 to None, run_after=None
[2025-05-14T17:00:40.989+0000] {processor.py:208} INFO - Processing /home/airflow/.local/lib/python3.12/site-packages/airflow/example_dags/example_datasets.py took 2.904 seconds
[2025-05-14T17:01:12.079+0000] {processor.py:186} INFO - Started process (PID=221) to work on /home/airflow/.local/lib/python3.12/site-packages/airflow/example_dags/example_datasets.py
[2025-05-14T17:01:12.082+0000] {processor.py:914} INFO - Processing file /home/airflow/.local/lib/python3.12/site-packages/airflow/example_dags/example_datasets.py for tasks to queue
[2025-05-14T17:01:12.094+0000] {logging_mixin.py:190} INFO - [2025-05-14T17:01:12.093+0000] {dagbag.py:588} INFO - Filling up the DagBag from /home/airflow/.local/lib/python3.12/site-packages/airflow/example_dags/example_datasets.py
[2025-05-14T17:01:13.776+0000] {processor.py:925} INFO - DAG(s) 'dataset_consumes_1', 'dataset_consumes_1_and_2', 'dataset_consumes_1_never_scheduled', 'dataset_produces_1', 'dataset_produces_2', 'consume_1_or_2_with_dataset_expressions', 'consume_1_and_2_with_dataset_expressions', 'consume_1_or_both_2_and_3_with_dataset_expressions', 'dataset_consumes_unknown_never_scheduled', 'conditional_dataset_and_time_based_timetable' retrieved from /home/airflow/.local/lib/python3.12/site-packages/airflow/example_dags/example_datasets.py
[2025-05-14T17:01:13.998+0000] {logging_mixin.py:190} INFO - [2025-05-14T17:01:13.998+0000] {dag.py:3239} INFO - Sync 10 DAGs
[2025-05-14T17:01:14.108+0000] {logging_mixin.py:190} INFO - [2025-05-14T17:01:14.108+0000] {dag.py:4180} INFO - Setting next_dagrun for conditional_dataset_and_time_based_timetable to 2025-05-14 01:00:00+00:00, run_after=2025-05-14 01:00:00+00:00
[2025-05-14T17:01:14.123+0000] {logging_mixin.py:190} INFO - [2025-05-14T17:01:14.122+0000] {dag.py:4180} INFO - Setting next_dagrun for consume_1_and_2_with_dataset_expressions to None, run_after=None
[2025-05-14T17:01:14.127+0000] {logging_mixin.py:190} INFO - [2025-05-14T17:01:14.127+0000] {dag.py:4180} INFO - Setting next_dagrun for consume_1_or_2_with_dataset_expressions to None, run_after=None
[2025-05-14T17:01:14.133+0000] {logging_mixin.py:190} INFO - [2025-05-14T17:01:14.132+0000] {dag.py:4180} INFO - Setting next_dagrun for consume_1_or_both_2_and_3_with_dataset_expressions to None, run_after=None
[2025-05-14T17:01:14.138+0000] {logging_mixin.py:190} INFO - [2025-05-14T17:01:14.138+0000] {dag.py:4180} INFO - Setting next_dagrun for dataset_consumes_1 to None, run_after=None
[2025-05-14T17:01:14.146+0000] {logging_mixin.py:190} INFO - [2025-05-14T17:01:14.145+0000] {dag.py:4180} INFO - Setting next_dagrun for dataset_consumes_1_and_2 to None, run_after=None
[2025-05-14T17:01:14.158+0000] {logging_mixin.py:190} INFO - [2025-05-14T17:01:14.157+0000] {dag.py:4180} INFO - Setting next_dagrun for dataset_consumes_1_never_scheduled to None, run_after=None
[2025-05-14T17:01:14.166+0000] {logging_mixin.py:190} INFO - [2025-05-14T17:01:14.165+0000] {dag.py:4180} INFO - Setting next_dagrun for dataset_consumes_unknown_never_scheduled to None, run_after=None
[2025-05-14T17:01:14.178+0000] {logging_mixin.py:190} INFO - [2025-05-14T17:01:14.178+0000] {dag.py:4180} INFO - Setting next_dagrun for dataset_produces_1 to 2025-05-13 00:00:00+00:00, run_after=2025-05-14 00:00:00+00:00
[2025-05-14T17:01:14.182+0000] {logging_mixin.py:190} INFO - [2025-05-14T17:01:14.182+0000] {dag.py:4180} INFO - Setting next_dagrun for dataset_produces_2 to None, run_after=None
[2025-05-14T17:01:14.396+0000] {processor.py:208} INFO - Processing /home/airflow/.local/lib/python3.12/site-packages/airflow/example_dags/example_datasets.py took 2.333 seconds
[2025-05-14T17:01:45.343+0000] {processor.py:186} INFO - Started process (PID=291) to work on /home/airflow/.local/lib/python3.12/site-packages/airflow/example_dags/example_datasets.py
[2025-05-14T17:01:45.345+0000] {processor.py:914} INFO - Processing file /home/airflow/.local/lib/python3.12/site-packages/airflow/example_dags/example_datasets.py for tasks to queue
[2025-05-14T17:01:45.349+0000] {logging_mixin.py:190} INFO - [2025-05-14T17:01:45.349+0000] {dagbag.py:588} INFO - Filling up the DagBag from /home/airflow/.local/lib/python3.12/site-packages/airflow/example_dags/example_datasets.py
[2025-05-14T17:01:46.930+0000] {processor.py:925} INFO - DAG(s) 'dataset_produces_1', 'dataset_consumes_1', 'consume_1_and_2_with_dataset_expressions', 'conditional_dataset_and_time_based_timetable', 'dataset_produces_2', 'dataset_consumes_1_and_2', 'consume_1_or_both_2_and_3_with_dataset_expressions', 'dataset_consumes_unknown_never_scheduled', 'dataset_consumes_1_never_scheduled', 'consume_1_or_2_with_dataset_expressions' retrieved from /home/airflow/.local/lib/python3.12/site-packages/airflow/example_dags/example_datasets.py
[2025-05-14T17:01:47.097+0000] {logging_mixin.py:190} INFO - [2025-05-14T17:01:47.097+0000] {dag.py:3239} INFO - Sync 10 DAGs
[2025-05-14T17:01:47.177+0000] {logging_mixin.py:190} INFO - [2025-05-14T17:01:47.177+0000] {dag.py:4180} INFO - Setting next_dagrun for conditional_dataset_and_time_based_timetable to 2025-05-14 01:00:00+00:00, run_after=2025-05-14 01:00:00+00:00
[2025-05-14T17:01:47.184+0000] {logging_mixin.py:190} INFO - [2025-05-14T17:01:47.184+0000] {dag.py:4180} INFO - Setting next_dagrun for consume_1_and_2_with_dataset_expressions to None, run_after=None
[2025-05-14T17:01:47.188+0000] {logging_mixin.py:190} INFO - [2025-05-14T17:01:47.187+0000] {dag.py:4180} INFO - Setting next_dagrun for consume_1_or_2_with_dataset_expressions to None, run_after=None
[2025-05-14T17:01:47.192+0000] {logging_mixin.py:190} INFO - [2025-05-14T17:01:47.192+0000] {dag.py:4180} INFO - Setting next_dagrun for consume_1_or_both_2_and_3_with_dataset_expressions to None, run_after=None
[2025-05-14T17:01:47.196+0000] {logging_mixin.py:190} INFO - [2025-05-14T17:01:47.196+0000] {dag.py:4180} INFO - Setting next_dagrun for dataset_consumes_1 to None, run_after=None
[2025-05-14T17:01:47.201+0000] {logging_mixin.py:190} INFO - [2025-05-14T17:01:47.200+0000] {dag.py:4180} INFO - Setting next_dagrun for dataset_consumes_1_and_2 to None, run_after=None
[2025-05-14T17:01:47.204+0000] {logging_mixin.py:190} INFO - [2025-05-14T17:01:47.203+0000] {dag.py:4180} INFO - Setting next_dagrun for dataset_consumes_1_never_scheduled to None, run_after=None
[2025-05-14T17:01:47.208+0000] {logging_mixin.py:190} INFO - [2025-05-14T17:01:47.207+0000] {dag.py:4180} INFO - Setting next_dagrun for dataset_consumes_unknown_never_scheduled to None, run_after=None
[2025-05-14T17:01:47.215+0000] {logging_mixin.py:190} INFO - [2025-05-14T17:01:47.214+0000] {dag.py:4180} INFO - Setting next_dagrun for dataset_produces_1 to 2025-05-13 00:00:00+00:00, run_after=2025-05-14 00:00:00+00:00
[2025-05-14T17:01:47.218+0000] {logging_mixin.py:190} INFO - [2025-05-14T17:01:47.218+0000] {dag.py:4180} INFO - Setting next_dagrun for dataset_produces_2 to None, run_after=None
[2025-05-14T17:01:47.285+0000] {processor.py:208} INFO - Processing /home/airflow/.local/lib/python3.12/site-packages/airflow/example_dags/example_datasets.py took 1.955 seconds
[2025-05-14T17:02:29.705+0000] {processor.py:186} INFO - Started process (PID=366) to work on /home/airflow/.local/lib/python3.12/site-packages/airflow/example_dags/example_datasets.py
[2025-05-14T17:02:29.708+0000] {processor.py:914} INFO - Processing file /home/airflow/.local/lib/python3.12/site-packages/airflow/example_dags/example_datasets.py for tasks to queue
[2025-05-14T17:02:29.716+0000] {logging_mixin.py:190} INFO - [2025-05-14T17:02:29.716+0000] {dagbag.py:588} INFO - Filling up the DagBag from /home/airflow/.local/lib/python3.12/site-packages/airflow/example_dags/example_datasets.py
[2025-05-14T17:02:32.924+0000] {processor.py:925} INFO - DAG(s) 'dataset_produces_1', 'dataset_consumes_1_never_scheduled', 'conditional_dataset_and_time_based_timetable', 'consume_1_or_both_2_and_3_with_dataset_expressions', 'consume_1_or_2_with_dataset_expressions', 'dataset_produces_2', 'dataset_consumes_unknown_never_scheduled', 'dataset_consumes_1_and_2', 'consume_1_and_2_with_dataset_expressions', 'dataset_consumes_1' retrieved from /home/airflow/.local/lib/python3.12/site-packages/airflow/example_dags/example_datasets.py
[2025-05-14T17:02:34.108+0000] {logging_mixin.py:190} INFO - [2025-05-14T17:02:34.097+0000] {dag.py:3239} INFO - Sync 10 DAGs
[2025-05-14T17:02:34.237+0000] {logging_mixin.py:190} INFO - [2025-05-14T17:02:34.227+0000] {dag.py:3262} INFO - Creating ORM DAG for consume_1_and_2_with_dataset_expressions
[2025-05-14T17:02:34.242+0000] {logging_mixin.py:190} INFO - [2025-05-14T17:02:34.241+0000] {dag.py:3262} INFO - Creating ORM DAG for consume_1_or_both_2_and_3_with_dataset_expressions
[2025-05-14T17:02:34.245+0000] {logging_mixin.py:190} INFO - [2025-05-14T17:02:34.244+0000] {dag.py:3262} INFO - Creating ORM DAG for consume_1_or_2_with_dataset_expressions
[2025-05-14T17:02:34.247+0000] {logging_mixin.py:190} INFO - [2025-05-14T17:02:34.246+0000] {dag.py:3262} INFO - Creating ORM DAG for conditional_dataset_and_time_based_timetable
[2025-05-14T17:02:34.304+0000] {logging_mixin.py:190} INFO - [2025-05-14T17:02:34.304+0000] {dag.py:4180} INFO - Setting next_dagrun for conditional_dataset_and_time_based_timetable to 2025-05-14 01:00:00+00:00, run_after=2025-05-14 01:00:00+00:00
[2025-05-14T17:02:34.309+0000] {logging_mixin.py:190} INFO - [2025-05-14T17:02:34.308+0000] {dag.py:4180} INFO - Setting next_dagrun for consume_1_and_2_with_dataset_expressions to None, run_after=None
[2025-05-14T17:02:34.312+0000] {logging_mixin.py:190} INFO - [2025-05-14T17:02:34.311+0000] {dag.py:4180} INFO - Setting next_dagrun for consume_1_or_2_with_dataset_expressions to None, run_after=None
[2025-05-14T17:02:34.314+0000] {logging_mixin.py:190} INFO - [2025-05-14T17:02:34.313+0000] {dag.py:4180} INFO - Setting next_dagrun for consume_1_or_both_2_and_3_with_dataset_expressions to None, run_after=None
[2025-05-14T17:02:34.317+0000] {logging_mixin.py:190} INFO - [2025-05-14T17:02:34.317+0000] {dag.py:4180} INFO - Setting next_dagrun for dataset_consumes_1 to None, run_after=None
[2025-05-14T17:02:34.341+0000] {logging_mixin.py:190} INFO - [2025-05-14T17:02:34.340+0000] {dag.py:4180} INFO - Setting next_dagrun for dataset_consumes_1_and_2 to None, run_after=None
[2025-05-14T17:02:34.346+0000] {logging_mixin.py:190} INFO - [2025-05-14T17:02:34.345+0000] {dag.py:4180} INFO - Setting next_dagrun for dataset_consumes_1_never_scheduled to None, run_after=None
[2025-05-14T17:02:34.358+0000] {logging_mixin.py:190} INFO - [2025-05-14T17:02:34.357+0000] {dag.py:4180} INFO - Setting next_dagrun for dataset_consumes_unknown_never_scheduled to None, run_after=None
[2025-05-14T17:02:34.377+0000] {logging_mixin.py:190} INFO - [2025-05-14T17:02:34.376+0000] {dag.py:4180} INFO - Setting next_dagrun for dataset_produces_1 to 2025-05-13 00:00:00+00:00, run_after=2025-05-14 00:00:00+00:00
[2025-05-14T17:02:34.381+0000] {logging_mixin.py:190} INFO - [2025-05-14T17:02:34.381+0000] {dag.py:4180} INFO - Setting next_dagrun for dataset_produces_2 to None, run_after=None
[2025-05-14T17:02:34.795+0000] {processor.py:208} INFO - Processing /home/airflow/.local/lib/python3.12/site-packages/airflow/example_dags/example_datasets.py took 5.107 seconds
[2025-05-14T17:06:15.502+0000] {processor.py:186} INFO - Started process (PID=139) to work on /home/airflow/.local/lib/python3.12/site-packages/airflow/example_dags/example_datasets.py
[2025-05-14T17:06:15.515+0000] {processor.py:914} INFO - Processing file /home/airflow/.local/lib/python3.12/site-packages/airflow/example_dags/example_datasets.py for tasks to queue
[2025-05-14T17:06:15.538+0000] {logging_mixin.py:190} INFO - [2025-05-14T17:06:15.537+0000] {dagbag.py:588} INFO - Filling up the DagBag from /home/airflow/.local/lib/python3.12/site-packages/airflow/example_dags/example_datasets.py
[2025-05-14T17:06:18.105+0000] {processor.py:925} INFO - DAG(s) 'consume_1_and_2_with_dataset_expressions', 'consume_1_or_both_2_and_3_with_dataset_expressions', 'dataset_consumes_unknown_never_scheduled', 'dataset_consumes_1_and_2', 'dataset_consumes_1', 'dataset_produces_1', 'dataset_produces_2', 'conditional_dataset_and_time_based_timetable', 'dataset_consumes_1_never_scheduled', 'consume_1_or_2_with_dataset_expressions' retrieved from /home/airflow/.local/lib/python3.12/site-packages/airflow/example_dags/example_datasets.py
[2025-05-14T17:06:18.281+0000] {logging_mixin.py:190} INFO - [2025-05-14T17:06:18.281+0000] {dag.py:3239} INFO - Sync 10 DAGs
[2025-05-14T17:06:18.393+0000] {logging_mixin.py:190} INFO - [2025-05-14T17:06:18.393+0000] {dag.py:4180} INFO - Setting next_dagrun for conditional_dataset_and_time_based_timetable to 2025-05-14 01:00:00+00:00, run_after=2025-05-14 01:00:00+00:00
[2025-05-14T17:06:18.407+0000] {logging_mixin.py:190} INFO - [2025-05-14T17:06:18.406+0000] {dag.py:4180} INFO - Setting next_dagrun for consume_1_and_2_with_dataset_expressions to None, run_after=None
[2025-05-14T17:06:18.425+0000] {logging_mixin.py:190} INFO - [2025-05-14T17:06:18.425+0000] {dag.py:4180} INFO - Setting next_dagrun for consume_1_or_2_with_dataset_expressions to None, run_after=None
[2025-05-14T17:06:18.433+0000] {logging_mixin.py:190} INFO - [2025-05-14T17:06:18.431+0000] {dag.py:4180} INFO - Setting next_dagrun for consume_1_or_both_2_and_3_with_dataset_expressions to None, run_after=None
[2025-05-14T17:06:18.442+0000] {logging_mixin.py:190} INFO - [2025-05-14T17:06:18.441+0000] {dag.py:4180} INFO - Setting next_dagrun for dataset_consumes_1 to None, run_after=None
[2025-05-14T17:06:18.449+0000] {logging_mixin.py:190} INFO - [2025-05-14T17:06:18.448+0000] {dag.py:4180} INFO - Setting next_dagrun for dataset_consumes_1_and_2 to None, run_after=None
[2025-05-14T17:06:18.457+0000] {logging_mixin.py:190} INFO - [2025-05-14T17:06:18.456+0000] {dag.py:4180} INFO - Setting next_dagrun for dataset_consumes_1_never_scheduled to None, run_after=None
[2025-05-14T17:06:18.464+0000] {logging_mixin.py:190} INFO - [2025-05-14T17:06:18.464+0000] {dag.py:4180} INFO - Setting next_dagrun for dataset_consumes_unknown_never_scheduled to None, run_after=None
[2025-05-14T17:06:18.478+0000] {logging_mixin.py:190} INFO - [2025-05-14T17:06:18.477+0000] {dag.py:4180} INFO - Setting next_dagrun for dataset_produces_1 to 2025-05-13 00:00:00+00:00, run_after=2025-05-14 00:00:00+00:00
[2025-05-14T17:06:18.483+0000] {logging_mixin.py:190} INFO - [2025-05-14T17:06:18.483+0000] {dag.py:4180} INFO - Setting next_dagrun for dataset_produces_2 to None, run_after=None
[2025-05-14T17:06:18.593+0000] {processor.py:208} INFO - Processing /home/airflow/.local/lib/python3.12/site-packages/airflow/example_dags/example_datasets.py took 3.138 seconds
[2025-05-14T17:06:53.182+0000] {processor.py:186} INFO - Started process (PID=208) to work on /home/airflow/.local/lib/python3.12/site-packages/airflow/example_dags/example_datasets.py
[2025-05-14T17:06:53.186+0000] {processor.py:914} INFO - Processing file /home/airflow/.local/lib/python3.12/site-packages/airflow/example_dags/example_datasets.py for tasks to queue
[2025-05-14T17:06:53.198+0000] {logging_mixin.py:190} INFO - [2025-05-14T17:06:53.196+0000] {dagbag.py:588} INFO - Filling up the DagBag from /home/airflow/.local/lib/python3.12/site-packages/airflow/example_dags/example_datasets.py
[2025-05-14T17:06:55.274+0000] {processor.py:925} INFO - DAG(s) 'dataset_produces_2', 'conditional_dataset_and_time_based_timetable', 'consume_1_or_2_with_dataset_expressions', 'dataset_consumes_1_never_scheduled', 'dataset_consumes_1_and_2', 'dataset_consumes_unknown_never_scheduled', 'dataset_consumes_1', 'consume_1_or_both_2_and_3_with_dataset_expressions', 'dataset_produces_1', 'consume_1_and_2_with_dataset_expressions' retrieved from /home/airflow/.local/lib/python3.12/site-packages/airflow/example_dags/example_datasets.py
[2025-05-14T17:06:55.485+0000] {logging_mixin.py:190} INFO - [2025-05-14T17:06:55.484+0000] {dag.py:3239} INFO - Sync 10 DAGs
[2025-05-14T17:06:55.558+0000] {logging_mixin.py:190} INFO - [2025-05-14T17:06:55.558+0000] {dag.py:4180} INFO - Setting next_dagrun for conditional_dataset_and_time_based_timetable to 2025-05-14 01:00:00+00:00, run_after=2025-05-14 01:00:00+00:00
[2025-05-14T17:06:55.574+0000] {logging_mixin.py:190} INFO - [2025-05-14T17:06:55.573+0000] {dag.py:4180} INFO - Setting next_dagrun for consume_1_and_2_with_dataset_expressions to None, run_after=None
[2025-05-14T17:06:55.578+0000] {logging_mixin.py:190} INFO - [2025-05-14T17:06:55.578+0000] {dag.py:4180} INFO - Setting next_dagrun for consume_1_or_2_with_dataset_expressions to None, run_after=None
[2025-05-14T17:06:55.585+0000] {logging_mixin.py:190} INFO - [2025-05-14T17:06:55.584+0000] {dag.py:4180} INFO - Setting next_dagrun for consume_1_or_both_2_and_3_with_dataset_expressions to None, run_after=None
[2025-05-14T17:06:55.590+0000] {logging_mixin.py:190} INFO - [2025-05-14T17:06:55.589+0000] {dag.py:4180} INFO - Setting next_dagrun for dataset_consumes_1 to None, run_after=None
[2025-05-14T17:06:55.594+0000] {logging_mixin.py:190} INFO - [2025-05-14T17:06:55.594+0000] {dag.py:4180} INFO - Setting next_dagrun for dataset_consumes_1_and_2 to None, run_after=None
[2025-05-14T17:06:55.599+0000] {logging_mixin.py:190} INFO - [2025-05-14T17:06:55.599+0000] {dag.py:4180} INFO - Setting next_dagrun for dataset_consumes_1_never_scheduled to None, run_after=None
[2025-05-14T17:06:55.605+0000] {logging_mixin.py:190} INFO - [2025-05-14T17:06:55.604+0000] {dag.py:4180} INFO - Setting next_dagrun for dataset_consumes_unknown_never_scheduled to None, run_after=None
[2025-05-14T17:06:55.621+0000] {logging_mixin.py:190} INFO - [2025-05-14T17:06:55.620+0000] {dag.py:4180} INFO - Setting next_dagrun for dataset_produces_1 to 2025-05-13 00:00:00+00:00, run_after=2025-05-14 00:00:00+00:00
[2025-05-14T17:06:55.626+0000] {logging_mixin.py:190} INFO - [2025-05-14T17:06:55.626+0000] {dag.py:4180} INFO - Setting next_dagrun for dataset_produces_2 to None, run_after=None
[2025-05-14T17:06:55.752+0000] {processor.py:208} INFO - Processing /home/airflow/.local/lib/python3.12/site-packages/airflow/example_dags/example_datasets.py took 2.585 seconds
[2025-05-14T17:07:26.281+0000] {processor.py:186} INFO - Started process (PID=277) to work on /home/airflow/.local/lib/python3.12/site-packages/airflow/example_dags/example_datasets.py
[2025-05-14T17:07:26.283+0000] {processor.py:914} INFO - Processing file /home/airflow/.local/lib/python3.12/site-packages/airflow/example_dags/example_datasets.py for tasks to queue
[2025-05-14T17:07:26.287+0000] {logging_mixin.py:190} INFO - [2025-05-14T17:07:26.287+0000] {dagbag.py:588} INFO - Filling up the DagBag from /home/airflow/.local/lib/python3.12/site-packages/airflow/example_dags/example_datasets.py
[2025-05-14T17:07:27.318+0000] {processor.py:925} INFO - DAG(s) 'dataset_produces_1', 'conditional_dataset_and_time_based_timetable', 'dataset_produces_2', 'consume_1_or_both_2_and_3_with_dataset_expressions', 'dataset_consumes_1_never_scheduled', 'consume_1_and_2_with_dataset_expressions', 'dataset_consumes_1', 'dataset_consumes_unknown_never_scheduled', 'consume_1_or_2_with_dataset_expressions', 'dataset_consumes_1_and_2' retrieved from /home/airflow/.local/lib/python3.12/site-packages/airflow/example_dags/example_datasets.py
[2025-05-14T17:07:27.429+0000] {logging_mixin.py:190} INFO - [2025-05-14T17:07:27.428+0000] {dag.py:3239} INFO - Sync 10 DAGs
[2025-05-14T17:07:27.495+0000] {logging_mixin.py:190} INFO - [2025-05-14T17:07:27.494+0000] {dag.py:4180} INFO - Setting next_dagrun for conditional_dataset_and_time_based_timetable to 2025-05-14 01:00:00+00:00, run_after=2025-05-14 01:00:00+00:00
[2025-05-14T17:07:27.509+0000] {logging_mixin.py:190} INFO - [2025-05-14T17:07:27.508+0000] {dag.py:4180} INFO - Setting next_dagrun for consume_1_and_2_with_dataset_expressions to None, run_after=None
[2025-05-14T17:07:27.513+0000] {logging_mixin.py:190} INFO - [2025-05-14T17:07:27.513+0000] {dag.py:4180} INFO - Setting next_dagrun for consume_1_or_2_with_dataset_expressions to None, run_after=None
[2025-05-14T17:07:27.516+0000] {logging_mixin.py:190} INFO - [2025-05-14T17:07:27.516+0000] {dag.py:4180} INFO - Setting next_dagrun for consume_1_or_both_2_and_3_with_dataset_expressions to None, run_after=None
[2025-05-14T17:07:27.522+0000] {logging_mixin.py:190} INFO - [2025-05-14T17:07:27.521+0000] {dag.py:4180} INFO - Setting next_dagrun for dataset_consumes_1 to None, run_after=None
[2025-05-14T17:07:27.525+0000] {logging_mixin.py:190} INFO - [2025-05-14T17:07:27.525+0000] {dag.py:4180} INFO - Setting next_dagrun for dataset_consumes_1_and_2 to None, run_after=None
[2025-05-14T17:07:27.530+0000] {logging_mixin.py:190} INFO - [2025-05-14T17:07:27.529+0000] {dag.py:4180} INFO - Setting next_dagrun for dataset_consumes_1_never_scheduled to None, run_after=None
[2025-05-14T17:07:27.534+0000] {logging_mixin.py:190} INFO - [2025-05-14T17:07:27.533+0000] {dag.py:4180} INFO - Setting next_dagrun for dataset_consumes_unknown_never_scheduled to None, run_after=None
[2025-05-14T17:07:27.543+0000] {logging_mixin.py:190} INFO - [2025-05-14T17:07:27.542+0000] {dag.py:4180} INFO - Setting next_dagrun for dataset_produces_1 to 2025-05-13 00:00:00+00:00, run_after=2025-05-14 00:00:00+00:00
[2025-05-14T17:07:27.546+0000] {logging_mixin.py:190} INFO - [2025-05-14T17:07:27.546+0000] {dag.py:4180} INFO - Setting next_dagrun for dataset_produces_2 to None, run_after=None
[2025-05-14T17:07:27.638+0000] {processor.py:208} INFO - Processing /home/airflow/.local/lib/python3.12/site-packages/airflow/example_dags/example_datasets.py took 1.365 seconds
[2025-05-14T17:07:58.261+0000] {processor.py:186} INFO - Started process (PID=351) to work on /home/airflow/.local/lib/python3.12/site-packages/airflow/example_dags/example_datasets.py
[2025-05-14T17:07:58.263+0000] {processor.py:914} INFO - Processing file /home/airflow/.local/lib/python3.12/site-packages/airflow/example_dags/example_datasets.py for tasks to queue
[2025-05-14T17:07:58.267+0000] {logging_mixin.py:190} INFO - [2025-05-14T17:07:58.267+0000] {dagbag.py:588} INFO - Filling up the DagBag from /home/airflow/.local/lib/python3.12/site-packages/airflow/example_dags/example_datasets.py
[2025-05-14T17:07:59.843+0000] {processor.py:925} INFO - DAG(s) 'dataset_consumes_unknown_never_scheduled', 'consume_1_or_2_with_dataset_expressions', 'dataset_consumes_1_never_scheduled', 'dataset_consumes_1_and_2', 'consume_1_and_2_with_dataset_expressions', 'conditional_dataset_and_time_based_timetable', 'consume_1_or_both_2_and_3_with_dataset_expressions', 'dataset_produces_1', 'dataset_produces_2', 'dataset_consumes_1' retrieved from /home/airflow/.local/lib/python3.12/site-packages/airflow/example_dags/example_datasets.py
[2025-05-14T17:08:00.106+0000] {logging_mixin.py:190} INFO - [2025-05-14T17:08:00.105+0000] {dag.py:3239} INFO - Sync 10 DAGs
[2025-05-14T17:08:00.187+0000] {logging_mixin.py:190} INFO - [2025-05-14T17:08:00.186+0000] {dag.py:4180} INFO - Setting next_dagrun for conditional_dataset_and_time_based_timetable to 2025-05-14 01:00:00+00:00, run_after=2025-05-14 01:00:00+00:00
[2025-05-14T17:08:00.206+0000] {logging_mixin.py:190} INFO - [2025-05-14T17:08:00.206+0000] {dag.py:4180} INFO - Setting next_dagrun for consume_1_and_2_with_dataset_expressions to None, run_after=None
[2025-05-14T17:08:00.211+0000] {logging_mixin.py:190} INFO - [2025-05-14T17:08:00.210+0000] {dag.py:4180} INFO - Setting next_dagrun for consume_1_or_2_with_dataset_expressions to None, run_after=None
[2025-05-14T17:08:00.214+0000] {logging_mixin.py:190} INFO - [2025-05-14T17:08:00.214+0000] {dag.py:4180} INFO - Setting next_dagrun for consume_1_or_both_2_and_3_with_dataset_expressions to None, run_after=None
[2025-05-14T17:08:00.218+0000] {logging_mixin.py:190} INFO - [2025-05-14T17:08:00.217+0000] {dag.py:4180} INFO - Setting next_dagrun for dataset_consumes_1 to None, run_after=None
[2025-05-14T17:08:00.228+0000] {logging_mixin.py:190} INFO - [2025-05-14T17:08:00.227+0000] {dag.py:4180} INFO - Setting next_dagrun for dataset_consumes_1_and_2 to None, run_after=None
[2025-05-14T17:08:00.235+0000] {logging_mixin.py:190} INFO - [2025-05-14T17:08:00.234+0000] {dag.py:4180} INFO - Setting next_dagrun for dataset_consumes_1_never_scheduled to None, run_after=None
[2025-05-14T17:08:00.243+0000] {logging_mixin.py:190} INFO - [2025-05-14T17:08:00.243+0000] {dag.py:4180} INFO - Setting next_dagrun for dataset_consumes_unknown_never_scheduled to None, run_after=None
[2025-05-14T17:08:00.255+0000] {logging_mixin.py:190} INFO - [2025-05-14T17:08:00.254+0000] {dag.py:4180} INFO - Setting next_dagrun for dataset_produces_1 to 2025-05-13 00:00:00+00:00, run_after=2025-05-14 00:00:00+00:00
[2025-05-14T17:08:00.261+0000] {logging_mixin.py:190} INFO - [2025-05-14T17:08:00.261+0000] {dag.py:4180} INFO - Setting next_dagrun for dataset_produces_2 to None, run_after=None
[2025-05-14T17:08:00.364+0000] {processor.py:208} INFO - Processing /home/airflow/.local/lib/python3.12/site-packages/airflow/example_dags/example_datasets.py took 2.116 seconds
[2025-05-14T17:08:39.952+0000] {processor.py:186} INFO - Started process (PID=439) to work on /home/airflow/.local/lib/python3.12/site-packages/airflow/example_dags/example_datasets.py
[2025-05-14T17:08:39.954+0000] {processor.py:914} INFO - Processing file /home/airflow/.local/lib/python3.12/site-packages/airflow/example_dags/example_datasets.py for tasks to queue
[2025-05-14T17:08:39.962+0000] {logging_mixin.py:190} INFO - [2025-05-14T17:08:39.961+0000] {dagbag.py:588} INFO - Filling up the DagBag from /home/airflow/.local/lib/python3.12/site-packages/airflow/example_dags/example_datasets.py
[2025-05-14T17:08:41.153+0000] {processor.py:925} INFO - DAG(s) 'dataset_produces_1', 'dataset_consumes_unknown_never_scheduled', 'consume_1_or_both_2_and_3_with_dataset_expressions', 'dataset_produces_2', 'consume_1_and_2_with_dataset_expressions', 'dataset_consumes_1_never_scheduled', 'dataset_consumes_1_and_2', 'consume_1_or_2_with_dataset_expressions', 'dataset_consumes_1', 'conditional_dataset_and_time_based_timetable' retrieved from /home/airflow/.local/lib/python3.12/site-packages/airflow/example_dags/example_datasets.py
[2025-05-14T17:08:41.268+0000] {logging_mixin.py:190} INFO - [2025-05-14T17:08:41.267+0000] {dag.py:3239} INFO - Sync 10 DAGs
[2025-05-14T17:08:41.329+0000] {logging_mixin.py:190} INFO - [2025-05-14T17:08:41.329+0000] {dag.py:4180} INFO - Setting next_dagrun for conditional_dataset_and_time_based_timetable to 2025-05-14 01:00:00+00:00, run_after=2025-05-14 01:00:00+00:00
[2025-05-14T17:08:41.336+0000] {logging_mixin.py:190} INFO - [2025-05-14T17:08:41.335+0000] {dag.py:4180} INFO - Setting next_dagrun for consume_1_and_2_with_dataset_expressions to None, run_after=None
[2025-05-14T17:08:41.340+0000] {logging_mixin.py:190} INFO - [2025-05-14T17:08:41.339+0000] {dag.py:4180} INFO - Setting next_dagrun for consume_1_or_2_with_dataset_expressions to None, run_after=None
[2025-05-14T17:08:41.343+0000] {logging_mixin.py:190} INFO - [2025-05-14T17:08:41.343+0000] {dag.py:4180} INFO - Setting next_dagrun for consume_1_or_both_2_and_3_with_dataset_expressions to None, run_after=None
[2025-05-14T17:08:41.346+0000] {logging_mixin.py:190} INFO - [2025-05-14T17:08:41.345+0000] {dag.py:4180} INFO - Setting next_dagrun for dataset_consumes_1 to None, run_after=None
[2025-05-14T17:08:41.350+0000] {logging_mixin.py:190} INFO - [2025-05-14T17:08:41.350+0000] {dag.py:4180} INFO - Setting next_dagrun for dataset_consumes_1_and_2 to None, run_after=None
[2025-05-14T17:08:41.353+0000] {logging_mixin.py:190} INFO - [2025-05-14T17:08:41.352+0000] {dag.py:4180} INFO - Setting next_dagrun for dataset_consumes_1_never_scheduled to None, run_after=None
[2025-05-14T17:08:41.356+0000] {logging_mixin.py:190} INFO - [2025-05-14T17:08:41.355+0000] {dag.py:4180} INFO - Setting next_dagrun for dataset_consumes_unknown_never_scheduled to None, run_after=None
[2025-05-14T17:08:41.362+0000] {logging_mixin.py:190} INFO - [2025-05-14T17:08:41.362+0000] {dag.py:4180} INFO - Setting next_dagrun for dataset_produces_1 to 2025-05-13 00:00:00+00:00, run_after=2025-05-14 00:00:00+00:00
[2025-05-14T17:08:41.365+0000] {logging_mixin.py:190} INFO - [2025-05-14T17:08:41.365+0000] {dag.py:4180} INFO - Setting next_dagrun for dataset_produces_2 to None, run_after=None
[2025-05-14T17:08:41.444+0000] {processor.py:208} INFO - Processing /home/airflow/.local/lib/python3.12/site-packages/airflow/example_dags/example_datasets.py took 1.514 seconds
[2025-05-14T17:09:18.844+0000] {processor.py:186} INFO - Started process (PID=516) to work on /home/airflow/.local/lib/python3.12/site-packages/airflow/example_dags/example_datasets.py
[2025-05-14T17:09:18.846+0000] {processor.py:914} INFO - Processing file /home/airflow/.local/lib/python3.12/site-packages/airflow/example_dags/example_datasets.py for tasks to queue
[2025-05-14T17:09:18.859+0000] {logging_mixin.py:190} INFO - [2025-05-14T17:09:18.858+0000] {dagbag.py:588} INFO - Filling up the DagBag from /home/airflow/.local/lib/python3.12/site-packages/airflow/example_dags/example_datasets.py
[2025-05-14T17:09:21.199+0000] {processor.py:925} INFO - DAG(s) 'consume_1_and_2_with_dataset_expressions', 'conditional_dataset_and_time_based_timetable', 'dataset_consumes_1', 'dataset_consumes_1_never_scheduled', 'consume_1_or_both_2_and_3_with_dataset_expressions', 'dataset_consumes_unknown_never_scheduled', 'dataset_consumes_1_and_2', 'dataset_produces_2', 'consume_1_or_2_with_dataset_expressions', 'dataset_produces_1' retrieved from /home/airflow/.local/lib/python3.12/site-packages/airflow/example_dags/example_datasets.py
[2025-05-14T17:09:21.366+0000] {logging_mixin.py:190} INFO - [2025-05-14T17:09:21.365+0000] {dag.py:3239} INFO - Sync 10 DAGs
[2025-05-14T17:09:21.467+0000] {logging_mixin.py:190} INFO - [2025-05-14T17:09:21.463+0000] {dag.py:4180} INFO - Setting next_dagrun for conditional_dataset_and_time_based_timetable to 2025-05-14 01:00:00+00:00, run_after=2025-05-14 01:00:00+00:00
[2025-05-14T17:09:21.495+0000] {logging_mixin.py:190} INFO - [2025-05-14T17:09:21.489+0000] {dag.py:4180} INFO - Setting next_dagrun for consume_1_and_2_with_dataset_expressions to None, run_after=None
[2025-05-14T17:09:21.504+0000] {logging_mixin.py:190} INFO - [2025-05-14T17:09:21.503+0000] {dag.py:4180} INFO - Setting next_dagrun for consume_1_or_2_with_dataset_expressions to None, run_after=None
[2025-05-14T17:09:21.519+0000] {logging_mixin.py:190} INFO - [2025-05-14T17:09:21.518+0000] {dag.py:4180} INFO - Setting next_dagrun for consume_1_or_both_2_and_3_with_dataset_expressions to None, run_after=None
[2025-05-14T17:09:21.523+0000] {logging_mixin.py:190} INFO - [2025-05-14T17:09:21.522+0000] {dag.py:4180} INFO - Setting next_dagrun for dataset_consumes_1 to None, run_after=None
[2025-05-14T17:09:21.531+0000] {logging_mixin.py:190} INFO - [2025-05-14T17:09:21.530+0000] {dag.py:4180} INFO - Setting next_dagrun for dataset_consumes_1_and_2 to None, run_after=None
[2025-05-14T17:09:21.537+0000] {logging_mixin.py:190} INFO - [2025-05-14T17:09:21.536+0000] {dag.py:4180} INFO - Setting next_dagrun for dataset_consumes_1_never_scheduled to None, run_after=None
[2025-05-14T17:09:21.549+0000] {logging_mixin.py:190} INFO - [2025-05-14T17:09:21.549+0000] {dag.py:4180} INFO - Setting next_dagrun for dataset_consumes_unknown_never_scheduled to None, run_after=None
[2025-05-14T17:09:21.556+0000] {logging_mixin.py:190} INFO - [2025-05-14T17:09:21.556+0000] {dag.py:4180} INFO - Setting next_dagrun for dataset_produces_1 to 2025-05-13 00:00:00+00:00, run_after=2025-05-14 00:00:00+00:00
[2025-05-14T17:09:21.565+0000] {logging_mixin.py:190} INFO - [2025-05-14T17:09:21.564+0000] {dag.py:4180} INFO - Setting next_dagrun for dataset_produces_2 to None, run_after=None
[2025-05-14T17:09:21.786+0000] {processor.py:208} INFO - Processing /home/airflow/.local/lib/python3.12/site-packages/airflow/example_dags/example_datasets.py took 2.967 seconds
[2025-05-14T17:09:52.048+0000] {processor.py:186} INFO - Started process (PID=588) to work on /home/airflow/.local/lib/python3.12/site-packages/airflow/example_dags/example_datasets.py
[2025-05-14T17:09:52.050+0000] {processor.py:914} INFO - Processing file /home/airflow/.local/lib/python3.12/site-packages/airflow/example_dags/example_datasets.py for tasks to queue
[2025-05-14T17:09:52.055+0000] {logging_mixin.py:190} INFO - [2025-05-14T17:09:52.054+0000] {dagbag.py:588} INFO - Filling up the DagBag from /home/airflow/.local/lib/python3.12/site-packages/airflow/example_dags/example_datasets.py
[2025-05-14T17:09:52.814+0000] {processor.py:925} INFO - DAG(s) 'consume_1_or_both_2_and_3_with_dataset_expressions', 'conditional_dataset_and_time_based_timetable', 'dataset_produces_1', 'consume_1_or_2_with_dataset_expressions', 'consume_1_and_2_with_dataset_expressions', 'dataset_consumes_1', 'dataset_consumes_1_never_scheduled', 'dataset_consumes_unknown_never_scheduled', 'dataset_produces_2', 'dataset_consumes_1_and_2' retrieved from /home/airflow/.local/lib/python3.12/site-packages/airflow/example_dags/example_datasets.py
[2025-05-14T17:09:52.895+0000] {logging_mixin.py:190} INFO - [2025-05-14T17:09:52.891+0000] {dag.py:3239} INFO - Sync 10 DAGs
[2025-05-14T17:09:52.957+0000] {logging_mixin.py:190} INFO - [2025-05-14T17:09:52.957+0000] {dag.py:4180} INFO - Setting next_dagrun for conditional_dataset_and_time_based_timetable to 2025-05-14 01:00:00+00:00, run_after=2025-05-14 01:00:00+00:00
[2025-05-14T17:09:52.967+0000] {logging_mixin.py:190} INFO - [2025-05-14T17:09:52.966+0000] {dag.py:4180} INFO - Setting next_dagrun for consume_1_and_2_with_dataset_expressions to None, run_after=None
[2025-05-14T17:09:52.971+0000] {logging_mixin.py:190} INFO - [2025-05-14T17:09:52.970+0000] {dag.py:4180} INFO - Setting next_dagrun for consume_1_or_2_with_dataset_expressions to None, run_after=None
[2025-05-14T17:09:52.975+0000] {logging_mixin.py:190} INFO - [2025-05-14T17:09:52.974+0000] {dag.py:4180} INFO - Setting next_dagrun for consume_1_or_both_2_and_3_with_dataset_expressions to None, run_after=None
[2025-05-14T17:09:52.979+0000] {logging_mixin.py:190} INFO - [2025-05-14T17:09:52.978+0000] {dag.py:4180} INFO - Setting next_dagrun for dataset_consumes_1 to None, run_after=None
[2025-05-14T17:09:52.984+0000] {logging_mixin.py:190} INFO - [2025-05-14T17:09:52.984+0000] {dag.py:4180} INFO - Setting next_dagrun for dataset_consumes_1_and_2 to None, run_after=None
[2025-05-14T17:09:53.000+0000] {logging_mixin.py:190} INFO - [2025-05-14T17:09:52.998+0000] {dag.py:4180} INFO - Setting next_dagrun for dataset_consumes_1_never_scheduled to None, run_after=None
[2025-05-14T17:09:53.011+0000] {logging_mixin.py:190} INFO - [2025-05-14T17:09:53.011+0000] {dag.py:4180} INFO - Setting next_dagrun for dataset_consumes_unknown_never_scheduled to None, run_after=None
[2025-05-14T17:09:53.023+0000] {logging_mixin.py:190} INFO - [2025-05-14T17:09:53.022+0000] {dag.py:4180} INFO - Setting next_dagrun for dataset_produces_1 to 2025-05-13 00:00:00+00:00, run_after=2025-05-14 00:00:00+00:00
[2025-05-14T17:09:53.028+0000] {logging_mixin.py:190} INFO - [2025-05-14T17:09:53.027+0000] {dag.py:4180} INFO - Setting next_dagrun for dataset_produces_2 to None, run_after=None
[2025-05-14T17:09:53.155+0000] {processor.py:208} INFO - Processing /home/airflow/.local/lib/python3.12/site-packages/airflow/example_dags/example_datasets.py took 1.119 seconds
[2025-05-14T17:10:23.426+0000] {processor.py:186} INFO - Started process (PID=654) to work on /home/airflow/.local/lib/python3.12/site-packages/airflow/example_dags/example_datasets.py
[2025-05-14T17:10:23.432+0000] {processor.py:914} INFO - Processing file /home/airflow/.local/lib/python3.12/site-packages/airflow/example_dags/example_datasets.py for tasks to queue
[2025-05-14T17:10:23.439+0000] {logging_mixin.py:190} INFO - [2025-05-14T17:10:23.438+0000] {dagbag.py:588} INFO - Filling up the DagBag from /home/airflow/.local/lib/python3.12/site-packages/airflow/example_dags/example_datasets.py
[2025-05-14T17:10:24.353+0000] {processor.py:925} INFO - DAG(s) 'dataset_consumes_1', 'consume_1_or_both_2_and_3_with_dataset_expressions', 'dataset_produces_1', 'dataset_produces_2', 'consume_1_or_2_with_dataset_expressions', 'dataset_consumes_1_and_2', 'dataset_consumes_unknown_never_scheduled', 'conditional_dataset_and_time_based_timetable', 'dataset_consumes_1_never_scheduled', 'consume_1_and_2_with_dataset_expressions' retrieved from /home/airflow/.local/lib/python3.12/site-packages/airflow/example_dags/example_datasets.py
[2025-05-14T17:10:24.482+0000] {logging_mixin.py:190} INFO - [2025-05-14T17:10:24.482+0000] {dag.py:3239} INFO - Sync 10 DAGs
[2025-05-14T17:10:24.571+0000] {logging_mixin.py:190} INFO - [2025-05-14T17:10:24.571+0000] {dag.py:4180} INFO - Setting next_dagrun for conditional_dataset_and_time_based_timetable to 2025-05-14 01:00:00+00:00, run_after=2025-05-14 01:00:00+00:00
[2025-05-14T17:10:24.589+0000] {logging_mixin.py:190} INFO - [2025-05-14T17:10:24.588+0000] {dag.py:4180} INFO - Setting next_dagrun for consume_1_and_2_with_dataset_expressions to None, run_after=None
[2025-05-14T17:10:24.595+0000] {logging_mixin.py:190} INFO - [2025-05-14T17:10:24.594+0000] {dag.py:4180} INFO - Setting next_dagrun for consume_1_or_2_with_dataset_expressions to None, run_after=None
[2025-05-14T17:10:24.601+0000] {logging_mixin.py:190} INFO - [2025-05-14T17:10:24.600+0000] {dag.py:4180} INFO - Setting next_dagrun for consume_1_or_both_2_and_3_with_dataset_expressions to None, run_after=None
[2025-05-14T17:10:24.606+0000] {logging_mixin.py:190} INFO - [2025-05-14T17:10:24.605+0000] {dag.py:4180} INFO - Setting next_dagrun for dataset_consumes_1 to None, run_after=None
[2025-05-14T17:10:24.611+0000] {logging_mixin.py:190} INFO - [2025-05-14T17:10:24.610+0000] {dag.py:4180} INFO - Setting next_dagrun for dataset_consumes_1_and_2 to None, run_after=None
[2025-05-14T17:10:24.616+0000] {logging_mixin.py:190} INFO - [2025-05-14T17:10:24.615+0000] {dag.py:4180} INFO - Setting next_dagrun for dataset_consumes_1_never_scheduled to None, run_after=None
[2025-05-14T17:10:24.620+0000] {logging_mixin.py:190} INFO - [2025-05-14T17:10:24.619+0000] {dag.py:4180} INFO - Setting next_dagrun for dataset_consumes_unknown_never_scheduled to None, run_after=None
[2025-05-14T17:10:24.627+0000] {logging_mixin.py:190} INFO - [2025-05-14T17:10:24.627+0000] {dag.py:4180} INFO - Setting next_dagrun for dataset_produces_1 to 2025-05-13 00:00:00+00:00, run_after=2025-05-14 00:00:00+00:00
[2025-05-14T17:10:24.633+0000] {logging_mixin.py:190} INFO - [2025-05-14T17:10:24.632+0000] {dag.py:4180} INFO - Setting next_dagrun for dataset_produces_2 to None, run_after=None
[2025-05-14T17:10:24.779+0000] {processor.py:208} INFO - Processing /home/airflow/.local/lib/python3.12/site-packages/airflow/example_dags/example_datasets.py took 1.369 seconds
[2025-05-14T17:10:55.626+0000] {processor.py:186} INFO - Started process (PID=722) to work on /home/airflow/.local/lib/python3.12/site-packages/airflow/example_dags/example_datasets.py
[2025-05-14T17:10:55.628+0000] {processor.py:914} INFO - Processing file /home/airflow/.local/lib/python3.12/site-packages/airflow/example_dags/example_datasets.py for tasks to queue
[2025-05-14T17:10:55.633+0000] {logging_mixin.py:190} INFO - [2025-05-14T17:10:55.632+0000] {dagbag.py:588} INFO - Filling up the DagBag from /home/airflow/.local/lib/python3.12/site-packages/airflow/example_dags/example_datasets.py
[2025-05-14T17:10:56.612+0000] {processor.py:925} INFO - DAG(s) 'consume_1_or_2_with_dataset_expressions', 'dataset_consumes_unknown_never_scheduled', 'dataset_produces_2', 'consume_1_or_both_2_and_3_with_dataset_expressions', 'conditional_dataset_and_time_based_timetable', 'dataset_consumes_1_never_scheduled', 'dataset_consumes_1', 'dataset_produces_1', 'consume_1_and_2_with_dataset_expressions', 'dataset_consumes_1_and_2' retrieved from /home/airflow/.local/lib/python3.12/site-packages/airflow/example_dags/example_datasets.py
[2025-05-14T17:10:56.818+0000] {logging_mixin.py:190} INFO - [2025-05-14T17:10:56.817+0000] {dag.py:3239} INFO - Sync 10 DAGs
[2025-05-14T17:10:56.880+0000] {logging_mixin.py:190} INFO - [2025-05-14T17:10:56.879+0000] {dag.py:4180} INFO - Setting next_dagrun for conditional_dataset_and_time_based_timetable to 2025-05-14 01:00:00+00:00, run_after=2025-05-14 01:00:00+00:00
[2025-05-14T17:10:56.889+0000] {logging_mixin.py:190} INFO - [2025-05-14T17:10:56.889+0000] {dag.py:4180} INFO - Setting next_dagrun for consume_1_and_2_with_dataset_expressions to None, run_after=None
[2025-05-14T17:10:56.893+0000] {logging_mixin.py:190} INFO - [2025-05-14T17:10:56.893+0000] {dag.py:4180} INFO - Setting next_dagrun for consume_1_or_2_with_dataset_expressions to None, run_after=None
[2025-05-14T17:10:56.896+0000] {logging_mixin.py:190} INFO - [2025-05-14T17:10:56.896+0000] {dag.py:4180} INFO - Setting next_dagrun for consume_1_or_both_2_and_3_with_dataset_expressions to None, run_after=None
[2025-05-14T17:10:56.900+0000] {logging_mixin.py:190} INFO - [2025-05-14T17:10:56.899+0000] {dag.py:4180} INFO - Setting next_dagrun for dataset_consumes_1 to None, run_after=None
[2025-05-14T17:10:56.904+0000] {logging_mixin.py:190} INFO - [2025-05-14T17:10:56.903+0000] {dag.py:4180} INFO - Setting next_dagrun for dataset_consumes_1_and_2 to None, run_after=None
[2025-05-14T17:10:56.907+0000] {logging_mixin.py:190} INFO - [2025-05-14T17:10:56.907+0000] {dag.py:4180} INFO - Setting next_dagrun for dataset_consumes_1_never_scheduled to None, run_after=None
[2025-05-14T17:10:56.911+0000] {logging_mixin.py:190} INFO - [2025-05-14T17:10:56.911+0000] {dag.py:4180} INFO - Setting next_dagrun for dataset_consumes_unknown_never_scheduled to None, run_after=None
[2025-05-14T17:10:56.921+0000] {logging_mixin.py:190} INFO - [2025-05-14T17:10:56.920+0000] {dag.py:4180} INFO - Setting next_dagrun for dataset_produces_1 to 2025-05-13 00:00:00+00:00, run_after=2025-05-14 00:00:00+00:00
[2025-05-14T17:10:56.925+0000] {logging_mixin.py:190} INFO - [2025-05-14T17:10:56.925+0000] {dag.py:4180} INFO - Setting next_dagrun for dataset_produces_2 to None, run_after=None
[2025-05-14T17:10:57.022+0000] {processor.py:208} INFO - Processing /home/airflow/.local/lib/python3.12/site-packages/airflow/example_dags/example_datasets.py took 1.406 seconds
[2025-05-14T17:11:27.159+0000] {processor.py:186} INFO - Started process (PID=791) to work on /home/airflow/.local/lib/python3.12/site-packages/airflow/example_dags/example_datasets.py
[2025-05-14T17:11:27.161+0000] {processor.py:914} INFO - Processing file /home/airflow/.local/lib/python3.12/site-packages/airflow/example_dags/example_datasets.py for tasks to queue
[2025-05-14T17:11:27.166+0000] {logging_mixin.py:190} INFO - [2025-05-14T17:11:27.165+0000] {dagbag.py:588} INFO - Filling up the DagBag from /home/airflow/.local/lib/python3.12/site-packages/airflow/example_dags/example_datasets.py
[2025-05-14T17:11:28.507+0000] {processor.py:925} INFO - DAG(s) 'dataset_produces_1', 'consume_1_or_both_2_and_3_with_dataset_expressions', 'dataset_consumes_unknown_never_scheduled', 'consume_1_and_2_with_dataset_expressions', 'dataset_produces_2', 'dataset_consumes_1_never_scheduled', 'dataset_consumes_1_and_2', 'dataset_consumes_1', 'conditional_dataset_and_time_based_timetable', 'consume_1_or_2_with_dataset_expressions' retrieved from /home/airflow/.local/lib/python3.12/site-packages/airflow/example_dags/example_datasets.py
[2025-05-14T17:11:28.616+0000] {logging_mixin.py:190} INFO - [2025-05-14T17:11:28.616+0000] {dag.py:3239} INFO - Sync 10 DAGs
[2025-05-14T17:11:28.683+0000] {logging_mixin.py:190} INFO - [2025-05-14T17:11:28.683+0000] {dag.py:4180} INFO - Setting next_dagrun for conditional_dataset_and_time_based_timetable to 2025-05-14 01:00:00+00:00, run_after=2025-05-14 01:00:00+00:00
[2025-05-14T17:11:28.698+0000] {logging_mixin.py:190} INFO - [2025-05-14T17:11:28.697+0000] {dag.py:4180} INFO - Setting next_dagrun for consume_1_and_2_with_dataset_expressions to None, run_after=None
[2025-05-14T17:11:28.702+0000] {logging_mixin.py:190} INFO - [2025-05-14T17:11:28.701+0000] {dag.py:4180} INFO - Setting next_dagrun for consume_1_or_2_with_dataset_expressions to None, run_after=None
[2025-05-14T17:11:28.706+0000] {logging_mixin.py:190} INFO - [2025-05-14T17:11:28.706+0000] {dag.py:4180} INFO - Setting next_dagrun for consume_1_or_both_2_and_3_with_dataset_expressions to None, run_after=None
[2025-05-14T17:11:28.711+0000] {logging_mixin.py:190} INFO - [2025-05-14T17:11:28.710+0000] {dag.py:4180} INFO - Setting next_dagrun for dataset_consumes_1 to None, run_after=None
[2025-05-14T17:11:28.715+0000] {logging_mixin.py:190} INFO - [2025-05-14T17:11:28.715+0000] {dag.py:4180} INFO - Setting next_dagrun for dataset_consumes_1_and_2 to None, run_after=None
[2025-05-14T17:11:28.718+0000] {logging_mixin.py:190} INFO - [2025-05-14T17:11:28.718+0000] {dag.py:4180} INFO - Setting next_dagrun for dataset_consumes_1_never_scheduled to None, run_after=None
[2025-05-14T17:11:28.723+0000] {logging_mixin.py:190} INFO - [2025-05-14T17:11:28.722+0000] {dag.py:4180} INFO - Setting next_dagrun for dataset_consumes_unknown_never_scheduled to None, run_after=None
[2025-05-14T17:11:28.729+0000] {logging_mixin.py:190} INFO - [2025-05-14T17:11:28.729+0000] {dag.py:4180} INFO - Setting next_dagrun for dataset_produces_1 to 2025-05-13 00:00:00+00:00, run_after=2025-05-14 00:00:00+00:00
[2025-05-14T17:11:28.733+0000] {logging_mixin.py:190} INFO - [2025-05-14T17:11:28.733+0000] {dag.py:4180} INFO - Setting next_dagrun for dataset_produces_2 to None, run_after=None
[2025-05-14T17:11:28.808+0000] {processor.py:208} INFO - Processing /home/airflow/.local/lib/python3.12/site-packages/airflow/example_dags/example_datasets.py took 1.665 seconds
[2025-05-14T17:11:59.271+0000] {processor.py:186} INFO - Started process (PID=861) to work on /home/airflow/.local/lib/python3.12/site-packages/airflow/example_dags/example_datasets.py
[2025-05-14T17:11:59.273+0000] {processor.py:914} INFO - Processing file /home/airflow/.local/lib/python3.12/site-packages/airflow/example_dags/example_datasets.py for tasks to queue
[2025-05-14T17:11:59.276+0000] {logging_mixin.py:190} INFO - [2025-05-14T17:11:59.275+0000] {dagbag.py:588} INFO - Filling up the DagBag from /home/airflow/.local/lib/python3.12/site-packages/airflow/example_dags/example_datasets.py
[2025-05-14T17:12:00.361+0000] {processor.py:925} INFO - DAG(s) 'dataset_consumes_unknown_never_scheduled', 'conditional_dataset_and_time_based_timetable', 'dataset_consumes_1_never_scheduled', 'consume_1_or_2_with_dataset_expressions', 'dataset_produces_2', 'dataset_produces_1', 'dataset_consumes_1_and_2', 'consume_1_or_both_2_and_3_with_dataset_expressions', 'consume_1_and_2_with_dataset_expressions', 'dataset_consumes_1' retrieved from /home/airflow/.local/lib/python3.12/site-packages/airflow/example_dags/example_datasets.py
[2025-05-14T17:12:00.533+0000] {logging_mixin.py:190} INFO - [2025-05-14T17:12:00.532+0000] {dag.py:3239} INFO - Sync 10 DAGs
[2025-05-14T17:12:00.658+0000] {logging_mixin.py:190} INFO - [2025-05-14T17:12:00.658+0000] {dag.py:4180} INFO - Setting next_dagrun for conditional_dataset_and_time_based_timetable to 2025-05-14 01:00:00+00:00, run_after=2025-05-14 01:00:00+00:00
[2025-05-14T17:12:00.710+0000] {logging_mixin.py:190} INFO - [2025-05-14T17:12:00.709+0000] {dag.py:4180} INFO - Setting next_dagrun for consume_1_and_2_with_dataset_expressions to None, run_after=None
[2025-05-14T17:12:00.721+0000] {logging_mixin.py:190} INFO - [2025-05-14T17:12:00.717+0000] {dag.py:4180} INFO - Setting next_dagrun for consume_1_or_2_with_dataset_expressions to None, run_after=None
[2025-05-14T17:12:00.732+0000] {logging_mixin.py:190} INFO - [2025-05-14T17:12:00.731+0000] {dag.py:4180} INFO - Setting next_dagrun for consume_1_or_both_2_and_3_with_dataset_expressions to None, run_after=None
[2025-05-14T17:12:00.749+0000] {logging_mixin.py:190} INFO - [2025-05-14T17:12:00.748+0000] {dag.py:4180} INFO - Setting next_dagrun for dataset_consumes_1 to None, run_after=None
[2025-05-14T17:12:00.753+0000] {logging_mixin.py:190} INFO - [2025-05-14T17:12:00.752+0000] {dag.py:4180} INFO - Setting next_dagrun for dataset_consumes_1_and_2 to None, run_after=None
[2025-05-14T17:12:00.758+0000] {logging_mixin.py:190} INFO - [2025-05-14T17:12:00.757+0000] {dag.py:4180} INFO - Setting next_dagrun for dataset_consumes_1_never_scheduled to None, run_after=None
[2025-05-14T17:12:00.768+0000] {logging_mixin.py:190} INFO - [2025-05-14T17:12:00.767+0000] {dag.py:4180} INFO - Setting next_dagrun for dataset_consumes_unknown_never_scheduled to None, run_after=None
[2025-05-14T17:12:00.775+0000] {logging_mixin.py:190} INFO - [2025-05-14T17:12:00.775+0000] {dag.py:4180} INFO - Setting next_dagrun for dataset_produces_1 to 2025-05-13 00:00:00+00:00, run_after=2025-05-14 00:00:00+00:00
[2025-05-14T17:12:00.779+0000] {logging_mixin.py:190} INFO - [2025-05-14T17:12:00.778+0000] {dag.py:4180} INFO - Setting next_dagrun for dataset_produces_2 to None, run_after=None
[2025-05-14T17:12:00.881+0000] {processor.py:208} INFO - Processing /home/airflow/.local/lib/python3.12/site-packages/airflow/example_dags/example_datasets.py took 1.621 seconds
[2025-05-14T17:12:31.756+0000] {processor.py:186} INFO - Started process (PID=927) to work on /home/airflow/.local/lib/python3.12/site-packages/airflow/example_dags/example_datasets.py
[2025-05-14T17:12:31.758+0000] {processor.py:914} INFO - Processing file /home/airflow/.local/lib/python3.12/site-packages/airflow/example_dags/example_datasets.py for tasks to queue
[2025-05-14T17:12:31.762+0000] {logging_mixin.py:190} INFO - [2025-05-14T17:12:31.761+0000] {dagbag.py:588} INFO - Filling up the DagBag from /home/airflow/.local/lib/python3.12/site-packages/airflow/example_dags/example_datasets.py
[2025-05-14T17:12:32.514+0000] {processor.py:925} INFO - DAG(s) 'dataset_consumes_1_and_2', 'dataset_produces_2', 'consume_1_or_both_2_and_3_with_dataset_expressions', 'dataset_produces_1', 'dataset_consumes_1_never_scheduled', 'conditional_dataset_and_time_based_timetable', 'consume_1_and_2_with_dataset_expressions', 'dataset_consumes_1', 'consume_1_or_2_with_dataset_expressions', 'dataset_consumes_unknown_never_scheduled' retrieved from /home/airflow/.local/lib/python3.12/site-packages/airflow/example_dags/example_datasets.py
[2025-05-14T17:12:32.592+0000] {logging_mixin.py:190} INFO - [2025-05-14T17:12:32.592+0000] {dag.py:3239} INFO - Sync 10 DAGs
[2025-05-14T17:12:32.632+0000] {logging_mixin.py:190} INFO - [2025-05-14T17:12:32.632+0000] {dag.py:4180} INFO - Setting next_dagrun for conditional_dataset_and_time_based_timetable to 2025-05-14 01:00:00+00:00, run_after=2025-05-14 01:00:00+00:00
[2025-05-14T17:12:32.639+0000] {logging_mixin.py:190} INFO - [2025-05-14T17:12:32.638+0000] {dag.py:4180} INFO - Setting next_dagrun for consume_1_and_2_with_dataset_expressions to None, run_after=None
[2025-05-14T17:12:32.642+0000] {logging_mixin.py:190} INFO - [2025-05-14T17:12:32.642+0000] {dag.py:4180} INFO - Setting next_dagrun for consume_1_or_2_with_dataset_expressions to None, run_after=None
[2025-05-14T17:12:32.645+0000] {logging_mixin.py:190} INFO - [2025-05-14T17:12:32.645+0000] {dag.py:4180} INFO - Setting next_dagrun for consume_1_or_both_2_and_3_with_dataset_expressions to None, run_after=None
[2025-05-14T17:12:32.648+0000] {logging_mixin.py:190} INFO - [2025-05-14T17:12:32.648+0000] {dag.py:4180} INFO - Setting next_dagrun for dataset_consumes_1 to None, run_after=None
[2025-05-14T17:12:32.650+0000] {logging_mixin.py:190} INFO - [2025-05-14T17:12:32.650+0000] {dag.py:4180} INFO - Setting next_dagrun for dataset_consumes_1_and_2 to None, run_after=None
[2025-05-14T17:12:32.653+0000] {logging_mixin.py:190} INFO - [2025-05-14T17:12:32.653+0000] {dag.py:4180} INFO - Setting next_dagrun for dataset_consumes_1_never_scheduled to None, run_after=None
[2025-05-14T17:12:32.655+0000] {logging_mixin.py:190} INFO - [2025-05-14T17:12:32.655+0000] {dag.py:4180} INFO - Setting next_dagrun for dataset_consumes_unknown_never_scheduled to None, run_after=None
[2025-05-14T17:12:32.660+0000] {logging_mixin.py:190} INFO - [2025-05-14T17:12:32.660+0000] {dag.py:4180} INFO - Setting next_dagrun for dataset_produces_1 to 2025-05-13 00:00:00+00:00, run_after=2025-05-14 00:00:00+00:00
[2025-05-14T17:12:32.663+0000] {logging_mixin.py:190} INFO - [2025-05-14T17:12:32.662+0000] {dag.py:4180} INFO - Setting next_dagrun for dataset_produces_2 to None, run_after=None
[2025-05-14T17:12:32.774+0000] {processor.py:208} INFO - Processing /home/airflow/.local/lib/python3.12/site-packages/airflow/example_dags/example_datasets.py took 1.025 seconds
[2025-05-14T17:13:02.982+0000] {processor.py:186} INFO - Started process (PID=993) to work on /home/airflow/.local/lib/python3.12/site-packages/airflow/example_dags/example_datasets.py
[2025-05-14T17:13:02.984+0000] {processor.py:914} INFO - Processing file /home/airflow/.local/lib/python3.12/site-packages/airflow/example_dags/example_datasets.py for tasks to queue
[2025-05-14T17:13:02.988+0000] {logging_mixin.py:190} INFO - [2025-05-14T17:13:02.987+0000] {dagbag.py:588} INFO - Filling up the DagBag from /home/airflow/.local/lib/python3.12/site-packages/airflow/example_dags/example_datasets.py
[2025-05-14T17:13:03.850+0000] {processor.py:925} INFO - DAG(s) 'dataset_consumes_1', 'conditional_dataset_and_time_based_timetable', 'dataset_consumes_1_never_scheduled', 'consume_1_and_2_with_dataset_expressions', 'consume_1_or_both_2_and_3_with_dataset_expressions', 'dataset_produces_1', 'consume_1_or_2_with_dataset_expressions', 'dataset_produces_2', 'dataset_consumes_1_and_2', 'dataset_consumes_unknown_never_scheduled' retrieved from /home/airflow/.local/lib/python3.12/site-packages/airflow/example_dags/example_datasets.py
[2025-05-14T17:13:03.922+0000] {logging_mixin.py:190} INFO - [2025-05-14T17:13:03.921+0000] {dag.py:3239} INFO - Sync 10 DAGs
[2025-05-14T17:13:03.967+0000] {logging_mixin.py:190} INFO - [2025-05-14T17:13:03.966+0000] {dag.py:4180} INFO - Setting next_dagrun for conditional_dataset_and_time_based_timetable to 2025-05-14 01:00:00+00:00, run_after=2025-05-14 01:00:00+00:00
[2025-05-14T17:13:03.973+0000] {logging_mixin.py:190} INFO - [2025-05-14T17:13:03.972+0000] {dag.py:4180} INFO - Setting next_dagrun for consume_1_and_2_with_dataset_expressions to None, run_after=None
[2025-05-14T17:13:03.976+0000] {logging_mixin.py:190} INFO - [2025-05-14T17:13:03.975+0000] {dag.py:4180} INFO - Setting next_dagrun for consume_1_or_2_with_dataset_expressions to None, run_after=None
[2025-05-14T17:13:03.979+0000] {logging_mixin.py:190} INFO - [2025-05-14T17:13:03.979+0000] {dag.py:4180} INFO - Setting next_dagrun for consume_1_or_both_2_and_3_with_dataset_expressions to None, run_after=None
[2025-05-14T17:13:03.982+0000] {logging_mixin.py:190} INFO - [2025-05-14T17:13:03.981+0000] {dag.py:4180} INFO - Setting next_dagrun for dataset_consumes_1 to None, run_after=None
[2025-05-14T17:13:03.984+0000] {logging_mixin.py:190} INFO - [2025-05-14T17:13:03.984+0000] {dag.py:4180} INFO - Setting next_dagrun for dataset_consumes_1_and_2 to None, run_after=None
[2025-05-14T17:13:03.986+0000] {logging_mixin.py:190} INFO - [2025-05-14T17:13:03.986+0000] {dag.py:4180} INFO - Setting next_dagrun for dataset_consumes_1_never_scheduled to None, run_after=None
[2025-05-14T17:13:03.989+0000] {logging_mixin.py:190} INFO - [2025-05-14T17:13:03.988+0000] {dag.py:4180} INFO - Setting next_dagrun for dataset_consumes_unknown_never_scheduled to None, run_after=None
[2025-05-14T17:13:03.993+0000] {logging_mixin.py:190} INFO - [2025-05-14T17:13:03.992+0000] {dag.py:4180} INFO - Setting next_dagrun for dataset_produces_1 to 2025-05-13 00:00:00+00:00, run_after=2025-05-14 00:00:00+00:00
[2025-05-14T17:13:03.996+0000] {logging_mixin.py:190} INFO - [2025-05-14T17:13:03.996+0000] {dag.py:4180} INFO - Setting next_dagrun for dataset_produces_2 to None, run_after=None
[2025-05-14T17:13:04.092+0000] {processor.py:208} INFO - Processing /home/airflow/.local/lib/python3.12/site-packages/airflow/example_dags/example_datasets.py took 1.117 seconds
[2025-05-14T17:13:34.414+0000] {processor.py:186} INFO - Started process (PID=1066) to work on /home/airflow/.local/lib/python3.12/site-packages/airflow/example_dags/example_datasets.py
[2025-05-14T17:13:34.416+0000] {processor.py:914} INFO - Processing file /home/airflow/.local/lib/python3.12/site-packages/airflow/example_dags/example_datasets.py for tasks to queue
[2025-05-14T17:13:34.422+0000] {logging_mixin.py:190} INFO - [2025-05-14T17:13:34.421+0000] {dagbag.py:588} INFO - Filling up the DagBag from /home/airflow/.local/lib/python3.12/site-packages/airflow/example_dags/example_datasets.py
[2025-05-14T17:13:35.642+0000] {processor.py:925} INFO - DAG(s) 'dataset_consumes_1_and_2', 'dataset_consumes_1_never_scheduled', 'consume_1_or_2_with_dataset_expressions', 'consume_1_or_both_2_and_3_with_dataset_expressions', 'conditional_dataset_and_time_based_timetable', 'dataset_consumes_1', 'dataset_produces_2', 'consume_1_and_2_with_dataset_expressions', 'dataset_produces_1', 'dataset_consumes_unknown_never_scheduled' retrieved from /home/airflow/.local/lib/python3.12/site-packages/airflow/example_dags/example_datasets.py
[2025-05-14T17:13:35.788+0000] {logging_mixin.py:190} INFO - [2025-05-14T17:13:35.787+0000] {dag.py:3239} INFO - Sync 10 DAGs
[2025-05-14T17:13:35.845+0000] {logging_mixin.py:190} INFO - [2025-05-14T17:13:35.845+0000] {dag.py:4180} INFO - Setting next_dagrun for conditional_dataset_and_time_based_timetable to 2025-05-14 01:00:00+00:00, run_after=2025-05-14 01:00:00+00:00
[2025-05-14T17:13:35.855+0000] {logging_mixin.py:190} INFO - [2025-05-14T17:13:35.854+0000] {dag.py:4180} INFO - Setting next_dagrun for consume_1_and_2_with_dataset_expressions to None, run_after=None
[2025-05-14T17:13:35.859+0000] {logging_mixin.py:190} INFO - [2025-05-14T17:13:35.859+0000] {dag.py:4180} INFO - Setting next_dagrun for consume_1_or_2_with_dataset_expressions to None, run_after=None
[2025-05-14T17:13:35.863+0000] {logging_mixin.py:190} INFO - [2025-05-14T17:13:35.862+0000] {dag.py:4180} INFO - Setting next_dagrun for consume_1_or_both_2_and_3_with_dataset_expressions to None, run_after=None
[2025-05-14T17:13:35.867+0000] {logging_mixin.py:190} INFO - [2025-05-14T17:13:35.867+0000] {dag.py:4180} INFO - Setting next_dagrun for dataset_consumes_1 to None, run_after=None
[2025-05-14T17:13:35.871+0000] {logging_mixin.py:190} INFO - [2025-05-14T17:13:35.870+0000] {dag.py:4180} INFO - Setting next_dagrun for dataset_consumes_1_and_2 to None, run_after=None
[2025-05-14T17:13:35.874+0000] {logging_mixin.py:190} INFO - [2025-05-14T17:13:35.874+0000] {dag.py:4180} INFO - Setting next_dagrun for dataset_consumes_1_never_scheduled to None, run_after=None
[2025-05-14T17:13:35.878+0000] {logging_mixin.py:190} INFO - [2025-05-14T17:13:35.877+0000] {dag.py:4180} INFO - Setting next_dagrun for dataset_consumes_unknown_never_scheduled to None, run_after=None
[2025-05-14T17:13:35.884+0000] {logging_mixin.py:190} INFO - [2025-05-14T17:13:35.884+0000] {dag.py:4180} INFO - Setting next_dagrun for dataset_produces_1 to 2025-05-13 00:00:00+00:00, run_after=2025-05-14 00:00:00+00:00
[2025-05-14T17:13:35.887+0000] {logging_mixin.py:190} INFO - [2025-05-14T17:13:35.887+0000] {dag.py:4180} INFO - Setting next_dagrun for dataset_produces_2 to None, run_after=None
[2025-05-14T17:13:35.958+0000] {processor.py:208} INFO - Processing /home/airflow/.local/lib/python3.12/site-packages/airflow/example_dags/example_datasets.py took 1.564 seconds
[2025-05-14T17:14:06.727+0000] {processor.py:186} INFO - Started process (PID=1133) to work on /home/airflow/.local/lib/python3.12/site-packages/airflow/example_dags/example_datasets.py
[2025-05-14T17:14:06.728+0000] {processor.py:914} INFO - Processing file /home/airflow/.local/lib/python3.12/site-packages/airflow/example_dags/example_datasets.py for tasks to queue
[2025-05-14T17:14:06.732+0000] {logging_mixin.py:190} INFO - [2025-05-14T17:14:06.731+0000] {dagbag.py:588} INFO - Filling up the DagBag from /home/airflow/.local/lib/python3.12/site-packages/airflow/example_dags/example_datasets.py
[2025-05-14T17:14:07.455+0000] {processor.py:925} INFO - DAG(s) 'dataset_consumes_1_never_scheduled', 'dataset_consumes_unknown_never_scheduled', 'dataset_produces_1', 'consume_1_or_2_with_dataset_expressions', 'conditional_dataset_and_time_based_timetable', 'consume_1_and_2_with_dataset_expressions', 'dataset_consumes_1', 'dataset_produces_2', 'consume_1_or_both_2_and_3_with_dataset_expressions', 'dataset_consumes_1_and_2' retrieved from /home/airflow/.local/lib/python3.12/site-packages/airflow/example_dags/example_datasets.py
[2025-05-14T17:14:07.521+0000] {logging_mixin.py:190} INFO - [2025-05-14T17:14:07.521+0000] {dag.py:3239} INFO - Sync 10 DAGs
[2025-05-14T17:14:07.559+0000] {logging_mixin.py:190} INFO - [2025-05-14T17:14:07.558+0000] {dag.py:4180} INFO - Setting next_dagrun for conditional_dataset_and_time_based_timetable to 2025-05-14 01:00:00+00:00, run_after=2025-05-14 01:00:00+00:00
[2025-05-14T17:14:07.566+0000] {logging_mixin.py:190} INFO - [2025-05-14T17:14:07.566+0000] {dag.py:4180} INFO - Setting next_dagrun for consume_1_and_2_with_dataset_expressions to None, run_after=None
[2025-05-14T17:14:07.569+0000] {logging_mixin.py:190} INFO - [2025-05-14T17:14:07.569+0000] {dag.py:4180} INFO - Setting next_dagrun for consume_1_or_2_with_dataset_expressions to None, run_after=None
[2025-05-14T17:14:07.571+0000] {logging_mixin.py:190} INFO - [2025-05-14T17:14:07.571+0000] {dag.py:4180} INFO - Setting next_dagrun for consume_1_or_both_2_and_3_with_dataset_expressions to None, run_after=None
[2025-05-14T17:14:07.574+0000] {logging_mixin.py:190} INFO - [2025-05-14T17:14:07.573+0000] {dag.py:4180} INFO - Setting next_dagrun for dataset_consumes_1 to None, run_after=None
[2025-05-14T17:14:07.576+0000] {logging_mixin.py:190} INFO - [2025-05-14T17:14:07.576+0000] {dag.py:4180} INFO - Setting next_dagrun for dataset_consumes_1_and_2 to None, run_after=None
[2025-05-14T17:14:07.578+0000] {logging_mixin.py:190} INFO - [2025-05-14T17:14:07.578+0000] {dag.py:4180} INFO - Setting next_dagrun for dataset_consumes_1_never_scheduled to None, run_after=None
[2025-05-14T17:14:07.581+0000] {logging_mixin.py:190} INFO - [2025-05-14T17:14:07.581+0000] {dag.py:4180} INFO - Setting next_dagrun for dataset_consumes_unknown_never_scheduled to None, run_after=None
[2025-05-14T17:14:07.586+0000] {logging_mixin.py:190} INFO - [2025-05-14T17:14:07.585+0000] {dag.py:4180} INFO - Setting next_dagrun for dataset_produces_1 to 2025-05-13 00:00:00+00:00, run_after=2025-05-14 00:00:00+00:00
[2025-05-14T17:14:07.588+0000] {logging_mixin.py:190} INFO - [2025-05-14T17:14:07.588+0000] {dag.py:4180} INFO - Setting next_dagrun for dataset_produces_2 to None, run_after=None
[2025-05-14T17:14:07.643+0000] {processor.py:208} INFO - Processing /home/airflow/.local/lib/python3.12/site-packages/airflow/example_dags/example_datasets.py took 0.924 seconds
[2025-05-14T17:14:38.053+0000] {processor.py:186} INFO - Started process (PID=1199) to work on /home/airflow/.local/lib/python3.12/site-packages/airflow/example_dags/example_datasets.py
[2025-05-14T17:14:38.055+0000] {processor.py:914} INFO - Processing file /home/airflow/.local/lib/python3.12/site-packages/airflow/example_dags/example_datasets.py for tasks to queue
[2025-05-14T17:14:38.060+0000] {logging_mixin.py:190} INFO - [2025-05-14T17:14:38.059+0000] {dagbag.py:588} INFO - Filling up the DagBag from /home/airflow/.local/lib/python3.12/site-packages/airflow/example_dags/example_datasets.py
[2025-05-14T17:14:39.036+0000] {processor.py:925} INFO - DAG(s) 'dataset_consumes_unknown_never_scheduled', 'dataset_consumes_1_never_scheduled', 'dataset_produces_2', 'dataset_consumes_1_and_2', 'consume_1_and_2_with_dataset_expressions', 'consume_1_or_both_2_and_3_with_dataset_expressions', 'conditional_dataset_and_time_based_timetable', 'consume_1_or_2_with_dataset_expressions', 'dataset_produces_1', 'dataset_consumes_1' retrieved from /home/airflow/.local/lib/python3.12/site-packages/airflow/example_dags/example_datasets.py
[2025-05-14T17:14:39.109+0000] {logging_mixin.py:190} INFO - [2025-05-14T17:14:39.109+0000] {dag.py:3239} INFO - Sync 10 DAGs
[2025-05-14T17:14:39.150+0000] {logging_mixin.py:190} INFO - [2025-05-14T17:14:39.150+0000] {dag.py:4180} INFO - Setting next_dagrun for conditional_dataset_and_time_based_timetable to 2025-05-14 01:00:00+00:00, run_after=2025-05-14 01:00:00+00:00
[2025-05-14T17:14:39.157+0000] {logging_mixin.py:190} INFO - [2025-05-14T17:14:39.157+0000] {dag.py:4180} INFO - Setting next_dagrun for consume_1_and_2_with_dataset_expressions to None, run_after=None
[2025-05-14T17:14:39.160+0000] {logging_mixin.py:190} INFO - [2025-05-14T17:14:39.160+0000] {dag.py:4180} INFO - Setting next_dagrun for consume_1_or_2_with_dataset_expressions to None, run_after=None
[2025-05-14T17:14:39.163+0000] {logging_mixin.py:190} INFO - [2025-05-14T17:14:39.162+0000] {dag.py:4180} INFO - Setting next_dagrun for consume_1_or_both_2_and_3_with_dataset_expressions to None, run_after=None
[2025-05-14T17:14:39.165+0000] {logging_mixin.py:190} INFO - [2025-05-14T17:14:39.165+0000] {dag.py:4180} INFO - Setting next_dagrun for dataset_consumes_1 to None, run_after=None
[2025-05-14T17:14:39.168+0000] {logging_mixin.py:190} INFO - [2025-05-14T17:14:39.167+0000] {dag.py:4180} INFO - Setting next_dagrun for dataset_consumes_1_and_2 to None, run_after=None
[2025-05-14T17:14:39.171+0000] {logging_mixin.py:190} INFO - [2025-05-14T17:14:39.171+0000] {dag.py:4180} INFO - Setting next_dagrun for dataset_consumes_1_never_scheduled to None, run_after=None
[2025-05-14T17:14:39.174+0000] {logging_mixin.py:190} INFO - [2025-05-14T17:14:39.173+0000] {dag.py:4180} INFO - Setting next_dagrun for dataset_consumes_unknown_never_scheduled to None, run_after=None
[2025-05-14T17:14:39.178+0000] {logging_mixin.py:190} INFO - [2025-05-14T17:14:39.177+0000] {dag.py:4180} INFO - Setting next_dagrun for dataset_produces_1 to 2025-05-13 00:00:00+00:00, run_after=2025-05-14 00:00:00+00:00
[2025-05-14T17:14:39.180+0000] {logging_mixin.py:190} INFO - [2025-05-14T17:14:39.180+0000] {dag.py:4180} INFO - Setting next_dagrun for dataset_produces_2 to None, run_after=None
[2025-05-14T17:14:39.239+0000] {processor.py:208} INFO - Processing /home/airflow/.local/lib/python3.12/site-packages/airflow/example_dags/example_datasets.py took 1.198 seconds
[2025-05-14T17:15:09.328+0000] {processor.py:186} INFO - Started process (PID=1266) to work on /home/airflow/.local/lib/python3.12/site-packages/airflow/example_dags/example_datasets.py
[2025-05-14T17:15:09.330+0000] {processor.py:914} INFO - Processing file /home/airflow/.local/lib/python3.12/site-packages/airflow/example_dags/example_datasets.py for tasks to queue
[2025-05-14T17:15:09.333+0000] {logging_mixin.py:190} INFO - [2025-05-14T17:15:09.333+0000] {dagbag.py:588} INFO - Filling up the DagBag from /home/airflow/.local/lib/python3.12/site-packages/airflow/example_dags/example_datasets.py
[2025-05-14T17:15:10.679+0000] {processor.py:925} INFO - DAG(s) 'conditional_dataset_and_time_based_timetable', 'dataset_consumes_1', 'dataset_produces_2', 'consume_1_or_both_2_and_3_with_dataset_expressions', 'consume_1_or_2_with_dataset_expressions', 'consume_1_and_2_with_dataset_expressions', 'dataset_consumes_unknown_never_scheduled', 'dataset_consumes_1_and_2', 'dataset_produces_1', 'dataset_consumes_1_never_scheduled' retrieved from /home/airflow/.local/lib/python3.12/site-packages/airflow/example_dags/example_datasets.py
[2025-05-14T17:15:10.816+0000] {logging_mixin.py:190} INFO - [2025-05-14T17:15:10.816+0000] {dag.py:3239} INFO - Sync 10 DAGs
[2025-05-14T17:15:10.879+0000] {logging_mixin.py:190} INFO - [2025-05-14T17:15:10.878+0000] {dag.py:4180} INFO - Setting next_dagrun for conditional_dataset_and_time_based_timetable to 2025-05-14 01:00:00+00:00, run_after=2025-05-14 01:00:00+00:00
[2025-05-14T17:15:10.887+0000] {logging_mixin.py:190} INFO - [2025-05-14T17:15:10.887+0000] {dag.py:4180} INFO - Setting next_dagrun for consume_1_and_2_with_dataset_expressions to None, run_after=None
[2025-05-14T17:15:10.899+0000] {logging_mixin.py:190} INFO - [2025-05-14T17:15:10.899+0000] {dag.py:4180} INFO - Setting next_dagrun for consume_1_or_2_with_dataset_expressions to None, run_after=None
[2025-05-14T17:15:10.903+0000] {logging_mixin.py:190} INFO - [2025-05-14T17:15:10.902+0000] {dag.py:4180} INFO - Setting next_dagrun for consume_1_or_both_2_and_3_with_dataset_expressions to None, run_after=None
[2025-05-14T17:15:10.908+0000] {logging_mixin.py:190} INFO - [2025-05-14T17:15:10.907+0000] {dag.py:4180} INFO - Setting next_dagrun for dataset_consumes_1 to None, run_after=None
[2025-05-14T17:15:10.911+0000] {logging_mixin.py:190} INFO - [2025-05-14T17:15:10.910+0000] {dag.py:4180} INFO - Setting next_dagrun for dataset_consumes_1_and_2 to None, run_after=None
[2025-05-14T17:15:10.913+0000] {logging_mixin.py:190} INFO - [2025-05-14T17:15:10.913+0000] {dag.py:4180} INFO - Setting next_dagrun for dataset_consumes_1_never_scheduled to None, run_after=None
[2025-05-14T17:15:10.917+0000] {logging_mixin.py:190} INFO - [2025-05-14T17:15:10.917+0000] {dag.py:4180} INFO - Setting next_dagrun for dataset_consumes_unknown_never_scheduled to None, run_after=None
[2025-05-14T17:15:10.924+0000] {logging_mixin.py:190} INFO - [2025-05-14T17:15:10.924+0000] {dag.py:4180} INFO - Setting next_dagrun for dataset_produces_1 to 2025-05-13 00:00:00+00:00, run_after=2025-05-14 00:00:00+00:00
[2025-05-14T17:15:10.929+0000] {logging_mixin.py:190} INFO - [2025-05-14T17:15:10.928+0000] {dag.py:4180} INFO - Setting next_dagrun for dataset_produces_2 to None, run_after=None
[2025-05-14T17:15:11.021+0000] {processor.py:208} INFO - Processing /home/airflow/.local/lib/python3.12/site-packages/airflow/example_dags/example_datasets.py took 1.701 seconds
