[2025-05-14T17:00:34.335+0000] {processor.py:186} INFO - Started process (PID=147) to work on /home/airflow/.local/lib/python3.12/site-packages/airflow/example_dags/example_xcomargs.py
[2025-05-14T17:00:34.337+0000] {processor.py:914} INFO - Processing file /home/airflow/.local/lib/python3.12/site-packages/airflow/example_dags/example_xcomargs.py for tasks to queue
[2025-05-14T17:00:34.342+0000] {logging_mixin.py:190} INFO - [2025-05-14T17:00:34.341+0000] {dagbag.py:588} INFO - Filling up the DagBag from /home/airflow/.local/lib/python3.12/site-packages/airflow/example_dags/example_xcomargs.py
[2025-05-14T17:00:34.378+0000] {processor.py:925} INFO - DAG(s) 'example_xcom_args_with_operators', 'example_xcom_args' retrieved from /home/airflow/.local/lib/python3.12/site-packages/airflow/example_dags/example_xcomargs.py
[2025-05-14T17:00:34.469+0000] {logging_mixin.py:190} INFO - [2025-05-14T17:00:34.468+0000] {dag.py:3239} INFO - Sync 2 DAGs
[2025-05-14T17:00:34.525+0000] {logging_mixin.py:190} INFO - [2025-05-14T17:00:34.524+0000] {dag.py:4180} INFO - Setting next_dagrun for example_xcom_args to None, run_after=None
[2025-05-14T17:00:34.539+0000] {logging_mixin.py:190} INFO - [2025-05-14T17:00:34.539+0000] {dag.py:4180} INFO - Setting next_dagrun for example_xcom_args_with_operators to None, run_after=None
[2025-05-14T17:00:34.580+0000] {processor.py:208} INFO - Processing /home/airflow/.local/lib/python3.12/site-packages/airflow/example_dags/example_xcomargs.py took 0.255 seconds
[2025-05-14T17:01:09.030+0000] {processor.py:186} INFO - Started process (PID=213) to work on /home/airflow/.local/lib/python3.12/site-packages/airflow/example_dags/example_xcomargs.py
[2025-05-14T17:01:09.032+0000] {processor.py:914} INFO - Processing file /home/airflow/.local/lib/python3.12/site-packages/airflow/example_dags/example_xcomargs.py for tasks to queue
[2025-05-14T17:01:09.042+0000] {logging_mixin.py:190} INFO - [2025-05-14T17:01:09.040+0000] {dagbag.py:588} INFO - Filling up the DagBag from /home/airflow/.local/lib/python3.12/site-packages/airflow/example_dags/example_xcomargs.py
[2025-05-14T17:01:09.088+0000] {processor.py:925} INFO - DAG(s) 'example_xcom_args', 'example_xcom_args_with_operators' retrieved from /home/airflow/.local/lib/python3.12/site-packages/airflow/example_dags/example_xcomargs.py
[2025-05-14T17:01:09.213+0000] {logging_mixin.py:190} INFO - [2025-05-14T17:01:09.212+0000] {dag.py:3239} INFO - Sync 2 DAGs
[2025-05-14T17:01:09.260+0000] {logging_mixin.py:190} INFO - [2025-05-14T17:01:09.259+0000] {dag.py:4180} INFO - Setting next_dagrun for example_xcom_args to None, run_after=None
[2025-05-14T17:01:09.274+0000] {logging_mixin.py:190} INFO - [2025-05-14T17:01:09.274+0000] {dag.py:4180} INFO - Setting next_dagrun for example_xcom_args_with_operators to None, run_after=None
[2025-05-14T17:01:09.315+0000] {processor.py:208} INFO - Processing /home/airflow/.local/lib/python3.12/site-packages/airflow/example_dags/example_xcomargs.py took 0.294 seconds
[2025-05-14T17:01:40.287+0000] {processor.py:186} INFO - Started process (PID=280) to work on /home/airflow/.local/lib/python3.12/site-packages/airflow/example_dags/example_xcomargs.py
[2025-05-14T17:01:40.290+0000] {processor.py:914} INFO - Processing file /home/airflow/.local/lib/python3.12/site-packages/airflow/example_dags/example_xcomargs.py for tasks to queue
[2025-05-14T17:01:40.298+0000] {logging_mixin.py:190} INFO - [2025-05-14T17:01:40.297+0000] {dagbag.py:588} INFO - Filling up the DagBag from /home/airflow/.local/lib/python3.12/site-packages/airflow/example_dags/example_xcomargs.py
[2025-05-14T17:01:40.338+0000] {processor.py:925} INFO - DAG(s) 'example_xcom_args_with_operators', 'example_xcom_args' retrieved from /home/airflow/.local/lib/python3.12/site-packages/airflow/example_dags/example_xcomargs.py
[2025-05-14T17:01:40.393+0000] {logging_mixin.py:190} INFO - [2025-05-14T17:01:40.392+0000] {dag.py:3239} INFO - Sync 2 DAGs
[2025-05-14T17:01:40.444+0000] {logging_mixin.py:190} INFO - [2025-05-14T17:01:40.444+0000] {dag.py:4180} INFO - Setting next_dagrun for example_xcom_args to None, run_after=None
[2025-05-14T17:01:40.458+0000] {logging_mixin.py:190} INFO - [2025-05-14T17:01:40.457+0000] {dag.py:4180} INFO - Setting next_dagrun for example_xcom_args_with_operators to None, run_after=None
[2025-05-14T17:01:40.506+0000] {processor.py:208} INFO - Processing /home/airflow/.local/lib/python3.12/site-packages/airflow/example_dags/example_xcomargs.py took 0.231 seconds
[2025-05-14T17:02:17.382+0000] {processor.py:186} INFO - Started process (PID=346) to work on /home/airflow/.local/lib/python3.12/site-packages/airflow/example_dags/example_xcomargs.py
[2025-05-14T17:02:17.384+0000] {processor.py:914} INFO - Processing file /home/airflow/.local/lib/python3.12/site-packages/airflow/example_dags/example_xcomargs.py for tasks to queue
[2025-05-14T17:02:17.390+0000] {logging_mixin.py:190} INFO - [2025-05-14T17:02:17.389+0000] {dagbag.py:588} INFO - Filling up the DagBag from /home/airflow/.local/lib/python3.12/site-packages/airflow/example_dags/example_xcomargs.py
[2025-05-14T17:02:17.456+0000] {processor.py:925} INFO - DAG(s) 'example_xcom_args', 'example_xcom_args_with_operators' retrieved from /home/airflow/.local/lib/python3.12/site-packages/airflow/example_dags/example_xcomargs.py
[2025-05-14T17:02:17.619+0000] {logging_mixin.py:190} INFO - [2025-05-14T17:02:17.618+0000] {dag.py:3239} INFO - Sync 2 DAGs
[2025-05-14T17:02:17.696+0000] {logging_mixin.py:190} INFO - [2025-05-14T17:02:17.695+0000] {dag.py:4180} INFO - Setting next_dagrun for example_xcom_args to None, run_after=None
[2025-05-14T17:02:17.715+0000] {logging_mixin.py:190} INFO - [2025-05-14T17:02:17.714+0000] {dag.py:4180} INFO - Setting next_dagrun for example_xcom_args_with_operators to None, run_after=None
[2025-05-14T17:02:17.778+0000] {processor.py:208} INFO - Processing /home/airflow/.local/lib/python3.12/site-packages/airflow/example_dags/example_xcomargs.py took 0.417 seconds
[2025-05-14T17:02:48.627+0000] {processor.py:186} INFO - Started process (PID=418) to work on /home/airflow/.local/lib/python3.12/site-packages/airflow/example_dags/example_xcomargs.py
[2025-05-14T17:02:48.630+0000] {processor.py:914} INFO - Processing file /home/airflow/.local/lib/python3.12/site-packages/airflow/example_dags/example_xcomargs.py for tasks to queue
[2025-05-14T17:02:48.638+0000] {logging_mixin.py:190} INFO - [2025-05-14T17:02:48.638+0000] {dagbag.py:588} INFO - Filling up the DagBag from /home/airflow/.local/lib/python3.12/site-packages/airflow/example_dags/example_xcomargs.py
[2025-05-14T17:02:48.681+0000] {processor.py:925} INFO - DAG(s) 'example_xcom_args', 'example_xcom_args_with_operators' retrieved from /home/airflow/.local/lib/python3.12/site-packages/airflow/example_dags/example_xcomargs.py
[2025-05-14T17:02:48.759+0000] {logging_mixin.py:190} INFO - [2025-05-14T17:02:48.759+0000] {dag.py:3239} INFO - Sync 2 DAGs
[2025-05-14T17:02:48.830+0000] {logging_mixin.py:190} INFO - [2025-05-14T17:02:48.829+0000] {dag.py:4180} INFO - Setting next_dagrun for example_xcom_args to None, run_after=None
[2025-05-14T17:02:48.844+0000] {logging_mixin.py:190} INFO - [2025-05-14T17:02:48.843+0000] {dag.py:4180} INFO - Setting next_dagrun for example_xcom_args_with_operators to None, run_after=None
[2025-05-14T17:02:48.887+0000] {processor.py:208} INFO - Processing /home/airflow/.local/lib/python3.12/site-packages/airflow/example_dags/example_xcomargs.py took 0.294 seconds
[2025-05-14T17:06:07.685+0000] {processor.py:186} INFO - Started process (PID=133) to work on /home/airflow/.local/lib/python3.12/site-packages/airflow/example_dags/example_xcomargs.py
[2025-05-14T17:06:07.688+0000] {processor.py:914} INFO - Processing file /home/airflow/.local/lib/python3.12/site-packages/airflow/example_dags/example_xcomargs.py for tasks to queue
[2025-05-14T17:06:07.697+0000] {logging_mixin.py:190} INFO - [2025-05-14T17:06:07.696+0000] {dagbag.py:588} INFO - Filling up the DagBag from /home/airflow/.local/lib/python3.12/site-packages/airflow/example_dags/example_xcomargs.py
[2025-05-14T17:06:07.752+0000] {processor.py:925} INFO - DAG(s) 'example_xcom_args_with_operators', 'example_xcom_args' retrieved from /home/airflow/.local/lib/python3.12/site-packages/airflow/example_dags/example_xcomargs.py
[2025-05-14T17:06:07.868+0000] {logging_mixin.py:190} INFO - [2025-05-14T17:06:07.867+0000] {dag.py:3239} INFO - Sync 2 DAGs
[2025-05-14T17:06:07.966+0000] {logging_mixin.py:190} INFO - [2025-05-14T17:06:07.965+0000] {dag.py:4180} INFO - Setting next_dagrun for example_xcom_args to None, run_after=None
[2025-05-14T17:06:07.981+0000] {logging_mixin.py:190} INFO - [2025-05-14T17:06:07.980+0000] {dag.py:4180} INFO - Setting next_dagrun for example_xcom_args_with_operators to None, run_after=None
[2025-05-14T17:06:08.118+0000] {processor.py:208} INFO - Processing /home/airflow/.local/lib/python3.12/site-packages/airflow/example_dags/example_xcomargs.py took 0.462 seconds
[2025-05-14T17:06:46.843+0000] {processor.py:186} INFO - Started process (PID=199) to work on /home/airflow/.local/lib/python3.12/site-packages/airflow/example_dags/example_xcomargs.py
[2025-05-14T17:06:46.846+0000] {processor.py:914} INFO - Processing file /home/airflow/.local/lib/python3.12/site-packages/airflow/example_dags/example_xcomargs.py for tasks to queue
[2025-05-14T17:06:46.857+0000] {logging_mixin.py:190} INFO - [2025-05-14T17:06:46.855+0000] {dagbag.py:588} INFO - Filling up the DagBag from /home/airflow/.local/lib/python3.12/site-packages/airflow/example_dags/example_xcomargs.py
[2025-05-14T17:06:46.900+0000] {processor.py:925} INFO - DAG(s) 'example_xcom_args', 'example_xcom_args_with_operators' retrieved from /home/airflow/.local/lib/python3.12/site-packages/airflow/example_dags/example_xcomargs.py
[2025-05-14T17:06:47.018+0000] {logging_mixin.py:190} INFO - [2025-05-14T17:06:47.018+0000] {dag.py:3239} INFO - Sync 2 DAGs
[2025-05-14T17:06:47.102+0000] {logging_mixin.py:190} INFO - [2025-05-14T17:06:47.102+0000] {dag.py:4180} INFO - Setting next_dagrun for example_xcom_args to None, run_after=None
[2025-05-14T17:06:47.115+0000] {logging_mixin.py:190} INFO - [2025-05-14T17:06:47.115+0000] {dag.py:4180} INFO - Setting next_dagrun for example_xcom_args_with_operators to None, run_after=None
[2025-05-14T17:06:47.191+0000] {processor.py:208} INFO - Processing /home/airflow/.local/lib/python3.12/site-packages/airflow/example_dags/example_xcomargs.py took 0.375 seconds
[2025-05-14T17:07:17.842+0000] {processor.py:186} INFO - Started process (PID=265) to work on /home/airflow/.local/lib/python3.12/site-packages/airflow/example_dags/example_xcomargs.py
[2025-05-14T17:07:17.844+0000] {processor.py:914} INFO - Processing file /home/airflow/.local/lib/python3.12/site-packages/airflow/example_dags/example_xcomargs.py for tasks to queue
[2025-05-14T17:07:17.847+0000] {logging_mixin.py:190} INFO - [2025-05-14T17:07:17.847+0000] {dagbag.py:588} INFO - Filling up the DagBag from /home/airflow/.local/lib/python3.12/site-packages/airflow/example_dags/example_xcomargs.py
[2025-05-14T17:07:17.867+0000] {processor.py:925} INFO - DAG(s) 'example_xcom_args', 'example_xcom_args_with_operators' retrieved from /home/airflow/.local/lib/python3.12/site-packages/airflow/example_dags/example_xcomargs.py
[2025-05-14T17:07:17.919+0000] {logging_mixin.py:190} INFO - [2025-05-14T17:07:17.918+0000] {dag.py:3239} INFO - Sync 2 DAGs
[2025-05-14T17:07:17.950+0000] {logging_mixin.py:190} INFO - [2025-05-14T17:07:17.949+0000] {dag.py:4180} INFO - Setting next_dagrun for example_xcom_args to None, run_after=None
[2025-05-14T17:07:17.960+0000] {logging_mixin.py:190} INFO - [2025-05-14T17:07:17.959+0000] {dag.py:4180} INFO - Setting next_dagrun for example_xcom_args_with_operators to None, run_after=None
[2025-05-14T17:07:17.990+0000] {processor.py:208} INFO - Processing /home/airflow/.local/lib/python3.12/site-packages/airflow/example_dags/example_xcomargs.py took 0.158 seconds
[2025-05-14T17:07:49.045+0000] {processor.py:186} INFO - Started process (PID=333) to work on /home/airflow/.local/lib/python3.12/site-packages/airflow/example_dags/example_xcomargs.py
[2025-05-14T17:07:49.047+0000] {processor.py:914} INFO - Processing file /home/airflow/.local/lib/python3.12/site-packages/airflow/example_dags/example_xcomargs.py for tasks to queue
[2025-05-14T17:07:49.052+0000] {logging_mixin.py:190} INFO - [2025-05-14T17:07:49.051+0000] {dagbag.py:588} INFO - Filling up the DagBag from /home/airflow/.local/lib/python3.12/site-packages/airflow/example_dags/example_xcomargs.py
[2025-05-14T17:07:49.096+0000] {processor.py:925} INFO - DAG(s) 'example_xcom_args', 'example_xcom_args_with_operators' retrieved from /home/airflow/.local/lib/python3.12/site-packages/airflow/example_dags/example_xcomargs.py
[2025-05-14T17:07:49.174+0000] {logging_mixin.py:190} INFO - [2025-05-14T17:07:49.173+0000] {dag.py:3239} INFO - Sync 2 DAGs
[2025-05-14T17:07:49.226+0000] {logging_mixin.py:190} INFO - [2025-05-14T17:07:49.225+0000] {dag.py:4180} INFO - Setting next_dagrun for example_xcom_args to None, run_after=None
[2025-05-14T17:07:49.242+0000] {logging_mixin.py:190} INFO - [2025-05-14T17:07:49.241+0000] {dag.py:4180} INFO - Setting next_dagrun for example_xcom_args_with_operators to None, run_after=None
[2025-05-14T17:07:49.293+0000] {processor.py:208} INFO - Processing /home/airflow/.local/lib/python3.12/site-packages/airflow/example_dags/example_xcomargs.py took 0.268 seconds
[2025-05-14T17:08:19.564+0000] {processor.py:186} INFO - Started process (PID=398) to work on /home/airflow/.local/lib/python3.12/site-packages/airflow/example_dags/example_xcomargs.py
[2025-05-14T17:08:19.567+0000] {processor.py:914} INFO - Processing file /home/airflow/.local/lib/python3.12/site-packages/airflow/example_dags/example_xcomargs.py for tasks to queue
[2025-05-14T17:08:19.576+0000] {logging_mixin.py:190} INFO - [2025-05-14T17:08:19.574+0000] {dagbag.py:588} INFO - Filling up the DagBag from /home/airflow/.local/lib/python3.12/site-packages/airflow/example_dags/example_xcomargs.py
[2025-05-14T17:08:19.603+0000] {processor.py:925} INFO - DAG(s) 'example_xcom_args', 'example_xcom_args_with_operators' retrieved from /home/airflow/.local/lib/python3.12/site-packages/airflow/example_dags/example_xcomargs.py
[2025-05-14T17:08:19.688+0000] {logging_mixin.py:190} INFO - [2025-05-14T17:08:19.688+0000] {dag.py:3239} INFO - Sync 2 DAGs
[2025-05-14T17:08:19.843+0000] {logging_mixin.py:190} INFO - [2025-05-14T17:08:19.843+0000] {dag.py:4180} INFO - Setting next_dagrun for example_xcom_args to None, run_after=None
[2025-05-14T17:08:19.875+0000] {logging_mixin.py:190} INFO - [2025-05-14T17:08:19.871+0000] {dag.py:4180} INFO - Setting next_dagrun for example_xcom_args_with_operators to None, run_after=None
[2025-05-14T17:08:19.926+0000] {processor.py:208} INFO - Processing /home/airflow/.local/lib/python3.12/site-packages/airflow/example_dags/example_xcomargs.py took 0.382 seconds
[2025-05-14T17:08:50.586+0000] {processor.py:186} INFO - Started process (PID=464) to work on /home/airflow/.local/lib/python3.12/site-packages/airflow/example_dags/example_xcomargs.py
[2025-05-14T17:08:50.589+0000] {processor.py:914} INFO - Processing file /home/airflow/.local/lib/python3.12/site-packages/airflow/example_dags/example_xcomargs.py for tasks to queue
[2025-05-14T17:08:50.594+0000] {logging_mixin.py:190} INFO - [2025-05-14T17:08:50.593+0000] {dagbag.py:588} INFO - Filling up the DagBag from /home/airflow/.local/lib/python3.12/site-packages/airflow/example_dags/example_xcomargs.py
[2025-05-14T17:08:50.615+0000] {processor.py:925} INFO - DAG(s) 'example_xcom_args_with_operators', 'example_xcom_args' retrieved from /home/airflow/.local/lib/python3.12/site-packages/airflow/example_dags/example_xcomargs.py
[2025-05-14T17:08:50.657+0000] {logging_mixin.py:190} INFO - [2025-05-14T17:08:50.657+0000] {dag.py:3239} INFO - Sync 2 DAGs
[2025-05-14T17:08:50.691+0000] {logging_mixin.py:190} INFO - [2025-05-14T17:08:50.691+0000] {dag.py:4180} INFO - Setting next_dagrun for example_xcom_args to None, run_after=None
[2025-05-14T17:08:50.701+0000] {logging_mixin.py:190} INFO - [2025-05-14T17:08:50.700+0000] {dag.py:4180} INFO - Setting next_dagrun for example_xcom_args_with_operators to None, run_after=None
[2025-05-14T17:08:50.773+0000] {processor.py:208} INFO - Processing /home/airflow/.local/lib/python3.12/site-packages/airflow/example_dags/example_xcomargs.py took 0.195 seconds
[2025-05-14T17:09:24.215+0000] {processor.py:186} INFO - Started process (PID=530) to work on /home/airflow/.local/lib/python3.12/site-packages/airflow/example_dags/example_xcomargs.py
[2025-05-14T17:09:24.216+0000] {processor.py:914} INFO - Processing file /home/airflow/.local/lib/python3.12/site-packages/airflow/example_dags/example_xcomargs.py for tasks to queue
[2025-05-14T17:09:24.219+0000] {logging_mixin.py:190} INFO - [2025-05-14T17:09:24.219+0000] {dagbag.py:588} INFO - Filling up the DagBag from /home/airflow/.local/lib/python3.12/site-packages/airflow/example_dags/example_xcomargs.py
[2025-05-14T17:09:24.236+0000] {processor.py:925} INFO - DAG(s) 'example_xcom_args', 'example_xcom_args_with_operators' retrieved from /home/airflow/.local/lib/python3.12/site-packages/airflow/example_dags/example_xcomargs.py
[2025-05-14T17:09:24.278+0000] {logging_mixin.py:190} INFO - [2025-05-14T17:09:24.277+0000] {dag.py:3239} INFO - Sync 2 DAGs
[2025-05-14T17:09:24.308+0000] {logging_mixin.py:190} INFO - [2025-05-14T17:09:24.307+0000] {dag.py:4180} INFO - Setting next_dagrun for example_xcom_args to None, run_after=None
[2025-05-14T17:09:24.316+0000] {logging_mixin.py:190} INFO - [2025-05-14T17:09:24.316+0000] {dag.py:4180} INFO - Setting next_dagrun for example_xcom_args_with_operators to None, run_after=None
[2025-05-14T17:09:24.347+0000] {processor.py:208} INFO - Processing /home/airflow/.local/lib/python3.12/site-packages/airflow/example_dags/example_xcomargs.py took 0.144 seconds
[2025-05-14T17:09:54.784+0000] {processor.py:186} INFO - Started process (PID=597) to work on /home/airflow/.local/lib/python3.12/site-packages/airflow/example_dags/example_xcomargs.py
[2025-05-14T17:09:54.787+0000] {processor.py:914} INFO - Processing file /home/airflow/.local/lib/python3.12/site-packages/airflow/example_dags/example_xcomargs.py for tasks to queue
[2025-05-14T17:09:54.793+0000] {logging_mixin.py:190} INFO - [2025-05-14T17:09:54.792+0000] {dagbag.py:588} INFO - Filling up the DagBag from /home/airflow/.local/lib/python3.12/site-packages/airflow/example_dags/example_xcomargs.py
[2025-05-14T17:09:54.824+0000] {processor.py:925} INFO - DAG(s) 'example_xcom_args_with_operators', 'example_xcom_args' retrieved from /home/airflow/.local/lib/python3.12/site-packages/airflow/example_dags/example_xcomargs.py
[2025-05-14T17:09:54.876+0000] {logging_mixin.py:190} INFO - [2025-05-14T17:09:54.875+0000] {dag.py:3239} INFO - Sync 2 DAGs
[2025-05-14T17:09:54.908+0000] {logging_mixin.py:190} INFO - [2025-05-14T17:09:54.907+0000] {dag.py:4180} INFO - Setting next_dagrun for example_xcom_args to None, run_after=None
[2025-05-14T17:09:54.921+0000] {logging_mixin.py:190} INFO - [2025-05-14T17:09:54.921+0000] {dag.py:4180} INFO - Setting next_dagrun for example_xcom_args_with_operators to None, run_after=None
[2025-05-14T17:09:54.954+0000] {processor.py:208} INFO - Processing /home/airflow/.local/lib/python3.12/site-packages/airflow/example_dags/example_xcomargs.py took 0.190 seconds
[2025-05-14T17:10:26.353+0000] {processor.py:186} INFO - Started process (PID=663) to work on /home/airflow/.local/lib/python3.12/site-packages/airflow/example_dags/example_xcomargs.py
[2025-05-14T17:10:26.355+0000] {processor.py:914} INFO - Processing file /home/airflow/.local/lib/python3.12/site-packages/airflow/example_dags/example_xcomargs.py for tasks to queue
[2025-05-14T17:10:26.359+0000] {logging_mixin.py:190} INFO - [2025-05-14T17:10:26.359+0000] {dagbag.py:588} INFO - Filling up the DagBag from /home/airflow/.local/lib/python3.12/site-packages/airflow/example_dags/example_xcomargs.py
[2025-05-14T17:10:26.378+0000] {processor.py:925} INFO - DAG(s) 'example_xcom_args_with_operators', 'example_xcom_args' retrieved from /home/airflow/.local/lib/python3.12/site-packages/airflow/example_dags/example_xcomargs.py
[2025-05-14T17:10:26.429+0000] {logging_mixin.py:190} INFO - [2025-05-14T17:10:26.428+0000] {dag.py:3239} INFO - Sync 2 DAGs
[2025-05-14T17:10:26.470+0000] {logging_mixin.py:190} INFO - [2025-05-14T17:10:26.469+0000] {dag.py:4180} INFO - Setting next_dagrun for example_xcom_args to None, run_after=None
[2025-05-14T17:10:26.483+0000] {logging_mixin.py:190} INFO - [2025-05-14T17:10:26.483+0000] {dag.py:4180} INFO - Setting next_dagrun for example_xcom_args_with_operators to None, run_after=None
[2025-05-14T17:10:26.517+0000] {processor.py:208} INFO - Processing /home/airflow/.local/lib/python3.12/site-packages/airflow/example_dags/example_xcomargs.py took 0.181 seconds
[2025-05-14T17:10:57.160+0000] {processor.py:186} INFO - Started process (PID=729) to work on /home/airflow/.local/lib/python3.12/site-packages/airflow/example_dags/example_xcomargs.py
[2025-05-14T17:10:57.162+0000] {processor.py:914} INFO - Processing file /home/airflow/.local/lib/python3.12/site-packages/airflow/example_dags/example_xcomargs.py for tasks to queue
[2025-05-14T17:10:57.167+0000] {logging_mixin.py:190} INFO - [2025-05-14T17:10:57.166+0000] {dagbag.py:588} INFO - Filling up the DagBag from /home/airflow/.local/lib/python3.12/site-packages/airflow/example_dags/example_xcomargs.py
[2025-05-14T17:10:57.190+0000] {processor.py:925} INFO - DAG(s) 'example_xcom_args', 'example_xcom_args_with_operators' retrieved from /home/airflow/.local/lib/python3.12/site-packages/airflow/example_dags/example_xcomargs.py
[2025-05-14T17:10:57.233+0000] {logging_mixin.py:190} INFO - [2025-05-14T17:10:57.232+0000] {dag.py:3239} INFO - Sync 2 DAGs
[2025-05-14T17:10:57.273+0000] {logging_mixin.py:190} INFO - [2025-05-14T17:10:57.273+0000] {dag.py:4180} INFO - Setting next_dagrun for example_xcom_args to None, run_after=None
[2025-05-14T17:10:57.280+0000] {logging_mixin.py:190} INFO - [2025-05-14T17:10:57.279+0000] {dag.py:4180} INFO - Setting next_dagrun for example_xcom_args_with_operators to None, run_after=None
[2025-05-14T17:10:57.309+0000] {processor.py:208} INFO - Processing /home/airflow/.local/lib/python3.12/site-packages/airflow/example_dags/example_xcomargs.py took 0.164 seconds
[2025-05-14T17:11:27.860+0000] {processor.py:186} INFO - Started process (PID=794) to work on /home/airflow/.local/lib/python3.12/site-packages/airflow/example_dags/example_xcomargs.py
[2025-05-14T17:11:27.861+0000] {processor.py:914} INFO - Processing file /home/airflow/.local/lib/python3.12/site-packages/airflow/example_dags/example_xcomargs.py for tasks to queue
[2025-05-14T17:11:27.866+0000] {logging_mixin.py:190} INFO - [2025-05-14T17:11:27.865+0000] {dagbag.py:588} INFO - Filling up the DagBag from /home/airflow/.local/lib/python3.12/site-packages/airflow/example_dags/example_xcomargs.py
[2025-05-14T17:11:27.889+0000] {processor.py:925} INFO - DAG(s) 'example_xcom_args_with_operators', 'example_xcom_args' retrieved from /home/airflow/.local/lib/python3.12/site-packages/airflow/example_dags/example_xcomargs.py
[2025-05-14T17:11:27.966+0000] {logging_mixin.py:190} INFO - [2025-05-14T17:11:27.965+0000] {dag.py:3239} INFO - Sync 2 DAGs
[2025-05-14T17:11:28.054+0000] {logging_mixin.py:190} INFO - [2025-05-14T17:11:28.053+0000] {dag.py:4180} INFO - Setting next_dagrun for example_xcom_args to None, run_after=None
[2025-05-14T17:11:28.065+0000] {logging_mixin.py:190} INFO - [2025-05-14T17:11:28.065+0000] {dag.py:4180} INFO - Setting next_dagrun for example_xcom_args_with_operators to None, run_after=None
[2025-05-14T17:11:28.125+0000] {processor.py:208} INFO - Processing /home/airflow/.local/lib/python3.12/site-packages/airflow/example_dags/example_xcomargs.py took 0.278 seconds
[2025-05-14T17:11:58.245+0000] {processor.py:186} INFO - Started process (PID=860) to work on /home/airflow/.local/lib/python3.12/site-packages/airflow/example_dags/example_xcomargs.py
[2025-05-14T17:11:58.247+0000] {processor.py:914} INFO - Processing file /home/airflow/.local/lib/python3.12/site-packages/airflow/example_dags/example_xcomargs.py for tasks to queue
[2025-05-14T17:11:58.251+0000] {logging_mixin.py:190} INFO - [2025-05-14T17:11:58.250+0000] {dagbag.py:588} INFO - Filling up the DagBag from /home/airflow/.local/lib/python3.12/site-packages/airflow/example_dags/example_xcomargs.py
[2025-05-14T17:11:58.295+0000] {processor.py:925} INFO - DAG(s) 'example_xcom_args', 'example_xcom_args_with_operators' retrieved from /home/airflow/.local/lib/python3.12/site-packages/airflow/example_dags/example_xcomargs.py
[2025-05-14T17:11:58.347+0000] {logging_mixin.py:190} INFO - [2025-05-14T17:11:58.346+0000] {dag.py:3239} INFO - Sync 2 DAGs
[2025-05-14T17:11:58.380+0000] {logging_mixin.py:190} INFO - [2025-05-14T17:11:58.380+0000] {dag.py:4180} INFO - Setting next_dagrun for example_xcom_args to None, run_after=None
[2025-05-14T17:11:58.390+0000] {logging_mixin.py:190} INFO - [2025-05-14T17:11:58.390+0000] {dag.py:4180} INFO - Setting next_dagrun for example_xcom_args_with_operators to None, run_after=None
[2025-05-14T17:11:58.425+0000] {processor.py:208} INFO - Processing /home/airflow/.local/lib/python3.12/site-packages/airflow/example_dags/example_xcomargs.py took 0.188 seconds
[2025-05-14T17:12:28.513+0000] {processor.py:186} INFO - Started process (PID=926) to work on /home/airflow/.local/lib/python3.12/site-packages/airflow/example_dags/example_xcomargs.py
[2025-05-14T17:12:28.514+0000] {processor.py:914} INFO - Processing file /home/airflow/.local/lib/python3.12/site-packages/airflow/example_dags/example_xcomargs.py for tasks to queue
[2025-05-14T17:12:28.518+0000] {logging_mixin.py:190} INFO - [2025-05-14T17:12:28.517+0000] {dagbag.py:588} INFO - Filling up the DagBag from /home/airflow/.local/lib/python3.12/site-packages/airflow/example_dags/example_xcomargs.py
[2025-05-14T17:12:28.538+0000] {processor.py:925} INFO - DAG(s) 'example_xcom_args', 'example_xcom_args_with_operators' retrieved from /home/airflow/.local/lib/python3.12/site-packages/airflow/example_dags/example_xcomargs.py
[2025-05-14T17:12:28.584+0000] {logging_mixin.py:190} INFO - [2025-05-14T17:12:28.584+0000] {dag.py:3239} INFO - Sync 2 DAGs
[2025-05-14T17:12:28.618+0000] {logging_mixin.py:190} INFO - [2025-05-14T17:12:28.617+0000] {dag.py:4180} INFO - Setting next_dagrun for example_xcom_args to None, run_after=None
[2025-05-14T17:12:28.627+0000] {logging_mixin.py:190} INFO - [2025-05-14T17:12:28.626+0000] {dag.py:4180} INFO - Setting next_dagrun for example_xcom_args_with_operators to None, run_after=None
[2025-05-14T17:12:28.663+0000] {processor.py:208} INFO - Processing /home/airflow/.local/lib/python3.12/site-packages/airflow/example_dags/example_xcomargs.py took 0.160 seconds
[2025-05-14T17:13:00.516+0000] {processor.py:186} INFO - Started process (PID=992) to work on /home/airflow/.local/lib/python3.12/site-packages/airflow/example_dags/example_xcomargs.py
[2025-05-14T17:13:00.518+0000] {processor.py:914} INFO - Processing file /home/airflow/.local/lib/python3.12/site-packages/airflow/example_dags/example_xcomargs.py for tasks to queue
[2025-05-14T17:13:00.526+0000] {logging_mixin.py:190} INFO - [2025-05-14T17:13:00.525+0000] {dagbag.py:588} INFO - Filling up the DagBag from /home/airflow/.local/lib/python3.12/site-packages/airflow/example_dags/example_xcomargs.py
[2025-05-14T17:13:00.568+0000] {processor.py:925} INFO - DAG(s) 'example_xcom_args_with_operators', 'example_xcom_args' retrieved from /home/airflow/.local/lib/python3.12/site-packages/airflow/example_dags/example_xcomargs.py
[2025-05-14T17:13:00.718+0000] {logging_mixin.py:190} INFO - [2025-05-14T17:13:00.717+0000] {dag.py:3239} INFO - Sync 2 DAGs
[2025-05-14T17:13:00.801+0000] {logging_mixin.py:190} INFO - [2025-05-14T17:13:00.800+0000] {dag.py:4180} INFO - Setting next_dagrun for example_xcom_args to None, run_after=None
[2025-05-14T17:13:00.813+0000] {logging_mixin.py:190} INFO - [2025-05-14T17:13:00.812+0000] {dag.py:4180} INFO - Setting next_dagrun for example_xcom_args_with_operators to None, run_after=None
[2025-05-14T17:13:00.881+0000] {processor.py:208} INFO - Processing /home/airflow/.local/lib/python3.12/site-packages/airflow/example_dags/example_xcomargs.py took 0.395 seconds
[2025-05-14T17:13:31.127+0000] {processor.py:186} INFO - Started process (PID=1059) to work on /home/airflow/.local/lib/python3.12/site-packages/airflow/example_dags/example_xcomargs.py
[2025-05-14T17:13:31.129+0000] {processor.py:914} INFO - Processing file /home/airflow/.local/lib/python3.12/site-packages/airflow/example_dags/example_xcomargs.py for tasks to queue
[2025-05-14T17:13:31.134+0000] {logging_mixin.py:190} INFO - [2025-05-14T17:13:31.133+0000] {dagbag.py:588} INFO - Filling up the DagBag from /home/airflow/.local/lib/python3.12/site-packages/airflow/example_dags/example_xcomargs.py
[2025-05-14T17:13:31.149+0000] {processor.py:925} INFO - DAG(s) 'example_xcom_args', 'example_xcom_args_with_operators' retrieved from /home/airflow/.local/lib/python3.12/site-packages/airflow/example_dags/example_xcomargs.py
[2025-05-14T17:13:31.186+0000] {logging_mixin.py:190} INFO - [2025-05-14T17:13:31.186+0000] {dag.py:3239} INFO - Sync 2 DAGs
[2025-05-14T17:13:31.209+0000] {logging_mixin.py:190} INFO - [2025-05-14T17:13:31.209+0000] {dag.py:4180} INFO - Setting next_dagrun for example_xcom_args to None, run_after=None
[2025-05-14T17:13:31.216+0000] {logging_mixin.py:190} INFO - [2025-05-14T17:13:31.216+0000] {dag.py:4180} INFO - Setting next_dagrun for example_xcom_args_with_operators to None, run_after=None
[2025-05-14T17:13:31.241+0000] {processor.py:208} INFO - Processing /home/airflow/.local/lib/python3.12/site-packages/airflow/example_dags/example_xcomargs.py took 0.122 seconds
[2025-05-14T17:14:01.549+0000] {processor.py:186} INFO - Started process (PID=1125) to work on /home/airflow/.local/lib/python3.12/site-packages/airflow/example_dags/example_xcomargs.py
[2025-05-14T17:14:01.551+0000] {processor.py:914} INFO - Processing file /home/airflow/.local/lib/python3.12/site-packages/airflow/example_dags/example_xcomargs.py for tasks to queue
[2025-05-14T17:14:01.556+0000] {logging_mixin.py:190} INFO - [2025-05-14T17:14:01.555+0000] {dagbag.py:588} INFO - Filling up the DagBag from /home/airflow/.local/lib/python3.12/site-packages/airflow/example_dags/example_xcomargs.py
[2025-05-14T17:14:01.577+0000] {processor.py:925} INFO - DAG(s) 'example_xcom_args', 'example_xcom_args_with_operators' retrieved from /home/airflow/.local/lib/python3.12/site-packages/airflow/example_dags/example_xcomargs.py
[2025-05-14T17:14:01.616+0000] {logging_mixin.py:190} INFO - [2025-05-14T17:14:01.615+0000] {dag.py:3239} INFO - Sync 2 DAGs
[2025-05-14T17:14:01.641+0000] {logging_mixin.py:190} INFO - [2025-05-14T17:14:01.641+0000] {dag.py:4180} INFO - Setting next_dagrun for example_xcom_args to None, run_after=None
[2025-05-14T17:14:01.647+0000] {logging_mixin.py:190} INFO - [2025-05-14T17:14:01.647+0000] {dag.py:4180} INFO - Setting next_dagrun for example_xcom_args_with_operators to None, run_after=None
[2025-05-14T17:14:01.673+0000] {processor.py:208} INFO - Processing /home/airflow/.local/lib/python3.12/site-packages/airflow/example_dags/example_xcomargs.py took 0.131 seconds
[2025-05-14T17:14:35.691+0000] {processor.py:186} INFO - Started process (PID=1197) to work on /home/airflow/.local/lib/python3.12/site-packages/airflow/example_dags/example_xcomargs.py
[2025-05-14T17:14:35.694+0000] {processor.py:914} INFO - Processing file /home/airflow/.local/lib/python3.12/site-packages/airflow/example_dags/example_xcomargs.py for tasks to queue
[2025-05-14T17:14:35.704+0000] {logging_mixin.py:190} INFO - [2025-05-14T17:14:35.700+0000] {dagbag.py:588} INFO - Filling up the DagBag from /home/airflow/.local/lib/python3.12/site-packages/airflow/example_dags/example_xcomargs.py
[2025-05-14T17:14:35.744+0000] {processor.py:925} INFO - DAG(s) 'example_xcom_args', 'example_xcom_args_with_operators' retrieved from /home/airflow/.local/lib/python3.12/site-packages/airflow/example_dags/example_xcomargs.py
[2025-05-14T17:14:35.813+0000] {logging_mixin.py:190} INFO - [2025-05-14T17:14:35.812+0000] {dag.py:3239} INFO - Sync 2 DAGs
[2025-05-14T17:14:35.857+0000] {logging_mixin.py:190} INFO - [2025-05-14T17:14:35.856+0000] {dag.py:4180} INFO - Setting next_dagrun for example_xcom_args to None, run_after=None
[2025-05-14T17:14:35.864+0000] {logging_mixin.py:190} INFO - [2025-05-14T17:14:35.864+0000] {dag.py:4180} INFO - Setting next_dagrun for example_xcom_args_with_operators to None, run_after=None
[2025-05-14T17:14:35.912+0000] {processor.py:208} INFO - Processing /home/airflow/.local/lib/python3.12/site-packages/airflow/example_dags/example_xcomargs.py took 0.234 seconds
[2025-05-14T17:15:06.105+0000] {processor.py:186} INFO - Started process (PID=1264) to work on /home/airflow/.local/lib/python3.12/site-packages/airflow/example_dags/example_xcomargs.py
[2025-05-14T17:15:06.107+0000] {processor.py:914} INFO - Processing file /home/airflow/.local/lib/python3.12/site-packages/airflow/example_dags/example_xcomargs.py for tasks to queue
[2025-05-14T17:15:06.111+0000] {logging_mixin.py:190} INFO - [2025-05-14T17:15:06.111+0000] {dagbag.py:588} INFO - Filling up the DagBag from /home/airflow/.local/lib/python3.12/site-packages/airflow/example_dags/example_xcomargs.py
[2025-05-14T17:15:06.126+0000] {processor.py:925} INFO - DAG(s) 'example_xcom_args_with_operators', 'example_xcom_args' retrieved from /home/airflow/.local/lib/python3.12/site-packages/airflow/example_dags/example_xcomargs.py
[2025-05-14T17:15:06.160+0000] {logging_mixin.py:190} INFO - [2025-05-14T17:15:06.160+0000] {dag.py:3239} INFO - Sync 2 DAGs
[2025-05-14T17:15:06.182+0000] {logging_mixin.py:190} INFO - [2025-05-14T17:15:06.181+0000] {dag.py:4180} INFO - Setting next_dagrun for example_xcom_args to None, run_after=None
[2025-05-14T17:15:06.188+0000] {logging_mixin.py:190} INFO - [2025-05-14T17:15:06.188+0000] {dag.py:4180} INFO - Setting next_dagrun for example_xcom_args_with_operators to None, run_after=None
[2025-05-14T17:15:06.214+0000] {processor.py:208} INFO - Processing /home/airflow/.local/lib/python3.12/site-packages/airflow/example_dags/example_xcomargs.py took 0.117 seconds
