[2025-05-14T17:00:26.556+0000] {processor.py:186} INFO - Started process (PID=120) to work on /home/airflow/.local/lib/python3.12/site-packages/airflow/example_dags/example_latest_only_with_trigger.py
[2025-05-14T17:00:26.560+0000] {processor.py:914} INFO - Processing file /home/airflow/.local/lib/python3.12/site-packages/airflow/example_dags/example_latest_only_with_trigger.py for tasks to queue
[2025-05-14T17:00:26.565+0000] {logging_mixin.py:190} INFO - [2025-05-14T17:00:26.564+0000] {dagbag.py:588} INFO - Filling up the DagBag from /home/airflow/.local/lib/python3.12/site-packages/airflow/example_dags/example_latest_only_with_trigger.py
[2025-05-14T17:00:26.617+0000] {processor.py:925} INFO - DAG(s) 'latest_only_with_trigger' retrieved from /home/airflow/.local/lib/python3.12/site-packages/airflow/example_dags/example_latest_only_with_trigger.py
[2025-05-14T17:00:26.733+0000] {logging_mixin.py:190} INFO - [2025-05-14T17:00:26.732+0000] {dag.py:3239} INFO - Sync 1 DAGs
[2025-05-14T17:00:26.833+0000] {logging_mixin.py:190} INFO - [2025-05-14T17:00:26.832+0000] {dag.py:4180} INFO - Setting next_dagrun for latest_only_with_trigger to 2025-05-14 12:00:00+00:00, run_after=2025-05-14 16:00:00+00:00
[2025-05-14T17:00:26.891+0000] {processor.py:208} INFO - Processing /home/airflow/.local/lib/python3.12/site-packages/airflow/example_dags/example_latest_only_with_trigger.py took 0.419 seconds
[2025-05-14T17:00:57.808+0000] {processor.py:186} INFO - Started process (PID=186) to work on /home/airflow/.local/lib/python3.12/site-packages/airflow/example_dags/example_latest_only_with_trigger.py
[2025-05-14T17:00:57.811+0000] {processor.py:914} INFO - Processing file /home/airflow/.local/lib/python3.12/site-packages/airflow/example_dags/example_latest_only_with_trigger.py for tasks to queue
[2025-05-14T17:00:57.820+0000] {logging_mixin.py:190} INFO - [2025-05-14T17:00:57.819+0000] {dagbag.py:588} INFO - Filling up the DagBag from /home/airflow/.local/lib/python3.12/site-packages/airflow/example_dags/example_latest_only_with_trigger.py
[2025-05-14T17:00:57.854+0000] {processor.py:925} INFO - DAG(s) 'latest_only_with_trigger' retrieved from /home/airflow/.local/lib/python3.12/site-packages/airflow/example_dags/example_latest_only_with_trigger.py
[2025-05-14T17:00:57.914+0000] {logging_mixin.py:190} INFO - [2025-05-14T17:00:57.913+0000] {dag.py:3239} INFO - Sync 1 DAGs
[2025-05-14T17:00:58.020+0000] {logging_mixin.py:190} INFO - [2025-05-14T17:00:58.019+0000] {dag.py:4180} INFO - Setting next_dagrun for latest_only_with_trigger to 2025-05-14 12:00:00+00:00, run_after=2025-05-14 16:00:00+00:00
[2025-05-14T17:00:58.074+0000] {processor.py:208} INFO - Processing /home/airflow/.local/lib/python3.12/site-packages/airflow/example_dags/example_latest_only_with_trigger.py took 0.292 seconds
[2025-05-14T17:01:28.584+0000] {processor.py:186} INFO - Started process (PID=252) to work on /home/airflow/.local/lib/python3.12/site-packages/airflow/example_dags/example_latest_only_with_trigger.py
[2025-05-14T17:01:28.587+0000] {processor.py:914} INFO - Processing file /home/airflow/.local/lib/python3.12/site-packages/airflow/example_dags/example_latest_only_with_trigger.py for tasks to queue
[2025-05-14T17:01:28.596+0000] {logging_mixin.py:190} INFO - [2025-05-14T17:01:28.596+0000] {dagbag.py:588} INFO - Filling up the DagBag from /home/airflow/.local/lib/python3.12/site-packages/airflow/example_dags/example_latest_only_with_trigger.py
[2025-05-14T17:01:28.614+0000] {processor.py:925} INFO - DAG(s) 'latest_only_with_trigger' retrieved from /home/airflow/.local/lib/python3.12/site-packages/airflow/example_dags/example_latest_only_with_trigger.py
[2025-05-14T17:01:28.798+0000] {logging_mixin.py:190} INFO - [2025-05-14T17:01:28.797+0000] {dag.py:3239} INFO - Sync 1 DAGs
[2025-05-14T17:01:28.874+0000] {logging_mixin.py:190} INFO - [2025-05-14T17:01:28.872+0000] {dag.py:4180} INFO - Setting next_dagrun for latest_only_with_trigger to 2025-05-14 12:00:00+00:00, run_after=2025-05-14 16:00:00+00:00
[2025-05-14T17:01:28.944+0000] {processor.py:208} INFO - Processing /home/airflow/.local/lib/python3.12/site-packages/airflow/example_dags/example_latest_only_with_trigger.py took 0.381 seconds
[2025-05-14T17:01:59.197+0000] {processor.py:186} INFO - Started process (PID=318) to work on /home/airflow/.local/lib/python3.12/site-packages/airflow/example_dags/example_latest_only_with_trigger.py
[2025-05-14T17:01:59.212+0000] {processor.py:914} INFO - Processing file /home/airflow/.local/lib/python3.12/site-packages/airflow/example_dags/example_latest_only_with_trigger.py for tasks to queue
[2025-05-14T17:01:59.228+0000] {logging_mixin.py:190} INFO - [2025-05-14T17:01:59.227+0000] {dagbag.py:588} INFO - Filling up the DagBag from /home/airflow/.local/lib/python3.12/site-packages/airflow/example_dags/example_latest_only_with_trigger.py
[2025-05-14T17:01:59.276+0000] {processor.py:925} INFO - DAG(s) 'latest_only_with_trigger' retrieved from /home/airflow/.local/lib/python3.12/site-packages/airflow/example_dags/example_latest_only_with_trigger.py
[2025-05-14T17:01:59.412+0000] {logging_mixin.py:190} INFO - [2025-05-14T17:01:59.411+0000] {dag.py:3239} INFO - Sync 1 DAGs
[2025-05-14T17:01:59.537+0000] {logging_mixin.py:190} INFO - [2025-05-14T17:01:59.536+0000] {dag.py:4180} INFO - Setting next_dagrun for latest_only_with_trigger to 2025-05-14 12:00:00+00:00, run_after=2025-05-14 16:00:00+00:00
[2025-05-14T17:01:59.638+0000] {processor.py:208} INFO - Processing /home/airflow/.local/lib/python3.12/site-packages/airflow/example_dags/example_latest_only_with_trigger.py took 0.471 seconds
[2025-05-14T17:02:37.205+0000] {processor.py:186} INFO - Started process (PID=384) to work on /home/airflow/.local/lib/python3.12/site-packages/airflow/example_dags/example_latest_only_with_trigger.py
[2025-05-14T17:02:37.206+0000] {processor.py:914} INFO - Processing file /home/airflow/.local/lib/python3.12/site-packages/airflow/example_dags/example_latest_only_with_trigger.py for tasks to queue
[2025-05-14T17:02:37.209+0000] {logging_mixin.py:190} INFO - [2025-05-14T17:02:37.209+0000] {dagbag.py:588} INFO - Filling up the DagBag from /home/airflow/.local/lib/python3.12/site-packages/airflow/example_dags/example_latest_only_with_trigger.py
[2025-05-14T17:02:37.221+0000] {processor.py:925} INFO - DAG(s) 'latest_only_with_trigger' retrieved from /home/airflow/.local/lib/python3.12/site-packages/airflow/example_dags/example_latest_only_with_trigger.py
[2025-05-14T17:02:37.292+0000] {logging_mixin.py:190} INFO - [2025-05-14T17:02:37.291+0000] {dag.py:3239} INFO - Sync 1 DAGs
[2025-05-14T17:02:37.350+0000] {logging_mixin.py:190} INFO - [2025-05-14T17:02:37.349+0000] {dag.py:4180} INFO - Setting next_dagrun for latest_only_with_trigger to 2025-05-14 12:00:00+00:00, run_after=2025-05-14 16:00:00+00:00
[2025-05-14T17:02:37.409+0000] {processor.py:208} INFO - Processing /home/airflow/.local/lib/python3.12/site-packages/airflow/example_dags/example_latest_only_with_trigger.py took 0.213 seconds
[2025-05-14T17:05:49.681+0000] {processor.py:186} INFO - Started process (PID=101) to work on /home/airflow/.local/lib/python3.12/site-packages/airflow/example_dags/example_latest_only_with_trigger.py
[2025-05-14T17:05:49.785+0000] {processor.py:914} INFO - Processing file /home/airflow/.local/lib/python3.12/site-packages/airflow/example_dags/example_latest_only_with_trigger.py for tasks to queue
[2025-05-14T17:05:49.835+0000] {logging_mixin.py:190} INFO - [2025-05-14T17:05:49.834+0000] {dagbag.py:588} INFO - Filling up the DagBag from /home/airflow/.local/lib/python3.12/site-packages/airflow/example_dags/example_latest_only_with_trigger.py
[2025-05-14T17:05:50.012+0000] {processor.py:925} INFO - DAG(s) 'latest_only_with_trigger' retrieved from /home/airflow/.local/lib/python3.12/site-packages/airflow/example_dags/example_latest_only_with_trigger.py
[2025-05-14T17:05:50.255+0000] {logging_mixin.py:190} INFO - [2025-05-14T17:05:50.254+0000] {dag.py:3239} INFO - Sync 1 DAGs
[2025-05-14T17:05:50.473+0000] {logging_mixin.py:190} INFO - [2025-05-14T17:05:50.472+0000] {dag.py:4180} INFO - Setting next_dagrun for latest_only_with_trigger to 2025-05-14 12:00:00+00:00, run_after=2025-05-14 16:00:00+00:00
[2025-05-14T17:05:50.609+0000] {processor.py:208} INFO - Processing /home/airflow/.local/lib/python3.12/site-packages/airflow/example_dags/example_latest_only_with_trigger.py took 1.023 seconds
[2025-05-14T17:06:29.334+0000] {processor.py:186} INFO - Started process (PID=166) to work on /home/airflow/.local/lib/python3.12/site-packages/airflow/example_dags/example_latest_only_with_trigger.py
[2025-05-14T17:06:29.347+0000] {processor.py:914} INFO - Processing file /home/airflow/.local/lib/python3.12/site-packages/airflow/example_dags/example_latest_only_with_trigger.py for tasks to queue
[2025-05-14T17:06:29.357+0000] {logging_mixin.py:190} INFO - [2025-05-14T17:06:29.356+0000] {dagbag.py:588} INFO - Filling up the DagBag from /home/airflow/.local/lib/python3.12/site-packages/airflow/example_dags/example_latest_only_with_trigger.py
[2025-05-14T17:06:29.402+0000] {processor.py:925} INFO - DAG(s) 'latest_only_with_trigger' retrieved from /home/airflow/.local/lib/python3.12/site-packages/airflow/example_dags/example_latest_only_with_trigger.py
[2025-05-14T17:06:29.540+0000] {logging_mixin.py:190} INFO - [2025-05-14T17:06:29.539+0000] {dag.py:3239} INFO - Sync 1 DAGs
[2025-05-14T17:06:29.847+0000] {logging_mixin.py:190} INFO - [2025-05-14T17:06:29.846+0000] {dag.py:4180} INFO - Setting next_dagrun for latest_only_with_trigger to 2025-05-14 12:00:00+00:00, run_after=2025-05-14 16:00:00+00:00
[2025-05-14T17:06:30.066+0000] {processor.py:208} INFO - Processing /home/airflow/.local/lib/python3.12/site-packages/airflow/example_dags/example_latest_only_with_trigger.py took 0.793 seconds
[2025-05-14T17:07:00.358+0000] {processor.py:186} INFO - Started process (PID=232) to work on /home/airflow/.local/lib/python3.12/site-packages/airflow/example_dags/example_latest_only_with_trigger.py
[2025-05-14T17:07:00.360+0000] {processor.py:914} INFO - Processing file /home/airflow/.local/lib/python3.12/site-packages/airflow/example_dags/example_latest_only_with_trigger.py for tasks to queue
[2025-05-14T17:07:00.364+0000] {logging_mixin.py:190} INFO - [2025-05-14T17:07:00.363+0000] {dagbag.py:588} INFO - Filling up the DagBag from /home/airflow/.local/lib/python3.12/site-packages/airflow/example_dags/example_latest_only_with_trigger.py
[2025-05-14T17:07:00.377+0000] {processor.py:925} INFO - DAG(s) 'latest_only_with_trigger' retrieved from /home/airflow/.local/lib/python3.12/site-packages/airflow/example_dags/example_latest_only_with_trigger.py
[2025-05-14T17:07:00.415+0000] {logging_mixin.py:190} INFO - [2025-05-14T17:07:00.414+0000] {dag.py:3239} INFO - Sync 1 DAGs
[2025-05-14T17:07:00.458+0000] {logging_mixin.py:190} INFO - [2025-05-14T17:07:00.458+0000] {dag.py:4180} INFO - Setting next_dagrun for latest_only_with_trigger to 2025-05-14 12:00:00+00:00, run_after=2025-05-14 16:00:00+00:00
[2025-05-14T17:07:00.500+0000] {processor.py:208} INFO - Processing /home/airflow/.local/lib/python3.12/site-packages/airflow/example_dags/example_latest_only_with_trigger.py took 0.150 seconds
[2025-05-14T17:07:31.387+0000] {processor.py:186} INFO - Started process (PID=298) to work on /home/airflow/.local/lib/python3.12/site-packages/airflow/example_dags/example_latest_only_with_trigger.py
[2025-05-14T17:07:31.389+0000] {processor.py:914} INFO - Processing file /home/airflow/.local/lib/python3.12/site-packages/airflow/example_dags/example_latest_only_with_trigger.py for tasks to queue
[2025-05-14T17:07:31.394+0000] {logging_mixin.py:190} INFO - [2025-05-14T17:07:31.393+0000] {dagbag.py:588} INFO - Filling up the DagBag from /home/airflow/.local/lib/python3.12/site-packages/airflow/example_dags/example_latest_only_with_trigger.py
[2025-05-14T17:07:31.406+0000] {processor.py:925} INFO - DAG(s) 'latest_only_with_trigger' retrieved from /home/airflow/.local/lib/python3.12/site-packages/airflow/example_dags/example_latest_only_with_trigger.py
[2025-05-14T17:07:31.445+0000] {logging_mixin.py:190} INFO - [2025-05-14T17:07:31.444+0000] {dag.py:3239} INFO - Sync 1 DAGs
[2025-05-14T17:07:31.488+0000] {logging_mixin.py:190} INFO - [2025-05-14T17:07:31.488+0000] {dag.py:4180} INFO - Setting next_dagrun for latest_only_with_trigger to 2025-05-14 12:00:00+00:00, run_after=2025-05-14 16:00:00+00:00
[2025-05-14T17:07:31.535+0000] {processor.py:208} INFO - Processing /home/airflow/.local/lib/python3.12/site-packages/airflow/example_dags/example_latest_only_with_trigger.py took 0.160 seconds
[2025-05-14T17:08:02.706+0000] {processor.py:186} INFO - Started process (PID=366) to work on /home/airflow/.local/lib/python3.12/site-packages/airflow/example_dags/example_latest_only_with_trigger.py
[2025-05-14T17:08:02.710+0000] {processor.py:914} INFO - Processing file /home/airflow/.local/lib/python3.12/site-packages/airflow/example_dags/example_latest_only_with_trigger.py for tasks to queue
[2025-05-14T17:08:02.715+0000] {logging_mixin.py:190} INFO - [2025-05-14T17:08:02.714+0000] {dagbag.py:588} INFO - Filling up the DagBag from /home/airflow/.local/lib/python3.12/site-packages/airflow/example_dags/example_latest_only_with_trigger.py
[2025-05-14T17:08:02.738+0000] {processor.py:925} INFO - DAG(s) 'latest_only_with_trigger' retrieved from /home/airflow/.local/lib/python3.12/site-packages/airflow/example_dags/example_latest_only_with_trigger.py
[2025-05-14T17:08:02.879+0000] {logging_mixin.py:190} INFO - [2025-05-14T17:08:02.878+0000] {dag.py:3239} INFO - Sync 1 DAGs
[2025-05-14T17:08:02.943+0000] {logging_mixin.py:190} INFO - [2025-05-14T17:08:02.943+0000] {dag.py:4180} INFO - Setting next_dagrun for latest_only_with_trigger to 2025-05-14 12:00:00+00:00, run_after=2025-05-14 16:00:00+00:00
[2025-05-14T17:08:02.989+0000] {processor.py:208} INFO - Processing /home/airflow/.local/lib/python3.12/site-packages/airflow/example_dags/example_latest_only_with_trigger.py took 0.320 seconds
[2025-05-14T17:08:38.886+0000] {processor.py:186} INFO - Started process (PID=435) to work on /home/airflow/.local/lib/python3.12/site-packages/airflow/example_dags/example_latest_only_with_trigger.py
[2025-05-14T17:08:38.900+0000] {processor.py:914} INFO - Processing file /home/airflow/.local/lib/python3.12/site-packages/airflow/example_dags/example_latest_only_with_trigger.py for tasks to queue
[2025-05-14T17:08:38.921+0000] {logging_mixin.py:190} INFO - [2025-05-14T17:08:38.913+0000] {dagbag.py:588} INFO - Filling up the DagBag from /home/airflow/.local/lib/python3.12/site-packages/airflow/example_dags/example_latest_only_with_trigger.py
[2025-05-14T17:08:38.970+0000] {processor.py:925} INFO - DAG(s) 'latest_only_with_trigger' retrieved from /home/airflow/.local/lib/python3.12/site-packages/airflow/example_dags/example_latest_only_with_trigger.py
[2025-05-14T17:08:39.077+0000] {logging_mixin.py:190} INFO - [2025-05-14T17:08:39.076+0000] {dag.py:3239} INFO - Sync 1 DAGs
[2025-05-14T17:08:39.166+0000] {logging_mixin.py:190} INFO - [2025-05-14T17:08:39.165+0000] {dag.py:4180} INFO - Setting next_dagrun for latest_only_with_trigger to 2025-05-14 12:00:00+00:00, run_after=2025-05-14 16:00:00+00:00
[2025-05-14T17:08:39.226+0000] {processor.py:208} INFO - Processing /home/airflow/.local/lib/python3.12/site-packages/airflow/example_dags/example_latest_only_with_trigger.py took 0.359 seconds
[2025-05-14T17:09:11.411+0000] {processor.py:186} INFO - Started process (PID=501) to work on /home/airflow/.local/lib/python3.12/site-packages/airflow/example_dags/example_latest_only_with_trigger.py
[2025-05-14T17:09:11.414+0000] {processor.py:914} INFO - Processing file /home/airflow/.local/lib/python3.12/site-packages/airflow/example_dags/example_latest_only_with_trigger.py for tasks to queue
[2025-05-14T17:09:11.422+0000] {logging_mixin.py:190} INFO - [2025-05-14T17:09:11.420+0000] {dagbag.py:588} INFO - Filling up the DagBag from /home/airflow/.local/lib/python3.12/site-packages/airflow/example_dags/example_latest_only_with_trigger.py
[2025-05-14T17:09:11.448+0000] {processor.py:925} INFO - DAG(s) 'latest_only_with_trigger' retrieved from /home/airflow/.local/lib/python3.12/site-packages/airflow/example_dags/example_latest_only_with_trigger.py
[2025-05-14T17:09:11.541+0000] {logging_mixin.py:190} INFO - [2025-05-14T17:09:11.540+0000] {dag.py:3239} INFO - Sync 1 DAGs
[2025-05-14T17:09:11.699+0000] {logging_mixin.py:190} INFO - [2025-05-14T17:09:11.698+0000] {dag.py:4180} INFO - Setting next_dagrun for latest_only_with_trigger to 2025-05-14 12:00:00+00:00, run_after=2025-05-14 16:00:00+00:00
[2025-05-14T17:09:11.794+0000] {processor.py:208} INFO - Processing /home/airflow/.local/lib/python3.12/site-packages/airflow/example_dags/example_latest_only_with_trigger.py took 0.409 seconds
[2025-05-14T17:09:41.925+0000] {processor.py:186} INFO - Started process (PID=567) to work on /home/airflow/.local/lib/python3.12/site-packages/airflow/example_dags/example_latest_only_with_trigger.py
[2025-05-14T17:09:41.929+0000] {processor.py:914} INFO - Processing file /home/airflow/.local/lib/python3.12/site-packages/airflow/example_dags/example_latest_only_with_trigger.py for tasks to queue
[2025-05-14T17:09:41.934+0000] {logging_mixin.py:190} INFO - [2025-05-14T17:09:41.933+0000] {dagbag.py:588} INFO - Filling up the DagBag from /home/airflow/.local/lib/python3.12/site-packages/airflow/example_dags/example_latest_only_with_trigger.py
[2025-05-14T17:09:41.946+0000] {processor.py:925} INFO - DAG(s) 'latest_only_with_trigger' retrieved from /home/airflow/.local/lib/python3.12/site-packages/airflow/example_dags/example_latest_only_with_trigger.py
[2025-05-14T17:09:41.975+0000] {logging_mixin.py:190} INFO - [2025-05-14T17:09:41.975+0000] {dag.py:3239} INFO - Sync 1 DAGs
[2025-05-14T17:09:42.008+0000] {logging_mixin.py:190} INFO - [2025-05-14T17:09:42.008+0000] {dag.py:4180} INFO - Setting next_dagrun for latest_only_with_trigger to 2025-05-14 12:00:00+00:00, run_after=2025-05-14 16:00:00+00:00
[2025-05-14T17:09:42.039+0000] {processor.py:208} INFO - Processing /home/airflow/.local/lib/python3.12/site-packages/airflow/example_dags/example_latest_only_with_trigger.py took 0.122 seconds
[2025-05-14T17:10:12.470+0000] {processor.py:186} INFO - Started process (PID=633) to work on /home/airflow/.local/lib/python3.12/site-packages/airflow/example_dags/example_latest_only_with_trigger.py
[2025-05-14T17:10:12.472+0000] {processor.py:914} INFO - Processing file /home/airflow/.local/lib/python3.12/site-packages/airflow/example_dags/example_latest_only_with_trigger.py for tasks to queue
[2025-05-14T17:10:12.477+0000] {logging_mixin.py:190} INFO - [2025-05-14T17:10:12.476+0000] {dagbag.py:588} INFO - Filling up the DagBag from /home/airflow/.local/lib/python3.12/site-packages/airflow/example_dags/example_latest_only_with_trigger.py
[2025-05-14T17:10:12.492+0000] {processor.py:925} INFO - DAG(s) 'latest_only_with_trigger' retrieved from /home/airflow/.local/lib/python3.12/site-packages/airflow/example_dags/example_latest_only_with_trigger.py
[2025-05-14T17:10:12.552+0000] {logging_mixin.py:190} INFO - [2025-05-14T17:10:12.551+0000] {dag.py:3239} INFO - Sync 1 DAGs
[2025-05-14T17:10:12.681+0000] {logging_mixin.py:190} INFO - [2025-05-14T17:10:12.680+0000] {dag.py:4180} INFO - Setting next_dagrun for latest_only_with_trigger to 2025-05-14 12:00:00+00:00, run_after=2025-05-14 16:00:00+00:00
[2025-05-14T17:10:12.805+0000] {processor.py:208} INFO - Processing /home/airflow/.local/lib/python3.12/site-packages/airflow/example_dags/example_latest_only_with_trigger.py took 0.346 seconds
[2025-05-14T17:10:43.009+0000] {processor.py:186} INFO - Started process (PID=699) to work on /home/airflow/.local/lib/python3.12/site-packages/airflow/example_dags/example_latest_only_with_trigger.py
[2025-05-14T17:10:43.010+0000] {processor.py:914} INFO - Processing file /home/airflow/.local/lib/python3.12/site-packages/airflow/example_dags/example_latest_only_with_trigger.py for tasks to queue
[2025-05-14T17:10:43.014+0000] {logging_mixin.py:190} INFO - [2025-05-14T17:10:43.013+0000] {dagbag.py:588} INFO - Filling up the DagBag from /home/airflow/.local/lib/python3.12/site-packages/airflow/example_dags/example_latest_only_with_trigger.py
[2025-05-14T17:10:43.025+0000] {processor.py:925} INFO - DAG(s) 'latest_only_with_trigger' retrieved from /home/airflow/.local/lib/python3.12/site-packages/airflow/example_dags/example_latest_only_with_trigger.py
[2025-05-14T17:10:43.085+0000] {logging_mixin.py:190} INFO - [2025-05-14T17:10:43.085+0000] {dag.py:3239} INFO - Sync 1 DAGs
[2025-05-14T17:10:43.137+0000] {logging_mixin.py:190} INFO - [2025-05-14T17:10:43.136+0000] {dag.py:4180} INFO - Setting next_dagrun for latest_only_with_trigger to 2025-05-14 12:00:00+00:00, run_after=2025-05-14 16:00:00+00:00
[2025-05-14T17:10:43.189+0000] {processor.py:208} INFO - Processing /home/airflow/.local/lib/python3.12/site-packages/airflow/example_dags/example_latest_only_with_trigger.py took 0.188 seconds
[2025-05-14T17:11:13.842+0000] {processor.py:186} INFO - Started process (PID=764) to work on /home/airflow/.local/lib/python3.12/site-packages/airflow/example_dags/example_latest_only_with_trigger.py
[2025-05-14T17:11:13.844+0000] {processor.py:914} INFO - Processing file /home/airflow/.local/lib/python3.12/site-packages/airflow/example_dags/example_latest_only_with_trigger.py for tasks to queue
[2025-05-14T17:11:13.848+0000] {logging_mixin.py:190} INFO - [2025-05-14T17:11:13.847+0000] {dagbag.py:588} INFO - Filling up the DagBag from /home/airflow/.local/lib/python3.12/site-packages/airflow/example_dags/example_latest_only_with_trigger.py
[2025-05-14T17:11:13.859+0000] {processor.py:925} INFO - DAG(s) 'latest_only_with_trigger' retrieved from /home/airflow/.local/lib/python3.12/site-packages/airflow/example_dags/example_latest_only_with_trigger.py
[2025-05-14T17:11:13.892+0000] {logging_mixin.py:190} INFO - [2025-05-14T17:11:13.892+0000] {dag.py:3239} INFO - Sync 1 DAGs
[2025-05-14T17:11:13.934+0000] {logging_mixin.py:190} INFO - [2025-05-14T17:11:13.933+0000] {dag.py:4180} INFO - Setting next_dagrun for latest_only_with_trigger to 2025-05-14 12:00:00+00:00, run_after=2025-05-14 16:00:00+00:00
[2025-05-14T17:11:13.968+0000] {processor.py:208} INFO - Processing /home/airflow/.local/lib/python3.12/site-packages/airflow/example_dags/example_latest_only_with_trigger.py took 0.137 seconds
[2025-05-14T17:11:44.426+0000] {processor.py:186} INFO - Started process (PID=831) to work on /home/airflow/.local/lib/python3.12/site-packages/airflow/example_dags/example_latest_only_with_trigger.py
[2025-05-14T17:11:44.428+0000] {processor.py:914} INFO - Processing file /home/airflow/.local/lib/python3.12/site-packages/airflow/example_dags/example_latest_only_with_trigger.py for tasks to queue
[2025-05-14T17:11:44.431+0000] {logging_mixin.py:190} INFO - [2025-05-14T17:11:44.431+0000] {dagbag.py:588} INFO - Filling up the DagBag from /home/airflow/.local/lib/python3.12/site-packages/airflow/example_dags/example_latest_only_with_trigger.py
[2025-05-14T17:11:44.444+0000] {processor.py:925} INFO - DAG(s) 'latest_only_with_trigger' retrieved from /home/airflow/.local/lib/python3.12/site-packages/airflow/example_dags/example_latest_only_with_trigger.py
[2025-05-14T17:11:44.474+0000] {logging_mixin.py:190} INFO - [2025-05-14T17:11:44.474+0000] {dag.py:3239} INFO - Sync 1 DAGs
[2025-05-14T17:11:44.512+0000] {logging_mixin.py:190} INFO - [2025-05-14T17:11:44.512+0000] {dag.py:4180} INFO - Setting next_dagrun for latest_only_with_trigger to 2025-05-14 12:00:00+00:00, run_after=2025-05-14 16:00:00+00:00
[2025-05-14T17:11:44.543+0000] {processor.py:208} INFO - Processing /home/airflow/.local/lib/python3.12/site-packages/airflow/example_dags/example_latest_only_with_trigger.py took 0.127 seconds
[2025-05-14T17:12:16.137+0000] {processor.py:186} INFO - Started process (PID=897) to work on /home/airflow/.local/lib/python3.12/site-packages/airflow/example_dags/example_latest_only_with_trigger.py
[2025-05-14T17:12:16.139+0000] {processor.py:914} INFO - Processing file /home/airflow/.local/lib/python3.12/site-packages/airflow/example_dags/example_latest_only_with_trigger.py for tasks to queue
[2025-05-14T17:12:16.158+0000] {logging_mixin.py:190} INFO - [2025-05-14T17:12:16.156+0000] {dagbag.py:588} INFO - Filling up the DagBag from /home/airflow/.local/lib/python3.12/site-packages/airflow/example_dags/example_latest_only_with_trigger.py
[2025-05-14T17:12:16.192+0000] {processor.py:925} INFO - DAG(s) 'latest_only_with_trigger' retrieved from /home/airflow/.local/lib/python3.12/site-packages/airflow/example_dags/example_latest_only_with_trigger.py
[2025-05-14T17:12:16.279+0000] {logging_mixin.py:190} INFO - [2025-05-14T17:12:16.278+0000] {dag.py:3239} INFO - Sync 1 DAGs
[2025-05-14T17:12:16.435+0000] {logging_mixin.py:190} INFO - [2025-05-14T17:12:16.435+0000] {dag.py:4180} INFO - Setting next_dagrun for latest_only_with_trigger to 2025-05-14 12:00:00+00:00, run_after=2025-05-14 16:00:00+00:00
[2025-05-14T17:12:16.615+0000] {processor.py:208} INFO - Processing /home/airflow/.local/lib/python3.12/site-packages/airflow/example_dags/example_latest_only_with_trigger.py took 0.514 seconds
[2025-05-14T17:12:47.145+0000] {processor.py:186} INFO - Started process (PID=963) to work on /home/airflow/.local/lib/python3.12/site-packages/airflow/example_dags/example_latest_only_with_trigger.py
[2025-05-14T17:12:47.147+0000] {processor.py:914} INFO - Processing file /home/airflow/.local/lib/python3.12/site-packages/airflow/example_dags/example_latest_only_with_trigger.py for tasks to queue
[2025-05-14T17:12:47.152+0000] {logging_mixin.py:190} INFO - [2025-05-14T17:12:47.151+0000] {dagbag.py:588} INFO - Filling up the DagBag from /home/airflow/.local/lib/python3.12/site-packages/airflow/example_dags/example_latest_only_with_trigger.py
[2025-05-14T17:12:47.168+0000] {processor.py:925} INFO - DAG(s) 'latest_only_with_trigger' retrieved from /home/airflow/.local/lib/python3.12/site-packages/airflow/example_dags/example_latest_only_with_trigger.py
[2025-05-14T17:12:47.203+0000] {logging_mixin.py:190} INFO - [2025-05-14T17:12:47.203+0000] {dag.py:3239} INFO - Sync 1 DAGs
[2025-05-14T17:12:47.244+0000] {logging_mixin.py:190} INFO - [2025-05-14T17:12:47.243+0000] {dag.py:4180} INFO - Setting next_dagrun for latest_only_with_trigger to 2025-05-14 12:00:00+00:00, run_after=2025-05-14 16:00:00+00:00
[2025-05-14T17:12:47.276+0000] {processor.py:208} INFO - Processing /home/airflow/.local/lib/python3.12/site-packages/airflow/example_dags/example_latest_only_with_trigger.py took 0.143 seconds
[2025-05-14T17:13:18.602+0000] {processor.py:186} INFO - Started process (PID=1029) to work on /home/airflow/.local/lib/python3.12/site-packages/airflow/example_dags/example_latest_only_with_trigger.py
[2025-05-14T17:13:18.604+0000] {processor.py:914} INFO - Processing file /home/airflow/.local/lib/python3.12/site-packages/airflow/example_dags/example_latest_only_with_trigger.py for tasks to queue
[2025-05-14T17:13:18.614+0000] {logging_mixin.py:190} INFO - [2025-05-14T17:13:18.612+0000] {dagbag.py:588} INFO - Filling up the DagBag from /home/airflow/.local/lib/python3.12/site-packages/airflow/example_dags/example_latest_only_with_trigger.py
[2025-05-14T17:13:18.631+0000] {processor.py:925} INFO - DAG(s) 'latest_only_with_trigger' retrieved from /home/airflow/.local/lib/python3.12/site-packages/airflow/example_dags/example_latest_only_with_trigger.py
[2025-05-14T17:13:18.710+0000] {logging_mixin.py:190} INFO - [2025-05-14T17:13:18.710+0000] {dag.py:3239} INFO - Sync 1 DAGs
[2025-05-14T17:13:18.774+0000] {logging_mixin.py:190} INFO - [2025-05-14T17:13:18.774+0000] {dag.py:4180} INFO - Setting next_dagrun for latest_only_with_trigger to 2025-05-14 12:00:00+00:00, run_after=2025-05-14 16:00:00+00:00
[2025-05-14T17:13:18.839+0000] {processor.py:208} INFO - Processing /home/airflow/.local/lib/python3.12/site-packages/airflow/example_dags/example_latest_only_with_trigger.py took 0.257 seconds
[2025-05-14T17:13:49.693+0000] {processor.py:186} INFO - Started process (PID=1095) to work on /home/airflow/.local/lib/python3.12/site-packages/airflow/example_dags/example_latest_only_with_trigger.py
[2025-05-14T17:13:49.695+0000] {processor.py:914} INFO - Processing file /home/airflow/.local/lib/python3.12/site-packages/airflow/example_dags/example_latest_only_with_trigger.py for tasks to queue
[2025-05-14T17:13:49.700+0000] {logging_mixin.py:190} INFO - [2025-05-14T17:13:49.699+0000] {dagbag.py:588} INFO - Filling up the DagBag from /home/airflow/.local/lib/python3.12/site-packages/airflow/example_dags/example_latest_only_with_trigger.py
[2025-05-14T17:13:49.714+0000] {processor.py:925} INFO - DAG(s) 'latest_only_with_trigger' retrieved from /home/airflow/.local/lib/python3.12/site-packages/airflow/example_dags/example_latest_only_with_trigger.py
[2025-05-14T17:13:49.755+0000] {logging_mixin.py:190} INFO - [2025-05-14T17:13:49.755+0000] {dag.py:3239} INFO - Sync 1 DAGs
[2025-05-14T17:13:49.802+0000] {logging_mixin.py:190} INFO - [2025-05-14T17:13:49.801+0000] {dag.py:4180} INFO - Setting next_dagrun for latest_only_with_trigger to 2025-05-14 12:00:00+00:00, run_after=2025-05-14 16:00:00+00:00
[2025-05-14T17:13:49.848+0000] {processor.py:208} INFO - Processing /home/airflow/.local/lib/python3.12/site-packages/airflow/example_dags/example_latest_only_with_trigger.py took 0.167 seconds
[2025-05-14T17:14:20.852+0000] {processor.py:186} INFO - Started process (PID=1160) to work on /home/airflow/.local/lib/python3.12/site-packages/airflow/example_dags/example_latest_only_with_trigger.py
[2025-05-14T17:14:20.854+0000] {processor.py:914} INFO - Processing file /home/airflow/.local/lib/python3.12/site-packages/airflow/example_dags/example_latest_only_with_trigger.py for tasks to queue
[2025-05-14T17:14:20.858+0000] {logging_mixin.py:190} INFO - [2025-05-14T17:14:20.857+0000] {dagbag.py:588} INFO - Filling up the DagBag from /home/airflow/.local/lib/python3.12/site-packages/airflow/example_dags/example_latest_only_with_trigger.py
[2025-05-14T17:14:20.878+0000] {processor.py:925} INFO - DAG(s) 'latest_only_with_trigger' retrieved from /home/airflow/.local/lib/python3.12/site-packages/airflow/example_dags/example_latest_only_with_trigger.py
[2025-05-14T17:14:20.913+0000] {logging_mixin.py:190} INFO - [2025-05-14T17:14:20.912+0000] {dag.py:3239} INFO - Sync 1 DAGs
[2025-05-14T17:14:20.956+0000] {logging_mixin.py:190} INFO - [2025-05-14T17:14:20.956+0000] {dag.py:4180} INFO - Setting next_dagrun for latest_only_with_trigger to 2025-05-14 12:00:00+00:00, run_after=2025-05-14 16:00:00+00:00
[2025-05-14T17:14:20.986+0000] {processor.py:208} INFO - Processing /home/airflow/.local/lib/python3.12/site-packages/airflow/example_dags/example_latest_only_with_trigger.py took 0.150 seconds
[2025-05-14T17:14:51.365+0000] {processor.py:186} INFO - Started process (PID=1222) to work on /home/airflow/.local/lib/python3.12/site-packages/airflow/example_dags/example_latest_only_with_trigger.py
[2025-05-14T17:14:51.371+0000] {processor.py:914} INFO - Processing file /home/airflow/.local/lib/python3.12/site-packages/airflow/example_dags/example_latest_only_with_trigger.py for tasks to queue
[2025-05-14T17:14:51.376+0000] {logging_mixin.py:190} INFO - [2025-05-14T17:14:51.375+0000] {dagbag.py:588} INFO - Filling up the DagBag from /home/airflow/.local/lib/python3.12/site-packages/airflow/example_dags/example_latest_only_with_trigger.py
[2025-05-14T17:14:51.401+0000] {processor.py:925} INFO - DAG(s) 'latest_only_with_trigger' retrieved from /home/airflow/.local/lib/python3.12/site-packages/airflow/example_dags/example_latest_only_with_trigger.py
[2025-05-14T17:14:51.469+0000] {logging_mixin.py:190} INFO - [2025-05-14T17:14:51.469+0000] {dag.py:3239} INFO - Sync 1 DAGs
[2025-05-14T17:14:51.575+0000] {logging_mixin.py:190} INFO - [2025-05-14T17:14:51.574+0000] {dag.py:4180} INFO - Setting next_dagrun for latest_only_with_trigger to 2025-05-14 12:00:00+00:00, run_after=2025-05-14 16:00:00+00:00
[2025-05-14T17:14:51.629+0000] {processor.py:208} INFO - Processing /home/airflow/.local/lib/python3.12/site-packages/airflow/example_dags/example_latest_only_with_trigger.py took 0.302 seconds
