[2025-05-14T17:00:32.116+0000] {processor.py:186} INFO - Started process (PID=141) to work on /home/airflow/.local/lib/python3.12/site-packages/airflow/example_dags/example_branch_operator.py
[2025-05-14T17:00:32.119+0000] {processor.py:914} INFO - Processing file /home/airflow/.local/lib/python3.12/site-packages/airflow/example_dags/example_branch_operator.py for tasks to queue
[2025-05-14T17:00:32.127+0000] {logging_mixin.py:190} INFO - [2025-05-14T17:00:32.125+0000] {dagbag.py:588} INFO - Filling up the DagBag from /home/airflow/.local/lib/python3.12/site-packages/airflow/example_dags/example_branch_operator.py
[2025-05-14T17:00:32.184+0000] {processor.py:925} INFO - DAG(s) 'example_branch_operator' retrieved from /home/airflow/.local/lib/python3.12/site-packages/airflow/example_dags/example_branch_operator.py
[2025-05-14T17:00:32.550+0000] {logging_mixin.py:190} INFO - [2025-05-14T17:00:32.550+0000] {dag.py:3239} INFO - Sync 1 DAGs
[2025-05-14T17:00:32.643+0000] {logging_mixin.py:190} INFO - [2025-05-14T17:00:32.642+0000] {dag.py:4180} INFO - Setting next_dagrun for example_branch_operator to 2025-05-13 00:00:00+00:00, run_after=2025-05-14 00:00:00+00:00
[2025-05-14T17:00:32.733+0000] {processor.py:208} INFO - Processing /home/airflow/.local/lib/python3.12/site-packages/airflow/example_dags/example_branch_operator.py took 0.638 seconds
[2025-05-14T17:01:05.162+0000] {processor.py:186} INFO - Started process (PID=206) to work on /home/airflow/.local/lib/python3.12/site-packages/airflow/example_dags/example_branch_operator.py
[2025-05-14T17:01:05.178+0000] {processor.py:914} INFO - Processing file /home/airflow/.local/lib/python3.12/site-packages/airflow/example_dags/example_branch_operator.py for tasks to queue
[2025-05-14T17:01:05.197+0000] {logging_mixin.py:190} INFO - [2025-05-14T17:01:05.196+0000] {dagbag.py:588} INFO - Filling up the DagBag from /home/airflow/.local/lib/python3.12/site-packages/airflow/example_dags/example_branch_operator.py
[2025-05-14T17:01:05.301+0000] {processor.py:925} INFO - DAG(s) 'example_branch_operator' retrieved from /home/airflow/.local/lib/python3.12/site-packages/airflow/example_dags/example_branch_operator.py
[2025-05-14T17:01:05.546+0000] {logging_mixin.py:190} INFO - [2025-05-14T17:01:05.546+0000] {dag.py:3239} INFO - Sync 1 DAGs
[2025-05-14T17:01:05.880+0000] {logging_mixin.py:190} INFO - [2025-05-14T17:01:05.879+0000] {dag.py:4180} INFO - Setting next_dagrun for example_branch_operator to 2025-05-13 00:00:00+00:00, run_after=2025-05-14 00:00:00+00:00
[2025-05-14T17:01:06.175+0000] {processor.py:208} INFO - Processing /home/airflow/.local/lib/python3.12/site-packages/airflow/example_dags/example_branch_operator.py took 1.047 seconds
[2025-05-14T17:01:36.580+0000] {processor.py:186} INFO - Started process (PID=273) to work on /home/airflow/.local/lib/python3.12/site-packages/airflow/example_dags/example_branch_operator.py
[2025-05-14T17:01:36.584+0000] {processor.py:914} INFO - Processing file /home/airflow/.local/lib/python3.12/site-packages/airflow/example_dags/example_branch_operator.py for tasks to queue
[2025-05-14T17:01:36.590+0000] {logging_mixin.py:190} INFO - [2025-05-14T17:01:36.589+0000] {dagbag.py:588} INFO - Filling up the DagBag from /home/airflow/.local/lib/python3.12/site-packages/airflow/example_dags/example_branch_operator.py
[2025-05-14T17:01:36.653+0000] {processor.py:925} INFO - DAG(s) 'example_branch_operator' retrieved from /home/airflow/.local/lib/python3.12/site-packages/airflow/example_dags/example_branch_operator.py
[2025-05-14T17:01:36.815+0000] {logging_mixin.py:190} INFO - [2025-05-14T17:01:36.814+0000] {dag.py:3239} INFO - Sync 1 DAGs
[2025-05-14T17:01:36.904+0000] {logging_mixin.py:190} INFO - [2025-05-14T17:01:36.904+0000] {dag.py:4180} INFO - Setting next_dagrun for example_branch_operator to 2025-05-13 00:00:00+00:00, run_after=2025-05-14 00:00:00+00:00
[2025-05-14T17:01:36.958+0000] {processor.py:208} INFO - Processing /home/airflow/.local/lib/python3.12/site-packages/airflow/example_dags/example_branch_operator.py took 0.397 seconds
[2025-05-14T17:02:12.987+0000] {processor.py:186} INFO - Started process (PID=339) to work on /home/airflow/.local/lib/python3.12/site-packages/airflow/example_dags/example_branch_operator.py
[2025-05-14T17:02:12.990+0000] {processor.py:914} INFO - Processing file /home/airflow/.local/lib/python3.12/site-packages/airflow/example_dags/example_branch_operator.py for tasks to queue
[2025-05-14T17:02:13.015+0000] {logging_mixin.py:190} INFO - [2025-05-14T17:02:13.009+0000] {dagbag.py:588} INFO - Filling up the DagBag from /home/airflow/.local/lib/python3.12/site-packages/airflow/example_dags/example_branch_operator.py
[2025-05-14T17:02:13.196+0000] {processor.py:925} INFO - DAG(s) 'example_branch_operator' retrieved from /home/airflow/.local/lib/python3.12/site-packages/airflow/example_dags/example_branch_operator.py
[2025-05-14T17:02:13.429+0000] {logging_mixin.py:190} INFO - [2025-05-14T17:02:13.429+0000] {dag.py:3239} INFO - Sync 1 DAGs
[2025-05-14T17:02:13.605+0000] {logging_mixin.py:190} INFO - [2025-05-14T17:02:13.604+0000] {dag.py:4180} INFO - Setting next_dagrun for example_branch_operator to 2025-05-13 00:00:00+00:00, run_after=2025-05-14 00:00:00+00:00
[2025-05-14T17:02:13.687+0000] {processor.py:208} INFO - Processing /home/airflow/.local/lib/python3.12/site-packages/airflow/example_dags/example_branch_operator.py took 0.721 seconds
[2025-05-14T17:02:44.078+0000] {processor.py:186} INFO - Started process (PID=405) to work on /home/airflow/.local/lib/python3.12/site-packages/airflow/example_dags/example_branch_operator.py
[2025-05-14T17:02:44.081+0000] {processor.py:914} INFO - Processing file /home/airflow/.local/lib/python3.12/site-packages/airflow/example_dags/example_branch_operator.py for tasks to queue
[2025-05-14T17:02:44.094+0000] {logging_mixin.py:190} INFO - [2025-05-14T17:02:44.092+0000] {dagbag.py:588} INFO - Filling up the DagBag from /home/airflow/.local/lib/python3.12/site-packages/airflow/example_dags/example_branch_operator.py
[2025-05-14T17:02:44.138+0000] {processor.py:925} INFO - DAG(s) 'example_branch_operator' retrieved from /home/airflow/.local/lib/python3.12/site-packages/airflow/example_dags/example_branch_operator.py
[2025-05-14T17:02:44.223+0000] {logging_mixin.py:190} INFO - [2025-05-14T17:02:44.222+0000] {dag.py:3239} INFO - Sync 1 DAGs
[2025-05-14T17:02:44.274+0000] {logging_mixin.py:190} INFO - [2025-05-14T17:02:44.273+0000] {dag.py:4180} INFO - Setting next_dagrun for example_branch_operator to 2025-05-13 00:00:00+00:00, run_after=2025-05-14 00:00:00+00:00
[2025-05-14T17:02:44.334+0000] {processor.py:208} INFO - Processing /home/airflow/.local/lib/python3.12/site-packages/airflow/example_dags/example_branch_operator.py took 0.276 seconds
[2025-05-14T17:06:03.875+0000] {processor.py:186} INFO - Started process (PID=127) to work on /home/airflow/.local/lib/python3.12/site-packages/airflow/example_dags/example_branch_operator.py
[2025-05-14T17:06:03.879+0000] {processor.py:914} INFO - Processing file /home/airflow/.local/lib/python3.12/site-packages/airflow/example_dags/example_branch_operator.py for tasks to queue
[2025-05-14T17:06:03.896+0000] {logging_mixin.py:190} INFO - [2025-05-14T17:06:03.895+0000] {dagbag.py:588} INFO - Filling up the DagBag from /home/airflow/.local/lib/python3.12/site-packages/airflow/example_dags/example_branch_operator.py
[2025-05-14T17:06:04.098+0000] {processor.py:925} INFO - DAG(s) 'example_branch_operator' retrieved from /home/airflow/.local/lib/python3.12/site-packages/airflow/example_dags/example_branch_operator.py
[2025-05-14T17:06:05.080+0000] {logging_mixin.py:190} INFO - [2025-05-14T17:06:05.077+0000] {dag.py:3239} INFO - Sync 1 DAGs
[2025-05-14T17:06:05.213+0000] {logging_mixin.py:190} INFO - [2025-05-14T17:06:05.212+0000] {dag.py:4180} INFO - Setting next_dagrun for example_branch_operator to 2025-05-13 00:00:00+00:00, run_after=2025-05-14 00:00:00+00:00
[2025-05-14T17:06:05.350+0000] {processor.py:208} INFO - Processing /home/airflow/.local/lib/python3.12/site-packages/airflow/example_dags/example_branch_operator.py took 1.505 seconds
[2025-05-14T17:06:41.363+0000] {processor.py:186} INFO - Started process (PID=193) to work on /home/airflow/.local/lib/python3.12/site-packages/airflow/example_dags/example_branch_operator.py
[2025-05-14T17:06:41.398+0000] {processor.py:914} INFO - Processing file /home/airflow/.local/lib/python3.12/site-packages/airflow/example_dags/example_branch_operator.py for tasks to queue
[2025-05-14T17:06:41.455+0000] {logging_mixin.py:190} INFO - [2025-05-14T17:06:41.454+0000] {dagbag.py:588} INFO - Filling up the DagBag from /home/airflow/.local/lib/python3.12/site-packages/airflow/example_dags/example_branch_operator.py
[2025-05-14T17:06:41.643+0000] {processor.py:925} INFO - DAG(s) 'example_branch_operator' retrieved from /home/airflow/.local/lib/python3.12/site-packages/airflow/example_dags/example_branch_operator.py
[2025-05-14T17:06:42.000+0000] {logging_mixin.py:190} INFO - [2025-05-14T17:06:41.999+0000] {dag.py:3239} INFO - Sync 1 DAGs
[2025-05-14T17:06:42.321+0000] {logging_mixin.py:190} INFO - [2025-05-14T17:06:42.320+0000] {dag.py:4180} INFO - Setting next_dagrun for example_branch_operator to 2025-05-13 00:00:00+00:00, run_after=2025-05-14 00:00:00+00:00
[2025-05-14T17:06:42.494+0000] {processor.py:208} INFO - Processing /home/airflow/.local/lib/python3.12/site-packages/airflow/example_dags/example_branch_operator.py took 1.175 seconds
[2025-05-14T17:07:13.036+0000] {processor.py:186} INFO - Started process (PID=258) to work on /home/airflow/.local/lib/python3.12/site-packages/airflow/example_dags/example_branch_operator.py
[2025-05-14T17:07:13.038+0000] {processor.py:914} INFO - Processing file /home/airflow/.local/lib/python3.12/site-packages/airflow/example_dags/example_branch_operator.py for tasks to queue
[2025-05-14T17:07:13.042+0000] {logging_mixin.py:190} INFO - [2025-05-14T17:07:13.041+0000] {dagbag.py:588} INFO - Filling up the DagBag from /home/airflow/.local/lib/python3.12/site-packages/airflow/example_dags/example_branch_operator.py
[2025-05-14T17:07:13.077+0000] {processor.py:925} INFO - DAG(s) 'example_branch_operator' retrieved from /home/airflow/.local/lib/python3.12/site-packages/airflow/example_dags/example_branch_operator.py
[2025-05-14T17:07:13.145+0000] {logging_mixin.py:190} INFO - [2025-05-14T17:07:13.144+0000] {dag.py:3239} INFO - Sync 1 DAGs
[2025-05-14T17:07:13.200+0000] {logging_mixin.py:190} INFO - [2025-05-14T17:07:13.199+0000] {dag.py:4180} INFO - Setting next_dagrun for example_branch_operator to 2025-05-13 00:00:00+00:00, run_after=2025-05-14 00:00:00+00:00
[2025-05-14T17:07:13.251+0000] {processor.py:208} INFO - Processing /home/airflow/.local/lib/python3.12/site-packages/airflow/example_dags/example_branch_operator.py took 0.224 seconds
[2025-05-14T17:07:43.618+0000] {processor.py:186} INFO - Started process (PID=326) to work on /home/airflow/.local/lib/python3.12/site-packages/airflow/example_dags/example_branch_operator.py
[2025-05-14T17:07:43.620+0000] {processor.py:914} INFO - Processing file /home/airflow/.local/lib/python3.12/site-packages/airflow/example_dags/example_branch_operator.py for tasks to queue
[2025-05-14T17:07:43.624+0000] {logging_mixin.py:190} INFO - [2025-05-14T17:07:43.624+0000] {dagbag.py:588} INFO - Filling up the DagBag from /home/airflow/.local/lib/python3.12/site-packages/airflow/example_dags/example_branch_operator.py
[2025-05-14T17:07:43.654+0000] {processor.py:925} INFO - DAG(s) 'example_branch_operator' retrieved from /home/airflow/.local/lib/python3.12/site-packages/airflow/example_dags/example_branch_operator.py
[2025-05-14T17:07:43.721+0000] {logging_mixin.py:190} INFO - [2025-05-14T17:07:43.720+0000] {dag.py:3239} INFO - Sync 1 DAGs
[2025-05-14T17:07:43.782+0000] {logging_mixin.py:190} INFO - [2025-05-14T17:07:43.782+0000] {dag.py:4180} INFO - Setting next_dagrun for example_branch_operator to 2025-05-13 00:00:00+00:00, run_after=2025-05-14 00:00:00+00:00
[2025-05-14T17:07:43.867+0000] {processor.py:208} INFO - Processing /home/airflow/.local/lib/python3.12/site-packages/airflow/example_dags/example_branch_operator.py took 0.259 seconds
[2025-05-14T17:08:14.310+0000] {processor.py:186} INFO - Started process (PID=392) to work on /home/airflow/.local/lib/python3.12/site-packages/airflow/example_dags/example_branch_operator.py
[2025-05-14T17:08:14.314+0000] {processor.py:914} INFO - Processing file /home/airflow/.local/lib/python3.12/site-packages/airflow/example_dags/example_branch_operator.py for tasks to queue
[2025-05-14T17:08:14.324+0000] {logging_mixin.py:190} INFO - [2025-05-14T17:08:14.323+0000] {dagbag.py:588} INFO - Filling up the DagBag from /home/airflow/.local/lib/python3.12/site-packages/airflow/example_dags/example_branch_operator.py
[2025-05-14T17:08:14.382+0000] {processor.py:925} INFO - DAG(s) 'example_branch_operator' retrieved from /home/airflow/.local/lib/python3.12/site-packages/airflow/example_dags/example_branch_operator.py
[2025-05-14T17:08:14.492+0000] {logging_mixin.py:190} INFO - [2025-05-14T17:08:14.491+0000] {dag.py:3239} INFO - Sync 1 DAGs
[2025-05-14T17:08:14.623+0000] {logging_mixin.py:190} INFO - [2025-05-14T17:08:14.622+0000] {dag.py:4180} INFO - Setting next_dagrun for example_branch_operator to 2025-05-13 00:00:00+00:00, run_after=2025-05-14 00:00:00+00:00
[2025-05-14T17:08:14.714+0000] {processor.py:208} INFO - Processing /home/airflow/.local/lib/python3.12/site-packages/airflow/example_dags/example_branch_operator.py took 0.437 seconds
[2025-05-14T17:08:45.631+0000] {processor.py:186} INFO - Started process (PID=458) to work on /home/airflow/.local/lib/python3.12/site-packages/airflow/example_dags/example_branch_operator.py
[2025-05-14T17:08:45.633+0000] {processor.py:914} INFO - Processing file /home/airflow/.local/lib/python3.12/site-packages/airflow/example_dags/example_branch_operator.py for tasks to queue
[2025-05-14T17:08:45.636+0000] {logging_mixin.py:190} INFO - [2025-05-14T17:08:45.635+0000] {dagbag.py:588} INFO - Filling up the DagBag from /home/airflow/.local/lib/python3.12/site-packages/airflow/example_dags/example_branch_operator.py
[2025-05-14T17:08:45.682+0000] {processor.py:925} INFO - DAG(s) 'example_branch_operator' retrieved from /home/airflow/.local/lib/python3.12/site-packages/airflow/example_dags/example_branch_operator.py
[2025-05-14T17:08:45.743+0000] {logging_mixin.py:190} INFO - [2025-05-14T17:08:45.743+0000] {dag.py:3239} INFO - Sync 1 DAGs
[2025-05-14T17:08:45.787+0000] {logging_mixin.py:190} INFO - [2025-05-14T17:08:45.786+0000] {dag.py:4180} INFO - Setting next_dagrun for example_branch_operator to 2025-05-13 00:00:00+00:00, run_after=2025-05-14 00:00:00+00:00
[2025-05-14T17:08:45.828+0000] {processor.py:208} INFO - Processing /home/airflow/.local/lib/python3.12/site-packages/airflow/example_dags/example_branch_operator.py took 0.205 seconds
[2025-05-14T17:09:22.368+0000] {processor.py:186} INFO - Started process (PID=524) to work on /home/airflow/.local/lib/python3.12/site-packages/airflow/example_dags/example_branch_operator.py
[2025-05-14T17:09:22.372+0000] {processor.py:914} INFO - Processing file /home/airflow/.local/lib/python3.12/site-packages/airflow/example_dags/example_branch_operator.py for tasks to queue
[2025-05-14T17:09:22.379+0000] {logging_mixin.py:190} INFO - [2025-05-14T17:09:22.377+0000] {dagbag.py:588} INFO - Filling up the DagBag from /home/airflow/.local/lib/python3.12/site-packages/airflow/example_dags/example_branch_operator.py
[2025-05-14T17:09:22.430+0000] {processor.py:925} INFO - DAG(s) 'example_branch_operator' retrieved from /home/airflow/.local/lib/python3.12/site-packages/airflow/example_dags/example_branch_operator.py
[2025-05-14T17:09:22.543+0000] {logging_mixin.py:190} INFO - [2025-05-14T17:09:22.543+0000] {dag.py:3239} INFO - Sync 1 DAGs
[2025-05-14T17:09:22.631+0000] {logging_mixin.py:190} INFO - [2025-05-14T17:09:22.631+0000] {dag.py:4180} INFO - Setting next_dagrun for example_branch_operator to 2025-05-13 00:00:00+00:00, run_after=2025-05-14 00:00:00+00:00
[2025-05-14T17:09:22.721+0000] {processor.py:208} INFO - Processing /home/airflow/.local/lib/python3.12/site-packages/airflow/example_dags/example_branch_operator.py took 0.373 seconds
[2025-05-14T17:09:53.664+0000] {processor.py:186} INFO - Started process (PID=591) to work on /home/airflow/.local/lib/python3.12/site-packages/airflow/example_dags/example_branch_operator.py
[2025-05-14T17:09:53.665+0000] {processor.py:914} INFO - Processing file /home/airflow/.local/lib/python3.12/site-packages/airflow/example_dags/example_branch_operator.py for tasks to queue
[2025-05-14T17:09:53.669+0000] {logging_mixin.py:190} INFO - [2025-05-14T17:09:53.669+0000] {dagbag.py:588} INFO - Filling up the DagBag from /home/airflow/.local/lib/python3.12/site-packages/airflow/example_dags/example_branch_operator.py
[2025-05-14T17:09:53.702+0000] {processor.py:925} INFO - DAG(s) 'example_branch_operator' retrieved from /home/airflow/.local/lib/python3.12/site-packages/airflow/example_dags/example_branch_operator.py
[2025-05-14T17:09:53.761+0000] {logging_mixin.py:190} INFO - [2025-05-14T17:09:53.760+0000] {dag.py:3239} INFO - Sync 1 DAGs
[2025-05-14T17:09:53.818+0000] {logging_mixin.py:190} INFO - [2025-05-14T17:09:53.818+0000] {dag.py:4180} INFO - Setting next_dagrun for example_branch_operator to 2025-05-13 00:00:00+00:00, run_after=2025-05-14 00:00:00+00:00
[2025-05-14T17:09:53.881+0000] {processor.py:208} INFO - Processing /home/airflow/.local/lib/python3.12/site-packages/airflow/example_dags/example_branch_operator.py took 0.227 seconds
[2025-05-14T17:10:25.169+0000] {processor.py:186} INFO - Started process (PID=657) to work on /home/airflow/.local/lib/python3.12/site-packages/airflow/example_dags/example_branch_operator.py
[2025-05-14T17:10:25.171+0000] {processor.py:914} INFO - Processing file /home/airflow/.local/lib/python3.12/site-packages/airflow/example_dags/example_branch_operator.py for tasks to queue
[2025-05-14T17:10:25.176+0000] {logging_mixin.py:190} INFO - [2025-05-14T17:10:25.175+0000] {dagbag.py:588} INFO - Filling up the DagBag from /home/airflow/.local/lib/python3.12/site-packages/airflow/example_dags/example_branch_operator.py
[2025-05-14T17:10:25.218+0000] {processor.py:925} INFO - DAG(s) 'example_branch_operator' retrieved from /home/airflow/.local/lib/python3.12/site-packages/airflow/example_dags/example_branch_operator.py
[2025-05-14T17:10:25.288+0000] {logging_mixin.py:190} INFO - [2025-05-14T17:10:25.288+0000] {dag.py:3239} INFO - Sync 1 DAGs
[2025-05-14T17:10:25.340+0000] {logging_mixin.py:190} INFO - [2025-05-14T17:10:25.340+0000] {dag.py:4180} INFO - Setting next_dagrun for example_branch_operator to 2025-05-13 00:00:00+00:00, run_after=2025-05-14 00:00:00+00:00
[2025-05-14T17:10:25.378+0000] {processor.py:208} INFO - Processing /home/airflow/.local/lib/python3.12/site-packages/airflow/example_dags/example_branch_operator.py took 0.224 seconds
[2025-05-14T17:10:55.833+0000] {processor.py:186} INFO - Started process (PID=723) to work on /home/airflow/.local/lib/python3.12/site-packages/airflow/example_dags/example_branch_operator.py
[2025-05-14T17:10:55.835+0000] {processor.py:914} INFO - Processing file /home/airflow/.local/lib/python3.12/site-packages/airflow/example_dags/example_branch_operator.py for tasks to queue
[2025-05-14T17:10:55.839+0000] {logging_mixin.py:190} INFO - [2025-05-14T17:10:55.838+0000] {dagbag.py:588} INFO - Filling up the DagBag from /home/airflow/.local/lib/python3.12/site-packages/airflow/example_dags/example_branch_operator.py
[2025-05-14T17:10:55.865+0000] {processor.py:925} INFO - DAG(s) 'example_branch_operator' retrieved from /home/airflow/.local/lib/python3.12/site-packages/airflow/example_dags/example_branch_operator.py
[2025-05-14T17:10:55.932+0000] {logging_mixin.py:190} INFO - [2025-05-14T17:10:55.932+0000] {dag.py:3239} INFO - Sync 1 DAGs
[2025-05-14T17:10:55.992+0000] {logging_mixin.py:190} INFO - [2025-05-14T17:10:55.992+0000] {dag.py:4180} INFO - Setting next_dagrun for example_branch_operator to 2025-05-13 00:00:00+00:00, run_after=2025-05-14 00:00:00+00:00
[2025-05-14T17:10:56.044+0000] {processor.py:208} INFO - Processing /home/airflow/.local/lib/python3.12/site-packages/airflow/example_dags/example_branch_operator.py took 0.227 seconds
[2025-05-14T17:11:26.415+0000] {processor.py:186} INFO - Started process (PID=787) to work on /home/airflow/.local/lib/python3.12/site-packages/airflow/example_dags/example_branch_operator.py
[2025-05-14T17:11:26.420+0000] {processor.py:914} INFO - Processing file /home/airflow/.local/lib/python3.12/site-packages/airflow/example_dags/example_branch_operator.py for tasks to queue
[2025-05-14T17:11:26.426+0000] {logging_mixin.py:190} INFO - [2025-05-14T17:11:26.425+0000] {dagbag.py:588} INFO - Filling up the DagBag from /home/airflow/.local/lib/python3.12/site-packages/airflow/example_dags/example_branch_operator.py
[2025-05-14T17:11:26.486+0000] {processor.py:925} INFO - DAG(s) 'example_branch_operator' retrieved from /home/airflow/.local/lib/python3.12/site-packages/airflow/example_dags/example_branch_operator.py
[2025-05-14T17:11:26.562+0000] {logging_mixin.py:190} INFO - [2025-05-14T17:11:26.562+0000] {dag.py:3239} INFO - Sync 1 DAGs
[2025-05-14T17:11:26.638+0000] {logging_mixin.py:190} INFO - [2025-05-14T17:11:26.637+0000] {dag.py:4180} INFO - Setting next_dagrun for example_branch_operator to 2025-05-13 00:00:00+00:00, run_after=2025-05-14 00:00:00+00:00
[2025-05-14T17:11:26.699+0000] {processor.py:208} INFO - Processing /home/airflow/.local/lib/python3.12/site-packages/airflow/example_dags/example_branch_operator.py took 0.313 seconds
[2025-05-14T17:11:57.190+0000] {processor.py:186} INFO - Started process (PID=854) to work on /home/airflow/.local/lib/python3.12/site-packages/airflow/example_dags/example_branch_operator.py
[2025-05-14T17:11:57.192+0000] {processor.py:914} INFO - Processing file /home/airflow/.local/lib/python3.12/site-packages/airflow/example_dags/example_branch_operator.py for tasks to queue
[2025-05-14T17:11:57.196+0000] {logging_mixin.py:190} INFO - [2025-05-14T17:11:57.196+0000] {dagbag.py:588} INFO - Filling up the DagBag from /home/airflow/.local/lib/python3.12/site-packages/airflow/example_dags/example_branch_operator.py
[2025-05-14T17:11:57.237+0000] {processor.py:925} INFO - DAG(s) 'example_branch_operator' retrieved from /home/airflow/.local/lib/python3.12/site-packages/airflow/example_dags/example_branch_operator.py
[2025-05-14T17:11:57.294+0000] {logging_mixin.py:190} INFO - [2025-05-14T17:11:57.294+0000] {dag.py:3239} INFO - Sync 1 DAGs
[2025-05-14T17:11:57.406+0000] {logging_mixin.py:190} INFO - [2025-05-14T17:11:57.405+0000] {dag.py:4180} INFO - Setting next_dagrun for example_branch_operator to 2025-05-13 00:00:00+00:00, run_after=2025-05-14 00:00:00+00:00
[2025-05-14T17:11:57.485+0000] {processor.py:208} INFO - Processing /home/airflow/.local/lib/python3.12/site-packages/airflow/example_dags/example_branch_operator.py took 0.306 seconds
[2025-05-14T17:12:27.729+0000] {processor.py:186} INFO - Started process (PID=920) to work on /home/airflow/.local/lib/python3.12/site-packages/airflow/example_dags/example_branch_operator.py
[2025-05-14T17:12:27.731+0000] {processor.py:914} INFO - Processing file /home/airflow/.local/lib/python3.12/site-packages/airflow/example_dags/example_branch_operator.py for tasks to queue
[2025-05-14T17:12:27.735+0000] {logging_mixin.py:190} INFO - [2025-05-14T17:12:27.734+0000] {dagbag.py:588} INFO - Filling up the DagBag from /home/airflow/.local/lib/python3.12/site-packages/airflow/example_dags/example_branch_operator.py
[2025-05-14T17:12:27.761+0000] {processor.py:925} INFO - DAG(s) 'example_branch_operator' retrieved from /home/airflow/.local/lib/python3.12/site-packages/airflow/example_dags/example_branch_operator.py
[2025-05-14T17:12:27.800+0000] {logging_mixin.py:190} INFO - [2025-05-14T17:12:27.800+0000] {dag.py:3239} INFO - Sync 1 DAGs
[2025-05-14T17:12:27.838+0000] {logging_mixin.py:190} INFO - [2025-05-14T17:12:27.838+0000] {dag.py:4180} INFO - Setting next_dagrun for example_branch_operator to 2025-05-13 00:00:00+00:00, run_after=2025-05-14 00:00:00+00:00
[2025-05-14T17:12:27.870+0000] {processor.py:208} INFO - Processing /home/airflow/.local/lib/python3.12/site-packages/airflow/example_dags/example_branch_operator.py took 0.150 seconds
[2025-05-14T17:12:58.997+0000] {processor.py:186} INFO - Started process (PID=986) to work on /home/airflow/.local/lib/python3.12/site-packages/airflow/example_dags/example_branch_operator.py
[2025-05-14T17:12:59.013+0000] {processor.py:914} INFO - Processing file /home/airflow/.local/lib/python3.12/site-packages/airflow/example_dags/example_branch_operator.py for tasks to queue
[2025-05-14T17:12:59.029+0000] {logging_mixin.py:190} INFO - [2025-05-14T17:12:59.029+0000] {dagbag.py:588} INFO - Filling up the DagBag from /home/airflow/.local/lib/python3.12/site-packages/airflow/example_dags/example_branch_operator.py
[2025-05-14T17:12:59.097+0000] {processor.py:925} INFO - DAG(s) 'example_branch_operator' retrieved from /home/airflow/.local/lib/python3.12/site-packages/airflow/example_dags/example_branch_operator.py
[2025-05-14T17:12:59.185+0000] {logging_mixin.py:190} INFO - [2025-05-14T17:12:59.184+0000] {dag.py:3239} INFO - Sync 1 DAGs
[2025-05-14T17:12:59.272+0000] {logging_mixin.py:190} INFO - [2025-05-14T17:12:59.272+0000] {dag.py:4180} INFO - Setting next_dagrun for example_branch_operator to 2025-05-13 00:00:00+00:00, run_after=2025-05-14 00:00:00+00:00
[2025-05-14T17:12:59.359+0000] {processor.py:208} INFO - Processing /home/airflow/.local/lib/python3.12/site-packages/airflow/example_dags/example_branch_operator.py took 0.395 seconds
[2025-05-14T17:13:29.856+0000] {processor.py:186} INFO - Started process (PID=1053) to work on /home/airflow/.local/lib/python3.12/site-packages/airflow/example_dags/example_branch_operator.py
[2025-05-14T17:13:29.858+0000] {processor.py:914} INFO - Processing file /home/airflow/.local/lib/python3.12/site-packages/airflow/example_dags/example_branch_operator.py for tasks to queue
[2025-05-14T17:13:29.865+0000] {logging_mixin.py:190} INFO - [2025-05-14T17:13:29.863+0000] {dagbag.py:588} INFO - Filling up the DagBag from /home/airflow/.local/lib/python3.12/site-packages/airflow/example_dags/example_branch_operator.py
[2025-05-14T17:13:29.941+0000] {processor.py:925} INFO - DAG(s) 'example_branch_operator' retrieved from /home/airflow/.local/lib/python3.12/site-packages/airflow/example_dags/example_branch_operator.py
[2025-05-14T17:13:30.079+0000] {logging_mixin.py:190} INFO - [2025-05-14T17:13:30.078+0000] {dag.py:3239} INFO - Sync 1 DAGs
[2025-05-14T17:13:30.154+0000] {logging_mixin.py:190} INFO - [2025-05-14T17:13:30.153+0000] {dag.py:4180} INFO - Setting next_dagrun for example_branch_operator to 2025-05-13 00:00:00+00:00, run_after=2025-05-14 00:00:00+00:00
[2025-05-14T17:13:30.204+0000] {processor.py:208} INFO - Processing /home/airflow/.local/lib/python3.12/site-packages/airflow/example_dags/example_branch_operator.py took 0.361 seconds
[2025-05-14T17:14:00.653+0000] {processor.py:186} INFO - Started process (PID=1119) to work on /home/airflow/.local/lib/python3.12/site-packages/airflow/example_dags/example_branch_operator.py
[2025-05-14T17:14:00.655+0000] {processor.py:914} INFO - Processing file /home/airflow/.local/lib/python3.12/site-packages/airflow/example_dags/example_branch_operator.py for tasks to queue
[2025-05-14T17:14:00.660+0000] {logging_mixin.py:190} INFO - [2025-05-14T17:14:00.659+0000] {dagbag.py:588} INFO - Filling up the DagBag from /home/airflow/.local/lib/python3.12/site-packages/airflow/example_dags/example_branch_operator.py
[2025-05-14T17:14:00.717+0000] {processor.py:925} INFO - DAG(s) 'example_branch_operator' retrieved from /home/airflow/.local/lib/python3.12/site-packages/airflow/example_dags/example_branch_operator.py
[2025-05-14T17:14:00.783+0000] {logging_mixin.py:190} INFO - [2025-05-14T17:14:00.782+0000] {dag.py:3239} INFO - Sync 1 DAGs
[2025-05-14T17:14:00.842+0000] {logging_mixin.py:190} INFO - [2025-05-14T17:14:00.841+0000] {dag.py:4180} INFO - Setting next_dagrun for example_branch_operator to 2025-05-13 00:00:00+00:00, run_after=2025-05-14 00:00:00+00:00
[2025-05-14T17:14:00.888+0000] {processor.py:208} INFO - Processing /home/airflow/.local/lib/python3.12/site-packages/airflow/example_dags/example_branch_operator.py took 0.249 seconds
[2025-05-14T17:14:33.511+0000] {processor.py:186} INFO - Started process (PID=1185) to work on /home/airflow/.local/lib/python3.12/site-packages/airflow/example_dags/example_branch_operator.py
[2025-05-14T17:14:33.514+0000] {processor.py:914} INFO - Processing file /home/airflow/.local/lib/python3.12/site-packages/airflow/example_dags/example_branch_operator.py for tasks to queue
[2025-05-14T17:14:33.528+0000] {logging_mixin.py:190} INFO - [2025-05-14T17:14:33.527+0000] {dagbag.py:588} INFO - Filling up the DagBag from /home/airflow/.local/lib/python3.12/site-packages/airflow/example_dags/example_branch_operator.py
[2025-05-14T17:14:33.639+0000] {processor.py:925} INFO - DAG(s) 'example_branch_operator' retrieved from /home/airflow/.local/lib/python3.12/site-packages/airflow/example_dags/example_branch_operator.py
[2025-05-14T17:14:33.821+0000] {logging_mixin.py:190} INFO - [2025-05-14T17:14:33.820+0000] {dag.py:3239} INFO - Sync 1 DAGs
[2025-05-14T17:14:33.911+0000] {logging_mixin.py:190} INFO - [2025-05-14T17:14:33.911+0000] {dag.py:4180} INFO - Setting next_dagrun for example_branch_operator to 2025-05-13 00:00:00+00:00, run_after=2025-05-14 00:00:00+00:00
[2025-05-14T17:14:34.033+0000] {processor.py:208} INFO - Processing /home/airflow/.local/lib/python3.12/site-packages/airflow/example_dags/example_branch_operator.py took 0.550 seconds
[2025-05-14T17:15:04.217+0000] {processor.py:186} INFO - Started process (PID=1251) to work on /home/airflow/.local/lib/python3.12/site-packages/airflow/example_dags/example_branch_operator.py
[2025-05-14T17:15:04.219+0000] {processor.py:914} INFO - Processing file /home/airflow/.local/lib/python3.12/site-packages/airflow/example_dags/example_branch_operator.py for tasks to queue
[2025-05-14T17:15:04.226+0000] {logging_mixin.py:190} INFO - [2025-05-14T17:15:04.225+0000] {dagbag.py:588} INFO - Filling up the DagBag from /home/airflow/.local/lib/python3.12/site-packages/airflow/example_dags/example_branch_operator.py
[2025-05-14T17:15:04.277+0000] {processor.py:925} INFO - DAG(s) 'example_branch_operator' retrieved from /home/airflow/.local/lib/python3.12/site-packages/airflow/example_dags/example_branch_operator.py
[2025-05-14T17:15:04.328+0000] {logging_mixin.py:190} INFO - [2025-05-14T17:15:04.328+0000] {dag.py:3239} INFO - Sync 1 DAGs
[2025-05-14T17:15:04.374+0000] {logging_mixin.py:190} INFO - [2025-05-14T17:15:04.374+0000] {dag.py:4180} INFO - Setting next_dagrun for example_branch_operator to 2025-05-13 00:00:00+00:00, run_after=2025-05-14 00:00:00+00:00
[2025-05-14T17:15:04.408+0000] {processor.py:208} INFO - Processing /home/airflow/.local/lib/python3.12/site-packages/airflow/example_dags/example_branch_operator.py took 0.202 seconds
