[2025-05-14T17:00:30.591+0000] {processor.py:186} INFO - Started process (PID=135) to work on /home/airflow/.local/lib/python3.12/site-packages/airflow/example_dags/example_python_operator.py
[2025-05-14T17:00:30.593+0000] {processor.py:914} INFO - Processing file /home/airflow/.local/lib/python3.12/site-packages/airflow/example_dags/example_python_operator.py for tasks to queue
[2025-05-14T17:00:30.598+0000] {logging_mixin.py:190} INFO - [2025-05-14T17:00:30.598+0000] {dagbag.py:588} INFO - Filling up the DagBag from /home/airflow/.local/lib/python3.12/site-packages/airflow/example_dags/example_python_operator.py
[2025-05-14T17:00:30.644+0000] {processor.py:925} INFO - DAG(s) 'example_python_operator' retrieved from /home/airflow/.local/lib/python3.12/site-packages/airflow/example_dags/example_python_operator.py
[2025-05-14T17:00:31.060+0000] {logging_mixin.py:190} INFO - [2025-05-14T17:00:31.059+0000] {dag.py:3239} INFO - Sync 1 DAGs
[2025-05-14T17:00:31.093+0000] {logging_mixin.py:190} INFO - [2025-05-14T17:00:31.093+0000] {dag.py:4180} INFO - Setting next_dagrun for example_python_operator to None, run_after=None
[2025-05-14T17:00:31.168+0000] {processor.py:208} INFO - Processing /home/airflow/.local/lib/python3.12/site-packages/airflow/example_dags/example_python_operator.py took 0.594 seconds
[2025-05-14T17:01:02.990+0000] {processor.py:186} INFO - Started process (PID=201) to work on /home/airflow/.local/lib/python3.12/site-packages/airflow/example_dags/example_python_operator.py
[2025-05-14T17:01:02.992+0000] {processor.py:914} INFO - Processing file /home/airflow/.local/lib/python3.12/site-packages/airflow/example_dags/example_python_operator.py for tasks to queue
[2025-05-14T17:01:03.001+0000] {logging_mixin.py:190} INFO - [2025-05-14T17:01:02.999+0000] {dagbag.py:588} INFO - Filling up the DagBag from /home/airflow/.local/lib/python3.12/site-packages/airflow/example_dags/example_python_operator.py
[2025-05-14T17:01:03.040+0000] {processor.py:925} INFO - DAG(s) 'example_python_operator' retrieved from /home/airflow/.local/lib/python3.12/site-packages/airflow/example_dags/example_python_operator.py
[2025-05-14T17:01:03.085+0000] {logging_mixin.py:190} INFO - [2025-05-14T17:01:03.084+0000] {dag.py:3239} INFO - Sync 1 DAGs
[2025-05-14T17:01:03.148+0000] {logging_mixin.py:190} INFO - [2025-05-14T17:01:03.148+0000] {dag.py:4180} INFO - Setting next_dagrun for example_python_operator to None, run_after=None
[2025-05-14T17:01:03.260+0000] {processor.py:208} INFO - Processing /home/airflow/.local/lib/python3.12/site-packages/airflow/example_dags/example_python_operator.py took 0.284 seconds
[2025-05-14T17:01:34.574+0000] {processor.py:186} INFO - Started process (PID=268) to work on /home/airflow/.local/lib/python3.12/site-packages/airflow/example_dags/example_python_operator.py
[2025-05-14T17:01:34.579+0000] {processor.py:914} INFO - Processing file /home/airflow/.local/lib/python3.12/site-packages/airflow/example_dags/example_python_operator.py for tasks to queue
[2025-05-14T17:01:34.588+0000] {logging_mixin.py:190} INFO - [2025-05-14T17:01:34.587+0000] {dagbag.py:588} INFO - Filling up the DagBag from /home/airflow/.local/lib/python3.12/site-packages/airflow/example_dags/example_python_operator.py
[2025-05-14T17:01:34.658+0000] {processor.py:925} INFO - DAG(s) 'example_python_operator' retrieved from /home/airflow/.local/lib/python3.12/site-packages/airflow/example_dags/example_python_operator.py
[2025-05-14T17:01:34.789+0000] {logging_mixin.py:190} INFO - [2025-05-14T17:01:34.789+0000] {dag.py:3239} INFO - Sync 1 DAGs
[2025-05-14T17:01:34.960+0000] {logging_mixin.py:190} INFO - [2025-05-14T17:01:34.959+0000] {dag.py:4180} INFO - Setting next_dagrun for example_python_operator to None, run_after=None
[2025-05-14T17:01:35.027+0000] {processor.py:208} INFO - Processing /home/airflow/.local/lib/python3.12/site-packages/airflow/example_dags/example_python_operator.py took 0.476 seconds
[2025-05-14T17:02:09.640+0000] {processor.py:186} INFO - Started process (PID=334) to work on /home/airflow/.local/lib/python3.12/site-packages/airflow/example_dags/example_python_operator.py
[2025-05-14T17:02:09.657+0000] {processor.py:914} INFO - Processing file /home/airflow/.local/lib/python3.12/site-packages/airflow/example_dags/example_python_operator.py for tasks to queue
[2025-05-14T17:02:09.676+0000] {logging_mixin.py:190} INFO - [2025-05-14T17:02:09.675+0000] {dagbag.py:588} INFO - Filling up the DagBag from /home/airflow/.local/lib/python3.12/site-packages/airflow/example_dags/example_python_operator.py
[2025-05-14T17:02:09.762+0000] {processor.py:925} INFO - DAG(s) 'example_python_operator' retrieved from /home/airflow/.local/lib/python3.12/site-packages/airflow/example_dags/example_python_operator.py
[2025-05-14T17:02:10.022+0000] {logging_mixin.py:190} INFO - [2025-05-14T17:02:10.021+0000] {dag.py:3239} INFO - Sync 1 DAGs
[2025-05-14T17:02:10.100+0000] {logging_mixin.py:190} INFO - [2025-05-14T17:02:10.100+0000] {dag.py:4180} INFO - Setting next_dagrun for example_python_operator to None, run_after=None
[2025-05-14T17:02:10.227+0000] {processor.py:208} INFO - Processing /home/airflow/.local/lib/python3.12/site-packages/airflow/example_dags/example_python_operator.py took 0.611 seconds
[2025-05-14T17:02:40.411+0000] {processor.py:186} INFO - Started process (PID=400) to work on /home/airflow/.local/lib/python3.12/site-packages/airflow/example_dags/example_python_operator.py
[2025-05-14T17:02:40.413+0000] {processor.py:914} INFO - Processing file /home/airflow/.local/lib/python3.12/site-packages/airflow/example_dags/example_python_operator.py for tasks to queue
[2025-05-14T17:02:40.418+0000] {logging_mixin.py:190} INFO - [2025-05-14T17:02:40.417+0000] {dagbag.py:588} INFO - Filling up the DagBag from /home/airflow/.local/lib/python3.12/site-packages/airflow/example_dags/example_python_operator.py
[2025-05-14T17:02:40.441+0000] {processor.py:925} INFO - DAG(s) 'example_python_operator' retrieved from /home/airflow/.local/lib/python3.12/site-packages/airflow/example_dags/example_python_operator.py
[2025-05-14T17:02:40.477+0000] {logging_mixin.py:190} INFO - [2025-05-14T17:02:40.477+0000] {dag.py:3239} INFO - Sync 1 DAGs
[2025-05-14T17:02:40.497+0000] {logging_mixin.py:190} INFO - [2025-05-14T17:02:40.496+0000] {dag.py:4180} INFO - Setting next_dagrun for example_python_operator to None, run_after=None
[2025-05-14T17:02:40.523+0000] {processor.py:208} INFO - Processing /home/airflow/.local/lib/python3.12/site-packages/airflow/example_dags/example_python_operator.py took 0.122 seconds
[2025-05-14T17:05:59.380+0000] {processor.py:186} INFO - Started process (PID=116) to work on /home/airflow/.local/lib/python3.12/site-packages/airflow/example_dags/example_python_operator.py
[2025-05-14T17:05:59.382+0000] {processor.py:914} INFO - Processing file /home/airflow/.local/lib/python3.12/site-packages/airflow/example_dags/example_python_operator.py for tasks to queue
[2025-05-14T17:05:59.414+0000] {logging_mixin.py:190} INFO - [2025-05-14T17:05:59.412+0000] {dagbag.py:588} INFO - Filling up the DagBag from /home/airflow/.local/lib/python3.12/site-packages/airflow/example_dags/example_python_operator.py
[2025-05-14T17:05:59.554+0000] {processor.py:925} INFO - DAG(s) 'example_python_operator' retrieved from /home/airflow/.local/lib/python3.12/site-packages/airflow/example_dags/example_python_operator.py
[2025-05-14T17:06:00.837+0000] {logging_mixin.py:190} INFO - [2025-05-14T17:06:00.837+0000] {dag.py:3239} INFO - Sync 1 DAGs
[2025-05-14T17:06:00.989+0000] {logging_mixin.py:190} INFO - [2025-05-14T17:06:00.988+0000] {dag.py:4180} INFO - Setting next_dagrun for example_python_operator to None, run_after=None
[2025-05-14T17:06:01.220+0000] {processor.py:208} INFO - Processing /home/airflow/.local/lib/python3.12/site-packages/airflow/example_dags/example_python_operator.py took 1.923 seconds
[2025-05-14T17:06:37.549+0000] {processor.py:186} INFO - Started process (PID=187) to work on /home/airflow/.local/lib/python3.12/site-packages/airflow/example_dags/example_python_operator.py
[2025-05-14T17:06:37.557+0000] {processor.py:914} INFO - Processing file /home/airflow/.local/lib/python3.12/site-packages/airflow/example_dags/example_python_operator.py for tasks to queue
[2025-05-14T17:06:37.563+0000] {logging_mixin.py:190} INFO - [2025-05-14T17:06:37.562+0000] {dagbag.py:588} INFO - Filling up the DagBag from /home/airflow/.local/lib/python3.12/site-packages/airflow/example_dags/example_python_operator.py
[2025-05-14T17:06:37.693+0000] {processor.py:925} INFO - DAG(s) 'example_python_operator' retrieved from /home/airflow/.local/lib/python3.12/site-packages/airflow/example_dags/example_python_operator.py
[2025-05-14T17:06:37.966+0000] {logging_mixin.py:190} INFO - [2025-05-14T17:06:37.965+0000] {dag.py:3239} INFO - Sync 1 DAGs
[2025-05-14T17:06:38.076+0000] {logging_mixin.py:190} INFO - [2025-05-14T17:06:38.063+0000] {dag.py:4180} INFO - Setting next_dagrun for example_python_operator to None, run_after=None
[2025-05-14T17:06:38.314+0000] {processor.py:208} INFO - Processing /home/airflow/.local/lib/python3.12/site-packages/airflow/example_dags/example_python_operator.py took 0.798 seconds
[2025-05-14T17:07:08.954+0000] {processor.py:186} INFO - Started process (PID=253) to work on /home/airflow/.local/lib/python3.12/site-packages/airflow/example_dags/example_python_operator.py
[2025-05-14T17:07:08.956+0000] {processor.py:914} INFO - Processing file /home/airflow/.local/lib/python3.12/site-packages/airflow/example_dags/example_python_operator.py for tasks to queue
[2025-05-14T17:07:08.963+0000] {logging_mixin.py:190} INFO - [2025-05-14T17:07:08.962+0000] {dagbag.py:588} INFO - Filling up the DagBag from /home/airflow/.local/lib/python3.12/site-packages/airflow/example_dags/example_python_operator.py
[2025-05-14T17:07:08.996+0000] {processor.py:925} INFO - DAG(s) 'example_python_operator' retrieved from /home/airflow/.local/lib/python3.12/site-packages/airflow/example_dags/example_python_operator.py
[2025-05-14T17:07:09.082+0000] {logging_mixin.py:190} INFO - [2025-05-14T17:07:09.082+0000] {dag.py:3239} INFO - Sync 1 DAGs
[2025-05-14T17:07:09.143+0000] {logging_mixin.py:190} INFO - [2025-05-14T17:07:09.142+0000] {dag.py:4180} INFO - Setting next_dagrun for example_python_operator to None, run_after=None
[2025-05-14T17:07:09.210+0000] {processor.py:208} INFO - Processing /home/airflow/.local/lib/python3.12/site-packages/airflow/example_dags/example_python_operator.py took 0.275 seconds
[2025-05-14T17:07:40.258+0000] {processor.py:186} INFO - Started process (PID=321) to work on /home/airflow/.local/lib/python3.12/site-packages/airflow/example_dags/example_python_operator.py
[2025-05-14T17:07:40.260+0000] {processor.py:914} INFO - Processing file /home/airflow/.local/lib/python3.12/site-packages/airflow/example_dags/example_python_operator.py for tasks to queue
[2025-05-14T17:07:40.267+0000] {logging_mixin.py:190} INFO - [2025-05-14T17:07:40.266+0000] {dagbag.py:588} INFO - Filling up the DagBag from /home/airflow/.local/lib/python3.12/site-packages/airflow/example_dags/example_python_operator.py
[2025-05-14T17:07:40.305+0000] {processor.py:925} INFO - DAG(s) 'example_python_operator' retrieved from /home/airflow/.local/lib/python3.12/site-packages/airflow/example_dags/example_python_operator.py
[2025-05-14T17:07:40.460+0000] {logging_mixin.py:190} INFO - [2025-05-14T17:07:40.460+0000] {dag.py:3239} INFO - Sync 1 DAGs
[2025-05-14T17:07:40.502+0000] {logging_mixin.py:190} INFO - [2025-05-14T17:07:40.502+0000] {dag.py:4180} INFO - Setting next_dagrun for example_python_operator to None, run_after=None
[2025-05-14T17:07:40.555+0000] {processor.py:208} INFO - Processing /home/airflow/.local/lib/python3.12/site-packages/airflow/example_dags/example_python_operator.py took 0.326 seconds
[2025-05-14T17:08:10.925+0000] {processor.py:186} INFO - Started process (PID=387) to work on /home/airflow/.local/lib/python3.12/site-packages/airflow/example_dags/example_python_operator.py
[2025-05-14T17:08:10.927+0000] {processor.py:914} INFO - Processing file /home/airflow/.local/lib/python3.12/site-packages/airflow/example_dags/example_python_operator.py for tasks to queue
[2025-05-14T17:08:10.931+0000] {logging_mixin.py:190} INFO - [2025-05-14T17:08:10.931+0000] {dagbag.py:588} INFO - Filling up the DagBag from /home/airflow/.local/lib/python3.12/site-packages/airflow/example_dags/example_python_operator.py
[2025-05-14T17:08:10.951+0000] {processor.py:925} INFO - DAG(s) 'example_python_operator' retrieved from /home/airflow/.local/lib/python3.12/site-packages/airflow/example_dags/example_python_operator.py
[2025-05-14T17:08:10.986+0000] {logging_mixin.py:190} INFO - [2025-05-14T17:08:10.986+0000] {dag.py:3239} INFO - Sync 1 DAGs
[2025-05-14T17:08:11.009+0000] {logging_mixin.py:190} INFO - [2025-05-14T17:08:11.009+0000] {dag.py:4180} INFO - Setting next_dagrun for example_python_operator to None, run_after=None
[2025-05-14T17:08:11.042+0000] {processor.py:208} INFO - Processing /home/airflow/.local/lib/python3.12/site-packages/airflow/example_dags/example_python_operator.py took 0.131 seconds
[2025-05-14T17:08:42.837+0000] {processor.py:186} INFO - Started process (PID=453) to work on /home/airflow/.local/lib/python3.12/site-packages/airflow/example_dags/example_python_operator.py
[2025-05-14T17:08:42.844+0000] {processor.py:914} INFO - Processing file /home/airflow/.local/lib/python3.12/site-packages/airflow/example_dags/example_python_operator.py for tasks to queue
[2025-05-14T17:08:42.852+0000] {logging_mixin.py:190} INFO - [2025-05-14T17:08:42.851+0000] {dagbag.py:588} INFO - Filling up the DagBag from /home/airflow/.local/lib/python3.12/site-packages/airflow/example_dags/example_python_operator.py
[2025-05-14T17:08:42.883+0000] {processor.py:925} INFO - DAG(s) 'example_python_operator' retrieved from /home/airflow/.local/lib/python3.12/site-packages/airflow/example_dags/example_python_operator.py
[2025-05-14T17:08:42.982+0000] {logging_mixin.py:190} INFO - [2025-05-14T17:08:42.979+0000] {dag.py:3239} INFO - Sync 1 DAGs
[2025-05-14T17:08:43.028+0000] {logging_mixin.py:190} INFO - [2025-05-14T17:08:43.028+0000] {dag.py:4180} INFO - Setting next_dagrun for example_python_operator to None, run_after=None
[2025-05-14T17:08:43.122+0000] {processor.py:208} INFO - Processing /home/airflow/.local/lib/python3.12/site-packages/airflow/example_dags/example_python_operator.py took 0.305 seconds
[2025-05-14T17:09:20.077+0000] {processor.py:186} INFO - Started process (PID=519) to work on /home/airflow/.local/lib/python3.12/site-packages/airflow/example_dags/example_python_operator.py
[2025-05-14T17:09:20.079+0000] {processor.py:914} INFO - Processing file /home/airflow/.local/lib/python3.12/site-packages/airflow/example_dags/example_python_operator.py for tasks to queue
[2025-05-14T17:09:20.106+0000] {logging_mixin.py:190} INFO - [2025-05-14T17:09:20.097+0000] {dagbag.py:588} INFO - Filling up the DagBag from /home/airflow/.local/lib/python3.12/site-packages/airflow/example_dags/example_python_operator.py
[2025-05-14T17:09:20.190+0000] {processor.py:925} INFO - DAG(s) 'example_python_operator' retrieved from /home/airflow/.local/lib/python3.12/site-packages/airflow/example_dags/example_python_operator.py
[2025-05-14T17:09:20.295+0000] {logging_mixin.py:190} INFO - [2025-05-14T17:09:20.294+0000] {dag.py:3239} INFO - Sync 1 DAGs
[2025-05-14T17:09:20.366+0000] {logging_mixin.py:190} INFO - [2025-05-14T17:09:20.365+0000] {dag.py:4180} INFO - Setting next_dagrun for example_python_operator to None, run_after=None
[2025-05-14T17:09:20.429+0000] {processor.py:208} INFO - Processing /home/airflow/.local/lib/python3.12/site-packages/airflow/example_dags/example_python_operator.py took 0.411 seconds
[2025-05-14T17:09:50.640+0000] {processor.py:186} INFO - Started process (PID=584) to work on /home/airflow/.local/lib/python3.12/site-packages/airflow/example_dags/example_python_operator.py
[2025-05-14T17:09:50.643+0000] {processor.py:914} INFO - Processing file /home/airflow/.local/lib/python3.12/site-packages/airflow/example_dags/example_python_operator.py for tasks to queue
[2025-05-14T17:09:50.650+0000] {logging_mixin.py:190} INFO - [2025-05-14T17:09:50.649+0000] {dagbag.py:588} INFO - Filling up the DagBag from /home/airflow/.local/lib/python3.12/site-packages/airflow/example_dags/example_python_operator.py
[2025-05-14T17:09:50.685+0000] {processor.py:925} INFO - DAG(s) 'example_python_operator' retrieved from /home/airflow/.local/lib/python3.12/site-packages/airflow/example_dags/example_python_operator.py
[2025-05-14T17:09:50.754+0000] {logging_mixin.py:190} INFO - [2025-05-14T17:09:50.753+0000] {dag.py:3239} INFO - Sync 1 DAGs
[2025-05-14T17:09:50.783+0000] {logging_mixin.py:190} INFO - [2025-05-14T17:09:50.783+0000] {dag.py:4180} INFO - Setting next_dagrun for example_python_operator to None, run_after=None
[2025-05-14T17:09:50.830+0000] {processor.py:208} INFO - Processing /home/airflow/.local/lib/python3.12/site-packages/airflow/example_dags/example_python_operator.py took 0.200 seconds
[2025-05-14T17:10:21.590+0000] {processor.py:186} INFO - Started process (PID=650) to work on /home/airflow/.local/lib/python3.12/site-packages/airflow/example_dags/example_python_operator.py
[2025-05-14T17:10:21.592+0000] {processor.py:914} INFO - Processing file /home/airflow/.local/lib/python3.12/site-packages/airflow/example_dags/example_python_operator.py for tasks to queue
[2025-05-14T17:10:21.598+0000] {logging_mixin.py:190} INFO - [2025-05-14T17:10:21.598+0000] {dagbag.py:588} INFO - Filling up the DagBag from /home/airflow/.local/lib/python3.12/site-packages/airflow/example_dags/example_python_operator.py
[2025-05-14T17:10:21.633+0000] {processor.py:925} INFO - DAG(s) 'example_python_operator' retrieved from /home/airflow/.local/lib/python3.12/site-packages/airflow/example_dags/example_python_operator.py
[2025-05-14T17:10:21.698+0000] {logging_mixin.py:190} INFO - [2025-05-14T17:10:21.698+0000] {dag.py:3239} INFO - Sync 1 DAGs
[2025-05-14T17:10:21.734+0000] {logging_mixin.py:190} INFO - [2025-05-14T17:10:21.734+0000] {dag.py:4180} INFO - Setting next_dagrun for example_python_operator to None, run_after=None
[2025-05-14T17:10:21.777+0000] {processor.py:208} INFO - Processing /home/airflow/.local/lib/python3.12/site-packages/airflow/example_dags/example_python_operator.py took 0.203 seconds
[2025-05-14T17:10:51.867+0000] {processor.py:186} INFO - Started process (PID=717) to work on /home/airflow/.local/lib/python3.12/site-packages/airflow/example_dags/example_python_operator.py
[2025-05-14T17:10:51.869+0000] {processor.py:914} INFO - Processing file /home/airflow/.local/lib/python3.12/site-packages/airflow/example_dags/example_python_operator.py for tasks to queue
[2025-05-14T17:10:51.873+0000] {logging_mixin.py:190} INFO - [2025-05-14T17:10:51.872+0000] {dagbag.py:588} INFO - Filling up the DagBag from /home/airflow/.local/lib/python3.12/site-packages/airflow/example_dags/example_python_operator.py
[2025-05-14T17:10:51.898+0000] {processor.py:925} INFO - DAG(s) 'example_python_operator' retrieved from /home/airflow/.local/lib/python3.12/site-packages/airflow/example_dags/example_python_operator.py
[2025-05-14T17:10:51.940+0000] {logging_mixin.py:190} INFO - [2025-05-14T17:10:51.940+0000] {dag.py:3239} INFO - Sync 1 DAGs
[2025-05-14T17:10:51.978+0000] {logging_mixin.py:190} INFO - [2025-05-14T17:10:51.978+0000] {dag.py:4180} INFO - Setting next_dagrun for example_python_operator to None, run_after=None
[2025-05-14T17:10:52.026+0000] {processor.py:208} INFO - Processing /home/airflow/.local/lib/python3.12/site-packages/airflow/example_dags/example_python_operator.py took 0.168 seconds
[2025-05-14T17:11:22.569+0000] {processor.py:186} INFO - Started process (PID=780) to work on /home/airflow/.local/lib/python3.12/site-packages/airflow/example_dags/example_python_operator.py
[2025-05-14T17:11:22.570+0000] {processor.py:914} INFO - Processing file /home/airflow/.local/lib/python3.12/site-packages/airflow/example_dags/example_python_operator.py for tasks to queue
[2025-05-14T17:11:22.574+0000] {logging_mixin.py:190} INFO - [2025-05-14T17:11:22.574+0000] {dagbag.py:588} INFO - Filling up the DagBag from /home/airflow/.local/lib/python3.12/site-packages/airflow/example_dags/example_python_operator.py
[2025-05-14T17:11:22.598+0000] {processor.py:925} INFO - DAG(s) 'example_python_operator' retrieved from /home/airflow/.local/lib/python3.12/site-packages/airflow/example_dags/example_python_operator.py
[2025-05-14T17:11:22.640+0000] {logging_mixin.py:190} INFO - [2025-05-14T17:11:22.639+0000] {dag.py:3239} INFO - Sync 1 DAGs
[2025-05-14T17:11:22.674+0000] {logging_mixin.py:190} INFO - [2025-05-14T17:11:22.674+0000] {dag.py:4180} INFO - Setting next_dagrun for example_python_operator to None, run_after=None
[2025-05-14T17:11:22.721+0000] {processor.py:208} INFO - Processing /home/airflow/.local/lib/python3.12/site-packages/airflow/example_dags/example_python_operator.py took 0.163 seconds
[2025-05-14T17:11:53.188+0000] {processor.py:186} INFO - Started process (PID=847) to work on /home/airflow/.local/lib/python3.12/site-packages/airflow/example_dags/example_python_operator.py
[2025-05-14T17:11:53.197+0000] {processor.py:914} INFO - Processing file /home/airflow/.local/lib/python3.12/site-packages/airflow/example_dags/example_python_operator.py for tasks to queue
[2025-05-14T17:11:53.205+0000] {logging_mixin.py:190} INFO - [2025-05-14T17:11:53.204+0000] {dagbag.py:588} INFO - Filling up the DagBag from /home/airflow/.local/lib/python3.12/site-packages/airflow/example_dags/example_python_operator.py
[2025-05-14T17:11:53.259+0000] {processor.py:925} INFO - DAG(s) 'example_python_operator' retrieved from /home/airflow/.local/lib/python3.12/site-packages/airflow/example_dags/example_python_operator.py
[2025-05-14T17:11:53.377+0000] {logging_mixin.py:190} INFO - [2025-05-14T17:11:53.367+0000] {dag.py:3239} INFO - Sync 1 DAGs
[2025-05-14T17:11:53.465+0000] {logging_mixin.py:190} INFO - [2025-05-14T17:11:53.465+0000] {dag.py:4180} INFO - Setting next_dagrun for example_python_operator to None, run_after=None
[2025-05-14T17:11:53.520+0000] {processor.py:208} INFO - Processing /home/airflow/.local/lib/python3.12/site-packages/airflow/example_dags/example_python_operator.py took 0.353 seconds
[2025-05-14T17:12:23.676+0000] {processor.py:186} INFO - Started process (PID=913) to work on /home/airflow/.local/lib/python3.12/site-packages/airflow/example_dags/example_python_operator.py
[2025-05-14T17:12:23.679+0000] {processor.py:914} INFO - Processing file /home/airflow/.local/lib/python3.12/site-packages/airflow/example_dags/example_python_operator.py for tasks to queue
[2025-05-14T17:12:23.685+0000] {logging_mixin.py:190} INFO - [2025-05-14T17:12:23.684+0000] {dagbag.py:588} INFO - Filling up the DagBag from /home/airflow/.local/lib/python3.12/site-packages/airflow/example_dags/example_python_operator.py
[2025-05-14T17:12:23.716+0000] {processor.py:925} INFO - DAG(s) 'example_python_operator' retrieved from /home/airflow/.local/lib/python3.12/site-packages/airflow/example_dags/example_python_operator.py
[2025-05-14T17:12:23.763+0000] {logging_mixin.py:190} INFO - [2025-05-14T17:12:23.762+0000] {dag.py:3239} INFO - Sync 1 DAGs
[2025-05-14T17:12:23.798+0000] {logging_mixin.py:190} INFO - [2025-05-14T17:12:23.797+0000] {dag.py:4180} INFO - Setting next_dagrun for example_python_operator to None, run_after=None
[2025-05-14T17:12:23.837+0000] {processor.py:208} INFO - Processing /home/airflow/.local/lib/python3.12/site-packages/airflow/example_dags/example_python_operator.py took 0.176 seconds
[2025-05-14T17:12:55.918+0000] {processor.py:186} INFO - Started process (PID=979) to work on /home/airflow/.local/lib/python3.12/site-packages/airflow/example_dags/example_python_operator.py
[2025-05-14T17:12:55.922+0000] {processor.py:914} INFO - Processing file /home/airflow/.local/lib/python3.12/site-packages/airflow/example_dags/example_python_operator.py for tasks to queue
[2025-05-14T17:12:55.929+0000] {logging_mixin.py:190} INFO - [2025-05-14T17:12:55.928+0000] {dagbag.py:588} INFO - Filling up the DagBag from /home/airflow/.local/lib/python3.12/site-packages/airflow/example_dags/example_python_operator.py
[2025-05-14T17:12:55.999+0000] {processor.py:925} INFO - DAG(s) 'example_python_operator' retrieved from /home/airflow/.local/lib/python3.12/site-packages/airflow/example_dags/example_python_operator.py
[2025-05-14T17:12:56.085+0000] {logging_mixin.py:190} INFO - [2025-05-14T17:12:56.085+0000] {dag.py:3239} INFO - Sync 1 DAGs
[2025-05-14T17:12:56.166+0000] {logging_mixin.py:190} INFO - [2025-05-14T17:12:56.165+0000] {dag.py:4180} INFO - Setting next_dagrun for example_python_operator to None, run_after=None
[2025-05-14T17:12:56.250+0000] {processor.py:208} INFO - Processing /home/airflow/.local/lib/python3.12/site-packages/airflow/example_dags/example_python_operator.py took 0.358 seconds
[2025-05-14T17:13:26.615+0000] {processor.py:186} INFO - Started process (PID=1046) to work on /home/airflow/.local/lib/python3.12/site-packages/airflow/example_dags/example_python_operator.py
[2025-05-14T17:13:26.617+0000] {processor.py:914} INFO - Processing file /home/airflow/.local/lib/python3.12/site-packages/airflow/example_dags/example_python_operator.py for tasks to queue
[2025-05-14T17:13:26.621+0000] {logging_mixin.py:190} INFO - [2025-05-14T17:13:26.621+0000] {dagbag.py:588} INFO - Filling up the DagBag from /home/airflow/.local/lib/python3.12/site-packages/airflow/example_dags/example_python_operator.py
[2025-05-14T17:13:26.643+0000] {processor.py:925} INFO - DAG(s) 'example_python_operator' retrieved from /home/airflow/.local/lib/python3.12/site-packages/airflow/example_dags/example_python_operator.py
[2025-05-14T17:13:26.688+0000] {logging_mixin.py:190} INFO - [2025-05-14T17:13:26.687+0000] {dag.py:3239} INFO - Sync 1 DAGs
[2025-05-14T17:13:26.724+0000] {logging_mixin.py:190} INFO - [2025-05-14T17:13:26.724+0000] {dag.py:4180} INFO - Setting next_dagrun for example_python_operator to None, run_after=None
[2025-05-14T17:13:26.826+0000] {processor.py:208} INFO - Processing /home/airflow/.local/lib/python3.12/site-packages/airflow/example_dags/example_python_operator.py took 0.223 seconds
[2025-05-14T17:13:57.669+0000] {processor.py:186} INFO - Started process (PID=1112) to work on /home/airflow/.local/lib/python3.12/site-packages/airflow/example_dags/example_python_operator.py
[2025-05-14T17:13:57.670+0000] {processor.py:914} INFO - Processing file /home/airflow/.local/lib/python3.12/site-packages/airflow/example_dags/example_python_operator.py for tasks to queue
[2025-05-14T17:13:57.674+0000] {logging_mixin.py:190} INFO - [2025-05-14T17:13:57.673+0000] {dagbag.py:588} INFO - Filling up the DagBag from /home/airflow/.local/lib/python3.12/site-packages/airflow/example_dags/example_python_operator.py
[2025-05-14T17:13:57.693+0000] {processor.py:925} INFO - DAG(s) 'example_python_operator' retrieved from /home/airflow/.local/lib/python3.12/site-packages/airflow/example_dags/example_python_operator.py
[2025-05-14T17:13:57.734+0000] {logging_mixin.py:190} INFO - [2025-05-14T17:13:57.733+0000] {dag.py:3239} INFO - Sync 1 DAGs
[2025-05-14T17:13:57.766+0000] {logging_mixin.py:190} INFO - [2025-05-14T17:13:57.765+0000] {dag.py:4180} INFO - Setting next_dagrun for example_python_operator to None, run_after=None
[2025-05-14T17:13:57.835+0000] {processor.py:208} INFO - Processing /home/airflow/.local/lib/python3.12/site-packages/airflow/example_dags/example_python_operator.py took 0.176 seconds
[2025-05-14T17:14:27.958+0000] {processor.py:186} INFO - Started process (PID=1177) to work on /home/airflow/.local/lib/python3.12/site-packages/airflow/example_dags/example_python_operator.py
[2025-05-14T17:14:27.959+0000] {processor.py:914} INFO - Processing file /home/airflow/.local/lib/python3.12/site-packages/airflow/example_dags/example_python_operator.py for tasks to queue
[2025-05-14T17:14:27.962+0000] {logging_mixin.py:190} INFO - [2025-05-14T17:14:27.962+0000] {dagbag.py:588} INFO - Filling up the DagBag from /home/airflow/.local/lib/python3.12/site-packages/airflow/example_dags/example_python_operator.py
[2025-05-14T17:14:27.980+0000] {processor.py:925} INFO - DAG(s) 'example_python_operator' retrieved from /home/airflow/.local/lib/python3.12/site-packages/airflow/example_dags/example_python_operator.py
[2025-05-14T17:14:28.015+0000] {logging_mixin.py:190} INFO - [2025-05-14T17:14:28.014+0000] {dag.py:3239} INFO - Sync 1 DAGs
[2025-05-14T17:14:28.039+0000] {logging_mixin.py:190} INFO - [2025-05-14T17:14:28.039+0000] {dag.py:4180} INFO - Setting next_dagrun for example_python_operator to None, run_after=None
[2025-05-14T17:14:28.069+0000] {processor.py:208} INFO - Processing /home/airflow/.local/lib/python3.12/site-packages/airflow/example_dags/example_python_operator.py took 0.120 seconds
[2025-05-14T17:14:58.296+0000] {processor.py:186} INFO - Started process (PID=1243) to work on /home/airflow/.local/lib/python3.12/site-packages/airflow/example_dags/example_python_operator.py
[2025-05-14T17:14:58.298+0000] {processor.py:914} INFO - Processing file /home/airflow/.local/lib/python3.12/site-packages/airflow/example_dags/example_python_operator.py for tasks to queue
[2025-05-14T17:14:58.305+0000] {logging_mixin.py:190} INFO - [2025-05-14T17:14:58.304+0000] {dagbag.py:588} INFO - Filling up the DagBag from /home/airflow/.local/lib/python3.12/site-packages/airflow/example_dags/example_python_operator.py
[2025-05-14T17:14:58.333+0000] {processor.py:925} INFO - DAG(s) 'example_python_operator' retrieved from /home/airflow/.local/lib/python3.12/site-packages/airflow/example_dags/example_python_operator.py
[2025-05-14T17:14:58.377+0000] {logging_mixin.py:190} INFO - [2025-05-14T17:14:58.376+0000] {dag.py:3239} INFO - Sync 1 DAGs
[2025-05-14T17:14:58.407+0000] {logging_mixin.py:190} INFO - [2025-05-14T17:14:58.406+0000] {dag.py:4180} INFO - Setting next_dagrun for example_python_operator to None, run_after=None
[2025-05-14T17:14:58.444+0000] {processor.py:208} INFO - Processing /home/airflow/.local/lib/python3.12/site-packages/airflow/example_dags/example_python_operator.py took 0.163 seconds
