[2025-05-14T17:00:30.902+0000] {processor.py:186} INFO - Started process (PID=136) to work on /home/airflow/.local/lib/python3.12/site-packages/airflow/example_dags/example_subdag_operator.py
[2025-05-14T17:00:30.904+0000] {processor.py:914} INFO - Processing file /home/airflow/.local/lib/python3.12/site-packages/airflow/example_dags/example_subdag_operator.py for tasks to queue
[2025-05-14T17:00:30.909+0000] {logging_mixin.py:190} INFO - [2025-05-14T17:00:30.908+0000] {dagbag.py:588} INFO - Filling up the DagBag from /home/airflow/.local/lib/python3.12/site-packages/airflow/example_dags/example_subdag_operator.py
[2025-05-14T17:00:31.014+0000] {processor.py:925} INFO - DAG(s) 'example_subdag_operator.section-1', 'example_subdag_operator.section-2', 'example_subdag_operator' retrieved from /home/airflow/.local/lib/python3.12/site-packages/airflow/example_dags/example_subdag_operator.py
[2025-05-14T17:00:31.147+0000] {logging_mixin.py:190} INFO - [2025-05-14T17:00:31.147+0000] {dag.py:3239} INFO - Sync 3 DAGs
[2025-05-14T17:00:31.214+0000] {logging_mixin.py:190} INFO - [2025-05-14T17:00:31.213+0000] {dag.py:4180} INFO - Setting next_dagrun for example_subdag_operator to 2022-01-01 00:00:00+00:00, run_after=2022-01-01 00:00:00+00:00
[2025-05-14T17:00:31.223+0000] {logging_mixin.py:190} INFO - [2025-05-14T17:00:31.223+0000] {dag.py:4180} INFO - Setting next_dagrun for example_subdag_operator.section-1 to None, run_after=None
[2025-05-14T17:00:31.227+0000] {logging_mixin.py:190} INFO - [2025-05-14T17:00:31.226+0000] {dag.py:4180} INFO - Setting next_dagrun for example_subdag_operator.section-2 to None, run_after=None
[2025-05-14T17:00:31.260+0000] {logging_mixin.py:190} INFO - [2025-05-14T17:00:31.259+0000] {dag.py:3239} INFO - Sync 2 DAGs
[2025-05-14T17:00:31.286+0000] {logging_mixin.py:190} INFO - [2025-05-14T17:00:31.285+0000] {dag.py:4180} INFO - Setting next_dagrun for example_subdag_operator.section-1 to None, run_after=None
[2025-05-14T17:00:31.288+0000] {logging_mixin.py:190} INFO - [2025-05-14T17:00:31.287+0000] {dag.py:4180} INFO - Setting next_dagrun for example_subdag_operator.section-2 to None, run_after=None
[2025-05-14T17:00:31.323+0000] {processor.py:208} INFO - Processing /home/airflow/.local/lib/python3.12/site-packages/airflow/example_dags/example_subdag_operator.py took 0.434 seconds
[2025-05-14T17:01:03.237+0000] {processor.py:186} INFO - Started process (PID=202) to work on /home/airflow/.local/lib/python3.12/site-packages/airflow/example_dags/example_subdag_operator.py
[2025-05-14T17:01:03.240+0000] {processor.py:914} INFO - Processing file /home/airflow/.local/lib/python3.12/site-packages/airflow/example_dags/example_subdag_operator.py for tasks to queue
[2025-05-14T17:01:03.257+0000] {logging_mixin.py:190} INFO - [2025-05-14T17:01:03.255+0000] {dagbag.py:588} INFO - Filling up the DagBag from /home/airflow/.local/lib/python3.12/site-packages/airflow/example_dags/example_subdag_operator.py
[2025-05-14T17:01:03.355+0000] {processor.py:925} INFO - DAG(s) 'example_subdag_operator.section-1', 'example_subdag_operator.section-2', 'example_subdag_operator' retrieved from /home/airflow/.local/lib/python3.12/site-packages/airflow/example_dags/example_subdag_operator.py
[2025-05-14T17:01:03.392+0000] {logging_mixin.py:190} INFO - [2025-05-14T17:01:03.391+0000] {dag.py:3239} INFO - Sync 3 DAGs
[2025-05-14T17:01:03.477+0000] {logging_mixin.py:190} INFO - [2025-05-14T17:01:03.477+0000] {dag.py:4180} INFO - Setting next_dagrun for example_subdag_operator to 2022-01-01 00:00:00+00:00, run_after=2022-01-01 00:00:00+00:00
[2025-05-14T17:01:03.486+0000] {logging_mixin.py:190} INFO - [2025-05-14T17:01:03.485+0000] {dag.py:4180} INFO - Setting next_dagrun for example_subdag_operator.section-1 to None, run_after=None
[2025-05-14T17:01:03.489+0000] {logging_mixin.py:190} INFO - [2025-05-14T17:01:03.489+0000] {dag.py:4180} INFO - Setting next_dagrun for example_subdag_operator.section-2 to None, run_after=None
[2025-05-14T17:01:03.505+0000] {logging_mixin.py:190} INFO - [2025-05-14T17:01:03.504+0000] {dag.py:3239} INFO - Sync 2 DAGs
[2025-05-14T17:01:03.524+0000] {logging_mixin.py:190} INFO - [2025-05-14T17:01:03.524+0000] {dag.py:4180} INFO - Setting next_dagrun for example_subdag_operator.section-1 to None, run_after=None
[2025-05-14T17:01:03.525+0000] {logging_mixin.py:190} INFO - [2025-05-14T17:01:03.525+0000] {dag.py:4180} INFO - Setting next_dagrun for example_subdag_operator.section-2 to None, run_after=None
[2025-05-14T17:01:03.559+0000] {processor.py:208} INFO - Processing /home/airflow/.local/lib/python3.12/site-packages/airflow/example_dags/example_subdag_operator.py took 0.344 seconds
[2025-05-14T17:01:35.064+0000] {processor.py:186} INFO - Started process (PID=269) to work on /home/airflow/.local/lib/python3.12/site-packages/airflow/example_dags/example_subdag_operator.py
[2025-05-14T17:01:35.066+0000] {processor.py:914} INFO - Processing file /home/airflow/.local/lib/python3.12/site-packages/airflow/example_dags/example_subdag_operator.py for tasks to queue
[2025-05-14T17:01:35.089+0000] {logging_mixin.py:190} INFO - [2025-05-14T17:01:35.087+0000] {dagbag.py:588} INFO - Filling up the DagBag from /home/airflow/.local/lib/python3.12/site-packages/airflow/example_dags/example_subdag_operator.py
[2025-05-14T17:01:35.248+0000] {processor.py:925} INFO - DAG(s) 'example_subdag_operator.section-1', 'example_subdag_operator.section-2', 'example_subdag_operator' retrieved from /home/airflow/.local/lib/python3.12/site-packages/airflow/example_dags/example_subdag_operator.py
[2025-05-14T17:01:35.311+0000] {logging_mixin.py:190} INFO - [2025-05-14T17:01:35.311+0000] {dag.py:3239} INFO - Sync 3 DAGs
[2025-05-14T17:01:35.413+0000] {logging_mixin.py:190} INFO - [2025-05-14T17:01:35.411+0000] {dag.py:4180} INFO - Setting next_dagrun for example_subdag_operator to 2022-01-01 00:00:00+00:00, run_after=2022-01-01 00:00:00+00:00
[2025-05-14T17:01:35.427+0000] {logging_mixin.py:190} INFO - [2025-05-14T17:01:35.426+0000] {dag.py:4180} INFO - Setting next_dagrun for example_subdag_operator.section-1 to None, run_after=None
[2025-05-14T17:01:35.434+0000] {logging_mixin.py:190} INFO - [2025-05-14T17:01:35.433+0000] {dag.py:4180} INFO - Setting next_dagrun for example_subdag_operator.section-2 to None, run_after=None
[2025-05-14T17:01:35.455+0000] {logging_mixin.py:190} INFO - [2025-05-14T17:01:35.455+0000] {dag.py:3239} INFO - Sync 2 DAGs
[2025-05-14T17:01:35.473+0000] {logging_mixin.py:190} INFO - [2025-05-14T17:01:35.472+0000] {dag.py:4180} INFO - Setting next_dagrun for example_subdag_operator.section-1 to None, run_after=None
[2025-05-14T17:01:35.474+0000] {logging_mixin.py:190} INFO - [2025-05-14T17:01:35.474+0000] {dag.py:4180} INFO - Setting next_dagrun for example_subdag_operator.section-2 to None, run_after=None
[2025-05-14T17:01:35.508+0000] {processor.py:208} INFO - Processing /home/airflow/.local/lib/python3.12/site-packages/airflow/example_dags/example_subdag_operator.py took 0.461 seconds
[2025-05-14T17:02:10.234+0000] {processor.py:186} INFO - Started process (PID=335) to work on /home/airflow/.local/lib/python3.12/site-packages/airflow/example_dags/example_subdag_operator.py
[2025-05-14T17:02:10.239+0000] {processor.py:914} INFO - Processing file /home/airflow/.local/lib/python3.12/site-packages/airflow/example_dags/example_subdag_operator.py for tasks to queue
[2025-05-14T17:02:10.254+0000] {logging_mixin.py:190} INFO - [2025-05-14T17:02:10.254+0000] {dagbag.py:588} INFO - Filling up the DagBag from /home/airflow/.local/lib/python3.12/site-packages/airflow/example_dags/example_subdag_operator.py
[2025-05-14T17:02:10.461+0000] {processor.py:925} INFO - DAG(s) 'example_subdag_operator.section-1', 'example_subdag_operator.section-2', 'example_subdag_operator' retrieved from /home/airflow/.local/lib/python3.12/site-packages/airflow/example_dags/example_subdag_operator.py
[2025-05-14T17:02:10.635+0000] {logging_mixin.py:190} INFO - [2025-05-14T17:02:10.623+0000] {dag.py:3239} INFO - Sync 3 DAGs
[2025-05-14T17:02:10.900+0000] {logging_mixin.py:190} INFO - [2025-05-14T17:02:10.894+0000] {dag.py:4180} INFO - Setting next_dagrun for example_subdag_operator to 2022-01-01 00:00:00+00:00, run_after=2022-01-01 00:00:00+00:00
[2025-05-14T17:02:10.921+0000] {logging_mixin.py:190} INFO - [2025-05-14T17:02:10.920+0000] {dag.py:4180} INFO - Setting next_dagrun for example_subdag_operator.section-1 to None, run_after=None
[2025-05-14T17:02:10.935+0000] {logging_mixin.py:190} INFO - [2025-05-14T17:02:10.934+0000] {dag.py:4180} INFO - Setting next_dagrun for example_subdag_operator.section-2 to None, run_after=None
[2025-05-14T17:02:11.004+0000] {logging_mixin.py:190} INFO - [2025-05-14T17:02:11.004+0000] {dag.py:3239} INFO - Sync 2 DAGs
[2025-05-14T17:02:11.077+0000] {logging_mixin.py:190} INFO - [2025-05-14T17:02:11.077+0000] {dag.py:4180} INFO - Setting next_dagrun for example_subdag_operator.section-1 to None, run_after=None
[2025-05-14T17:02:11.086+0000] {logging_mixin.py:190} INFO - [2025-05-14T17:02:11.086+0000] {dag.py:4180} INFO - Setting next_dagrun for example_subdag_operator.section-2 to None, run_after=None
[2025-05-14T17:02:11.230+0000] {processor.py:208} INFO - Processing /home/airflow/.local/lib/python3.12/site-packages/airflow/example_dags/example_subdag_operator.py took 1.028 seconds
[2025-05-14T17:02:41.458+0000] {processor.py:186} INFO - Started process (PID=401) to work on /home/airflow/.local/lib/python3.12/site-packages/airflow/example_dags/example_subdag_operator.py
[2025-05-14T17:02:41.460+0000] {processor.py:914} INFO - Processing file /home/airflow/.local/lib/python3.12/site-packages/airflow/example_dags/example_subdag_operator.py for tasks to queue
[2025-05-14T17:02:41.462+0000] {logging_mixin.py:190} INFO - [2025-05-14T17:02:41.462+0000] {dagbag.py:588} INFO - Filling up the DagBag from /home/airflow/.local/lib/python3.12/site-packages/airflow/example_dags/example_subdag_operator.py
[2025-05-14T17:02:41.501+0000] {processor.py:925} INFO - DAG(s) 'example_subdag_operator.section-1', 'example_subdag_operator.section-2', 'example_subdag_operator' retrieved from /home/airflow/.local/lib/python3.12/site-packages/airflow/example_dags/example_subdag_operator.py
[2025-05-14T17:02:41.523+0000] {logging_mixin.py:190} INFO - [2025-05-14T17:02:41.523+0000] {dag.py:3239} INFO - Sync 3 DAGs
[2025-05-14T17:02:41.564+0000] {logging_mixin.py:190} INFO - [2025-05-14T17:02:41.564+0000] {dag.py:4180} INFO - Setting next_dagrun for example_subdag_operator to 2022-01-01 00:00:00+00:00, run_after=2022-01-01 00:00:00+00:00
[2025-05-14T17:02:41.571+0000] {logging_mixin.py:190} INFO - [2025-05-14T17:02:41.571+0000] {dag.py:4180} INFO - Setting next_dagrun for example_subdag_operator.section-1 to None, run_after=None
[2025-05-14T17:02:41.574+0000] {logging_mixin.py:190} INFO - [2025-05-14T17:02:41.573+0000] {dag.py:4180} INFO - Setting next_dagrun for example_subdag_operator.section-2 to None, run_after=None
[2025-05-14T17:02:41.586+0000] {logging_mixin.py:190} INFO - [2025-05-14T17:02:41.585+0000] {dag.py:3239} INFO - Sync 2 DAGs
[2025-05-14T17:02:41.596+0000] {logging_mixin.py:190} INFO - [2025-05-14T17:02:41.596+0000] {dag.py:4180} INFO - Setting next_dagrun for example_subdag_operator.section-1 to None, run_after=None
[2025-05-14T17:02:41.597+0000] {logging_mixin.py:190} INFO - [2025-05-14T17:02:41.597+0000] {dag.py:4180} INFO - Setting next_dagrun for example_subdag_operator.section-2 to None, run_after=None
[2025-05-14T17:02:41.614+0000] {processor.py:208} INFO - Processing /home/airflow/.local/lib/python3.12/site-packages/airflow/example_dags/example_subdag_operator.py took 0.163 seconds
[2025-05-14T17:06:00.189+0000] {processor.py:186} INFO - Started process (PID=117) to work on /home/airflow/.local/lib/python3.12/site-packages/airflow/example_dags/example_subdag_operator.py
[2025-05-14T17:06:00.203+0000] {processor.py:914} INFO - Processing file /home/airflow/.local/lib/python3.12/site-packages/airflow/example_dags/example_subdag_operator.py for tasks to queue
[2025-05-14T17:06:00.223+0000] {logging_mixin.py:190} INFO - [2025-05-14T17:06:00.221+0000] {dagbag.py:588} INFO - Filling up the DagBag from /home/airflow/.local/lib/python3.12/site-packages/airflow/example_dags/example_subdag_operator.py
[2025-05-14T17:06:00.381+0000] {processor.py:925} INFO - DAG(s) 'example_subdag_operator.section-1', 'example_subdag_operator.section-2', 'example_subdag_operator' retrieved from /home/airflow/.local/lib/python3.12/site-packages/airflow/example_dags/example_subdag_operator.py
[2025-05-14T17:06:00.597+0000] {logging_mixin.py:190} INFO - [2025-05-14T17:06:00.596+0000] {dag.py:3239} INFO - Sync 3 DAGs
[2025-05-14T17:06:00.782+0000] {logging_mixin.py:190} INFO - [2025-05-14T17:06:00.781+0000] {dag.py:4180} INFO - Setting next_dagrun for example_subdag_operator to 2022-01-01 00:00:00+00:00, run_after=2022-01-01 00:00:00+00:00
[2025-05-14T17:06:00.807+0000] {logging_mixin.py:190} INFO - [2025-05-14T17:06:00.806+0000] {dag.py:4180} INFO - Setting next_dagrun for example_subdag_operator.section-1 to None, run_after=None
[2025-05-14T17:06:00.814+0000] {logging_mixin.py:190} INFO - [2025-05-14T17:06:00.813+0000] {dag.py:4180} INFO - Setting next_dagrun for example_subdag_operator.section-2 to None, run_after=None
[2025-05-14T17:06:00.870+0000] {logging_mixin.py:190} INFO - [2025-05-14T17:06:00.870+0000] {dag.py:3239} INFO - Sync 2 DAGs
[2025-05-14T17:06:00.921+0000] {logging_mixin.py:190} INFO - [2025-05-14T17:06:00.920+0000] {dag.py:4180} INFO - Setting next_dagrun for example_subdag_operator.section-1 to None, run_after=None
[2025-05-14T17:06:00.927+0000] {logging_mixin.py:190} INFO - [2025-05-14T17:06:00.926+0000] {dag.py:4180} INFO - Setting next_dagrun for example_subdag_operator.section-2 to None, run_after=None
[2025-05-14T17:06:01.028+0000] {processor.py:208} INFO - Processing /home/airflow/.local/lib/python3.12/site-packages/airflow/example_dags/example_subdag_operator.py took 0.888 seconds
[2025-05-14T17:06:38.502+0000] {processor.py:186} INFO - Started process (PID=188) to work on /home/airflow/.local/lib/python3.12/site-packages/airflow/example_dags/example_subdag_operator.py
[2025-05-14T17:06:38.504+0000] {processor.py:914} INFO - Processing file /home/airflow/.local/lib/python3.12/site-packages/airflow/example_dags/example_subdag_operator.py for tasks to queue
[2025-05-14T17:06:38.514+0000] {logging_mixin.py:190} INFO - [2025-05-14T17:06:38.513+0000] {dagbag.py:588} INFO - Filling up the DagBag from /home/airflow/.local/lib/python3.12/site-packages/airflow/example_dags/example_subdag_operator.py
[2025-05-14T17:06:38.720+0000] {processor.py:925} INFO - DAG(s) 'example_subdag_operator.section-1', 'example_subdag_operator.section-2', 'example_subdag_operator' retrieved from /home/airflow/.local/lib/python3.12/site-packages/airflow/example_dags/example_subdag_operator.py
[2025-05-14T17:06:38.859+0000] {logging_mixin.py:190} INFO - [2025-05-14T17:06:38.859+0000] {dag.py:3239} INFO - Sync 3 DAGs
[2025-05-14T17:06:39.048+0000] {logging_mixin.py:190} INFO - [2025-05-14T17:06:39.048+0000] {dag.py:4180} INFO - Setting next_dagrun for example_subdag_operator to 2022-01-01 00:00:00+00:00, run_after=2022-01-01 00:00:00+00:00
[2025-05-14T17:06:39.070+0000] {logging_mixin.py:190} INFO - [2025-05-14T17:06:39.069+0000] {dag.py:4180} INFO - Setting next_dagrun for example_subdag_operator.section-1 to None, run_after=None
[2025-05-14T17:06:39.091+0000] {logging_mixin.py:190} INFO - [2025-05-14T17:06:39.091+0000] {dag.py:4180} INFO - Setting next_dagrun for example_subdag_operator.section-2 to None, run_after=None
[2025-05-14T17:06:39.125+0000] {logging_mixin.py:190} INFO - [2025-05-14T17:06:39.124+0000] {dag.py:3239} INFO - Sync 2 DAGs
[2025-05-14T17:06:39.158+0000] {logging_mixin.py:190} INFO - [2025-05-14T17:06:39.158+0000] {dag.py:4180} INFO - Setting next_dagrun for example_subdag_operator.section-1 to None, run_after=None
[2025-05-14T17:06:39.164+0000] {logging_mixin.py:190} INFO - [2025-05-14T17:06:39.163+0000] {dag.py:4180} INFO - Setting next_dagrun for example_subdag_operator.section-2 to None, run_after=None
[2025-05-14T17:06:39.242+0000] {processor.py:208} INFO - Processing /home/airflow/.local/lib/python3.12/site-packages/airflow/example_dags/example_subdag_operator.py took 0.759 seconds
[2025-05-14T17:07:10.071+0000] {processor.py:186} INFO - Started process (PID=254) to work on /home/airflow/.local/lib/python3.12/site-packages/airflow/example_dags/example_subdag_operator.py
[2025-05-14T17:07:10.084+0000] {processor.py:914} INFO - Processing file /home/airflow/.local/lib/python3.12/site-packages/airflow/example_dags/example_subdag_operator.py for tasks to queue
[2025-05-14T17:07:10.104+0000] {logging_mixin.py:190} INFO - [2025-05-14T17:07:10.096+0000] {dagbag.py:588} INFO - Filling up the DagBag from /home/airflow/.local/lib/python3.12/site-packages/airflow/example_dags/example_subdag_operator.py
[2025-05-14T17:07:10.334+0000] {processor.py:925} INFO - DAG(s) 'example_subdag_operator.section-1', 'example_subdag_operator.section-2', 'example_subdag_operator' retrieved from /home/airflow/.local/lib/python3.12/site-packages/airflow/example_dags/example_subdag_operator.py
[2025-05-14T17:07:10.400+0000] {logging_mixin.py:190} INFO - [2025-05-14T17:07:10.399+0000] {dag.py:3239} INFO - Sync 3 DAGs
[2025-05-14T17:07:10.470+0000] {logging_mixin.py:190} INFO - [2025-05-14T17:07:10.469+0000] {dag.py:4180} INFO - Setting next_dagrun for example_subdag_operator to 2022-01-01 00:00:00+00:00, run_after=2022-01-01 00:00:00+00:00
[2025-05-14T17:07:10.499+0000] {logging_mixin.py:190} INFO - [2025-05-14T17:07:10.498+0000] {dag.py:4180} INFO - Setting next_dagrun for example_subdag_operator.section-1 to None, run_after=None
[2025-05-14T17:07:10.518+0000] {logging_mixin.py:190} INFO - [2025-05-14T17:07:10.518+0000] {dag.py:4180} INFO - Setting next_dagrun for example_subdag_operator.section-2 to None, run_after=None
[2025-05-14T17:07:10.554+0000] {logging_mixin.py:190} INFO - [2025-05-14T17:07:10.554+0000] {dag.py:3239} INFO - Sync 2 DAGs
[2025-05-14T17:07:10.586+0000] {logging_mixin.py:190} INFO - [2025-05-14T17:07:10.585+0000] {dag.py:4180} INFO - Setting next_dagrun for example_subdag_operator.section-1 to None, run_after=None
[2025-05-14T17:07:10.588+0000] {logging_mixin.py:190} INFO - [2025-05-14T17:07:10.587+0000] {dag.py:4180} INFO - Setting next_dagrun for example_subdag_operator.section-2 to None, run_after=None
[2025-05-14T17:07:10.634+0000] {processor.py:208} INFO - Processing /home/airflow/.local/lib/python3.12/site-packages/airflow/example_dags/example_subdag_operator.py took 0.594 seconds
[2025-05-14T17:07:41.340+0000] {processor.py:186} INFO - Started process (PID=322) to work on /home/airflow/.local/lib/python3.12/site-packages/airflow/example_dags/example_subdag_operator.py
[2025-05-14T17:07:41.342+0000] {processor.py:914} INFO - Processing file /home/airflow/.local/lib/python3.12/site-packages/airflow/example_dags/example_subdag_operator.py for tasks to queue
[2025-05-14T17:07:41.348+0000] {logging_mixin.py:190} INFO - [2025-05-14T17:07:41.347+0000] {dagbag.py:588} INFO - Filling up the DagBag from /home/airflow/.local/lib/python3.12/site-packages/airflow/example_dags/example_subdag_operator.py
[2025-05-14T17:07:41.420+0000] {processor.py:925} INFO - DAG(s) 'example_subdag_operator.section-1', 'example_subdag_operator.section-2', 'example_subdag_operator' retrieved from /home/airflow/.local/lib/python3.12/site-packages/airflow/example_dags/example_subdag_operator.py
[2025-05-14T17:07:41.461+0000] {logging_mixin.py:190} INFO - [2025-05-14T17:07:41.461+0000] {dag.py:3239} INFO - Sync 3 DAGs
[2025-05-14T17:07:41.524+0000] {logging_mixin.py:190} INFO - [2025-05-14T17:07:41.523+0000] {dag.py:4180} INFO - Setting next_dagrun for example_subdag_operator to 2022-01-01 00:00:00+00:00, run_after=2022-01-01 00:00:00+00:00
[2025-05-14T17:07:41.537+0000] {logging_mixin.py:190} INFO - [2025-05-14T17:07:41.536+0000] {dag.py:4180} INFO - Setting next_dagrun for example_subdag_operator.section-1 to None, run_after=None
[2025-05-14T17:07:41.541+0000] {logging_mixin.py:190} INFO - [2025-05-14T17:07:41.540+0000] {dag.py:4180} INFO - Setting next_dagrun for example_subdag_operator.section-2 to None, run_after=None
[2025-05-14T17:07:41.567+0000] {logging_mixin.py:190} INFO - [2025-05-14T17:07:41.566+0000] {dag.py:3239} INFO - Sync 2 DAGs
[2025-05-14T17:07:41.582+0000] {logging_mixin.py:190} INFO - [2025-05-14T17:07:41.582+0000] {dag.py:4180} INFO - Setting next_dagrun for example_subdag_operator.section-1 to None, run_after=None
[2025-05-14T17:07:41.584+0000] {logging_mixin.py:190} INFO - [2025-05-14T17:07:41.584+0000] {dag.py:4180} INFO - Setting next_dagrun for example_subdag_operator.section-2 to None, run_after=None
[2025-05-14T17:07:41.609+0000] {processor.py:208} INFO - Processing /home/airflow/.local/lib/python3.12/site-packages/airflow/example_dags/example_subdag_operator.py took 0.286 seconds
[2025-05-14T17:08:11.949+0000] {processor.py:186} INFO - Started process (PID=388) to work on /home/airflow/.local/lib/python3.12/site-packages/airflow/example_dags/example_subdag_operator.py
[2025-05-14T17:08:11.950+0000] {processor.py:914} INFO - Processing file /home/airflow/.local/lib/python3.12/site-packages/airflow/example_dags/example_subdag_operator.py for tasks to queue
[2025-05-14T17:08:11.955+0000] {logging_mixin.py:190} INFO - [2025-05-14T17:08:11.955+0000] {dagbag.py:588} INFO - Filling up the DagBag from /home/airflow/.local/lib/python3.12/site-packages/airflow/example_dags/example_subdag_operator.py
[2025-05-14T17:08:12.008+0000] {processor.py:925} INFO - DAG(s) 'example_subdag_operator.section-1', 'example_subdag_operator.section-2', 'example_subdag_operator' retrieved from /home/airflow/.local/lib/python3.12/site-packages/airflow/example_dags/example_subdag_operator.py
[2025-05-14T17:08:12.114+0000] {logging_mixin.py:190} INFO - [2025-05-14T17:08:12.113+0000] {dag.py:3239} INFO - Sync 3 DAGs
[2025-05-14T17:08:12.193+0000] {logging_mixin.py:190} INFO - [2025-05-14T17:08:12.192+0000] {dag.py:4180} INFO - Setting next_dagrun for example_subdag_operator to 2022-01-01 00:00:00+00:00, run_after=2022-01-01 00:00:00+00:00
[2025-05-14T17:08:12.208+0000] {logging_mixin.py:190} INFO - [2025-05-14T17:08:12.207+0000] {dag.py:4180} INFO - Setting next_dagrun for example_subdag_operator.section-1 to None, run_after=None
[2025-05-14T17:08:12.212+0000] {logging_mixin.py:190} INFO - [2025-05-14T17:08:12.212+0000] {dag.py:4180} INFO - Setting next_dagrun for example_subdag_operator.section-2 to None, run_after=None
[2025-05-14T17:08:12.232+0000] {logging_mixin.py:190} INFO - [2025-05-14T17:08:12.232+0000] {dag.py:3239} INFO - Sync 2 DAGs
[2025-05-14T17:08:12.256+0000] {logging_mixin.py:190} INFO - [2025-05-14T17:08:12.256+0000] {dag.py:4180} INFO - Setting next_dagrun for example_subdag_operator.section-1 to None, run_after=None
[2025-05-14T17:08:12.258+0000] {logging_mixin.py:190} INFO - [2025-05-14T17:08:12.257+0000] {dag.py:4180} INFO - Setting next_dagrun for example_subdag_operator.section-2 to None, run_after=None
[2025-05-14T17:08:12.326+0000] {processor.py:208} INFO - Processing /home/airflow/.local/lib/python3.12/site-packages/airflow/example_dags/example_subdag_operator.py took 0.389 seconds
[2025-05-14T17:08:42.944+0000] {processor.py:186} INFO - Started process (PID=454) to work on /home/airflow/.local/lib/python3.12/site-packages/airflow/example_dags/example_subdag_operator.py
[2025-05-14T17:08:42.947+0000] {processor.py:914} INFO - Processing file /home/airflow/.local/lib/python3.12/site-packages/airflow/example_dags/example_subdag_operator.py for tasks to queue
[2025-05-14T17:08:42.962+0000] {logging_mixin.py:190} INFO - [2025-05-14T17:08:42.961+0000] {dagbag.py:588} INFO - Filling up the DagBag from /home/airflow/.local/lib/python3.12/site-packages/airflow/example_dags/example_subdag_operator.py
[2025-05-14T17:08:43.089+0000] {processor.py:925} INFO - DAG(s) 'example_subdag_operator.section-1', 'example_subdag_operator.section-2', 'example_subdag_operator' retrieved from /home/airflow/.local/lib/python3.12/site-packages/airflow/example_dags/example_subdag_operator.py
[2025-05-14T17:08:43.152+0000] {logging_mixin.py:190} INFO - [2025-05-14T17:08:43.152+0000] {dag.py:3239} INFO - Sync 3 DAGs
[2025-05-14T17:08:43.233+0000] {logging_mixin.py:190} INFO - [2025-05-14T17:08:43.233+0000] {dag.py:4180} INFO - Setting next_dagrun for example_subdag_operator to 2022-01-01 00:00:00+00:00, run_after=2022-01-01 00:00:00+00:00
[2025-05-14T17:08:43.244+0000] {logging_mixin.py:190} INFO - [2025-05-14T17:08:43.244+0000] {dag.py:4180} INFO - Setting next_dagrun for example_subdag_operator.section-1 to None, run_after=None
[2025-05-14T17:08:43.251+0000] {logging_mixin.py:190} INFO - [2025-05-14T17:08:43.250+0000] {dag.py:4180} INFO - Setting next_dagrun for example_subdag_operator.section-2 to None, run_after=None
[2025-05-14T17:08:43.278+0000] {logging_mixin.py:190} INFO - [2025-05-14T17:08:43.277+0000] {dag.py:3239} INFO - Sync 2 DAGs
[2025-05-14T17:08:43.300+0000] {logging_mixin.py:190} INFO - [2025-05-14T17:08:43.300+0000] {dag.py:4180} INFO - Setting next_dagrun for example_subdag_operator.section-1 to None, run_after=None
[2025-05-14T17:08:43.302+0000] {logging_mixin.py:190} INFO - [2025-05-14T17:08:43.301+0000] {dag.py:4180} INFO - Setting next_dagrun for example_subdag_operator.section-2 to None, run_after=None
[2025-05-14T17:08:43.341+0000] {processor.py:208} INFO - Processing /home/airflow/.local/lib/python3.12/site-packages/airflow/example_dags/example_subdag_operator.py took 0.419 seconds
[2025-05-14T17:09:20.541+0000] {processor.py:186} INFO - Started process (PID=520) to work on /home/airflow/.local/lib/python3.12/site-packages/airflow/example_dags/example_subdag_operator.py
[2025-05-14T17:09:20.543+0000] {processor.py:914} INFO - Processing file /home/airflow/.local/lib/python3.12/site-packages/airflow/example_dags/example_subdag_operator.py for tasks to queue
[2025-05-14T17:09:20.550+0000] {logging_mixin.py:190} INFO - [2025-05-14T17:09:20.549+0000] {dagbag.py:588} INFO - Filling up the DagBag from /home/airflow/.local/lib/python3.12/site-packages/airflow/example_dags/example_subdag_operator.py
[2025-05-14T17:09:20.653+0000] {processor.py:925} INFO - DAG(s) 'example_subdag_operator.section-1', 'example_subdag_operator.section-2', 'example_subdag_operator' retrieved from /home/airflow/.local/lib/python3.12/site-packages/airflow/example_dags/example_subdag_operator.py
[2025-05-14T17:09:20.787+0000] {logging_mixin.py:190} INFO - [2025-05-14T17:09:20.786+0000] {dag.py:3239} INFO - Sync 3 DAGs
[2025-05-14T17:09:20.913+0000] {logging_mixin.py:190} INFO - [2025-05-14T17:09:20.907+0000] {dag.py:4180} INFO - Setting next_dagrun for example_subdag_operator to 2022-01-01 00:00:00+00:00, run_after=2022-01-01 00:00:00+00:00
[2025-05-14T17:09:20.934+0000] {logging_mixin.py:190} INFO - [2025-05-14T17:09:20.933+0000] {dag.py:4180} INFO - Setting next_dagrun for example_subdag_operator.section-1 to None, run_after=None
[2025-05-14T17:09:20.947+0000] {logging_mixin.py:190} INFO - [2025-05-14T17:09:20.946+0000] {dag.py:4180} INFO - Setting next_dagrun for example_subdag_operator.section-2 to None, run_after=None
[2025-05-14T17:09:20.985+0000] {logging_mixin.py:190} INFO - [2025-05-14T17:09:20.984+0000] {dag.py:3239} INFO - Sync 2 DAGs
[2025-05-14T17:09:21.016+0000] {logging_mixin.py:190} INFO - [2025-05-14T17:09:21.015+0000] {dag.py:4180} INFO - Setting next_dagrun for example_subdag_operator.section-1 to None, run_after=None
[2025-05-14T17:09:21.027+0000] {logging_mixin.py:190} INFO - [2025-05-14T17:09:21.026+0000] {dag.py:4180} INFO - Setting next_dagrun for example_subdag_operator.section-2 to None, run_after=None
[2025-05-14T17:09:21.079+0000] {processor.py:208} INFO - Processing /home/airflow/.local/lib/python3.12/site-packages/airflow/example_dags/example_subdag_operator.py took 0.552 seconds
[2025-05-14T17:09:51.821+0000] {processor.py:186} INFO - Started process (PID=586) to work on /home/airflow/.local/lib/python3.12/site-packages/airflow/example_dags/example_subdag_operator.py
[2025-05-14T17:09:51.823+0000] {processor.py:914} INFO - Processing file /home/airflow/.local/lib/python3.12/site-packages/airflow/example_dags/example_subdag_operator.py for tasks to queue
[2025-05-14T17:09:51.826+0000] {logging_mixin.py:190} INFO - [2025-05-14T17:09:51.826+0000] {dagbag.py:588} INFO - Filling up the DagBag from /home/airflow/.local/lib/python3.12/site-packages/airflow/example_dags/example_subdag_operator.py
[2025-05-14T17:09:51.870+0000] {processor.py:925} INFO - DAG(s) 'example_subdag_operator.section-1', 'example_subdag_operator.section-2', 'example_subdag_operator' retrieved from /home/airflow/.local/lib/python3.12/site-packages/airflow/example_dags/example_subdag_operator.py
[2025-05-14T17:09:51.900+0000] {logging_mixin.py:190} INFO - [2025-05-14T17:09:51.899+0000] {dag.py:3239} INFO - Sync 3 DAGs
[2025-05-14T17:09:51.953+0000] {logging_mixin.py:190} INFO - [2025-05-14T17:09:51.953+0000] {dag.py:4180} INFO - Setting next_dagrun for example_subdag_operator to 2022-01-01 00:00:00+00:00, run_after=2022-01-01 00:00:00+00:00
[2025-05-14T17:09:51.964+0000] {logging_mixin.py:190} INFO - [2025-05-14T17:09:51.963+0000] {dag.py:4180} INFO - Setting next_dagrun for example_subdag_operator.section-1 to None, run_after=None
[2025-05-14T17:09:51.967+0000] {logging_mixin.py:190} INFO - [2025-05-14T17:09:51.967+0000] {dag.py:4180} INFO - Setting next_dagrun for example_subdag_operator.section-2 to None, run_after=None
[2025-05-14T17:09:51.983+0000] {logging_mixin.py:190} INFO - [2025-05-14T17:09:51.983+0000] {dag.py:3239} INFO - Sync 2 DAGs
[2025-05-14T17:09:51.997+0000] {logging_mixin.py:190} INFO - [2025-05-14T17:09:51.996+0000] {dag.py:4180} INFO - Setting next_dagrun for example_subdag_operator.section-1 to None, run_after=None
[2025-05-14T17:09:51.998+0000] {logging_mixin.py:190} INFO - [2025-05-14T17:09:51.998+0000] {dag.py:4180} INFO - Setting next_dagrun for example_subdag_operator.section-2 to None, run_after=None
[2025-05-14T17:09:52.019+0000] {processor.py:208} INFO - Processing /home/airflow/.local/lib/python3.12/site-packages/airflow/example_dags/example_subdag_operator.py took 0.207 seconds
[2025-05-14T17:10:22.768+0000] {processor.py:186} INFO - Started process (PID=652) to work on /home/airflow/.local/lib/python3.12/site-packages/airflow/example_dags/example_subdag_operator.py
[2025-05-14T17:10:22.770+0000] {processor.py:914} INFO - Processing file /home/airflow/.local/lib/python3.12/site-packages/airflow/example_dags/example_subdag_operator.py for tasks to queue
[2025-05-14T17:10:22.776+0000] {logging_mixin.py:190} INFO - [2025-05-14T17:10:22.775+0000] {dagbag.py:588} INFO - Filling up the DagBag from /home/airflow/.local/lib/python3.12/site-packages/airflow/example_dags/example_subdag_operator.py
[2025-05-14T17:10:22.948+0000] {processor.py:925} INFO - DAG(s) 'example_subdag_operator.section-1', 'example_subdag_operator.section-2', 'example_subdag_operator' retrieved from /home/airflow/.local/lib/python3.12/site-packages/airflow/example_dags/example_subdag_operator.py
[2025-05-14T17:10:23.006+0000] {logging_mixin.py:190} INFO - [2025-05-14T17:10:23.005+0000] {dag.py:3239} INFO - Sync 3 DAGs
[2025-05-14T17:10:23.090+0000] {logging_mixin.py:190} INFO - [2025-05-14T17:10:23.089+0000] {dag.py:4180} INFO - Setting next_dagrun for example_subdag_operator to 2022-01-01 00:00:00+00:00, run_after=2022-01-01 00:00:00+00:00
[2025-05-14T17:10:23.105+0000] {logging_mixin.py:190} INFO - [2025-05-14T17:10:23.104+0000] {dag.py:4180} INFO - Setting next_dagrun for example_subdag_operator.section-1 to None, run_after=None
[2025-05-14T17:10:23.110+0000] {logging_mixin.py:190} INFO - [2025-05-14T17:10:23.109+0000] {dag.py:4180} INFO - Setting next_dagrun for example_subdag_operator.section-2 to None, run_after=None
[2025-05-14T17:10:23.155+0000] {logging_mixin.py:190} INFO - [2025-05-14T17:10:23.143+0000] {dag.py:3239} INFO - Sync 2 DAGs
[2025-05-14T17:10:23.185+0000] {logging_mixin.py:190} INFO - [2025-05-14T17:10:23.185+0000] {dag.py:4180} INFO - Setting next_dagrun for example_subdag_operator.section-1 to None, run_after=None
[2025-05-14T17:10:23.188+0000] {logging_mixin.py:190} INFO - [2025-05-14T17:10:23.187+0000] {dag.py:4180} INFO - Setting next_dagrun for example_subdag_operator.section-2 to None, run_after=None
[2025-05-14T17:10:23.270+0000] {processor.py:208} INFO - Processing /home/airflow/.local/lib/python3.12/site-packages/airflow/example_dags/example_subdag_operator.py took 0.515 seconds
[2025-05-14T17:10:53.982+0000] {processor.py:186} INFO - Started process (PID=718) to work on /home/airflow/.local/lib/python3.12/site-packages/airflow/example_dags/example_subdag_operator.py
[2025-05-14T17:10:53.986+0000] {processor.py:914} INFO - Processing file /home/airflow/.local/lib/python3.12/site-packages/airflow/example_dags/example_subdag_operator.py for tasks to queue
[2025-05-14T17:10:53.991+0000] {logging_mixin.py:190} INFO - [2025-05-14T17:10:53.991+0000] {dagbag.py:588} INFO - Filling up the DagBag from /home/airflow/.local/lib/python3.12/site-packages/airflow/example_dags/example_subdag_operator.py
[2025-05-14T17:10:54.109+0000] {processor.py:925} INFO - DAG(s) 'example_subdag_operator.section-1', 'example_subdag_operator.section-2', 'example_subdag_operator' retrieved from /home/airflow/.local/lib/python3.12/site-packages/airflow/example_dags/example_subdag_operator.py
[2025-05-14T17:10:54.196+0000] {logging_mixin.py:190} INFO - [2025-05-14T17:10:54.195+0000] {dag.py:3239} INFO - Sync 3 DAGs
[2025-05-14T17:10:54.305+0000] {logging_mixin.py:190} INFO - [2025-05-14T17:10:54.304+0000] {dag.py:4180} INFO - Setting next_dagrun for example_subdag_operator to 2022-01-01 00:00:00+00:00, run_after=2022-01-01 00:00:00+00:00
[2025-05-14T17:10:54.326+0000] {logging_mixin.py:190} INFO - [2025-05-14T17:10:54.325+0000] {dag.py:4180} INFO - Setting next_dagrun for example_subdag_operator.section-1 to None, run_after=None
[2025-05-14T17:10:54.332+0000] {logging_mixin.py:190} INFO - [2025-05-14T17:10:54.331+0000] {dag.py:4180} INFO - Setting next_dagrun for example_subdag_operator.section-2 to None, run_after=None
[2025-05-14T17:10:54.368+0000] {logging_mixin.py:190} INFO - [2025-05-14T17:10:54.368+0000] {dag.py:3239} INFO - Sync 2 DAGs
[2025-05-14T17:10:54.390+0000] {logging_mixin.py:190} INFO - [2025-05-14T17:10:54.390+0000] {dag.py:4180} INFO - Setting next_dagrun for example_subdag_operator.section-1 to None, run_after=None
[2025-05-14T17:10:54.393+0000] {logging_mixin.py:190} INFO - [2025-05-14T17:10:54.392+0000] {dag.py:4180} INFO - Setting next_dagrun for example_subdag_operator.section-2 to None, run_after=None
[2025-05-14T17:10:54.433+0000] {processor.py:208} INFO - Processing /home/airflow/.local/lib/python3.12/site-packages/airflow/example_dags/example_subdag_operator.py took 0.477 seconds
[2025-05-14T17:11:24.743+0000] {processor.py:186} INFO - Started process (PID=783) to work on /home/airflow/.local/lib/python3.12/site-packages/airflow/example_dags/example_subdag_operator.py
[2025-05-14T17:11:24.745+0000] {processor.py:914} INFO - Processing file /home/airflow/.local/lib/python3.12/site-packages/airflow/example_dags/example_subdag_operator.py for tasks to queue
[2025-05-14T17:11:24.754+0000] {logging_mixin.py:190} INFO - [2025-05-14T17:11:24.753+0000] {dagbag.py:588} INFO - Filling up the DagBag from /home/airflow/.local/lib/python3.12/site-packages/airflow/example_dags/example_subdag_operator.py
[2025-05-14T17:11:24.843+0000] {processor.py:925} INFO - DAG(s) 'example_subdag_operator.section-1', 'example_subdag_operator.section-2', 'example_subdag_operator' retrieved from /home/airflow/.local/lib/python3.12/site-packages/airflow/example_dags/example_subdag_operator.py
[2025-05-14T17:11:24.880+0000] {logging_mixin.py:190} INFO - [2025-05-14T17:11:24.879+0000] {dag.py:3239} INFO - Sync 3 DAGs
[2025-05-14T17:11:24.932+0000] {logging_mixin.py:190} INFO - [2025-05-14T17:11:24.932+0000] {dag.py:4180} INFO - Setting next_dagrun for example_subdag_operator to 2022-01-01 00:00:00+00:00, run_after=2022-01-01 00:00:00+00:00
[2025-05-14T17:11:24.942+0000] {logging_mixin.py:190} INFO - [2025-05-14T17:11:24.941+0000] {dag.py:4180} INFO - Setting next_dagrun for example_subdag_operator.section-1 to None, run_after=None
[2025-05-14T17:11:24.947+0000] {logging_mixin.py:190} INFO - [2025-05-14T17:11:24.946+0000] {dag.py:4180} INFO - Setting next_dagrun for example_subdag_operator.section-2 to None, run_after=None
[2025-05-14T17:11:24.971+0000] {logging_mixin.py:190} INFO - [2025-05-14T17:11:24.970+0000] {dag.py:3239} INFO - Sync 2 DAGs
[2025-05-14T17:11:24.996+0000] {logging_mixin.py:190} INFO - [2025-05-14T17:11:24.995+0000] {dag.py:4180} INFO - Setting next_dagrun for example_subdag_operator.section-1 to None, run_after=None
[2025-05-14T17:11:24.999+0000] {logging_mixin.py:190} INFO - [2025-05-14T17:11:24.997+0000] {dag.py:4180} INFO - Setting next_dagrun for example_subdag_operator.section-2 to None, run_after=None
[2025-05-14T17:11:25.027+0000] {processor.py:208} INFO - Processing /home/airflow/.local/lib/python3.12/site-packages/airflow/example_dags/example_subdag_operator.py took 0.297 seconds
[2025-05-14T17:11:55.719+0000] {processor.py:186} INFO - Started process (PID=850) to work on /home/airflow/.local/lib/python3.12/site-packages/airflow/example_dags/example_subdag_operator.py
[2025-05-14T17:11:55.722+0000] {processor.py:914} INFO - Processing file /home/airflow/.local/lib/python3.12/site-packages/airflow/example_dags/example_subdag_operator.py for tasks to queue
[2025-05-14T17:11:55.727+0000] {logging_mixin.py:190} INFO - [2025-05-14T17:11:55.726+0000] {dagbag.py:588} INFO - Filling up the DagBag from /home/airflow/.local/lib/python3.12/site-packages/airflow/example_dags/example_subdag_operator.py
[2025-05-14T17:11:55.787+0000] {processor.py:925} INFO - DAG(s) 'example_subdag_operator.section-1', 'example_subdag_operator.section-2', 'example_subdag_operator' retrieved from /home/airflow/.local/lib/python3.12/site-packages/airflow/example_dags/example_subdag_operator.py
[2025-05-14T17:11:55.817+0000] {logging_mixin.py:190} INFO - [2025-05-14T17:11:55.817+0000] {dag.py:3239} INFO - Sync 3 DAGs
[2025-05-14T17:11:55.870+0000] {logging_mixin.py:190} INFO - [2025-05-14T17:11:55.870+0000] {dag.py:4180} INFO - Setting next_dagrun for example_subdag_operator to 2022-01-01 00:00:00+00:00, run_after=2022-01-01 00:00:00+00:00
[2025-05-14T17:11:55.880+0000] {logging_mixin.py:190} INFO - [2025-05-14T17:11:55.880+0000] {dag.py:4180} INFO - Setting next_dagrun for example_subdag_operator.section-1 to None, run_after=None
[2025-05-14T17:11:55.883+0000] {logging_mixin.py:190} INFO - [2025-05-14T17:11:55.882+0000] {dag.py:4180} INFO - Setting next_dagrun for example_subdag_operator.section-2 to None, run_after=None
[2025-05-14T17:11:55.898+0000] {logging_mixin.py:190} INFO - [2025-05-14T17:11:55.898+0000] {dag.py:3239} INFO - Sync 2 DAGs
[2025-05-14T17:11:55.911+0000] {logging_mixin.py:190} INFO - [2025-05-14T17:11:55.910+0000] {dag.py:4180} INFO - Setting next_dagrun for example_subdag_operator.section-1 to None, run_after=None
[2025-05-14T17:11:55.912+0000] {logging_mixin.py:190} INFO - [2025-05-14T17:11:55.911+0000] {dag.py:4180} INFO - Setting next_dagrun for example_subdag_operator.section-2 to None, run_after=None
[2025-05-14T17:11:55.931+0000] {processor.py:208} INFO - Processing /home/airflow/.local/lib/python3.12/site-packages/airflow/example_dags/example_subdag_operator.py took 0.222 seconds
[2025-05-14T17:12:26.021+0000] {processor.py:186} INFO - Started process (PID=916) to work on /home/airflow/.local/lib/python3.12/site-packages/airflow/example_dags/example_subdag_operator.py
[2025-05-14T17:12:26.024+0000] {processor.py:914} INFO - Processing file /home/airflow/.local/lib/python3.12/site-packages/airflow/example_dags/example_subdag_operator.py for tasks to queue
[2025-05-14T17:12:26.029+0000] {logging_mixin.py:190} INFO - [2025-05-14T17:12:26.028+0000] {dagbag.py:588} INFO - Filling up the DagBag from /home/airflow/.local/lib/python3.12/site-packages/airflow/example_dags/example_subdag_operator.py
[2025-05-14T17:12:26.069+0000] {processor.py:925} INFO - DAG(s) 'example_subdag_operator.section-1', 'example_subdag_operator.section-2', 'example_subdag_operator' retrieved from /home/airflow/.local/lib/python3.12/site-packages/airflow/example_dags/example_subdag_operator.py
[2025-05-14T17:12:26.100+0000] {logging_mixin.py:190} INFO - [2025-05-14T17:12:26.099+0000] {dag.py:3239} INFO - Sync 3 DAGs
[2025-05-14T17:12:26.144+0000] {logging_mixin.py:190} INFO - [2025-05-14T17:12:26.144+0000] {dag.py:4180} INFO - Setting next_dagrun for example_subdag_operator to 2022-01-01 00:00:00+00:00, run_after=2022-01-01 00:00:00+00:00
[2025-05-14T17:12:26.152+0000] {logging_mixin.py:190} INFO - [2025-05-14T17:12:26.151+0000] {dag.py:4180} INFO - Setting next_dagrun for example_subdag_operator.section-1 to None, run_after=None
[2025-05-14T17:12:26.155+0000] {logging_mixin.py:190} INFO - [2025-05-14T17:12:26.155+0000] {dag.py:4180} INFO - Setting next_dagrun for example_subdag_operator.section-2 to None, run_after=None
[2025-05-14T17:12:26.168+0000] {logging_mixin.py:190} INFO - [2025-05-14T17:12:26.168+0000] {dag.py:3239} INFO - Sync 2 DAGs
[2025-05-14T17:12:26.179+0000] {logging_mixin.py:190} INFO - [2025-05-14T17:12:26.179+0000] {dag.py:4180} INFO - Setting next_dagrun for example_subdag_operator.section-1 to None, run_after=None
[2025-05-14T17:12:26.180+0000] {logging_mixin.py:190} INFO - [2025-05-14T17:12:26.180+0000] {dag.py:4180} INFO - Setting next_dagrun for example_subdag_operator.section-2 to None, run_after=None
[2025-05-14T17:12:26.201+0000] {processor.py:208} INFO - Processing /home/airflow/.local/lib/python3.12/site-packages/airflow/example_dags/example_subdag_operator.py took 0.189 seconds
[2025-05-14T17:12:56.696+0000] {processor.py:186} INFO - Started process (PID=982) to work on /home/airflow/.local/lib/python3.12/site-packages/airflow/example_dags/example_subdag_operator.py
[2025-05-14T17:12:56.699+0000] {processor.py:914} INFO - Processing file /home/airflow/.local/lib/python3.12/site-packages/airflow/example_dags/example_subdag_operator.py for tasks to queue
[2025-05-14T17:12:56.704+0000] {logging_mixin.py:190} INFO - [2025-05-14T17:12:56.704+0000] {dagbag.py:588} INFO - Filling up the DagBag from /home/airflow/.local/lib/python3.12/site-packages/airflow/example_dags/example_subdag_operator.py
[2025-05-14T17:12:56.773+0000] {processor.py:925} INFO - DAG(s) 'example_subdag_operator.section-1', 'example_subdag_operator.section-2', 'example_subdag_operator' retrieved from /home/airflow/.local/lib/python3.12/site-packages/airflow/example_dags/example_subdag_operator.py
[2025-05-14T17:12:56.824+0000] {logging_mixin.py:190} INFO - [2025-05-14T17:12:56.824+0000] {dag.py:3239} INFO - Sync 3 DAGs
[2025-05-14T17:12:56.898+0000] {logging_mixin.py:190} INFO - [2025-05-14T17:12:56.897+0000] {dag.py:4180} INFO - Setting next_dagrun for example_subdag_operator to 2022-01-01 00:00:00+00:00, run_after=2022-01-01 00:00:00+00:00
[2025-05-14T17:12:56.910+0000] {logging_mixin.py:190} INFO - [2025-05-14T17:12:56.909+0000] {dag.py:4180} INFO - Setting next_dagrun for example_subdag_operator.section-1 to None, run_after=None
[2025-05-14T17:12:56.914+0000] {logging_mixin.py:190} INFO - [2025-05-14T17:12:56.913+0000] {dag.py:4180} INFO - Setting next_dagrun for example_subdag_operator.section-2 to None, run_after=None
[2025-05-14T17:12:56.931+0000] {logging_mixin.py:190} INFO - [2025-05-14T17:12:56.931+0000] {dag.py:3239} INFO - Sync 2 DAGs
[2025-05-14T17:12:56.947+0000] {logging_mixin.py:190} INFO - [2025-05-14T17:12:56.946+0000] {dag.py:4180} INFO - Setting next_dagrun for example_subdag_operator.section-1 to None, run_after=None
[2025-05-14T17:12:56.948+0000] {logging_mixin.py:190} INFO - [2025-05-14T17:12:56.948+0000] {dag.py:4180} INFO - Setting next_dagrun for example_subdag_operator.section-2 to None, run_after=None
[2025-05-14T17:12:56.979+0000] {processor.py:208} INFO - Processing /home/airflow/.local/lib/python3.12/site-packages/airflow/example_dags/example_subdag_operator.py took 0.301 seconds
[2025-05-14T17:13:27.115+0000] {processor.py:186} INFO - Started process (PID=1049) to work on /home/airflow/.local/lib/python3.12/site-packages/airflow/example_dags/example_subdag_operator.py
[2025-05-14T17:13:27.117+0000] {processor.py:914} INFO - Processing file /home/airflow/.local/lib/python3.12/site-packages/airflow/example_dags/example_subdag_operator.py for tasks to queue
[2025-05-14T17:13:27.121+0000] {logging_mixin.py:190} INFO - [2025-05-14T17:13:27.121+0000] {dagbag.py:588} INFO - Filling up the DagBag from /home/airflow/.local/lib/python3.12/site-packages/airflow/example_dags/example_subdag_operator.py
[2025-05-14T17:13:27.175+0000] {processor.py:925} INFO - DAG(s) 'example_subdag_operator.section-1', 'example_subdag_operator.section-2', 'example_subdag_operator' retrieved from /home/airflow/.local/lib/python3.12/site-packages/airflow/example_dags/example_subdag_operator.py
[2025-05-14T17:13:27.210+0000] {logging_mixin.py:190} INFO - [2025-05-14T17:13:27.209+0000] {dag.py:3239} INFO - Sync 3 DAGs
[2025-05-14T17:13:27.256+0000] {logging_mixin.py:190} INFO - [2025-05-14T17:13:27.256+0000] {dag.py:4180} INFO - Setting next_dagrun for example_subdag_operator to 2022-01-01 00:00:00+00:00, run_after=2022-01-01 00:00:00+00:00
[2025-05-14T17:13:27.266+0000] {logging_mixin.py:190} INFO - [2025-05-14T17:13:27.265+0000] {dag.py:4180} INFO - Setting next_dagrun for example_subdag_operator.section-1 to None, run_after=None
[2025-05-14T17:13:27.270+0000] {logging_mixin.py:190} INFO - [2025-05-14T17:13:27.269+0000] {dag.py:4180} INFO - Setting next_dagrun for example_subdag_operator.section-2 to None, run_after=None
[2025-05-14T17:13:27.286+0000] {logging_mixin.py:190} INFO - [2025-05-14T17:13:27.286+0000] {dag.py:3239} INFO - Sync 2 DAGs
[2025-05-14T17:13:27.299+0000] {logging_mixin.py:190} INFO - [2025-05-14T17:13:27.299+0000] {dag.py:4180} INFO - Setting next_dagrun for example_subdag_operator.section-1 to None, run_after=None
[2025-05-14T17:13:27.301+0000] {logging_mixin.py:190} INFO - [2025-05-14T17:13:27.300+0000] {dag.py:4180} INFO - Setting next_dagrun for example_subdag_operator.section-2 to None, run_after=None
[2025-05-14T17:13:27.322+0000] {processor.py:208} INFO - Processing /home/airflow/.local/lib/python3.12/site-packages/airflow/example_dags/example_subdag_operator.py took 0.218 seconds
[2025-05-14T17:13:58.036+0000] {processor.py:186} INFO - Started process (PID=1113) to work on /home/airflow/.local/lib/python3.12/site-packages/airflow/example_dags/example_subdag_operator.py
[2025-05-14T17:13:58.039+0000] {processor.py:914} INFO - Processing file /home/airflow/.local/lib/python3.12/site-packages/airflow/example_dags/example_subdag_operator.py for tasks to queue
[2025-05-14T17:13:58.046+0000] {logging_mixin.py:190} INFO - [2025-05-14T17:13:58.045+0000] {dagbag.py:588} INFO - Filling up the DagBag from /home/airflow/.local/lib/python3.12/site-packages/airflow/example_dags/example_subdag_operator.py
[2025-05-14T17:13:58.265+0000] {processor.py:925} INFO - DAG(s) 'example_subdag_operator.section-1', 'example_subdag_operator.section-2', 'example_subdag_operator' retrieved from /home/airflow/.local/lib/python3.12/site-packages/airflow/example_dags/example_subdag_operator.py
[2025-05-14T17:13:58.357+0000] {logging_mixin.py:190} INFO - [2025-05-14T17:13:58.357+0000] {dag.py:3239} INFO - Sync 3 DAGs
[2025-05-14T17:13:58.482+0000] {logging_mixin.py:190} INFO - [2025-05-14T17:13:58.482+0000] {dag.py:4180} INFO - Setting next_dagrun for example_subdag_operator to 2022-01-01 00:00:00+00:00, run_after=2022-01-01 00:00:00+00:00
[2025-05-14T17:13:58.516+0000] {logging_mixin.py:190} INFO - [2025-05-14T17:13:58.515+0000] {dag.py:4180} INFO - Setting next_dagrun for example_subdag_operator.section-1 to None, run_after=None
[2025-05-14T17:13:58.521+0000] {logging_mixin.py:190} INFO - [2025-05-14T17:13:58.521+0000] {dag.py:4180} INFO - Setting next_dagrun for example_subdag_operator.section-2 to None, run_after=None
[2025-05-14T17:13:58.545+0000] {logging_mixin.py:190} INFO - [2025-05-14T17:13:58.544+0000] {dag.py:3239} INFO - Sync 2 DAGs
[2025-05-14T17:13:58.573+0000] {logging_mixin.py:190} INFO - [2025-05-14T17:13:58.572+0000] {dag.py:4180} INFO - Setting next_dagrun for example_subdag_operator.section-1 to None, run_after=None
[2025-05-14T17:13:58.575+0000] {logging_mixin.py:190} INFO - [2025-05-14T17:13:58.575+0000] {dag.py:4180} INFO - Setting next_dagrun for example_subdag_operator.section-2 to None, run_after=None
[2025-05-14T17:13:58.625+0000] {processor.py:208} INFO - Processing /home/airflow/.local/lib/python3.12/site-packages/airflow/example_dags/example_subdag_operator.py took 0.624 seconds
[2025-05-14T17:14:29.003+0000] {processor.py:186} INFO - Started process (PID=1178) to work on /home/airflow/.local/lib/python3.12/site-packages/airflow/example_dags/example_subdag_operator.py
[2025-05-14T17:14:29.004+0000] {processor.py:914} INFO - Processing file /home/airflow/.local/lib/python3.12/site-packages/airflow/example_dags/example_subdag_operator.py for tasks to queue
[2025-05-14T17:14:29.008+0000] {logging_mixin.py:190} INFO - [2025-05-14T17:14:29.007+0000] {dagbag.py:588} INFO - Filling up the DagBag from /home/airflow/.local/lib/python3.12/site-packages/airflow/example_dags/example_subdag_operator.py
[2025-05-14T17:14:29.048+0000] {processor.py:925} INFO - DAG(s) 'example_subdag_operator.section-1', 'example_subdag_operator.section-2', 'example_subdag_operator' retrieved from /home/airflow/.local/lib/python3.12/site-packages/airflow/example_dags/example_subdag_operator.py
[2025-05-14T17:14:29.076+0000] {logging_mixin.py:190} INFO - [2025-05-14T17:14:29.075+0000] {dag.py:3239} INFO - Sync 3 DAGs
[2025-05-14T17:14:29.129+0000] {logging_mixin.py:190} INFO - [2025-05-14T17:14:29.128+0000] {dag.py:4180} INFO - Setting next_dagrun for example_subdag_operator to 2022-01-01 00:00:00+00:00, run_after=2022-01-01 00:00:00+00:00
[2025-05-14T17:14:29.156+0000] {logging_mixin.py:190} INFO - [2025-05-14T17:14:29.153+0000] {dag.py:4180} INFO - Setting next_dagrun for example_subdag_operator.section-1 to None, run_after=None
[2025-05-14T17:14:29.163+0000] {logging_mixin.py:190} INFO - [2025-05-14T17:14:29.162+0000] {dag.py:4180} INFO - Setting next_dagrun for example_subdag_operator.section-2 to None, run_after=None
[2025-05-14T17:14:29.186+0000] {logging_mixin.py:190} INFO - [2025-05-14T17:14:29.185+0000] {dag.py:3239} INFO - Sync 2 DAGs
[2025-05-14T17:14:29.216+0000] {logging_mixin.py:190} INFO - [2025-05-14T17:14:29.215+0000] {dag.py:4180} INFO - Setting next_dagrun for example_subdag_operator.section-1 to None, run_after=None
[2025-05-14T17:14:29.218+0000] {logging_mixin.py:190} INFO - [2025-05-14T17:14:29.217+0000] {dag.py:4180} INFO - Setting next_dagrun for example_subdag_operator.section-2 to None, run_after=None
[2025-05-14T17:14:29.242+0000] {processor.py:208} INFO - Processing /home/airflow/.local/lib/python3.12/site-packages/airflow/example_dags/example_subdag_operator.py took 0.249 seconds
[2025-05-14T17:14:59.535+0000] {processor.py:186} INFO - Started process (PID=1244) to work on /home/airflow/.local/lib/python3.12/site-packages/airflow/example_dags/example_subdag_operator.py
[2025-05-14T17:14:59.538+0000] {processor.py:914} INFO - Processing file /home/airflow/.local/lib/python3.12/site-packages/airflow/example_dags/example_subdag_operator.py for tasks to queue
[2025-05-14T17:14:59.543+0000] {logging_mixin.py:190} INFO - [2025-05-14T17:14:59.543+0000] {dagbag.py:588} INFO - Filling up the DagBag from /home/airflow/.local/lib/python3.12/site-packages/airflow/example_dags/example_subdag_operator.py
[2025-05-14T17:14:59.590+0000] {processor.py:925} INFO - DAG(s) 'example_subdag_operator.section-1', 'example_subdag_operator.section-2', 'example_subdag_operator' retrieved from /home/airflow/.local/lib/python3.12/site-packages/airflow/example_dags/example_subdag_operator.py
[2025-05-14T17:14:59.617+0000] {logging_mixin.py:190} INFO - [2025-05-14T17:14:59.616+0000] {dag.py:3239} INFO - Sync 3 DAGs
[2025-05-14T17:14:59.662+0000] {logging_mixin.py:190} INFO - [2025-05-14T17:14:59.661+0000] {dag.py:4180} INFO - Setting next_dagrun for example_subdag_operator to 2022-01-01 00:00:00+00:00, run_after=2022-01-01 00:00:00+00:00
[2025-05-14T17:14:59.671+0000] {logging_mixin.py:190} INFO - [2025-05-14T17:14:59.671+0000] {dag.py:4180} INFO - Setting next_dagrun for example_subdag_operator.section-1 to None, run_after=None
[2025-05-14T17:14:59.674+0000] {logging_mixin.py:190} INFO - [2025-05-14T17:14:59.674+0000] {dag.py:4180} INFO - Setting next_dagrun for example_subdag_operator.section-2 to None, run_after=None
[2025-05-14T17:14:59.690+0000] {logging_mixin.py:190} INFO - [2025-05-14T17:14:59.689+0000] {dag.py:3239} INFO - Sync 2 DAGs
[2025-05-14T17:14:59.702+0000] {logging_mixin.py:190} INFO - [2025-05-14T17:14:59.702+0000] {dag.py:4180} INFO - Setting next_dagrun for example_subdag_operator.section-1 to None, run_after=None
[2025-05-14T17:14:59.704+0000] {logging_mixin.py:190} INFO - [2025-05-14T17:14:59.703+0000] {dag.py:4180} INFO - Setting next_dagrun for example_subdag_operator.section-2 to None, run_after=None
[2025-05-14T17:14:59.726+0000] {processor.py:208} INFO - Processing /home/airflow/.local/lib/python3.12/site-packages/airflow/example_dags/example_subdag_operator.py took 0.209 seconds
