[2025-05-14T17:00:37.409+0000] {processor.py:186} INFO - Started process (PID=150) to work on /home/airflow/.local/lib/python3.12/site-packages/airflow/example_dags/example_task_group.py
[2025-05-14T17:00:37.412+0000] {processor.py:914} INFO - Processing file /home/airflow/.local/lib/python3.12/site-packages/airflow/example_dags/example_task_group.py for tasks to queue
[2025-05-14T17:00:37.424+0000] {logging_mixin.py:190} INFO - [2025-05-14T17:00:37.423+0000] {dagbag.py:588} INFO - Filling up the DagBag from /home/airflow/.local/lib/python3.12/site-packages/airflow/example_dags/example_task_group.py
[2025-05-14T17:00:37.445+0000] {processor.py:925} INFO - DAG(s) 'example_task_group' retrieved from /home/airflow/.local/lib/python3.12/site-packages/airflow/example_dags/example_task_group.py
[2025-05-14T17:00:37.556+0000] {logging_mixin.py:190} INFO - [2025-05-14T17:00:37.555+0000] {dag.py:3239} INFO - Sync 1 DAGs
[2025-05-14T17:00:37.591+0000] {logging_mixin.py:190} INFO - [2025-05-14T17:00:37.590+0000] {dag.py:4180} INFO - Setting next_dagrun for example_task_group to None, run_after=None
[2025-05-14T17:00:37.678+0000] {processor.py:208} INFO - Processing /home/airflow/.local/lib/python3.12/site-packages/airflow/example_dags/example_task_group.py took 0.285 seconds
[2025-05-14T17:01:11.016+0000] {processor.py:186} INFO - Started process (PID=216) to work on /home/airflow/.local/lib/python3.12/site-packages/airflow/example_dags/example_task_group.py
[2025-05-14T17:01:11.018+0000] {processor.py:914} INFO - Processing file /home/airflow/.local/lib/python3.12/site-packages/airflow/example_dags/example_task_group.py for tasks to queue
[2025-05-14T17:01:11.023+0000] {logging_mixin.py:190} INFO - [2025-05-14T17:01:11.022+0000] {dagbag.py:588} INFO - Filling up the DagBag from /home/airflow/.local/lib/python3.12/site-packages/airflow/example_dags/example_task_group.py
[2025-05-14T17:01:11.042+0000] {processor.py:925} INFO - DAG(s) 'example_task_group' retrieved from /home/airflow/.local/lib/python3.12/site-packages/airflow/example_dags/example_task_group.py
[2025-05-14T17:01:11.080+0000] {logging_mixin.py:190} INFO - [2025-05-14T17:01:11.079+0000] {dag.py:3239} INFO - Sync 1 DAGs
[2025-05-14T17:01:11.117+0000] {logging_mixin.py:190} INFO - [2025-05-14T17:01:11.116+0000] {dag.py:4180} INFO - Setting next_dagrun for example_task_group to None, run_after=None
[2025-05-14T17:01:11.155+0000] {processor.py:208} INFO - Processing /home/airflow/.local/lib/python3.12/site-packages/airflow/example_dags/example_task_group.py took 0.146 seconds
[2025-05-14T17:01:42.804+0000] {processor.py:186} INFO - Started process (PID=283) to work on /home/airflow/.local/lib/python3.12/site-packages/airflow/example_dags/example_task_group.py
[2025-05-14T17:01:42.805+0000] {processor.py:914} INFO - Processing file /home/airflow/.local/lib/python3.12/site-packages/airflow/example_dags/example_task_group.py for tasks to queue
[2025-05-14T17:01:42.812+0000] {logging_mixin.py:190} INFO - [2025-05-14T17:01:42.810+0000] {dagbag.py:588} INFO - Filling up the DagBag from /home/airflow/.local/lib/python3.12/site-packages/airflow/example_dags/example_task_group.py
[2025-05-14T17:01:42.836+0000] {processor.py:925} INFO - DAG(s) 'example_task_group' retrieved from /home/airflow/.local/lib/python3.12/site-packages/airflow/example_dags/example_task_group.py
[2025-05-14T17:01:42.889+0000] {logging_mixin.py:190} INFO - [2025-05-14T17:01:42.889+0000] {dag.py:3239} INFO - Sync 1 DAGs
[2025-05-14T17:01:42.935+0000] {logging_mixin.py:190} INFO - [2025-05-14T17:01:42.935+0000] {dag.py:4180} INFO - Setting next_dagrun for example_task_group to None, run_after=None
[2025-05-14T17:01:42.978+0000] {processor.py:208} INFO - Processing /home/airflow/.local/lib/python3.12/site-packages/airflow/example_dags/example_task_group.py took 0.184 seconds
[2025-05-14T17:02:23.393+0000] {processor.py:186} INFO - Started process (PID=355) to work on /home/airflow/.local/lib/python3.12/site-packages/airflow/example_dags/example_task_group.py
[2025-05-14T17:02:23.404+0000] {processor.py:914} INFO - Processing file /home/airflow/.local/lib/python3.12/site-packages/airflow/example_dags/example_task_group.py for tasks to queue
[2025-05-14T17:02:23.426+0000] {logging_mixin.py:190} INFO - [2025-05-14T17:02:23.426+0000] {dagbag.py:588} INFO - Filling up the DagBag from /home/airflow/.local/lib/python3.12/site-packages/airflow/example_dags/example_task_group.py
[2025-05-14T17:02:23.517+0000] {processor.py:925} INFO - DAG(s) 'example_task_group' retrieved from /home/airflow/.local/lib/python3.12/site-packages/airflow/example_dags/example_task_group.py
[2025-05-14T17:02:23.698+0000] {logging_mixin.py:190} INFO - [2025-05-14T17:02:23.694+0000] {dag.py:3239} INFO - Sync 1 DAGs
[2025-05-14T17:02:23.888+0000] {logging_mixin.py:190} INFO - [2025-05-14T17:02:23.881+0000] {dag.py:4180} INFO - Setting next_dagrun for example_task_group to None, run_after=None
[2025-05-14T17:02:24.058+0000] {processor.py:208} INFO - Processing /home/airflow/.local/lib/python3.12/site-packages/airflow/example_dags/example_task_group.py took 0.700 seconds
[2025-05-14T17:06:13.413+0000] {processor.py:186} INFO - Started process (PID=136) to work on /home/airflow/.local/lib/python3.12/site-packages/airflow/example_dags/example_task_group.py
[2025-05-14T17:06:13.415+0000] {processor.py:914} INFO - Processing file /home/airflow/.local/lib/python3.12/site-packages/airflow/example_dags/example_task_group.py for tasks to queue
[2025-05-14T17:06:13.429+0000] {logging_mixin.py:190} INFO - [2025-05-14T17:06:13.424+0000] {dagbag.py:588} INFO - Filling up the DagBag from /home/airflow/.local/lib/python3.12/site-packages/airflow/example_dags/example_task_group.py
[2025-05-14T17:06:13.504+0000] {processor.py:925} INFO - DAG(s) 'example_task_group' retrieved from /home/airflow/.local/lib/python3.12/site-packages/airflow/example_dags/example_task_group.py
[2025-05-14T17:06:13.716+0000] {logging_mixin.py:190} INFO - [2025-05-14T17:06:13.714+0000] {dag.py:3239} INFO - Sync 1 DAGs
[2025-05-14T17:06:13.822+0000] {logging_mixin.py:190} INFO - [2025-05-14T17:06:13.821+0000] {dag.py:4180} INFO - Setting next_dagrun for example_task_group to None, run_after=None
[2025-05-14T17:06:14.000+0000] {processor.py:208} INFO - Processing /home/airflow/.local/lib/python3.12/site-packages/airflow/example_dags/example_task_group.py took 0.619 seconds
[2025-05-14T17:06:51.342+0000] {processor.py:186} INFO - Started process (PID=202) to work on /home/airflow/.local/lib/python3.12/site-packages/airflow/example_dags/example_task_group.py
[2025-05-14T17:06:51.345+0000] {processor.py:914} INFO - Processing file /home/airflow/.local/lib/python3.12/site-packages/airflow/example_dags/example_task_group.py for tasks to queue
[2025-05-14T17:06:51.355+0000] {logging_mixin.py:190} INFO - [2025-05-14T17:06:51.354+0000] {dagbag.py:588} INFO - Filling up the DagBag from /home/airflow/.local/lib/python3.12/site-packages/airflow/example_dags/example_task_group.py
[2025-05-14T17:06:51.380+0000] {processor.py:925} INFO - DAG(s) 'example_task_group' retrieved from /home/airflow/.local/lib/python3.12/site-packages/airflow/example_dags/example_task_group.py
[2025-05-14T17:06:51.451+0000] {logging_mixin.py:190} INFO - [2025-05-14T17:06:51.451+0000] {dag.py:3239} INFO - Sync 1 DAGs
[2025-05-14T17:06:51.551+0000] {logging_mixin.py:190} INFO - [2025-05-14T17:06:51.551+0000] {dag.py:4180} INFO - Setting next_dagrun for example_task_group to None, run_after=None
[2025-05-14T17:06:51.609+0000] {processor.py:208} INFO - Processing /home/airflow/.local/lib/python3.12/site-packages/airflow/example_dags/example_task_group.py took 0.279 seconds
[2025-05-14T17:07:23.846+0000] {processor.py:186} INFO - Started process (PID=268) to work on /home/airflow/.local/lib/python3.12/site-packages/airflow/example_dags/example_task_group.py
[2025-05-14T17:07:23.848+0000] {processor.py:914} INFO - Processing file /home/airflow/.local/lib/python3.12/site-packages/airflow/example_dags/example_task_group.py for tasks to queue
[2025-05-14T17:07:23.855+0000] {logging_mixin.py:190} INFO - [2025-05-14T17:07:23.853+0000] {dagbag.py:588} INFO - Filling up the DagBag from /home/airflow/.local/lib/python3.12/site-packages/airflow/example_dags/example_task_group.py
[2025-05-14T17:07:23.877+0000] {processor.py:925} INFO - DAG(s) 'example_task_group' retrieved from /home/airflow/.local/lib/python3.12/site-packages/airflow/example_dags/example_task_group.py
[2025-05-14T17:07:23.933+0000] {logging_mixin.py:190} INFO - [2025-05-14T17:07:23.932+0000] {dag.py:3239} INFO - Sync 1 DAGs
[2025-05-14T17:07:23.970+0000] {logging_mixin.py:190} INFO - [2025-05-14T17:07:23.969+0000] {dag.py:4180} INFO - Setting next_dagrun for example_task_group to None, run_after=None
[2025-05-14T17:07:24.020+0000] {processor.py:208} INFO - Processing /home/airflow/.local/lib/python3.12/site-packages/airflow/example_dags/example_task_group.py took 0.189 seconds
[2025-05-14T17:07:55.761+0000] {processor.py:186} INFO - Started process (PID=336) to work on /home/airflow/.local/lib/python3.12/site-packages/airflow/example_dags/example_task_group.py
[2025-05-14T17:07:55.763+0000] {processor.py:914} INFO - Processing file /home/airflow/.local/lib/python3.12/site-packages/airflow/example_dags/example_task_group.py for tasks to queue
[2025-05-14T17:07:55.768+0000] {logging_mixin.py:190} INFO - [2025-05-14T17:07:55.767+0000] {dagbag.py:588} INFO - Filling up the DagBag from /home/airflow/.local/lib/python3.12/site-packages/airflow/example_dags/example_task_group.py
[2025-05-14T17:07:55.783+0000] {processor.py:925} INFO - DAG(s) 'example_task_group' retrieved from /home/airflow/.local/lib/python3.12/site-packages/airflow/example_dags/example_task_group.py
[2025-05-14T17:07:55.829+0000] {logging_mixin.py:190} INFO - [2025-05-14T17:07:55.828+0000] {dag.py:3239} INFO - Sync 1 DAGs
[2025-05-14T17:07:55.883+0000] {logging_mixin.py:190} INFO - [2025-05-14T17:07:55.882+0000] {dag.py:4180} INFO - Setting next_dagrun for example_task_group to None, run_after=None
[2025-05-14T17:07:55.942+0000] {processor.py:208} INFO - Processing /home/airflow/.local/lib/python3.12/site-packages/airflow/example_dags/example_task_group.py took 0.192 seconds
[2025-05-14T17:08:29.078+0000] {processor.py:186} INFO - Started process (PID=404) to work on /home/airflow/.local/lib/python3.12/site-packages/airflow/example_dags/example_task_group.py
[2025-05-14T17:08:29.088+0000] {processor.py:914} INFO - Processing file /home/airflow/.local/lib/python3.12/site-packages/airflow/example_dags/example_task_group.py for tasks to queue
[2025-05-14T17:08:29.109+0000] {logging_mixin.py:190} INFO - [2025-05-14T17:08:29.108+0000] {dagbag.py:588} INFO - Filling up the DagBag from /home/airflow/.local/lib/python3.12/site-packages/airflow/example_dags/example_task_group.py
[2025-05-14T17:08:29.214+0000] {processor.py:925} INFO - DAG(s) 'example_task_group' retrieved from /home/airflow/.local/lib/python3.12/site-packages/airflow/example_dags/example_task_group.py
[2025-05-14T17:08:29.364+0000] {logging_mixin.py:190} INFO - [2025-05-14T17:08:29.363+0000] {dag.py:3239} INFO - Sync 1 DAGs
[2025-05-14T17:08:29.416+0000] {logging_mixin.py:190} INFO - [2025-05-14T17:08:29.415+0000] {dag.py:4180} INFO - Setting next_dagrun for example_task_group to None, run_after=None
[2025-05-14T17:08:29.522+0000] {processor.py:208} INFO - Processing /home/airflow/.local/lib/python3.12/site-packages/airflow/example_dags/example_task_group.py took 0.458 seconds
[2025-05-14T17:09:01.937+0000] {processor.py:186} INFO - Started process (PID=471) to work on /home/airflow/.local/lib/python3.12/site-packages/airflow/example_dags/example_task_group.py
[2025-05-14T17:09:01.943+0000] {processor.py:914} INFO - Processing file /home/airflow/.local/lib/python3.12/site-packages/airflow/example_dags/example_task_group.py for tasks to queue
[2025-05-14T17:09:01.948+0000] {logging_mixin.py:190} INFO - [2025-05-14T17:09:01.947+0000] {dagbag.py:588} INFO - Filling up the DagBag from /home/airflow/.local/lib/python3.12/site-packages/airflow/example_dags/example_task_group.py
[2025-05-14T17:09:01.972+0000] {processor.py:925} INFO - DAG(s) 'example_task_group' retrieved from /home/airflow/.local/lib/python3.12/site-packages/airflow/example_dags/example_task_group.py
[2025-05-14T17:09:02.031+0000] {logging_mixin.py:190} INFO - [2025-05-14T17:09:02.030+0000] {dag.py:3239} INFO - Sync 1 DAGs
[2025-05-14T17:09:02.081+0000] {logging_mixin.py:190} INFO - [2025-05-14T17:09:02.081+0000] {dag.py:4180} INFO - Setting next_dagrun for example_task_group to None, run_after=None
[2025-05-14T17:09:02.122+0000] {processor.py:208} INFO - Processing /home/airflow/.local/lib/python3.12/site-packages/airflow/example_dags/example_task_group.py took 0.206 seconds
[2025-05-14T17:09:34.029+0000] {processor.py:186} INFO - Started process (PID=544) to work on /home/airflow/.local/lib/python3.12/site-packages/airflow/example_dags/example_task_group.py
[2025-05-14T17:09:34.032+0000] {processor.py:914} INFO - Processing file /home/airflow/.local/lib/python3.12/site-packages/airflow/example_dags/example_task_group.py for tasks to queue
[2025-05-14T17:09:34.037+0000] {logging_mixin.py:190} INFO - [2025-05-14T17:09:34.036+0000] {dagbag.py:588} INFO - Filling up the DagBag from /home/airflow/.local/lib/python3.12/site-packages/airflow/example_dags/example_task_group.py
[2025-05-14T17:09:34.065+0000] {processor.py:925} INFO - DAG(s) 'example_task_group' retrieved from /home/airflow/.local/lib/python3.12/site-packages/airflow/example_dags/example_task_group.py
[2025-05-14T17:09:34.200+0000] {logging_mixin.py:190} INFO - [2025-05-14T17:09:34.200+0000] {dag.py:3239} INFO - Sync 1 DAGs
[2025-05-14T17:09:34.258+0000] {logging_mixin.py:190} INFO - [2025-05-14T17:09:34.257+0000] {dag.py:4180} INFO - Setting next_dagrun for example_task_group to None, run_after=None
[2025-05-14T17:09:34.368+0000] {processor.py:208} INFO - Processing /home/airflow/.local/lib/python3.12/site-packages/airflow/example_dags/example_task_group.py took 0.353 seconds
[2025-05-14T17:10:05.179+0000] {processor.py:186} INFO - Started process (PID=610) to work on /home/airflow/.local/lib/python3.12/site-packages/airflow/example_dags/example_task_group.py
[2025-05-14T17:10:05.181+0000] {processor.py:914} INFO - Processing file /home/airflow/.local/lib/python3.12/site-packages/airflow/example_dags/example_task_group.py for tasks to queue
[2025-05-14T17:10:05.185+0000] {logging_mixin.py:190} INFO - [2025-05-14T17:10:05.185+0000] {dagbag.py:588} INFO - Filling up the DagBag from /home/airflow/.local/lib/python3.12/site-packages/airflow/example_dags/example_task_group.py
[2025-05-14T17:10:05.203+0000] {processor.py:925} INFO - DAG(s) 'example_task_group' retrieved from /home/airflow/.local/lib/python3.12/site-packages/airflow/example_dags/example_task_group.py
[2025-05-14T17:10:05.246+0000] {logging_mixin.py:190} INFO - [2025-05-14T17:10:05.245+0000] {dag.py:3239} INFO - Sync 1 DAGs
[2025-05-14T17:10:05.278+0000] {logging_mixin.py:190} INFO - [2025-05-14T17:10:05.278+0000] {dag.py:4180} INFO - Setting next_dagrun for example_task_group to None, run_after=None
[2025-05-14T17:10:05.314+0000] {processor.py:208} INFO - Processing /home/airflow/.local/lib/python3.12/site-packages/airflow/example_dags/example_task_group.py took 0.147 seconds
[2025-05-14T17:10:35.846+0000] {processor.py:186} INFO - Started process (PID=676) to work on /home/airflow/.local/lib/python3.12/site-packages/airflow/example_dags/example_task_group.py
[2025-05-14T17:10:35.848+0000] {processor.py:914} INFO - Processing file /home/airflow/.local/lib/python3.12/site-packages/airflow/example_dags/example_task_group.py for tasks to queue
[2025-05-14T17:10:35.852+0000] {logging_mixin.py:190} INFO - [2025-05-14T17:10:35.851+0000] {dagbag.py:588} INFO - Filling up the DagBag from /home/airflow/.local/lib/python3.12/site-packages/airflow/example_dags/example_task_group.py
[2025-05-14T17:10:35.867+0000] {processor.py:925} INFO - DAG(s) 'example_task_group' retrieved from /home/airflow/.local/lib/python3.12/site-packages/airflow/example_dags/example_task_group.py
[2025-05-14T17:10:35.914+0000] {logging_mixin.py:190} INFO - [2025-05-14T17:10:35.913+0000] {dag.py:3239} INFO - Sync 1 DAGs
[2025-05-14T17:10:35.948+0000] {logging_mixin.py:190} INFO - [2025-05-14T17:10:35.947+0000] {dag.py:4180} INFO - Setting next_dagrun for example_task_group to None, run_after=None
[2025-05-14T17:10:35.987+0000] {processor.py:208} INFO - Processing /home/airflow/.local/lib/python3.12/site-packages/airflow/example_dags/example_task_group.py took 0.151 seconds
[2025-05-14T17:11:06.598+0000] {processor.py:186} INFO - Started process (PID=740) to work on /home/airflow/.local/lib/python3.12/site-packages/airflow/example_dags/example_task_group.py
[2025-05-14T17:11:06.599+0000] {processor.py:914} INFO - Processing file /home/airflow/.local/lib/python3.12/site-packages/airflow/example_dags/example_task_group.py for tasks to queue
[2025-05-14T17:11:06.605+0000] {logging_mixin.py:190} INFO - [2025-05-14T17:11:06.604+0000] {dagbag.py:588} INFO - Filling up the DagBag from /home/airflow/.local/lib/python3.12/site-packages/airflow/example_dags/example_task_group.py
[2025-05-14T17:11:06.625+0000] {processor.py:925} INFO - DAG(s) 'example_task_group' retrieved from /home/airflow/.local/lib/python3.12/site-packages/airflow/example_dags/example_task_group.py
[2025-05-14T17:11:06.665+0000] {logging_mixin.py:190} INFO - [2025-05-14T17:11:06.665+0000] {dag.py:3239} INFO - Sync 1 DAGs
[2025-05-14T17:11:06.712+0000] {logging_mixin.py:190} INFO - [2025-05-14T17:11:06.711+0000] {dag.py:4180} INFO - Setting next_dagrun for example_task_group to None, run_after=None
[2025-05-14T17:11:06.752+0000] {processor.py:208} INFO - Processing /home/airflow/.local/lib/python3.12/site-packages/airflow/example_dags/example_task_group.py took 0.164 seconds
[2025-05-14T17:11:37.444+0000] {processor.py:186} INFO - Started process (PID=807) to work on /home/airflow/.local/lib/python3.12/site-packages/airflow/example_dags/example_task_group.py
[2025-05-14T17:11:37.446+0000] {processor.py:914} INFO - Processing file /home/airflow/.local/lib/python3.12/site-packages/airflow/example_dags/example_task_group.py for tasks to queue
[2025-05-14T17:11:37.451+0000] {logging_mixin.py:190} INFO - [2025-05-14T17:11:37.451+0000] {dagbag.py:588} INFO - Filling up the DagBag from /home/airflow/.local/lib/python3.12/site-packages/airflow/example_dags/example_task_group.py
[2025-05-14T17:11:37.485+0000] {processor.py:925} INFO - DAG(s) 'example_task_group' retrieved from /home/airflow/.local/lib/python3.12/site-packages/airflow/example_dags/example_task_group.py
[2025-05-14T17:11:37.550+0000] {logging_mixin.py:190} INFO - [2025-05-14T17:11:37.549+0000] {dag.py:3239} INFO - Sync 1 DAGs
[2025-05-14T17:11:37.593+0000] {logging_mixin.py:190} INFO - [2025-05-14T17:11:37.593+0000] {dag.py:4180} INFO - Setting next_dagrun for example_task_group to None, run_after=None
[2025-05-14T17:11:37.658+0000] {processor.py:208} INFO - Processing /home/airflow/.local/lib/python3.12/site-packages/airflow/example_dags/example_task_group.py took 0.226 seconds
[2025-05-14T17:12:08.252+0000] {processor.py:186} INFO - Started process (PID=872) to work on /home/airflow/.local/lib/python3.12/site-packages/airflow/example_dags/example_task_group.py
[2025-05-14T17:12:08.254+0000] {processor.py:914} INFO - Processing file /home/airflow/.local/lib/python3.12/site-packages/airflow/example_dags/example_task_group.py for tasks to queue
[2025-05-14T17:12:08.258+0000] {logging_mixin.py:190} INFO - [2025-05-14T17:12:08.258+0000] {dagbag.py:588} INFO - Filling up the DagBag from /home/airflow/.local/lib/python3.12/site-packages/airflow/example_dags/example_task_group.py
[2025-05-14T17:12:08.273+0000] {processor.py:925} INFO - DAG(s) 'example_task_group' retrieved from /home/airflow/.local/lib/python3.12/site-packages/airflow/example_dags/example_task_group.py
[2025-05-14T17:12:08.312+0000] {logging_mixin.py:190} INFO - [2025-05-14T17:12:08.312+0000] {dag.py:3239} INFO - Sync 1 DAGs
[2025-05-14T17:12:08.346+0000] {logging_mixin.py:190} INFO - [2025-05-14T17:12:08.345+0000] {dag.py:4180} INFO - Setting next_dagrun for example_task_group to None, run_after=None
[2025-05-14T17:12:08.383+0000] {processor.py:208} INFO - Processing /home/airflow/.local/lib/python3.12/site-packages/airflow/example_dags/example_task_group.py took 0.138 seconds
[2025-05-14T17:12:39.100+0000] {processor.py:186} INFO - Started process (PID=938) to work on /home/airflow/.local/lib/python3.12/site-packages/airflow/example_dags/example_task_group.py
[2025-05-14T17:12:39.102+0000] {processor.py:914} INFO - Processing file /home/airflow/.local/lib/python3.12/site-packages/airflow/example_dags/example_task_group.py for tasks to queue
[2025-05-14T17:12:39.107+0000] {logging_mixin.py:190} INFO - [2025-05-14T17:12:39.106+0000] {dagbag.py:588} INFO - Filling up the DagBag from /home/airflow/.local/lib/python3.12/site-packages/airflow/example_dags/example_task_group.py
[2025-05-14T17:12:39.138+0000] {processor.py:925} INFO - DAG(s) 'example_task_group' retrieved from /home/airflow/.local/lib/python3.12/site-packages/airflow/example_dags/example_task_group.py
[2025-05-14T17:12:39.192+0000] {logging_mixin.py:190} INFO - [2025-05-14T17:12:39.191+0000] {dag.py:3239} INFO - Sync 1 DAGs
[2025-05-14T17:12:39.249+0000] {logging_mixin.py:190} INFO - [2025-05-14T17:12:39.248+0000] {dag.py:4180} INFO - Setting next_dagrun for example_task_group to None, run_after=None
[2025-05-14T17:12:39.310+0000] {processor.py:208} INFO - Processing /home/airflow/.local/lib/python3.12/site-packages/airflow/example_dags/example_task_group.py took 0.225 seconds
[2025-05-14T17:13:09.494+0000] {processor.py:186} INFO - Started process (PID=1005) to work on /home/airflow/.local/lib/python3.12/site-packages/airflow/example_dags/example_task_group.py
[2025-05-14T17:13:09.496+0000] {processor.py:914} INFO - Processing file /home/airflow/.local/lib/python3.12/site-packages/airflow/example_dags/example_task_group.py for tasks to queue
[2025-05-14T17:13:09.499+0000] {logging_mixin.py:190} INFO - [2025-05-14T17:13:09.499+0000] {dagbag.py:588} INFO - Filling up the DagBag from /home/airflow/.local/lib/python3.12/site-packages/airflow/example_dags/example_task_group.py
[2025-05-14T17:13:09.513+0000] {processor.py:925} INFO - DAG(s) 'example_task_group' retrieved from /home/airflow/.local/lib/python3.12/site-packages/airflow/example_dags/example_task_group.py
[2025-05-14T17:13:09.552+0000] {logging_mixin.py:190} INFO - [2025-05-14T17:13:09.552+0000] {dag.py:3239} INFO - Sync 1 DAGs
[2025-05-14T17:13:09.618+0000] {logging_mixin.py:190} INFO - [2025-05-14T17:13:09.617+0000] {dag.py:4180} INFO - Setting next_dagrun for example_task_group to None, run_after=None
[2025-05-14T17:13:09.663+0000] {processor.py:208} INFO - Processing /home/airflow/.local/lib/python3.12/site-packages/airflow/example_dags/example_task_group.py took 0.178 seconds
[2025-05-14T17:13:39.879+0000] {processor.py:186} INFO - Started process (PID=1071) to work on /home/airflow/.local/lib/python3.12/site-packages/airflow/example_dags/example_task_group.py
[2025-05-14T17:13:39.882+0000] {processor.py:914} INFO - Processing file /home/airflow/.local/lib/python3.12/site-packages/airflow/example_dags/example_task_group.py for tasks to queue
[2025-05-14T17:13:39.887+0000] {logging_mixin.py:190} INFO - [2025-05-14T17:13:39.886+0000] {dagbag.py:588} INFO - Filling up the DagBag from /home/airflow/.local/lib/python3.12/site-packages/airflow/example_dags/example_task_group.py
[2025-05-14T17:13:39.909+0000] {processor.py:925} INFO - DAG(s) 'example_task_group' retrieved from /home/airflow/.local/lib/python3.12/site-packages/airflow/example_dags/example_task_group.py
[2025-05-14T17:13:39.997+0000] {logging_mixin.py:190} INFO - [2025-05-14T17:13:39.996+0000] {dag.py:3239} INFO - Sync 1 DAGs
[2025-05-14T17:13:40.046+0000] {logging_mixin.py:190} INFO - [2025-05-14T17:13:40.046+0000] {dag.py:4180} INFO - Setting next_dagrun for example_task_group to None, run_after=None
[2025-05-14T17:13:40.093+0000] {processor.py:208} INFO - Processing /home/airflow/.local/lib/python3.12/site-packages/airflow/example_dags/example_task_group.py took 0.230 seconds
[2025-05-14T17:14:10.396+0000] {processor.py:186} INFO - Started process (PID=1137) to work on /home/airflow/.local/lib/python3.12/site-packages/airflow/example_dags/example_task_group.py
[2025-05-14T17:14:10.399+0000] {processor.py:914} INFO - Processing file /home/airflow/.local/lib/python3.12/site-packages/airflow/example_dags/example_task_group.py for tasks to queue
[2025-05-14T17:14:10.406+0000] {logging_mixin.py:190} INFO - [2025-05-14T17:14:10.405+0000] {dagbag.py:588} INFO - Filling up the DagBag from /home/airflow/.local/lib/python3.12/site-packages/airflow/example_dags/example_task_group.py
[2025-05-14T17:14:10.431+0000] {processor.py:925} INFO - DAG(s) 'example_task_group' retrieved from /home/airflow/.local/lib/python3.12/site-packages/airflow/example_dags/example_task_group.py
[2025-05-14T17:14:10.498+0000] {logging_mixin.py:190} INFO - [2025-05-14T17:14:10.497+0000] {dag.py:3239} INFO - Sync 1 DAGs
[2025-05-14T17:14:10.591+0000] {logging_mixin.py:190} INFO - [2025-05-14T17:14:10.590+0000] {dag.py:4180} INFO - Setting next_dagrun for example_task_group to None, run_after=None
[2025-05-14T17:14:10.683+0000] {processor.py:208} INFO - Processing /home/airflow/.local/lib/python3.12/site-packages/airflow/example_dags/example_task_group.py took 0.312 seconds
[2025-05-14T17:14:41.494+0000] {processor.py:186} INFO - Started process (PID=1203) to work on /home/airflow/.local/lib/python3.12/site-packages/airflow/example_dags/example_task_group.py
[2025-05-14T17:14:41.495+0000] {processor.py:914} INFO - Processing file /home/airflow/.local/lib/python3.12/site-packages/airflow/example_dags/example_task_group.py for tasks to queue
[2025-05-14T17:14:41.499+0000] {logging_mixin.py:190} INFO - [2025-05-14T17:14:41.498+0000] {dagbag.py:588} INFO - Filling up the DagBag from /home/airflow/.local/lib/python3.12/site-packages/airflow/example_dags/example_task_group.py
[2025-05-14T17:14:41.516+0000] {processor.py:925} INFO - DAG(s) 'example_task_group' retrieved from /home/airflow/.local/lib/python3.12/site-packages/airflow/example_dags/example_task_group.py
[2025-05-14T17:14:41.556+0000] {logging_mixin.py:190} INFO - [2025-05-14T17:14:41.555+0000] {dag.py:3239} INFO - Sync 1 DAGs
[2025-05-14T17:14:41.582+0000] {logging_mixin.py:190} INFO - [2025-05-14T17:14:41.582+0000] {dag.py:4180} INFO - Setting next_dagrun for example_task_group to None, run_after=None
[2025-05-14T17:14:41.618+0000] {processor.py:208} INFO - Processing /home/airflow/.local/lib/python3.12/site-packages/airflow/example_dags/example_task_group.py took 0.134 seconds
[2025-05-14T17:15:12.164+0000] {processor.py:186} INFO - Started process (PID=1270) to work on /home/airflow/.local/lib/python3.12/site-packages/airflow/example_dags/example_task_group.py
[2025-05-14T17:15:12.166+0000] {processor.py:914} INFO - Processing file /home/airflow/.local/lib/python3.12/site-packages/airflow/example_dags/example_task_group.py for tasks to queue
[2025-05-14T17:15:12.172+0000] {logging_mixin.py:190} INFO - [2025-05-14T17:15:12.171+0000] {dagbag.py:588} INFO - Filling up the DagBag from /home/airflow/.local/lib/python3.12/site-packages/airflow/example_dags/example_task_group.py
[2025-05-14T17:15:12.191+0000] {processor.py:925} INFO - DAG(s) 'example_task_group' retrieved from /home/airflow/.local/lib/python3.12/site-packages/airflow/example_dags/example_task_group.py
[2025-05-14T17:15:12.242+0000] {logging_mixin.py:190} INFO - [2025-05-14T17:15:12.241+0000] {dag.py:3239} INFO - Sync 1 DAGs
[2025-05-14T17:15:12.276+0000] {logging_mixin.py:190} INFO - [2025-05-14T17:15:12.276+0000] {dag.py:4180} INFO - Setting next_dagrun for example_task_group to None, run_after=None
[2025-05-14T17:15:12.331+0000] {processor.py:208} INFO - Processing /home/airflow/.local/lib/python3.12/site-packages/airflow/example_dags/example_task_group.py took 0.180 seconds
