[2025-05-14T17:00:41.550+0000] {processor.py:186} INFO - Started process (PID=159) to work on /home/airflow/.local/lib/python3.12/site-packages/airflow/example_dags/example_bash_operator.py
[2025-05-14T17:00:41.554+0000] {processor.py:914} INFO - Processing file /home/airflow/.local/lib/python3.12/site-packages/airflow/example_dags/example_bash_operator.py for tasks to queue
[2025-05-14T17:00:41.567+0000] {logging_mixin.py:190} INFO - [2025-05-14T17:00:41.565+0000] {dagbag.py:588} INFO - Filling up the DagBag from /home/airflow/.local/lib/python3.12/site-packages/airflow/example_dags/example_bash_operator.py
[2025-05-14T17:00:41.625+0000] {processor.py:925} INFO - DAG(s) 'example_bash_operator' retrieved from /home/airflow/.local/lib/python3.12/site-packages/airflow/example_dags/example_bash_operator.py
[2025-05-14T17:00:41.722+0000] {logging_mixin.py:190} INFO - [2025-05-14T17:00:41.722+0000] {dag.py:3239} INFO - Sync 1 DAGs
[2025-05-14T17:00:41.805+0000] {logging_mixin.py:190} INFO - [2025-05-14T17:00:41.805+0000] {dag.py:4180} INFO - Setting next_dagrun for example_bash_operator to 2025-05-13 00:00:00+00:00, run_after=2025-05-14 00:00:00+00:00
[2025-05-14T17:00:41.877+0000] {processor.py:208} INFO - Processing /home/airflow/.local/lib/python3.12/site-packages/airflow/example_dags/example_bash_operator.py took 0.355 seconds
[2025-05-14T17:01:13.933+0000] {processor.py:186} INFO - Started process (PID=225) to work on /home/airflow/.local/lib/python3.12/site-packages/airflow/example_dags/example_bash_operator.py
[2025-05-14T17:01:13.940+0000] {processor.py:914} INFO - Processing file /home/airflow/.local/lib/python3.12/site-packages/airflow/example_dags/example_bash_operator.py for tasks to queue
[2025-05-14T17:01:13.948+0000] {logging_mixin.py:190} INFO - [2025-05-14T17:01:13.946+0000] {dagbag.py:588} INFO - Filling up the DagBag from /home/airflow/.local/lib/python3.12/site-packages/airflow/example_dags/example_bash_operator.py
[2025-05-14T17:01:14.015+0000] {processor.py:925} INFO - DAG(s) 'example_bash_operator' retrieved from /home/airflow/.local/lib/python3.12/site-packages/airflow/example_dags/example_bash_operator.py
[2025-05-14T17:01:14.158+0000] {logging_mixin.py:190} INFO - [2025-05-14T17:01:14.158+0000] {dag.py:3239} INFO - Sync 1 DAGs
[2025-05-14T17:01:14.260+0000] {logging_mixin.py:190} INFO - [2025-05-14T17:01:14.260+0000] {dag.py:4180} INFO - Setting next_dagrun for example_bash_operator to 2025-05-13 00:00:00+00:00, run_after=2025-05-14 00:00:00+00:00
[2025-05-14T17:01:14.377+0000] {processor.py:208} INFO - Processing /home/airflow/.local/lib/python3.12/site-packages/airflow/example_dags/example_bash_operator.py took 0.464 seconds
[2025-05-14T17:01:45.347+0000] {processor.py:186} INFO - Started process (PID=292) to work on /home/airflow/.local/lib/python3.12/site-packages/airflow/example_dags/example_bash_operator.py
[2025-05-14T17:01:45.348+0000] {processor.py:914} INFO - Processing file /home/airflow/.local/lib/python3.12/site-packages/airflow/example_dags/example_bash_operator.py for tasks to queue
[2025-05-14T17:01:45.353+0000] {logging_mixin.py:190} INFO - [2025-05-14T17:01:45.352+0000] {dagbag.py:588} INFO - Filling up the DagBag from /home/airflow/.local/lib/python3.12/site-packages/airflow/example_dags/example_bash_operator.py
[2025-05-14T17:01:45.376+0000] {processor.py:925} INFO - DAG(s) 'example_bash_operator' retrieved from /home/airflow/.local/lib/python3.12/site-packages/airflow/example_dags/example_bash_operator.py
[2025-05-14T17:01:45.443+0000] {logging_mixin.py:190} INFO - [2025-05-14T17:01:45.443+0000] {dag.py:3239} INFO - Sync 1 DAGs
[2025-05-14T17:01:45.525+0000] {logging_mixin.py:190} INFO - [2025-05-14T17:01:45.524+0000] {dag.py:4180} INFO - Setting next_dagrun for example_bash_operator to 2025-05-13 00:00:00+00:00, run_after=2025-05-14 00:00:00+00:00
[2025-05-14T17:01:45.587+0000] {processor.py:208} INFO - Processing /home/airflow/.local/lib/python3.12/site-packages/airflow/example_dags/example_bash_operator.py took 0.253 seconds
[2025-05-14T17:02:34.284+0000] {processor.py:186} INFO - Started process (PID=372) to work on /home/airflow/.local/lib/python3.12/site-packages/airflow/example_dags/example_bash_operator.py
[2025-05-14T17:02:34.287+0000] {processor.py:914} INFO - Processing file /home/airflow/.local/lib/python3.12/site-packages/airflow/example_dags/example_bash_operator.py for tasks to queue
[2025-05-14T17:02:34.301+0000] {logging_mixin.py:190} INFO - [2025-05-14T17:02:34.297+0000] {dagbag.py:588} INFO - Filling up the DagBag from /home/airflow/.local/lib/python3.12/site-packages/airflow/example_dags/example_bash_operator.py
[2025-05-14T17:02:34.360+0000] {processor.py:925} INFO - DAG(s) 'example_bash_operator' retrieved from /home/airflow/.local/lib/python3.12/site-packages/airflow/example_dags/example_bash_operator.py
[2025-05-14T17:02:34.595+0000] {logging_mixin.py:190} INFO - [2025-05-14T17:02:34.594+0000] {dag.py:3239} INFO - Sync 1 DAGs
[2025-05-14T17:02:34.764+0000] {logging_mixin.py:190} INFO - [2025-05-14T17:02:34.763+0000] {dag.py:4180} INFO - Setting next_dagrun for example_bash_operator to 2025-05-13 00:00:00+00:00, run_after=2025-05-14 00:00:00+00:00
[2025-05-14T17:02:34.845+0000] {processor.py:208} INFO - Processing /home/airflow/.local/lib/python3.12/site-packages/airflow/example_dags/example_bash_operator.py took 0.581 seconds
[2025-05-14T17:06:19.233+0000] {processor.py:186} INFO - Started process (PID=145) to work on /home/airflow/.local/lib/python3.12/site-packages/airflow/example_dags/example_bash_operator.py
[2025-05-14T17:06:19.237+0000] {processor.py:914} INFO - Processing file /home/airflow/.local/lib/python3.12/site-packages/airflow/example_dags/example_bash_operator.py for tasks to queue
[2025-05-14T17:06:19.260+0000] {logging_mixin.py:190} INFO - [2025-05-14T17:06:19.258+0000] {dagbag.py:588} INFO - Filling up the DagBag from /home/airflow/.local/lib/python3.12/site-packages/airflow/example_dags/example_bash_operator.py
[2025-05-14T17:06:19.370+0000] {processor.py:925} INFO - DAG(s) 'example_bash_operator' retrieved from /home/airflow/.local/lib/python3.12/site-packages/airflow/example_dags/example_bash_operator.py
[2025-05-14T17:06:19.532+0000] {logging_mixin.py:190} INFO - [2025-05-14T17:06:19.531+0000] {dag.py:3239} INFO - Sync 1 DAGs
[2025-05-14T17:06:19.769+0000] {logging_mixin.py:190} INFO - [2025-05-14T17:06:19.769+0000] {dag.py:4180} INFO - Setting next_dagrun for example_bash_operator to 2025-05-13 00:00:00+00:00, run_after=2025-05-14 00:00:00+00:00
[2025-05-14T17:06:19.904+0000] {processor.py:208} INFO - Processing /home/airflow/.local/lib/python3.12/site-packages/airflow/example_dags/example_bash_operator.py took 0.699 seconds
[2025-05-14T17:06:55.520+0000] {processor.py:186} INFO - Started process (PID=213) to work on /home/airflow/.local/lib/python3.12/site-packages/airflow/example_dags/example_bash_operator.py
[2025-05-14T17:06:55.525+0000] {processor.py:914} INFO - Processing file /home/airflow/.local/lib/python3.12/site-packages/airflow/example_dags/example_bash_operator.py for tasks to queue
[2025-05-14T17:06:55.532+0000] {logging_mixin.py:190} INFO - [2025-05-14T17:06:55.532+0000] {dagbag.py:588} INFO - Filling up the DagBag from /home/airflow/.local/lib/python3.12/site-packages/airflow/example_dags/example_bash_operator.py
[2025-05-14T17:06:55.569+0000] {processor.py:925} INFO - DAG(s) 'example_bash_operator' retrieved from /home/airflow/.local/lib/python3.12/site-packages/airflow/example_dags/example_bash_operator.py
[2025-05-14T17:06:55.651+0000] {logging_mixin.py:190} INFO - [2025-05-14T17:06:55.651+0000] {dag.py:3239} INFO - Sync 1 DAGs
[2025-05-14T17:06:55.724+0000] {logging_mixin.py:190} INFO - [2025-05-14T17:06:55.724+0000] {dag.py:4180} INFO - Setting next_dagrun for example_bash_operator to 2025-05-13 00:00:00+00:00, run_after=2025-05-14 00:00:00+00:00
[2025-05-14T17:06:55.778+0000] {processor.py:208} INFO - Processing /home/airflow/.local/lib/python3.12/site-packages/airflow/example_dags/example_bash_operator.py took 0.272 seconds
[2025-05-14T17:07:26.518+0000] {processor.py:186} INFO - Started process (PID=279) to work on /home/airflow/.local/lib/python3.12/site-packages/airflow/example_dags/example_bash_operator.py
[2025-05-14T17:07:26.520+0000] {processor.py:914} INFO - Processing file /home/airflow/.local/lib/python3.12/site-packages/airflow/example_dags/example_bash_operator.py for tasks to queue
[2025-05-14T17:07:26.525+0000] {logging_mixin.py:190} INFO - [2025-05-14T17:07:26.524+0000] {dagbag.py:588} INFO - Filling up the DagBag from /home/airflow/.local/lib/python3.12/site-packages/airflow/example_dags/example_bash_operator.py
[2025-05-14T17:07:26.550+0000] {processor.py:925} INFO - DAG(s) 'example_bash_operator' retrieved from /home/airflow/.local/lib/python3.12/site-packages/airflow/example_dags/example_bash_operator.py
[2025-05-14T17:07:26.613+0000] {logging_mixin.py:190} INFO - [2025-05-14T17:07:26.612+0000] {dag.py:3239} INFO - Sync 1 DAGs
[2025-05-14T17:07:26.682+0000] {logging_mixin.py:190} INFO - [2025-05-14T17:07:26.682+0000] {dag.py:4180} INFO - Setting next_dagrun for example_bash_operator to 2025-05-13 00:00:00+00:00, run_after=2025-05-14 00:00:00+00:00
[2025-05-14T17:07:26.739+0000] {processor.py:208} INFO - Processing /home/airflow/.local/lib/python3.12/site-packages/airflow/example_dags/example_bash_operator.py took 0.230 seconds
[2025-05-14T17:07:57.396+0000] {processor.py:186} INFO - Started process (PID=346) to work on /home/airflow/.local/lib/python3.12/site-packages/airflow/example_dags/example_bash_operator.py
[2025-05-14T17:07:57.399+0000] {processor.py:914} INFO - Processing file /home/airflow/.local/lib/python3.12/site-packages/airflow/example_dags/example_bash_operator.py for tasks to queue
[2025-05-14T17:07:57.408+0000] {logging_mixin.py:190} INFO - [2025-05-14T17:07:57.407+0000] {dagbag.py:588} INFO - Filling up the DagBag from /home/airflow/.local/lib/python3.12/site-packages/airflow/example_dags/example_bash_operator.py
[2025-05-14T17:07:57.441+0000] {processor.py:925} INFO - DAG(s) 'example_bash_operator' retrieved from /home/airflow/.local/lib/python3.12/site-packages/airflow/example_dags/example_bash_operator.py
[2025-05-14T17:07:57.508+0000] {logging_mixin.py:190} INFO - [2025-05-14T17:07:57.507+0000] {dag.py:3239} INFO - Sync 1 DAGs
[2025-05-14T17:07:57.593+0000] {logging_mixin.py:190} INFO - [2025-05-14T17:07:57.593+0000] {dag.py:4180} INFO - Setting next_dagrun for example_bash_operator to 2025-05-13 00:00:00+00:00, run_after=2025-05-14 00:00:00+00:00
[2025-05-14T17:07:57.649+0000] {processor.py:208} INFO - Processing /home/airflow/.local/lib/python3.12/site-packages/airflow/example_dags/example_bash_operator.py took 0.267 seconds
[2025-05-14T17:08:33.950+0000] {processor.py:186} INFO - Started process (PID=421) to work on /home/airflow/.local/lib/python3.12/site-packages/airflow/example_dags/example_bash_operator.py
[2025-05-14T17:08:33.956+0000] {processor.py:914} INFO - Processing file /home/airflow/.local/lib/python3.12/site-packages/airflow/example_dags/example_bash_operator.py for tasks to queue
[2025-05-14T17:08:33.968+0000] {logging_mixin.py:190} INFO - [2025-05-14T17:08:33.967+0000] {dagbag.py:588} INFO - Filling up the DagBag from /home/airflow/.local/lib/python3.12/site-packages/airflow/example_dags/example_bash_operator.py
[2025-05-14T17:08:34.034+0000] {processor.py:925} INFO - DAG(s) 'example_bash_operator' retrieved from /home/airflow/.local/lib/python3.12/site-packages/airflow/example_dags/example_bash_operator.py
[2025-05-14T17:08:34.160+0000] {logging_mixin.py:190} INFO - [2025-05-14T17:08:34.160+0000] {dag.py:3239} INFO - Sync 1 DAGs
[2025-05-14T17:08:34.306+0000] {logging_mixin.py:190} INFO - [2025-05-14T17:08:34.305+0000] {dag.py:4180} INFO - Setting next_dagrun for example_bash_operator to 2025-05-13 00:00:00+00:00, run_after=2025-05-14 00:00:00+00:00
[2025-05-14T17:08:34.470+0000] {processor.py:208} INFO - Processing /home/airflow/.local/lib/python3.12/site-packages/airflow/example_dags/example_bash_operator.py took 0.553 seconds
[2025-05-14T17:09:05.479+0000] {processor.py:186} INFO - Started process (PID=487) to work on /home/airflow/.local/lib/python3.12/site-packages/airflow/example_dags/example_bash_operator.py
[2025-05-14T17:09:05.485+0000] {processor.py:914} INFO - Processing file /home/airflow/.local/lib/python3.12/site-packages/airflow/example_dags/example_bash_operator.py for tasks to queue
[2025-05-14T17:09:05.493+0000] {logging_mixin.py:190} INFO - [2025-05-14T17:09:05.491+0000] {dagbag.py:588} INFO - Filling up the DagBag from /home/airflow/.local/lib/python3.12/site-packages/airflow/example_dags/example_bash_operator.py
[2025-05-14T17:09:05.537+0000] {processor.py:925} INFO - DAG(s) 'example_bash_operator' retrieved from /home/airflow/.local/lib/python3.12/site-packages/airflow/example_dags/example_bash_operator.py
[2025-05-14T17:09:05.618+0000] {logging_mixin.py:190} INFO - [2025-05-14T17:09:05.617+0000] {dag.py:3239} INFO - Sync 1 DAGs
[2025-05-14T17:09:05.703+0000] {logging_mixin.py:190} INFO - [2025-05-14T17:09:05.702+0000] {dag.py:4180} INFO - Setting next_dagrun for example_bash_operator to 2025-05-13 00:00:00+00:00, run_after=2025-05-14 00:00:00+00:00
[2025-05-14T17:09:05.797+0000] {processor.py:208} INFO - Processing /home/airflow/.local/lib/python3.12/site-packages/airflow/example_dags/example_bash_operator.py took 0.333 seconds
[2025-05-14T17:09:36.546+0000] {processor.py:186} INFO - Started process (PID=554) to work on /home/airflow/.local/lib/python3.12/site-packages/airflow/example_dags/example_bash_operator.py
[2025-05-14T17:09:36.547+0000] {processor.py:914} INFO - Processing file /home/airflow/.local/lib/python3.12/site-packages/airflow/example_dags/example_bash_operator.py for tasks to queue
[2025-05-14T17:09:36.551+0000] {logging_mixin.py:190} INFO - [2025-05-14T17:09:36.551+0000] {dagbag.py:588} INFO - Filling up the DagBag from /home/airflow/.local/lib/python3.12/site-packages/airflow/example_dags/example_bash_operator.py
[2025-05-14T17:09:36.597+0000] {processor.py:925} INFO - DAG(s) 'example_bash_operator' retrieved from /home/airflow/.local/lib/python3.12/site-packages/airflow/example_dags/example_bash_operator.py
[2025-05-14T17:09:36.667+0000] {logging_mixin.py:190} INFO - [2025-05-14T17:09:36.666+0000] {dag.py:3239} INFO - Sync 1 DAGs
[2025-05-14T17:09:36.763+0000] {logging_mixin.py:190} INFO - [2025-05-14T17:09:36.762+0000] {dag.py:4180} INFO - Setting next_dagrun for example_bash_operator to 2025-05-13 00:00:00+00:00, run_after=2025-05-14 00:00:00+00:00
[2025-05-14T17:09:36.807+0000] {processor.py:208} INFO - Processing /home/airflow/.local/lib/python3.12/site-packages/airflow/example_dags/example_bash_operator.py took 0.274 seconds
[2025-05-14T17:10:07.488+0000] {processor.py:186} INFO - Started process (PID=620) to work on /home/airflow/.local/lib/python3.12/site-packages/airflow/example_dags/example_bash_operator.py
[2025-05-14T17:10:07.490+0000] {processor.py:914} INFO - Processing file /home/airflow/.local/lib/python3.12/site-packages/airflow/example_dags/example_bash_operator.py for tasks to queue
[2025-05-14T17:10:07.495+0000] {logging_mixin.py:190} INFO - [2025-05-14T17:10:07.495+0000] {dagbag.py:588} INFO - Filling up the DagBag from /home/airflow/.local/lib/python3.12/site-packages/airflow/example_dags/example_bash_operator.py
[2025-05-14T17:10:07.521+0000] {processor.py:925} INFO - DAG(s) 'example_bash_operator' retrieved from /home/airflow/.local/lib/python3.12/site-packages/airflow/example_dags/example_bash_operator.py
[2025-05-14T17:10:07.577+0000] {logging_mixin.py:190} INFO - [2025-05-14T17:10:07.576+0000] {dag.py:3239} INFO - Sync 1 DAGs
[2025-05-14T17:10:07.624+0000] {logging_mixin.py:190} INFO - [2025-05-14T17:10:07.623+0000] {dag.py:4180} INFO - Setting next_dagrun for example_bash_operator to 2025-05-13 00:00:00+00:00, run_after=2025-05-14 00:00:00+00:00
[2025-05-14T17:10:07.661+0000] {processor.py:208} INFO - Processing /home/airflow/.local/lib/python3.12/site-packages/airflow/example_dags/example_bash_operator.py took 0.182 seconds
[2025-05-14T17:10:37.863+0000] {processor.py:186} INFO - Started process (PID=686) to work on /home/airflow/.local/lib/python3.12/site-packages/airflow/example_dags/example_bash_operator.py
[2025-05-14T17:10:37.866+0000] {processor.py:914} INFO - Processing file /home/airflow/.local/lib/python3.12/site-packages/airflow/example_dags/example_bash_operator.py for tasks to queue
[2025-05-14T17:10:37.871+0000] {logging_mixin.py:190} INFO - [2025-05-14T17:10:37.870+0000] {dagbag.py:588} INFO - Filling up the DagBag from /home/airflow/.local/lib/python3.12/site-packages/airflow/example_dags/example_bash_operator.py
[2025-05-14T17:10:37.900+0000] {processor.py:925} INFO - DAG(s) 'example_bash_operator' retrieved from /home/airflow/.local/lib/python3.12/site-packages/airflow/example_dags/example_bash_operator.py
[2025-05-14T17:10:37.944+0000] {logging_mixin.py:190} INFO - [2025-05-14T17:10:37.944+0000] {dag.py:3239} INFO - Sync 1 DAGs
[2025-05-14T17:10:37.987+0000] {logging_mixin.py:190} INFO - [2025-05-14T17:10:37.986+0000] {dag.py:4180} INFO - Setting next_dagrun for example_bash_operator to 2025-05-13 00:00:00+00:00, run_after=2025-05-14 00:00:00+00:00
[2025-05-14T17:10:38.031+0000] {processor.py:208} INFO - Processing /home/airflow/.local/lib/python3.12/site-packages/airflow/example_dags/example_bash_operator.py took 0.181 seconds
[2025-05-14T17:11:08.929+0000] {processor.py:186} INFO - Started process (PID=753) to work on /home/airflow/.local/lib/python3.12/site-packages/airflow/example_dags/example_bash_operator.py
[2025-05-14T17:11:08.930+0000] {processor.py:914} INFO - Processing file /home/airflow/.local/lib/python3.12/site-packages/airflow/example_dags/example_bash_operator.py for tasks to queue
[2025-05-14T17:11:08.937+0000] {logging_mixin.py:190} INFO - [2025-05-14T17:11:08.936+0000] {dagbag.py:588} INFO - Filling up the DagBag from /home/airflow/.local/lib/python3.12/site-packages/airflow/example_dags/example_bash_operator.py
[2025-05-14T17:11:08.962+0000] {processor.py:925} INFO - DAG(s) 'example_bash_operator' retrieved from /home/airflow/.local/lib/python3.12/site-packages/airflow/example_dags/example_bash_operator.py
[2025-05-14T17:11:09.015+0000] {logging_mixin.py:190} INFO - [2025-05-14T17:11:09.015+0000] {dag.py:3239} INFO - Sync 1 DAGs
[2025-05-14T17:11:09.077+0000] {logging_mixin.py:190} INFO - [2025-05-14T17:11:09.076+0000] {dag.py:4180} INFO - Setting next_dagrun for example_bash_operator to 2025-05-13 00:00:00+00:00, run_after=2025-05-14 00:00:00+00:00
[2025-05-14T17:11:09.113+0000] {processor.py:208} INFO - Processing /home/airflow/.local/lib/python3.12/site-packages/airflow/example_dags/example_bash_operator.py took 0.194 seconds
[2025-05-14T17:11:42.489+0000] {processor.py:186} INFO - Started process (PID=820) to work on /home/airflow/.local/lib/python3.12/site-packages/airflow/example_dags/example_bash_operator.py
[2025-05-14T17:11:42.492+0000] {processor.py:914} INFO - Processing file /home/airflow/.local/lib/python3.12/site-packages/airflow/example_dags/example_bash_operator.py for tasks to queue
[2025-05-14T17:11:42.497+0000] {logging_mixin.py:190} INFO - [2025-05-14T17:11:42.496+0000] {dagbag.py:588} INFO - Filling up the DagBag from /home/airflow/.local/lib/python3.12/site-packages/airflow/example_dags/example_bash_operator.py
[2025-05-14T17:11:42.531+0000] {processor.py:925} INFO - DAG(s) 'example_bash_operator' retrieved from /home/airflow/.local/lib/python3.12/site-packages/airflow/example_dags/example_bash_operator.py
[2025-05-14T17:11:42.603+0000] {logging_mixin.py:190} INFO - [2025-05-14T17:11:42.602+0000] {dag.py:3239} INFO - Sync 1 DAGs
[2025-05-14T17:11:42.672+0000] {logging_mixin.py:190} INFO - [2025-05-14T17:11:42.670+0000] {dag.py:4180} INFO - Setting next_dagrun for example_bash_operator to 2025-05-13 00:00:00+00:00, run_after=2025-05-14 00:00:00+00:00
[2025-05-14T17:11:42.733+0000] {processor.py:208} INFO - Processing /home/airflow/.local/lib/python3.12/site-packages/airflow/example_dags/example_bash_operator.py took 0.265 seconds
[2025-05-14T17:12:13.145+0000] {processor.py:186} INFO - Started process (PID=886) to work on /home/airflow/.local/lib/python3.12/site-packages/airflow/example_dags/example_bash_operator.py
[2025-05-14T17:12:13.147+0000] {processor.py:914} INFO - Processing file /home/airflow/.local/lib/python3.12/site-packages/airflow/example_dags/example_bash_operator.py for tasks to queue
[2025-05-14T17:12:13.153+0000] {logging_mixin.py:190} INFO - [2025-05-14T17:12:13.152+0000] {dagbag.py:588} INFO - Filling up the DagBag from /home/airflow/.local/lib/python3.12/site-packages/airflow/example_dags/example_bash_operator.py
[2025-05-14T17:12:13.183+0000] {processor.py:925} INFO - DAG(s) 'example_bash_operator' retrieved from /home/airflow/.local/lib/python3.12/site-packages/airflow/example_dags/example_bash_operator.py
[2025-05-14T17:12:13.270+0000] {logging_mixin.py:190} INFO - [2025-05-14T17:12:13.269+0000] {dag.py:3239} INFO - Sync 1 DAGs
[2025-05-14T17:12:13.363+0000] {logging_mixin.py:190} INFO - [2025-05-14T17:12:13.363+0000] {dag.py:4180} INFO - Setting next_dagrun for example_bash_operator to 2025-05-13 00:00:00+00:00, run_after=2025-05-14 00:00:00+00:00
[2025-05-14T17:12:13.454+0000] {processor.py:208} INFO - Processing /home/airflow/.local/lib/python3.12/site-packages/airflow/example_dags/example_bash_operator.py took 0.323 seconds
[2025-05-14T17:12:44.726+0000] {processor.py:186} INFO - Started process (PID=951) to work on /home/airflow/.local/lib/python3.12/site-packages/airflow/example_dags/example_bash_operator.py
[2025-05-14T17:12:44.730+0000] {processor.py:914} INFO - Processing file /home/airflow/.local/lib/python3.12/site-packages/airflow/example_dags/example_bash_operator.py for tasks to queue
[2025-05-14T17:12:44.737+0000] {logging_mixin.py:190} INFO - [2025-05-14T17:12:44.736+0000] {dagbag.py:588} INFO - Filling up the DagBag from /home/airflow/.local/lib/python3.12/site-packages/airflow/example_dags/example_bash_operator.py
[2025-05-14T17:12:44.771+0000] {processor.py:925} INFO - DAG(s) 'example_bash_operator' retrieved from /home/airflow/.local/lib/python3.12/site-packages/airflow/example_dags/example_bash_operator.py
[2025-05-14T17:12:44.851+0000] {logging_mixin.py:190} INFO - [2025-05-14T17:12:44.850+0000] {dag.py:3239} INFO - Sync 1 DAGs
[2025-05-14T17:12:44.914+0000] {logging_mixin.py:190} INFO - [2025-05-14T17:12:44.913+0000] {dag.py:4180} INFO - Setting next_dagrun for example_bash_operator to 2025-05-13 00:00:00+00:00, run_after=2025-05-14 00:00:00+00:00
[2025-05-14T17:12:44.950+0000] {processor.py:208} INFO - Processing /home/airflow/.local/lib/python3.12/site-packages/airflow/example_dags/example_bash_operator.py took 0.234 seconds
[2025-05-14T17:13:16.261+0000] {processor.py:186} INFO - Started process (PID=1019) to work on /home/airflow/.local/lib/python3.12/site-packages/airflow/example_dags/example_bash_operator.py
[2025-05-14T17:13:16.264+0000] {processor.py:914} INFO - Processing file /home/airflow/.local/lib/python3.12/site-packages/airflow/example_dags/example_bash_operator.py for tasks to queue
[2025-05-14T17:13:16.269+0000] {logging_mixin.py:190} INFO - [2025-05-14T17:13:16.268+0000] {dagbag.py:588} INFO - Filling up the DagBag from /home/airflow/.local/lib/python3.12/site-packages/airflow/example_dags/example_bash_operator.py
[2025-05-14T17:13:16.301+0000] {processor.py:925} INFO - DAG(s) 'example_bash_operator' retrieved from /home/airflow/.local/lib/python3.12/site-packages/airflow/example_dags/example_bash_operator.py
[2025-05-14T17:13:16.416+0000] {logging_mixin.py:190} INFO - [2025-05-14T17:13:16.415+0000] {dag.py:3239} INFO - Sync 1 DAGs
[2025-05-14T17:13:16.495+0000] {logging_mixin.py:190} INFO - [2025-05-14T17:13:16.494+0000] {dag.py:4180} INFO - Setting next_dagrun for example_bash_operator to 2025-05-13 00:00:00+00:00, run_after=2025-05-14 00:00:00+00:00
[2025-05-14T17:13:16.555+0000] {processor.py:208} INFO - Processing /home/airflow/.local/lib/python3.12/site-packages/airflow/example_dags/example_bash_operator.py took 0.308 seconds
[2025-05-14T17:13:48.569+0000] {processor.py:186} INFO - Started process (PID=1087) to work on /home/airflow/.local/lib/python3.12/site-packages/airflow/example_dags/example_bash_operator.py
[2025-05-14T17:13:48.570+0000] {processor.py:914} INFO - Processing file /home/airflow/.local/lib/python3.12/site-packages/airflow/example_dags/example_bash_operator.py for tasks to queue
[2025-05-14T17:13:48.575+0000] {logging_mixin.py:190} INFO - [2025-05-14T17:13:48.574+0000] {dagbag.py:588} INFO - Filling up the DagBag from /home/airflow/.local/lib/python3.12/site-packages/airflow/example_dags/example_bash_operator.py
[2025-05-14T17:13:48.600+0000] {processor.py:925} INFO - DAG(s) 'example_bash_operator' retrieved from /home/airflow/.local/lib/python3.12/site-packages/airflow/example_dags/example_bash_operator.py
[2025-05-14T17:13:48.647+0000] {logging_mixin.py:190} INFO - [2025-05-14T17:13:48.647+0000] {dag.py:3239} INFO - Sync 1 DAGs
[2025-05-14T17:13:48.707+0000] {logging_mixin.py:190} INFO - [2025-05-14T17:13:48.706+0000] {dag.py:4180} INFO - Setting next_dagrun for example_bash_operator to 2025-05-13 00:00:00+00:00, run_after=2025-05-14 00:00:00+00:00
[2025-05-14T17:13:48.746+0000] {processor.py:208} INFO - Processing /home/airflow/.local/lib/python3.12/site-packages/airflow/example_dags/example_bash_operator.py took 0.188 seconds
[2025-05-14T17:14:19.218+0000] {processor.py:186} INFO - Started process (PID=1154) to work on /home/airflow/.local/lib/python3.12/site-packages/airflow/example_dags/example_bash_operator.py
[2025-05-14T17:14:19.219+0000] {processor.py:914} INFO - Processing file /home/airflow/.local/lib/python3.12/site-packages/airflow/example_dags/example_bash_operator.py for tasks to queue
[2025-05-14T17:14:19.223+0000] {logging_mixin.py:190} INFO - [2025-05-14T17:14:19.222+0000] {dagbag.py:588} INFO - Filling up the DagBag from /home/airflow/.local/lib/python3.12/site-packages/airflow/example_dags/example_bash_operator.py
[2025-05-14T17:14:19.247+0000] {processor.py:925} INFO - DAG(s) 'example_bash_operator' retrieved from /home/airflow/.local/lib/python3.12/site-packages/airflow/example_dags/example_bash_operator.py
[2025-05-14T17:14:19.299+0000] {logging_mixin.py:190} INFO - [2025-05-14T17:14:19.299+0000] {dag.py:3239} INFO - Sync 1 DAGs
[2025-05-14T17:14:19.341+0000] {logging_mixin.py:190} INFO - [2025-05-14T17:14:19.341+0000] {dag.py:4180} INFO - Setting next_dagrun for example_bash_operator to 2025-05-13 00:00:00+00:00, run_after=2025-05-14 00:00:00+00:00
[2025-05-14T17:14:19.382+0000] {processor.py:208} INFO - Processing /home/airflow/.local/lib/python3.12/site-packages/airflow/example_dags/example_bash_operator.py took 0.172 seconds
[2025-05-14T17:14:49.672+0000] {processor.py:186} INFO - Started process (PID=1219) to work on /home/airflow/.local/lib/python3.12/site-packages/airflow/example_dags/example_bash_operator.py
[2025-05-14T17:14:49.675+0000] {processor.py:914} INFO - Processing file /home/airflow/.local/lib/python3.12/site-packages/airflow/example_dags/example_bash_operator.py for tasks to queue
[2025-05-14T17:14:49.681+0000] {logging_mixin.py:190} INFO - [2025-05-14T17:14:49.680+0000] {dagbag.py:588} INFO - Filling up the DagBag from /home/airflow/.local/lib/python3.12/site-packages/airflow/example_dags/example_bash_operator.py
[2025-05-14T17:14:49.714+0000] {processor.py:925} INFO - DAG(s) 'example_bash_operator' retrieved from /home/airflow/.local/lib/python3.12/site-packages/airflow/example_dags/example_bash_operator.py
[2025-05-14T17:14:49.820+0000] {logging_mixin.py:190} INFO - [2025-05-14T17:14:49.819+0000] {dag.py:3239} INFO - Sync 1 DAGs
[2025-05-14T17:14:49.947+0000] {logging_mixin.py:190} INFO - [2025-05-14T17:14:49.946+0000] {dag.py:4180} INFO - Setting next_dagrun for example_bash_operator to 2025-05-13 00:00:00+00:00, run_after=2025-05-14 00:00:00+00:00
[2025-05-14T17:14:50.084+0000] {processor.py:208} INFO - Processing /home/airflow/.local/lib/python3.12/site-packages/airflow/example_dags/example_bash_operator.py took 0.425 seconds
