[2025-05-14T17:00:14.587+0000] {processor.py:186} INFO - Started process (PID=101) to work on /home/airflow/.local/lib/python3.12/site-packages/airflow/example_dags/example_display_name.py
[2025-05-14T17:00:14.597+0000] {processor.py:914} INFO - Processing file /home/airflow/.local/lib/python3.12/site-packages/airflow/example_dags/example_display_name.py for tasks to queue
[2025-05-14T17:00:14.602+0000] {logging_mixin.py:190} INFO - [2025-05-14T17:00:14.601+0000] {dagbag.py:588} INFO - Filling up the DagBag from /home/airflow/.local/lib/python3.12/site-packages/airflow/example_dags/example_display_name.py
[2025-05-14T17:00:14.642+0000] {processor.py:925} INFO - DAG(s) 'example_display_name' retrieved from /home/airflow/.local/lib/python3.12/site-packages/airflow/example_dags/example_display_name.py
[2025-05-14T17:00:14.832+0000] {logging_mixin.py:190} INFO - [2025-05-14T17:00:14.832+0000] {dag.py:3239} INFO - Sync 1 DAGs
[2025-05-14T17:00:14.926+0000] {logging_mixin.py:190} INFO - [2025-05-14T17:00:14.925+0000] {dag.py:4180} INFO - Setting next_dagrun for example_display_name to None, run_after=None
[2025-05-14T17:00:15.108+0000] {processor.py:208} INFO - Processing /home/airflow/.local/lib/python3.12/site-packages/airflow/example_dags/example_display_name.py took 0.565 seconds
[2025-05-14T17:00:45.944+0000] {processor.py:186} INFO - Started process (PID=169) to work on /home/airflow/.local/lib/python3.12/site-packages/airflow/example_dags/example_display_name.py
[2025-05-14T17:00:45.963+0000] {processor.py:914} INFO - Processing file /home/airflow/.local/lib/python3.12/site-packages/airflow/example_dags/example_display_name.py for tasks to queue
[2025-05-14T17:00:45.990+0000] {logging_mixin.py:190} INFO - [2025-05-14T17:00:45.988+0000] {dagbag.py:588} INFO - Filling up the DagBag from /home/airflow/.local/lib/python3.12/site-packages/airflow/example_dags/example_display_name.py
[2025-05-14T17:00:46.109+0000] {processor.py:925} INFO - DAG(s) 'example_display_name' retrieved from /home/airflow/.local/lib/python3.12/site-packages/airflow/example_dags/example_display_name.py
[2025-05-14T17:00:46.203+0000] {logging_mixin.py:190} INFO - [2025-05-14T17:00:46.202+0000] {dag.py:3239} INFO - Sync 1 DAGs
[2025-05-14T17:00:46.349+0000] {logging_mixin.py:190} INFO - [2025-05-14T17:00:46.349+0000] {dag.py:4180} INFO - Setting next_dagrun for example_display_name to None, run_after=None
[2025-05-14T17:00:46.558+0000] {processor.py:208} INFO - Processing /home/airflow/.local/lib/python3.12/site-packages/airflow/example_dags/example_display_name.py took 0.676 seconds
[2025-05-14T17:01:18.553+0000] {processor.py:186} INFO - Started process (PID=242) to work on /home/airflow/.local/lib/python3.12/site-packages/airflow/example_dags/example_display_name.py
[2025-05-14T17:01:18.558+0000] {processor.py:914} INFO - Processing file /home/airflow/.local/lib/python3.12/site-packages/airflow/example_dags/example_display_name.py for tasks to queue
[2025-05-14T17:01:18.568+0000] {logging_mixin.py:190} INFO - [2025-05-14T17:01:18.564+0000] {dagbag.py:588} INFO - Filling up the DagBag from /home/airflow/.local/lib/python3.12/site-packages/airflow/example_dags/example_display_name.py
[2025-05-14T17:01:18.611+0000] {processor.py:925} INFO - DAG(s) 'example_display_name' retrieved from /home/airflow/.local/lib/python3.12/site-packages/airflow/example_dags/example_display_name.py
[2025-05-14T17:01:18.687+0000] {logging_mixin.py:190} INFO - [2025-05-14T17:01:18.686+0000] {dag.py:3239} INFO - Sync 1 DAGs
[2025-05-14T17:01:18.767+0000] {logging_mixin.py:190} INFO - [2025-05-14T17:01:18.767+0000] {dag.py:4180} INFO - Setting next_dagrun for example_display_name to None, run_after=None
[2025-05-14T17:01:18.974+0000] {processor.py:208} INFO - Processing /home/airflow/.local/lib/python3.12/site-packages/airflow/example_dags/example_display_name.py took 0.443 seconds
[2025-05-14T17:01:49.841+0000] {processor.py:186} INFO - Started process (PID=308) to work on /home/airflow/.local/lib/python3.12/site-packages/airflow/example_dags/example_display_name.py
[2025-05-14T17:01:49.842+0000] {processor.py:914} INFO - Processing file /home/airflow/.local/lib/python3.12/site-packages/airflow/example_dags/example_display_name.py for tasks to queue
[2025-05-14T17:01:49.846+0000] {logging_mixin.py:190} INFO - [2025-05-14T17:01:49.845+0000] {dagbag.py:588} INFO - Filling up the DagBag from /home/airflow/.local/lib/python3.12/site-packages/airflow/example_dags/example_display_name.py
[2025-05-14T17:01:49.858+0000] {processor.py:925} INFO - DAG(s) 'example_display_name' retrieved from /home/airflow/.local/lib/python3.12/site-packages/airflow/example_dags/example_display_name.py
[2025-05-14T17:01:49.883+0000] {logging_mixin.py:190} INFO - [2025-05-14T17:01:49.883+0000] {dag.py:3239} INFO - Sync 1 DAGs
[2025-05-14T17:01:49.907+0000] {logging_mixin.py:190} INFO - [2025-05-14T17:01:49.906+0000] {dag.py:4180} INFO - Setting next_dagrun for example_display_name to None, run_after=None
[2025-05-14T17:01:49.935+0000] {processor.py:208} INFO - Processing /home/airflow/.local/lib/python3.12/site-packages/airflow/example_dags/example_display_name.py took 0.105 seconds
[2025-05-14T17:02:26.660+0000] {processor.py:186} INFO - Started process (PID=360) to work on /home/airflow/.local/lib/python3.12/site-packages/airflow/example_dags/example_display_name.py
[2025-05-14T17:02:26.692+0000] {processor.py:914} INFO - Processing file /home/airflow/.local/lib/python3.12/site-packages/airflow/example_dags/example_display_name.py for tasks to queue
[2025-05-14T17:02:26.712+0000] {logging_mixin.py:190} INFO - [2025-05-14T17:02:26.711+0000] {dagbag.py:588} INFO - Filling up the DagBag from /home/airflow/.local/lib/python3.12/site-packages/airflow/example_dags/example_display_name.py
[2025-05-14T17:02:26.901+0000] {processor.py:925} INFO - DAG(s) 'example_display_name' retrieved from /home/airflow/.local/lib/python3.12/site-packages/airflow/example_dags/example_display_name.py
[2025-05-14T17:02:27.324+0000] {logging_mixin.py:190} INFO - [2025-05-14T17:02:27.323+0000] {dag.py:3239} INFO - Sync 1 DAGs
[2025-05-14T17:02:27.633+0000] {logging_mixin.py:190} INFO - [2025-05-14T17:02:27.622+0000] {dag.py:4180} INFO - Setting next_dagrun for example_display_name to None, run_after=None
[2025-05-14T17:02:27.790+0000] {processor.py:208} INFO - Processing /home/airflow/.local/lib/python3.12/site-packages/airflow/example_dags/example_display_name.py took 1.216 seconds
[2025-05-14T17:05:38.800+0000] {processor.py:186} INFO - Started process (PID=91) to work on /home/airflow/.local/lib/python3.12/site-packages/airflow/example_dags/example_display_name.py
[2025-05-14T17:05:38.803+0000] {processor.py:914} INFO - Processing file /home/airflow/.local/lib/python3.12/site-packages/airflow/example_dags/example_display_name.py for tasks to queue
[2025-05-14T17:05:38.835+0000] {logging_mixin.py:190} INFO - [2025-05-14T17:05:38.834+0000] {dagbag.py:588} INFO - Filling up the DagBag from /home/airflow/.local/lib/python3.12/site-packages/airflow/example_dags/example_display_name.py
[2025-05-14T17:05:38.939+0000] {processor.py:925} INFO - DAG(s) 'example_display_name' retrieved from /home/airflow/.local/lib/python3.12/site-packages/airflow/example_dags/example_display_name.py
[2025-05-14T17:05:39.080+0000] {logging_mixin.py:190} INFO - [2025-05-14T17:05:39.079+0000] {dag.py:3239} INFO - Sync 1 DAGs
[2025-05-14T17:05:39.151+0000] {logging_mixin.py:190} INFO - [2025-05-14T17:05:39.151+0000] {dag.py:4180} INFO - Setting next_dagrun for example_display_name to None, run_after=None
[2025-05-14T17:05:39.259+0000] {processor.py:208} INFO - Processing /home/airflow/.local/lib/python3.12/site-packages/airflow/example_dags/example_display_name.py took 0.482 seconds
[2025-05-14T17:06:22.839+0000] {processor.py:186} INFO - Started process (PID=156) to work on /home/airflow/.local/lib/python3.12/site-packages/airflow/example_dags/example_display_name.py
[2025-05-14T17:06:22.844+0000] {processor.py:914} INFO - Processing file /home/airflow/.local/lib/python3.12/site-packages/airflow/example_dags/example_display_name.py for tasks to queue
[2025-05-14T17:06:22.863+0000] {logging_mixin.py:190} INFO - [2025-05-14T17:06:22.859+0000] {dagbag.py:588} INFO - Filling up the DagBag from /home/airflow/.local/lib/python3.12/site-packages/airflow/example_dags/example_display_name.py
[2025-05-14T17:06:22.943+0000] {processor.py:925} INFO - DAG(s) 'example_display_name' retrieved from /home/airflow/.local/lib/python3.12/site-packages/airflow/example_dags/example_display_name.py
[2025-05-14T17:06:23.021+0000] {logging_mixin.py:190} INFO - [2025-05-14T17:06:23.020+0000] {dag.py:3239} INFO - Sync 1 DAGs
[2025-05-14T17:06:23.081+0000] {logging_mixin.py:190} INFO - [2025-05-14T17:06:23.081+0000] {dag.py:4180} INFO - Setting next_dagrun for example_display_name to None, run_after=None
[2025-05-14T17:06:23.188+0000] {processor.py:208} INFO - Processing /home/airflow/.local/lib/python3.12/site-packages/airflow/example_dags/example_display_name.py took 0.392 seconds
[2025-05-14T17:06:56.870+0000] {processor.py:186} INFO - Started process (PID=222) to work on /home/airflow/.local/lib/python3.12/site-packages/airflow/example_dags/example_display_name.py
[2025-05-14T17:06:56.871+0000] {processor.py:914} INFO - Processing file /home/airflow/.local/lib/python3.12/site-packages/airflow/example_dags/example_display_name.py for tasks to queue
[2025-05-14T17:06:56.877+0000] {logging_mixin.py:190} INFO - [2025-05-14T17:06:56.876+0000] {dagbag.py:588} INFO - Filling up the DagBag from /home/airflow/.local/lib/python3.12/site-packages/airflow/example_dags/example_display_name.py
[2025-05-14T17:06:56.893+0000] {processor.py:925} INFO - DAG(s) 'example_display_name' retrieved from /home/airflow/.local/lib/python3.12/site-packages/airflow/example_dags/example_display_name.py
[2025-05-14T17:06:56.927+0000] {logging_mixin.py:190} INFO - [2025-05-14T17:06:56.927+0000] {dag.py:3239} INFO - Sync 1 DAGs
[2025-05-14T17:06:56.955+0000] {logging_mixin.py:190} INFO - [2025-05-14T17:06:56.954+0000] {dag.py:4180} INFO - Setting next_dagrun for example_display_name to None, run_after=None
[2025-05-14T17:06:57.016+0000] {processor.py:208} INFO - Processing /home/airflow/.local/lib/python3.12/site-packages/airflow/example_dags/example_display_name.py took 0.155 seconds
[2025-05-14T17:07:27.662+0000] {processor.py:186} INFO - Started process (PID=283) to work on /home/airflow/.local/lib/python3.12/site-packages/airflow/example_dags/example_display_name.py
[2025-05-14T17:07:27.664+0000] {processor.py:914} INFO - Processing file /home/airflow/.local/lib/python3.12/site-packages/airflow/example_dags/example_display_name.py for tasks to queue
[2025-05-14T17:07:27.672+0000] {logging_mixin.py:190} INFO - [2025-05-14T17:07:27.671+0000] {dagbag.py:588} INFO - Filling up the DagBag from /home/airflow/.local/lib/python3.12/site-packages/airflow/example_dags/example_display_name.py
[2025-05-14T17:07:27.682+0000] {processor.py:925} INFO - DAG(s) 'example_display_name' retrieved from /home/airflow/.local/lib/python3.12/site-packages/airflow/example_dags/example_display_name.py
[2025-05-14T17:07:27.730+0000] {logging_mixin.py:190} INFO - [2025-05-14T17:07:27.728+0000] {dag.py:3239} INFO - Sync 1 DAGs
[2025-05-14T17:07:27.766+0000] {logging_mixin.py:190} INFO - [2025-05-14T17:07:27.766+0000] {dag.py:4180} INFO - Setting next_dagrun for example_display_name to None, run_after=None
[2025-05-14T17:07:27.814+0000] {processor.py:208} INFO - Processing /home/airflow/.local/lib/python3.12/site-packages/airflow/example_dags/example_display_name.py took 0.168 seconds
[2025-05-14T17:07:58.256+0000] {processor.py:186} INFO - Started process (PID=350) to work on /home/airflow/.local/lib/python3.12/site-packages/airflow/example_dags/example_display_name.py
[2025-05-14T17:07:58.258+0000] {processor.py:914} INFO - Processing file /home/airflow/.local/lib/python3.12/site-packages/airflow/example_dags/example_display_name.py for tasks to queue
[2025-05-14T17:07:58.263+0000] {logging_mixin.py:190} INFO - [2025-05-14T17:07:58.263+0000] {dagbag.py:588} INFO - Filling up the DagBag from /home/airflow/.local/lib/python3.12/site-packages/airflow/example_dags/example_display_name.py
[2025-05-14T17:07:58.282+0000] {processor.py:925} INFO - DAG(s) 'example_display_name' retrieved from /home/airflow/.local/lib/python3.12/site-packages/airflow/example_dags/example_display_name.py
[2025-05-14T17:07:58.324+0000] {logging_mixin.py:190} INFO - [2025-05-14T17:07:58.324+0000] {dag.py:3239} INFO - Sync 1 DAGs
[2025-05-14T17:07:58.363+0000] {logging_mixin.py:190} INFO - [2025-05-14T17:07:58.362+0000] {dag.py:4180} INFO - Setting next_dagrun for example_display_name to None, run_after=None
[2025-05-14T17:07:58.409+0000] {processor.py:208} INFO - Processing /home/airflow/.local/lib/python3.12/site-packages/airflow/example_dags/example_display_name.py took 0.167 seconds
[2025-05-14T17:08:30.880+0000] {processor.py:186} INFO - Started process (PID=407) to work on /home/airflow/.local/lib/python3.12/site-packages/airflow/example_dags/example_display_name.py
[2025-05-14T17:08:30.896+0000] {processor.py:914} INFO - Processing file /home/airflow/.local/lib/python3.12/site-packages/airflow/example_dags/example_display_name.py for tasks to queue
[2025-05-14T17:08:30.928+0000] {logging_mixin.py:190} INFO - [2025-05-14T17:08:30.917+0000] {dagbag.py:588} INFO - Filling up the DagBag from /home/airflow/.local/lib/python3.12/site-packages/airflow/example_dags/example_display_name.py
[2025-05-14T17:08:31.036+0000] {processor.py:925} INFO - DAG(s) 'example_display_name' retrieved from /home/airflow/.local/lib/python3.12/site-packages/airflow/example_dags/example_display_name.py
[2025-05-14T17:08:31.160+0000] {logging_mixin.py:190} INFO - [2025-05-14T17:08:31.159+0000] {dag.py:3239} INFO - Sync 1 DAGs
[2025-05-14T17:08:31.253+0000] {logging_mixin.py:190} INFO - [2025-05-14T17:08:31.247+0000] {dag.py:4180} INFO - Setting next_dagrun for example_display_name to None, run_after=None
[2025-05-14T17:08:31.359+0000] {processor.py:208} INFO - Processing /home/airflow/.local/lib/python3.12/site-packages/airflow/example_dags/example_display_name.py took 0.579 seconds
[2025-05-14T17:09:01.583+0000] {processor.py:186} INFO - Started process (PID=470) to work on /home/airflow/.local/lib/python3.12/site-packages/airflow/example_dags/example_display_name.py
[2025-05-14T17:09:01.585+0000] {processor.py:914} INFO - Processing file /home/airflow/.local/lib/python3.12/site-packages/airflow/example_dags/example_display_name.py for tasks to queue
[2025-05-14T17:09:01.595+0000] {logging_mixin.py:190} INFO - [2025-05-14T17:09:01.594+0000] {dagbag.py:588} INFO - Filling up the DagBag from /home/airflow/.local/lib/python3.12/site-packages/airflow/example_dags/example_display_name.py
[2025-05-14T17:09:01.611+0000] {processor.py:925} INFO - DAG(s) 'example_display_name' retrieved from /home/airflow/.local/lib/python3.12/site-packages/airflow/example_dags/example_display_name.py
[2025-05-14T17:09:01.680+0000] {logging_mixin.py:190} INFO - [2025-05-14T17:09:01.679+0000] {dag.py:3239} INFO - Sync 1 DAGs
[2025-05-14T17:09:01.729+0000] {logging_mixin.py:190} INFO - [2025-05-14T17:09:01.729+0000] {dag.py:4180} INFO - Setting next_dagrun for example_display_name to None, run_after=None
[2025-05-14T17:09:01.809+0000] {processor.py:208} INFO - Processing /home/airflow/.local/lib/python3.12/site-packages/airflow/example_dags/example_display_name.py took 0.238 seconds
[2025-05-14T17:09:33.963+0000] {processor.py:186} INFO - Started process (PID=543) to work on /home/airflow/.local/lib/python3.12/site-packages/airflow/example_dags/example_display_name.py
[2025-05-14T17:09:33.966+0000] {processor.py:914} INFO - Processing file /home/airflow/.local/lib/python3.12/site-packages/airflow/example_dags/example_display_name.py for tasks to queue
[2025-05-14T17:09:33.971+0000] {logging_mixin.py:190} INFO - [2025-05-14T17:09:33.970+0000] {dagbag.py:588} INFO - Filling up the DagBag from /home/airflow/.local/lib/python3.12/site-packages/airflow/example_dags/example_display_name.py
[2025-05-14T17:09:34.008+0000] {processor.py:925} INFO - DAG(s) 'example_display_name' retrieved from /home/airflow/.local/lib/python3.12/site-packages/airflow/example_dags/example_display_name.py
[2025-05-14T17:09:34.095+0000] {logging_mixin.py:190} INFO - [2025-05-14T17:09:34.089+0000] {dag.py:3239} INFO - Sync 1 DAGs
[2025-05-14T17:09:34.209+0000] {logging_mixin.py:190} INFO - [2025-05-14T17:09:34.207+0000] {dag.py:4180} INFO - Setting next_dagrun for example_display_name to None, run_after=None
[2025-05-14T17:09:34.294+0000] {processor.py:208} INFO - Processing /home/airflow/.local/lib/python3.12/site-packages/airflow/example_dags/example_display_name.py took 0.360 seconds
[2025-05-14T17:10:05.102+0000] {processor.py:186} INFO - Started process (PID=609) to work on /home/airflow/.local/lib/python3.12/site-packages/airflow/example_dags/example_display_name.py
[2025-05-14T17:10:05.104+0000] {processor.py:914} INFO - Processing file /home/airflow/.local/lib/python3.12/site-packages/airflow/example_dags/example_display_name.py for tasks to queue
[2025-05-14T17:10:05.108+0000] {logging_mixin.py:190} INFO - [2025-05-14T17:10:05.107+0000] {dagbag.py:588} INFO - Filling up the DagBag from /home/airflow/.local/lib/python3.12/site-packages/airflow/example_dags/example_display_name.py
[2025-05-14T17:10:05.120+0000] {processor.py:925} INFO - DAG(s) 'example_display_name' retrieved from /home/airflow/.local/lib/python3.12/site-packages/airflow/example_dags/example_display_name.py
[2025-05-14T17:10:05.160+0000] {logging_mixin.py:190} INFO - [2025-05-14T17:10:05.160+0000] {dag.py:3239} INFO - Sync 1 DAGs
[2025-05-14T17:10:05.193+0000] {logging_mixin.py:190} INFO - [2025-05-14T17:10:05.192+0000] {dag.py:4180} INFO - Setting next_dagrun for example_display_name to None, run_after=None
[2025-05-14T17:10:05.228+0000] {processor.py:208} INFO - Processing /home/airflow/.local/lib/python3.12/site-packages/airflow/example_dags/example_display_name.py took 0.138 seconds
[2025-05-14T17:10:35.641+0000] {processor.py:186} INFO - Started process (PID=674) to work on /home/airflow/.local/lib/python3.12/site-packages/airflow/example_dags/example_display_name.py
[2025-05-14T17:10:35.643+0000] {processor.py:914} INFO - Processing file /home/airflow/.local/lib/python3.12/site-packages/airflow/example_dags/example_display_name.py for tasks to queue
[2025-05-14T17:10:35.649+0000] {logging_mixin.py:190} INFO - [2025-05-14T17:10:35.647+0000] {dagbag.py:588} INFO - Filling up the DagBag from /home/airflow/.local/lib/python3.12/site-packages/airflow/example_dags/example_display_name.py
[2025-05-14T17:10:35.662+0000] {processor.py:925} INFO - DAG(s) 'example_display_name' retrieved from /home/airflow/.local/lib/python3.12/site-packages/airflow/example_dags/example_display_name.py
[2025-05-14T17:10:35.699+0000] {logging_mixin.py:190} INFO - [2025-05-14T17:10:35.698+0000] {dag.py:3239} INFO - Sync 1 DAGs
[2025-05-14T17:10:35.731+0000] {logging_mixin.py:190} INFO - [2025-05-14T17:10:35.731+0000] {dag.py:4180} INFO - Setting next_dagrun for example_display_name to None, run_after=None
[2025-05-14T17:10:35.774+0000] {processor.py:208} INFO - Processing /home/airflow/.local/lib/python3.12/site-packages/airflow/example_dags/example_display_name.py took 0.146 seconds
[2025-05-14T17:11:06.553+0000] {processor.py:186} INFO - Started process (PID=739) to work on /home/airflow/.local/lib/python3.12/site-packages/airflow/example_dags/example_display_name.py
[2025-05-14T17:11:06.554+0000] {processor.py:914} INFO - Processing file /home/airflow/.local/lib/python3.12/site-packages/airflow/example_dags/example_display_name.py for tasks to queue
[2025-05-14T17:11:06.558+0000] {logging_mixin.py:190} INFO - [2025-05-14T17:11:06.558+0000] {dagbag.py:588} INFO - Filling up the DagBag from /home/airflow/.local/lib/python3.12/site-packages/airflow/example_dags/example_display_name.py
[2025-05-14T17:11:06.570+0000] {processor.py:925} INFO - DAG(s) 'example_display_name' retrieved from /home/airflow/.local/lib/python3.12/site-packages/airflow/example_dags/example_display_name.py
[2025-05-14T17:11:06.603+0000] {logging_mixin.py:190} INFO - [2025-05-14T17:11:06.603+0000] {dag.py:3239} INFO - Sync 1 DAGs
[2025-05-14T17:11:06.637+0000] {logging_mixin.py:190} INFO - [2025-05-14T17:11:06.637+0000] {dag.py:4180} INFO - Setting next_dagrun for example_display_name to None, run_after=None
[2025-05-14T17:11:06.673+0000] {processor.py:208} INFO - Processing /home/airflow/.local/lib/python3.12/site-packages/airflow/example_dags/example_display_name.py took 0.130 seconds
[2025-05-14T17:11:37.224+0000] {processor.py:186} INFO - Started process (PID=805) to work on /home/airflow/.local/lib/python3.12/site-packages/airflow/example_dags/example_display_name.py
[2025-05-14T17:11:37.226+0000] {processor.py:914} INFO - Processing file /home/airflow/.local/lib/python3.12/site-packages/airflow/example_dags/example_display_name.py for tasks to queue
[2025-05-14T17:11:37.231+0000] {logging_mixin.py:190} INFO - [2025-05-14T17:11:37.230+0000] {dagbag.py:588} INFO - Filling up the DagBag from /home/airflow/.local/lib/python3.12/site-packages/airflow/example_dags/example_display_name.py
[2025-05-14T17:11:37.245+0000] {processor.py:925} INFO - DAG(s) 'example_display_name' retrieved from /home/airflow/.local/lib/python3.12/site-packages/airflow/example_dags/example_display_name.py
[2025-05-14T17:11:37.285+0000] {logging_mixin.py:190} INFO - [2025-05-14T17:11:37.285+0000] {dag.py:3239} INFO - Sync 1 DAGs
[2025-05-14T17:11:37.324+0000] {logging_mixin.py:190} INFO - [2025-05-14T17:11:37.324+0000] {dag.py:4180} INFO - Setting next_dagrun for example_display_name to None, run_after=None
[2025-05-14T17:11:37.369+0000] {processor.py:208} INFO - Processing /home/airflow/.local/lib/python3.12/site-packages/airflow/example_dags/example_display_name.py took 0.157 seconds
[2025-05-14T17:12:08.247+0000] {processor.py:186} INFO - Started process (PID=871) to work on /home/airflow/.local/lib/python3.12/site-packages/airflow/example_dags/example_display_name.py
[2025-05-14T17:12:08.249+0000] {processor.py:914} INFO - Processing file /home/airflow/.local/lib/python3.12/site-packages/airflow/example_dags/example_display_name.py for tasks to queue
[2025-05-14T17:12:08.253+0000] {logging_mixin.py:190} INFO - [2025-05-14T17:12:08.252+0000] {dagbag.py:588} INFO - Filling up the DagBag from /home/airflow/.local/lib/python3.12/site-packages/airflow/example_dags/example_display_name.py
[2025-05-14T17:12:08.266+0000] {processor.py:925} INFO - DAG(s) 'example_display_name' retrieved from /home/airflow/.local/lib/python3.12/site-packages/airflow/example_dags/example_display_name.py
[2025-05-14T17:12:08.301+0000] {logging_mixin.py:190} INFO - [2025-05-14T17:12:08.301+0000] {dag.py:3239} INFO - Sync 1 DAGs
[2025-05-14T17:12:08.336+0000] {logging_mixin.py:190} INFO - [2025-05-14T17:12:08.336+0000] {dag.py:4180} INFO - Setting next_dagrun for example_display_name to None, run_after=None
[2025-05-14T17:12:08.371+0000] {processor.py:208} INFO - Processing /home/airflow/.local/lib/python3.12/site-packages/airflow/example_dags/example_display_name.py took 0.132 seconds
[2025-05-14T17:12:39.090+0000] {processor.py:186} INFO - Started process (PID=937) to work on /home/airflow/.local/lib/python3.12/site-packages/airflow/example_dags/example_display_name.py
[2025-05-14T17:12:39.092+0000] {processor.py:914} INFO - Processing file /home/airflow/.local/lib/python3.12/site-packages/airflow/example_dags/example_display_name.py for tasks to queue
[2025-05-14T17:12:39.099+0000] {logging_mixin.py:190} INFO - [2025-05-14T17:12:39.097+0000] {dagbag.py:588} INFO - Filling up the DagBag from /home/airflow/.local/lib/python3.12/site-packages/airflow/example_dags/example_display_name.py
[2025-05-14T17:12:39.117+0000] {processor.py:925} INFO - DAG(s) 'example_display_name' retrieved from /home/airflow/.local/lib/python3.12/site-packages/airflow/example_dags/example_display_name.py
[2025-05-14T17:12:39.169+0000] {logging_mixin.py:190} INFO - [2025-05-14T17:12:39.169+0000] {dag.py:3239} INFO - Sync 1 DAGs
[2025-05-14T17:12:39.209+0000] {logging_mixin.py:190} INFO - [2025-05-14T17:12:39.208+0000] {dag.py:4180} INFO - Setting next_dagrun for example_display_name to None, run_after=None
[2025-05-14T17:12:39.278+0000] {processor.py:208} INFO - Processing /home/airflow/.local/lib/python3.12/site-packages/airflow/example_dags/example_display_name.py took 0.205 seconds
[2025-05-14T17:13:09.487+0000] {processor.py:186} INFO - Started process (PID=1004) to work on /home/airflow/.local/lib/python3.12/site-packages/airflow/example_dags/example_display_name.py
[2025-05-14T17:13:09.489+0000] {processor.py:914} INFO - Processing file /home/airflow/.local/lib/python3.12/site-packages/airflow/example_dags/example_display_name.py for tasks to queue
[2025-05-14T17:13:09.493+0000] {logging_mixin.py:190} INFO - [2025-05-14T17:13:09.492+0000] {dagbag.py:588} INFO - Filling up the DagBag from /home/airflow/.local/lib/python3.12/site-packages/airflow/example_dags/example_display_name.py
[2025-05-14T17:13:09.505+0000] {processor.py:925} INFO - DAG(s) 'example_display_name' retrieved from /home/airflow/.local/lib/python3.12/site-packages/airflow/example_dags/example_display_name.py
[2025-05-14T17:13:09.540+0000] {logging_mixin.py:190} INFO - [2025-05-14T17:13:09.539+0000] {dag.py:3239} INFO - Sync 1 DAGs
[2025-05-14T17:13:09.568+0000] {logging_mixin.py:190} INFO - [2025-05-14T17:13:09.567+0000] {dag.py:4180} INFO - Setting next_dagrun for example_display_name to None, run_after=None
[2025-05-14T17:13:09.626+0000] {processor.py:208} INFO - Processing /home/airflow/.local/lib/python3.12/site-packages/airflow/example_dags/example_display_name.py took 0.149 seconds
[2025-05-14T17:13:39.695+0000] {processor.py:186} INFO - Started process (PID=1070) to work on /home/airflow/.local/lib/python3.12/site-packages/airflow/example_dags/example_display_name.py
[2025-05-14T17:13:39.696+0000] {processor.py:914} INFO - Processing file /home/airflow/.local/lib/python3.12/site-packages/airflow/example_dags/example_display_name.py for tasks to queue
[2025-05-14T17:13:39.700+0000] {logging_mixin.py:190} INFO - [2025-05-14T17:13:39.699+0000] {dagbag.py:588} INFO - Filling up the DagBag from /home/airflow/.local/lib/python3.12/site-packages/airflow/example_dags/example_display_name.py
[2025-05-14T17:13:39.712+0000] {processor.py:925} INFO - DAG(s) 'example_display_name' retrieved from /home/airflow/.local/lib/python3.12/site-packages/airflow/example_dags/example_display_name.py
[2025-05-14T17:13:39.740+0000] {logging_mixin.py:190} INFO - [2025-05-14T17:13:39.739+0000] {dag.py:3239} INFO - Sync 1 DAGs
[2025-05-14T17:13:39.768+0000] {logging_mixin.py:190} INFO - [2025-05-14T17:13:39.768+0000] {dag.py:4180} INFO - Setting next_dagrun for example_display_name to None, run_after=None
[2025-05-14T17:13:39.795+0000] {processor.py:208} INFO - Processing /home/airflow/.local/lib/python3.12/site-packages/airflow/example_dags/example_display_name.py took 0.107 seconds
[2025-05-14T17:14:09.974+0000] {processor.py:186} INFO - Started process (PID=1136) to work on /home/airflow/.local/lib/python3.12/site-packages/airflow/example_dags/example_display_name.py
[2025-05-14T17:14:09.977+0000] {processor.py:914} INFO - Processing file /home/airflow/.local/lib/python3.12/site-packages/airflow/example_dags/example_display_name.py for tasks to queue
[2025-05-14T17:14:10.010+0000] {logging_mixin.py:190} INFO - [2025-05-14T17:14:10.009+0000] {dagbag.py:588} INFO - Filling up the DagBag from /home/airflow/.local/lib/python3.12/site-packages/airflow/example_dags/example_display_name.py
[2025-05-14T17:14:10.058+0000] {processor.py:925} INFO - DAG(s) 'example_display_name' retrieved from /home/airflow/.local/lib/python3.12/site-packages/airflow/example_dags/example_display_name.py
[2025-05-14T17:14:10.121+0000] {logging_mixin.py:190} INFO - [2025-05-14T17:14:10.120+0000] {dag.py:3239} INFO - Sync 1 DAGs
[2025-05-14T17:14:10.171+0000] {logging_mixin.py:190} INFO - [2025-05-14T17:14:10.170+0000] {dag.py:4180} INFO - Setting next_dagrun for example_display_name to None, run_after=None
[2025-05-14T17:14:10.238+0000] {processor.py:208} INFO - Processing /home/airflow/.local/lib/python3.12/site-packages/airflow/example_dags/example_display_name.py took 0.293 seconds
[2025-05-14T17:14:40.379+0000] {processor.py:186} INFO - Started process (PID=1201) to work on /home/airflow/.local/lib/python3.12/site-packages/airflow/example_dags/example_display_name.py
[2025-05-14T17:14:40.382+0000] {processor.py:914} INFO - Processing file /home/airflow/.local/lib/python3.12/site-packages/airflow/example_dags/example_display_name.py for tasks to queue
[2025-05-14T17:14:40.395+0000] {logging_mixin.py:190} INFO - [2025-05-14T17:14:40.394+0000] {dagbag.py:588} INFO - Filling up the DagBag from /home/airflow/.local/lib/python3.12/site-packages/airflow/example_dags/example_display_name.py
[2025-05-14T17:14:40.415+0000] {processor.py:925} INFO - DAG(s) 'example_display_name' retrieved from /home/airflow/.local/lib/python3.12/site-packages/airflow/example_dags/example_display_name.py
[2025-05-14T17:14:40.511+0000] {logging_mixin.py:190} INFO - [2025-05-14T17:14:40.510+0000] {dag.py:3239} INFO - Sync 1 DAGs
[2025-05-14T17:14:40.568+0000] {logging_mixin.py:190} INFO - [2025-05-14T17:14:40.568+0000] {dag.py:4180} INFO - Setting next_dagrun for example_display_name to None, run_after=None
[2025-05-14T17:14:40.619+0000] {processor.py:208} INFO - Processing /home/airflow/.local/lib/python3.12/site-packages/airflow/example_dags/example_display_name.py took 0.253 seconds
[2025-05-14T17:15:10.946+0000] {processor.py:186} INFO - Started process (PID=1268) to work on /home/airflow/.local/lib/python3.12/site-packages/airflow/example_dags/example_display_name.py
[2025-05-14T17:15:10.948+0000] {processor.py:914} INFO - Processing file /home/airflow/.local/lib/python3.12/site-packages/airflow/example_dags/example_display_name.py for tasks to queue
[2025-05-14T17:15:10.953+0000] {logging_mixin.py:190} INFO - [2025-05-14T17:15:10.952+0000] {dagbag.py:588} INFO - Filling up the DagBag from /home/airflow/.local/lib/python3.12/site-packages/airflow/example_dags/example_display_name.py
[2025-05-14T17:15:10.968+0000] {processor.py:925} INFO - DAG(s) 'example_display_name' retrieved from /home/airflow/.local/lib/python3.12/site-packages/airflow/example_dags/example_display_name.py
[2025-05-14T17:15:11.016+0000] {logging_mixin.py:190} INFO - [2025-05-14T17:15:11.016+0000] {dag.py:3239} INFO - Sync 1 DAGs
[2025-05-14T17:15:11.057+0000] {logging_mixin.py:190} INFO - [2025-05-14T17:15:11.056+0000] {dag.py:4180} INFO - Setting next_dagrun for example_display_name to None, run_after=None
[2025-05-14T17:15:11.103+0000] {processor.py:208} INFO - Processing /home/airflow/.local/lib/python3.12/site-packages/airflow/example_dags/example_display_name.py took 0.169 seconds
