[2025-05-14T17:00:37.814+0000] {processor.py:186} INFO - Started process (PID=152) to work on /home/airflow/.local/lib/python3.12/site-packages/airflow/example_dags/example_workday_timetable.py
[2025-05-14T17:00:37.818+0000] {processor.py:914} INFO - Processing file /home/airflow/.local/lib/python3.12/site-packages/airflow/example_dags/example_workday_timetable.py for tasks to queue
[2025-05-14T17:00:37.826+0000] {logging_mixin.py:190} INFO - [2025-05-14T17:00:37.825+0000] {dagbag.py:588} INFO - Filling up the DagBag from /home/airflow/.local/lib/python3.12/site-packages/airflow/example_dags/example_workday_timetable.py
[2025-05-14T17:00:37.847+0000] {processor.py:925} INFO - DAG(s) 'example_workday_timetable' retrieved from /home/airflow/.local/lib/python3.12/site-packages/airflow/example_dags/example_workday_timetable.py
[2025-05-14T17:00:37.887+0000] {logging_mixin.py:190} INFO - [2025-05-14T17:00:37.886+0000] {dag.py:3239} INFO - Sync 1 DAGs
[2025-05-14T17:00:38.144+0000] {logging_mixin.py:190} INFO - [2025-05-14T17:00:38.144+0000] {dag.py:4180} INFO - Setting next_dagrun for example_workday_timetable to 2021-01-04 00:00:00+00:00, run_after=2021-01-05 00:00:00+00:00
[2025-05-14T17:00:38.193+0000] {processor.py:208} INFO - Processing /home/airflow/.local/lib/python3.12/site-packages/airflow/example_dags/example_workday_timetable.py took 0.392 seconds
[2025-05-14T17:01:11.547+0000] {processor.py:186} INFO - Started process (PID=218) to work on /home/airflow/.local/lib/python3.12/site-packages/airflow/example_dags/example_workday_timetable.py
[2025-05-14T17:01:11.550+0000] {processor.py:914} INFO - Processing file /home/airflow/.local/lib/python3.12/site-packages/airflow/example_dags/example_workday_timetable.py for tasks to queue
[2025-05-14T17:01:11.559+0000] {logging_mixin.py:190} INFO - [2025-05-14T17:01:11.558+0000] {dagbag.py:588} INFO - Filling up the DagBag from /home/airflow/.local/lib/python3.12/site-packages/airflow/example_dags/example_workday_timetable.py
[2025-05-14T17:01:11.577+0000] {processor.py:925} INFO - DAG(s) 'example_workday_timetable' retrieved from /home/airflow/.local/lib/python3.12/site-packages/airflow/example_dags/example_workday_timetable.py
[2025-05-14T17:01:11.631+0000] {logging_mixin.py:190} INFO - [2025-05-14T17:01:11.630+0000] {dag.py:3239} INFO - Sync 1 DAGs
[2025-05-14T17:01:11.899+0000] {logging_mixin.py:190} INFO - [2025-05-14T17:01:11.899+0000] {dag.py:4180} INFO - Setting next_dagrun for example_workday_timetable to 2021-01-04 00:00:00+00:00, run_after=2021-01-05 00:00:00+00:00
[2025-05-14T17:01:11.961+0000] {processor.py:208} INFO - Processing /home/airflow/.local/lib/python3.12/site-packages/airflow/example_dags/example_workday_timetable.py took 0.428 seconds
[2025-05-14T17:01:43.078+0000] {processor.py:186} INFO - Started process (PID=285) to work on /home/airflow/.local/lib/python3.12/site-packages/airflow/example_dags/example_workday_timetable.py
[2025-05-14T17:01:43.082+0000] {processor.py:914} INFO - Processing file /home/airflow/.local/lib/python3.12/site-packages/airflow/example_dags/example_workday_timetable.py for tasks to queue
[2025-05-14T17:01:43.090+0000] {logging_mixin.py:190} INFO - [2025-05-14T17:01:43.089+0000] {dagbag.py:588} INFO - Filling up the DagBag from /home/airflow/.local/lib/python3.12/site-packages/airflow/example_dags/example_workday_timetable.py
[2025-05-14T17:01:43.108+0000] {processor.py:925} INFO - DAG(s) 'example_workday_timetable' retrieved from /home/airflow/.local/lib/python3.12/site-packages/airflow/example_dags/example_workday_timetable.py
[2025-05-14T17:01:43.180+0000] {logging_mixin.py:190} INFO - [2025-05-14T17:01:43.179+0000] {dag.py:3239} INFO - Sync 1 DAGs
[2025-05-14T17:01:43.471+0000] {logging_mixin.py:190} INFO - [2025-05-14T17:01:43.471+0000] {dag.py:4180} INFO - Setting next_dagrun for example_workday_timetable to 2021-01-04 00:00:00+00:00, run_after=2021-01-05 00:00:00+00:00
[2025-05-14T17:01:43.582+0000] {processor.py:208} INFO - Processing /home/airflow/.local/lib/python3.12/site-packages/airflow/example_dags/example_workday_timetable.py took 0.513 seconds
[2025-05-14T17:02:29.525+0000] {processor.py:186} INFO - Started process (PID=365) to work on /home/airflow/.local/lib/python3.12/site-packages/airflow/example_dags/example_workday_timetable.py
[2025-05-14T17:02:29.528+0000] {processor.py:914} INFO - Processing file /home/airflow/.local/lib/python3.12/site-packages/airflow/example_dags/example_workday_timetable.py for tasks to queue
[2025-05-14T17:02:29.553+0000] {logging_mixin.py:190} INFO - [2025-05-14T17:02:29.541+0000] {dagbag.py:588} INFO - Filling up the DagBag from /home/airflow/.local/lib/python3.12/site-packages/airflow/example_dags/example_workday_timetable.py
[2025-05-14T17:02:29.602+0000] {processor.py:925} INFO - DAG(s) 'example_workday_timetable' retrieved from /home/airflow/.local/lib/python3.12/site-packages/airflow/example_dags/example_workday_timetable.py
[2025-05-14T17:02:29.672+0000] {logging_mixin.py:190} INFO - [2025-05-14T17:02:29.671+0000] {dag.py:3239} INFO - Sync 1 DAGs
[2025-05-14T17:02:29.999+0000] {logging_mixin.py:190} INFO - [2025-05-14T17:02:29.996+0000] {dag.py:4180} INFO - Setting next_dagrun for example_workday_timetable to 2021-01-04 00:00:00+00:00, run_after=2021-01-05 00:00:00+00:00
[2025-05-14T17:02:30.130+0000] {processor.py:208} INFO - Processing /home/airflow/.local/lib/python3.12/site-packages/airflow/example_dags/example_workday_timetable.py took 0.639 seconds
[2025-05-14T17:06:14.587+0000] {processor.py:186} INFO - Started process (PID=138) to work on /home/airflow/.local/lib/python3.12/site-packages/airflow/example_dags/example_workday_timetable.py
[2025-05-14T17:06:14.590+0000] {processor.py:914} INFO - Processing file /home/airflow/.local/lib/python3.12/site-packages/airflow/example_dags/example_workday_timetable.py for tasks to queue
[2025-05-14T17:06:14.658+0000] {logging_mixin.py:190} INFO - [2025-05-14T17:06:14.655+0000] {dagbag.py:588} INFO - Filling up the DagBag from /home/airflow/.local/lib/python3.12/site-packages/airflow/example_dags/example_workday_timetable.py
[2025-05-14T17:06:14.845+0000] {processor.py:925} INFO - DAG(s) 'example_workday_timetable' retrieved from /home/airflow/.local/lib/python3.12/site-packages/airflow/example_dags/example_workday_timetable.py
[2025-05-14T17:06:15.085+0000] {logging_mixin.py:190} INFO - [2025-05-14T17:06:15.076+0000] {dag.py:3239} INFO - Sync 1 DAGs
[2025-05-14T17:06:15.580+0000] {logging_mixin.py:190} INFO - [2025-05-14T17:06:15.559+0000] {dag.py:4180} INFO - Setting next_dagrun for example_workday_timetable to 2021-01-04 00:00:00+00:00, run_after=2021-01-05 00:00:00+00:00
[2025-05-14T17:06:15.692+0000] {processor.py:208} INFO - Processing /home/airflow/.local/lib/python3.12/site-packages/airflow/example_dags/example_workday_timetable.py took 1.351 seconds
[2025-05-14T17:06:51.737+0000] {processor.py:186} INFO - Started process (PID=204) to work on /home/airflow/.local/lib/python3.12/site-packages/airflow/example_dags/example_workday_timetable.py
[2025-05-14T17:06:51.741+0000] {processor.py:914} INFO - Processing file /home/airflow/.local/lib/python3.12/site-packages/airflow/example_dags/example_workday_timetable.py for tasks to queue
[2025-05-14T17:06:51.757+0000] {logging_mixin.py:190} INFO - [2025-05-14T17:06:51.753+0000] {dagbag.py:588} INFO - Filling up the DagBag from /home/airflow/.local/lib/python3.12/site-packages/airflow/example_dags/example_workday_timetable.py
[2025-05-14T17:06:51.800+0000] {processor.py:925} INFO - DAG(s) 'example_workday_timetable' retrieved from /home/airflow/.local/lib/python3.12/site-packages/airflow/example_dags/example_workday_timetable.py
[2025-05-14T17:06:51.946+0000] {logging_mixin.py:190} INFO - [2025-05-14T17:06:51.944+0000] {dag.py:3239} INFO - Sync 1 DAGs
[2025-05-14T17:06:52.424+0000] {logging_mixin.py:190} INFO - [2025-05-14T17:06:52.423+0000] {dag.py:4180} INFO - Setting next_dagrun for example_workday_timetable to 2021-01-04 00:00:00+00:00, run_after=2021-01-05 00:00:00+00:00
[2025-05-14T17:06:52.503+0000] {processor.py:208} INFO - Processing /home/airflow/.local/lib/python3.12/site-packages/airflow/example_dags/example_workday_timetable.py took 0.786 seconds
[2025-05-14T17:07:24.411+0000] {processor.py:186} INFO - Started process (PID=272) to work on /home/airflow/.local/lib/python3.12/site-packages/airflow/example_dags/example_workday_timetable.py
[2025-05-14T17:07:24.413+0000] {processor.py:914} INFO - Processing file /home/airflow/.local/lib/python3.12/site-packages/airflow/example_dags/example_workday_timetable.py for tasks to queue
[2025-05-14T17:07:24.419+0000] {logging_mixin.py:190} INFO - [2025-05-14T17:07:24.418+0000] {dagbag.py:588} INFO - Filling up the DagBag from /home/airflow/.local/lib/python3.12/site-packages/airflow/example_dags/example_workday_timetable.py
[2025-05-14T17:07:24.427+0000] {processor.py:925} INFO - DAG(s) 'example_workday_timetable' retrieved from /home/airflow/.local/lib/python3.12/site-packages/airflow/example_dags/example_workday_timetable.py
[2025-05-14T17:07:24.479+0000] {logging_mixin.py:190} INFO - [2025-05-14T17:07:24.478+0000] {dag.py:3239} INFO - Sync 1 DAGs
[2025-05-14T17:07:24.673+0000] {logging_mixin.py:190} INFO - [2025-05-14T17:07:24.672+0000] {dag.py:4180} INFO - Setting next_dagrun for example_workday_timetable to 2021-01-04 00:00:00+00:00, run_after=2021-01-05 00:00:00+00:00
[2025-05-14T17:07:24.747+0000] {processor.py:208} INFO - Processing /home/airflow/.local/lib/python3.12/site-packages/airflow/example_dags/example_workday_timetable.py took 0.347 seconds
[2025-05-14T17:07:56.396+0000] {processor.py:186} INFO - Started process (PID=340) to work on /home/airflow/.local/lib/python3.12/site-packages/airflow/example_dags/example_workday_timetable.py
[2025-05-14T17:07:56.398+0000] {processor.py:914} INFO - Processing file /home/airflow/.local/lib/python3.12/site-packages/airflow/example_dags/example_workday_timetable.py for tasks to queue
[2025-05-14T17:07:56.409+0000] {logging_mixin.py:190} INFO - [2025-05-14T17:07:56.407+0000] {dagbag.py:588} INFO - Filling up the DagBag from /home/airflow/.local/lib/python3.12/site-packages/airflow/example_dags/example_workday_timetable.py
[2025-05-14T17:07:56.429+0000] {processor.py:925} INFO - DAG(s) 'example_workday_timetable' retrieved from /home/airflow/.local/lib/python3.12/site-packages/airflow/example_dags/example_workday_timetable.py
[2025-05-14T17:07:56.489+0000] {logging_mixin.py:190} INFO - [2025-05-14T17:07:56.488+0000] {dag.py:3239} INFO - Sync 1 DAGs
[2025-05-14T17:07:56.723+0000] {logging_mixin.py:190} INFO - [2025-05-14T17:07:56.723+0000] {dag.py:4180} INFO - Setting next_dagrun for example_workday_timetable to 2021-01-04 00:00:00+00:00, run_after=2021-01-05 00:00:00+00:00
[2025-05-14T17:07:56.783+0000] {processor.py:208} INFO - Processing /home/airflow/.local/lib/python3.12/site-packages/airflow/example_dags/example_workday_timetable.py took 0.399 seconds
[2025-05-14T17:08:31.909+0000] {processor.py:186} INFO - Started process (PID=409) to work on /home/airflow/.local/lib/python3.12/site-packages/airflow/example_dags/example_workday_timetable.py
[2025-05-14T17:08:31.911+0000] {processor.py:914} INFO - Processing file /home/airflow/.local/lib/python3.12/site-packages/airflow/example_dags/example_workday_timetable.py for tasks to queue
[2025-05-14T17:08:31.918+0000] {logging_mixin.py:190} INFO - [2025-05-14T17:08:31.916+0000] {dagbag.py:588} INFO - Filling up the DagBag from /home/airflow/.local/lib/python3.12/site-packages/airflow/example_dags/example_workday_timetable.py
[2025-05-14T17:08:31.938+0000] {processor.py:925} INFO - DAG(s) 'example_workday_timetable' retrieved from /home/airflow/.local/lib/python3.12/site-packages/airflow/example_dags/example_workday_timetable.py
[2025-05-14T17:08:32.010+0000] {logging_mixin.py:190} INFO - [2025-05-14T17:08:32.009+0000] {dag.py:3239} INFO - Sync 1 DAGs
[2025-05-14T17:08:32.264+0000] {logging_mixin.py:190} INFO - [2025-05-14T17:08:32.263+0000] {dag.py:4180} INFO - Setting next_dagrun for example_workday_timetable to 2021-01-04 00:00:00+00:00, run_after=2021-01-05 00:00:00+00:00
[2025-05-14T17:08:32.345+0000] {processor.py:208} INFO - Processing /home/airflow/.local/lib/python3.12/site-packages/airflow/example_dags/example_workday_timetable.py took 0.450 seconds
[2025-05-14T17:09:03.023+0000] {processor.py:186} INFO - Started process (PID=475) to work on /home/airflow/.local/lib/python3.12/site-packages/airflow/example_dags/example_workday_timetable.py
[2025-05-14T17:09:03.042+0000] {processor.py:914} INFO - Processing file /home/airflow/.local/lib/python3.12/site-packages/airflow/example_dags/example_workday_timetable.py for tasks to queue
[2025-05-14T17:09:03.063+0000] {logging_mixin.py:190} INFO - [2025-05-14T17:09:03.062+0000] {dagbag.py:588} INFO - Filling up the DagBag from /home/airflow/.local/lib/python3.12/site-packages/airflow/example_dags/example_workday_timetable.py
[2025-05-14T17:09:03.086+0000] {processor.py:925} INFO - DAG(s) 'example_workday_timetable' retrieved from /home/airflow/.local/lib/python3.12/site-packages/airflow/example_dags/example_workday_timetable.py
[2025-05-14T17:09:03.185+0000] {logging_mixin.py:190} INFO - [2025-05-14T17:09:03.185+0000] {dag.py:3239} INFO - Sync 1 DAGs
[2025-05-14T17:09:03.600+0000] {logging_mixin.py:190} INFO - [2025-05-14T17:09:03.599+0000] {dag.py:4180} INFO - Setting next_dagrun for example_workday_timetable to 2021-01-04 00:00:00+00:00, run_after=2021-01-05 00:00:00+00:00
[2025-05-14T17:09:03.809+0000] {processor.py:208} INFO - Processing /home/airflow/.local/lib/python3.12/site-packages/airflow/example_dags/example_workday_timetable.py took 0.880 seconds
[2025-05-14T17:09:35.189+0000] {processor.py:186} INFO - Started process (PID=548) to work on /home/airflow/.local/lib/python3.12/site-packages/airflow/example_dags/example_workday_timetable.py
[2025-05-14T17:09:35.194+0000] {processor.py:914} INFO - Processing file /home/airflow/.local/lib/python3.12/site-packages/airflow/example_dags/example_workday_timetable.py for tasks to queue
[2025-05-14T17:09:35.201+0000] {logging_mixin.py:190} INFO - [2025-05-14T17:09:35.200+0000] {dagbag.py:588} INFO - Filling up the DagBag from /home/airflow/.local/lib/python3.12/site-packages/airflow/example_dags/example_workday_timetable.py
[2025-05-14T17:09:35.216+0000] {processor.py:925} INFO - DAG(s) 'example_workday_timetable' retrieved from /home/airflow/.local/lib/python3.12/site-packages/airflow/example_dags/example_workday_timetable.py
[2025-05-14T17:09:35.270+0000] {logging_mixin.py:190} INFO - [2025-05-14T17:09:35.269+0000] {dag.py:3239} INFO - Sync 1 DAGs
[2025-05-14T17:09:35.541+0000] {logging_mixin.py:190} INFO - [2025-05-14T17:09:35.540+0000] {dag.py:4180} INFO - Setting next_dagrun for example_workday_timetable to 2021-01-04 00:00:00+00:00, run_after=2021-01-05 00:00:00+00:00
[2025-05-14T17:09:35.618+0000] {processor.py:208} INFO - Processing /home/airflow/.local/lib/python3.12/site-packages/airflow/example_dags/example_workday_timetable.py took 0.451 seconds
[2025-05-14T17:10:05.776+0000] {processor.py:186} INFO - Started process (PID=614) to work on /home/airflow/.local/lib/python3.12/site-packages/airflow/example_dags/example_workday_timetable.py
[2025-05-14T17:10:05.778+0000] {processor.py:914} INFO - Processing file /home/airflow/.local/lib/python3.12/site-packages/airflow/example_dags/example_workday_timetable.py for tasks to queue
[2025-05-14T17:10:05.782+0000] {logging_mixin.py:190} INFO - [2025-05-14T17:10:05.782+0000] {dagbag.py:588} INFO - Filling up the DagBag from /home/airflow/.local/lib/python3.12/site-packages/airflow/example_dags/example_workday_timetable.py
[2025-05-14T17:10:05.795+0000] {processor.py:925} INFO - DAG(s) 'example_workday_timetable' retrieved from /home/airflow/.local/lib/python3.12/site-packages/airflow/example_dags/example_workday_timetable.py
[2025-05-14T17:10:05.832+0000] {logging_mixin.py:190} INFO - [2025-05-14T17:10:05.831+0000] {dag.py:3239} INFO - Sync 1 DAGs
[2025-05-14T17:10:05.950+0000] {logging_mixin.py:190} INFO - [2025-05-14T17:10:05.950+0000] {dag.py:4180} INFO - Setting next_dagrun for example_workday_timetable to 2021-01-04 00:00:00+00:00, run_after=2021-01-05 00:00:00+00:00
[2025-05-14T17:10:05.989+0000] {processor.py:208} INFO - Processing /home/airflow/.local/lib/python3.12/site-packages/airflow/example_dags/example_workday_timetable.py took 0.228 seconds
[2025-05-14T17:10:36.917+0000] {processor.py:186} INFO - Started process (PID=680) to work on /home/airflow/.local/lib/python3.12/site-packages/airflow/example_dags/example_workday_timetable.py
[2025-05-14T17:10:36.919+0000] {processor.py:914} INFO - Processing file /home/airflow/.local/lib/python3.12/site-packages/airflow/example_dags/example_workday_timetable.py for tasks to queue
[2025-05-14T17:10:36.925+0000] {logging_mixin.py:190} INFO - [2025-05-14T17:10:36.924+0000] {dagbag.py:588} INFO - Filling up the DagBag from /home/airflow/.local/lib/python3.12/site-packages/airflow/example_dags/example_workday_timetable.py
[2025-05-14T17:10:36.937+0000] {processor.py:925} INFO - DAG(s) 'example_workday_timetable' retrieved from /home/airflow/.local/lib/python3.12/site-packages/airflow/example_dags/example_workday_timetable.py
[2025-05-14T17:10:36.974+0000] {logging_mixin.py:190} INFO - [2025-05-14T17:10:36.974+0000] {dag.py:3239} INFO - Sync 1 DAGs
[2025-05-14T17:10:37.128+0000] {logging_mixin.py:190} INFO - [2025-05-14T17:10:37.128+0000] {dag.py:4180} INFO - Setting next_dagrun for example_workday_timetable to 2021-01-04 00:00:00+00:00, run_after=2021-01-05 00:00:00+00:00
[2025-05-14T17:10:37.164+0000] {processor.py:208} INFO - Processing /home/airflow/.local/lib/python3.12/site-packages/airflow/example_dags/example_workday_timetable.py took 0.258 seconds
[2025-05-14T17:11:07.312+0000] {processor.py:186} INFO - Started process (PID=745) to work on /home/airflow/.local/lib/python3.12/site-packages/airflow/example_dags/example_workday_timetable.py
[2025-05-14T17:11:07.314+0000] {processor.py:914} INFO - Processing file /home/airflow/.local/lib/python3.12/site-packages/airflow/example_dags/example_workday_timetable.py for tasks to queue
[2025-05-14T17:11:07.319+0000] {logging_mixin.py:190} INFO - [2025-05-14T17:11:07.319+0000] {dagbag.py:588} INFO - Filling up the DagBag from /home/airflow/.local/lib/python3.12/site-packages/airflow/example_dags/example_workday_timetable.py
[2025-05-14T17:11:07.337+0000] {processor.py:925} INFO - DAG(s) 'example_workday_timetable' retrieved from /home/airflow/.local/lib/python3.12/site-packages/airflow/example_dags/example_workday_timetable.py
[2025-05-14T17:11:07.379+0000] {logging_mixin.py:190} INFO - [2025-05-14T17:11:07.378+0000] {dag.py:3239} INFO - Sync 1 DAGs
[2025-05-14T17:11:07.524+0000] {logging_mixin.py:190} INFO - [2025-05-14T17:11:07.523+0000] {dag.py:4180} INFO - Setting next_dagrun for example_workday_timetable to 2021-01-04 00:00:00+00:00, run_after=2021-01-05 00:00:00+00:00
[2025-05-14T17:11:07.568+0000] {processor.py:208} INFO - Processing /home/airflow/.local/lib/python3.12/site-packages/airflow/example_dags/example_workday_timetable.py took 0.269 seconds
[2025-05-14T17:11:38.988+0000] {processor.py:186} INFO - Started process (PID=811) to work on /home/airflow/.local/lib/python3.12/site-packages/airflow/example_dags/example_workday_timetable.py
[2025-05-14T17:11:38.992+0000] {processor.py:914} INFO - Processing file /home/airflow/.local/lib/python3.12/site-packages/airflow/example_dags/example_workday_timetable.py for tasks to queue
[2025-05-14T17:11:39.001+0000] {logging_mixin.py:190} INFO - [2025-05-14T17:11:39.000+0000] {dagbag.py:588} INFO - Filling up the DagBag from /home/airflow/.local/lib/python3.12/site-packages/airflow/example_dags/example_workday_timetable.py
[2025-05-14T17:11:39.021+0000] {processor.py:925} INFO - DAG(s) 'example_workday_timetable' retrieved from /home/airflow/.local/lib/python3.12/site-packages/airflow/example_dags/example_workday_timetable.py
[2025-05-14T17:11:39.077+0000] {logging_mixin.py:190} INFO - [2025-05-14T17:11:39.076+0000] {dag.py:3239} INFO - Sync 1 DAGs
[2025-05-14T17:11:39.290+0000] {logging_mixin.py:190} INFO - [2025-05-14T17:11:39.289+0000] {dag.py:4180} INFO - Setting next_dagrun for example_workday_timetable to 2021-01-04 00:00:00+00:00, run_after=2021-01-05 00:00:00+00:00
[2025-05-14T17:11:39.349+0000] {processor.py:208} INFO - Processing /home/airflow/.local/lib/python3.12/site-packages/airflow/example_dags/example_workday_timetable.py took 0.382 seconds
[2025-05-14T17:12:11.418+0000] {processor.py:186} INFO - Started process (PID=880) to work on /home/airflow/.local/lib/python3.12/site-packages/airflow/example_dags/example_workday_timetable.py
[2025-05-14T17:12:11.421+0000] {processor.py:914} INFO - Processing file /home/airflow/.local/lib/python3.12/site-packages/airflow/example_dags/example_workday_timetable.py for tasks to queue
[2025-05-14T17:12:11.427+0000] {logging_mixin.py:190} INFO - [2025-05-14T17:12:11.427+0000] {dagbag.py:588} INFO - Filling up the DagBag from /home/airflow/.local/lib/python3.12/site-packages/airflow/example_dags/example_workday_timetable.py
[2025-05-14T17:12:11.439+0000] {processor.py:925} INFO - DAG(s) 'example_workday_timetable' retrieved from /home/airflow/.local/lib/python3.12/site-packages/airflow/example_dags/example_workday_timetable.py
[2025-05-14T17:12:11.474+0000] {logging_mixin.py:190} INFO - [2025-05-14T17:12:11.473+0000] {dag.py:3239} INFO - Sync 1 DAGs
[2025-05-14T17:12:11.617+0000] {logging_mixin.py:190} INFO - [2025-05-14T17:12:11.617+0000] {dag.py:4180} INFO - Setting next_dagrun for example_workday_timetable to 2021-01-04 00:00:00+00:00, run_after=2021-01-05 00:00:00+00:00
[2025-05-14T17:12:11.670+0000] {processor.py:208} INFO - Processing /home/airflow/.local/lib/python3.12/site-packages/airflow/example_dags/example_workday_timetable.py took 0.265 seconds
[2025-05-14T17:12:42.534+0000] {processor.py:186} INFO - Started process (PID=946) to work on /home/airflow/.local/lib/python3.12/site-packages/airflow/example_dags/example_workday_timetable.py
[2025-05-14T17:12:42.536+0000] {processor.py:914} INFO - Processing file /home/airflow/.local/lib/python3.12/site-packages/airflow/example_dags/example_workday_timetable.py for tasks to queue
[2025-05-14T17:12:42.543+0000] {logging_mixin.py:190} INFO - [2025-05-14T17:12:42.542+0000] {dagbag.py:588} INFO - Filling up the DagBag from /home/airflow/.local/lib/python3.12/site-packages/airflow/example_dags/example_workday_timetable.py
[2025-05-14T17:12:42.556+0000] {processor.py:925} INFO - DAG(s) 'example_workday_timetable' retrieved from /home/airflow/.local/lib/python3.12/site-packages/airflow/example_dags/example_workday_timetable.py
[2025-05-14T17:12:42.613+0000] {logging_mixin.py:190} INFO - [2025-05-14T17:12:42.612+0000] {dag.py:3239} INFO - Sync 1 DAGs
[2025-05-14T17:12:42.952+0000] {logging_mixin.py:190} INFO - [2025-05-14T17:12:42.951+0000] {dag.py:4180} INFO - Setting next_dagrun for example_workday_timetable to 2021-01-04 00:00:00+00:00, run_after=2021-01-05 00:00:00+00:00
[2025-05-14T17:12:43.056+0000] {processor.py:208} INFO - Processing /home/airflow/.local/lib/python3.12/site-packages/airflow/example_dags/example_workday_timetable.py took 0.538 seconds
[2025-05-14T17:13:13.843+0000] {processor.py:186} INFO - Started process (PID=1012) to work on /home/airflow/.local/lib/python3.12/site-packages/airflow/example_dags/example_workday_timetable.py
[2025-05-14T17:13:13.846+0000] {processor.py:914} INFO - Processing file /home/airflow/.local/lib/python3.12/site-packages/airflow/example_dags/example_workday_timetable.py for tasks to queue
[2025-05-14T17:13:13.851+0000] {logging_mixin.py:190} INFO - [2025-05-14T17:13:13.851+0000] {dagbag.py:588} INFO - Filling up the DagBag from /home/airflow/.local/lib/python3.12/site-packages/airflow/example_dags/example_workday_timetable.py
[2025-05-14T17:13:13.861+0000] {processor.py:925} INFO - DAG(s) 'example_workday_timetable' retrieved from /home/airflow/.local/lib/python3.12/site-packages/airflow/example_dags/example_workday_timetable.py
[2025-05-14T17:13:13.897+0000] {logging_mixin.py:190} INFO - [2025-05-14T17:13:13.896+0000] {dag.py:3239} INFO - Sync 1 DAGs
[2025-05-14T17:13:14.063+0000] {logging_mixin.py:190} INFO - [2025-05-14T17:13:14.063+0000] {dag.py:4180} INFO - Setting next_dagrun for example_workday_timetable to 2021-01-04 00:00:00+00:00, run_after=2021-01-05 00:00:00+00:00
[2025-05-14T17:13:14.108+0000] {processor.py:208} INFO - Processing /home/airflow/.local/lib/python3.12/site-packages/airflow/example_dags/example_workday_timetable.py took 0.274 seconds
[2025-05-14T17:13:44.805+0000] {processor.py:186} INFO - Started process (PID=1078) to work on /home/airflow/.local/lib/python3.12/site-packages/airflow/example_dags/example_workday_timetable.py
[2025-05-14T17:13:44.806+0000] {processor.py:914} INFO - Processing file /home/airflow/.local/lib/python3.12/site-packages/airflow/example_dags/example_workday_timetable.py for tasks to queue
[2025-05-14T17:13:44.811+0000] {logging_mixin.py:190} INFO - [2025-05-14T17:13:44.810+0000] {dagbag.py:588} INFO - Filling up the DagBag from /home/airflow/.local/lib/python3.12/site-packages/airflow/example_dags/example_workday_timetable.py
[2025-05-14T17:13:44.821+0000] {processor.py:925} INFO - DAG(s) 'example_workday_timetable' retrieved from /home/airflow/.local/lib/python3.12/site-packages/airflow/example_dags/example_workday_timetable.py
[2025-05-14T17:13:44.856+0000] {logging_mixin.py:190} INFO - [2025-05-14T17:13:44.855+0000] {dag.py:3239} INFO - Sync 1 DAGs
[2025-05-14T17:13:44.992+0000] {logging_mixin.py:190} INFO - [2025-05-14T17:13:44.992+0000] {dag.py:4180} INFO - Setting next_dagrun for example_workday_timetable to 2021-01-04 00:00:00+00:00, run_after=2021-01-05 00:00:00+00:00
[2025-05-14T17:13:45.026+0000] {processor.py:208} INFO - Processing /home/airflow/.local/lib/python3.12/site-packages/airflow/example_dags/example_workday_timetable.py took 0.233 seconds
[2025-05-14T17:14:15.187+0000] {processor.py:186} INFO - Started process (PID=1144) to work on /home/airflow/.local/lib/python3.12/site-packages/airflow/example_dags/example_workday_timetable.py
[2025-05-14T17:14:15.189+0000] {processor.py:914} INFO - Processing file /home/airflow/.local/lib/python3.12/site-packages/airflow/example_dags/example_workday_timetable.py for tasks to queue
[2025-05-14T17:14:15.195+0000] {logging_mixin.py:190} INFO - [2025-05-14T17:14:15.195+0000] {dagbag.py:588} INFO - Filling up the DagBag from /home/airflow/.local/lib/python3.12/site-packages/airflow/example_dags/example_workday_timetable.py
[2025-05-14T17:14:15.206+0000] {processor.py:925} INFO - DAG(s) 'example_workday_timetable' retrieved from /home/airflow/.local/lib/python3.12/site-packages/airflow/example_dags/example_workday_timetable.py
[2025-05-14T17:14:15.239+0000] {logging_mixin.py:190} INFO - [2025-05-14T17:14:15.238+0000] {dag.py:3239} INFO - Sync 1 DAGs
[2025-05-14T17:14:15.368+0000] {logging_mixin.py:190} INFO - [2025-05-14T17:14:15.367+0000] {dag.py:4180} INFO - Setting next_dagrun for example_workday_timetable to 2021-01-04 00:00:00+00:00, run_after=2021-01-05 00:00:00+00:00
[2025-05-14T17:14:15.406+0000] {processor.py:208} INFO - Processing /home/airflow/.local/lib/python3.12/site-packages/airflow/example_dags/example_workday_timetable.py took 0.232 seconds
[2025-05-14T17:14:45.727+0000] {processor.py:186} INFO - Started process (PID=1211) to work on /home/airflow/.local/lib/python3.12/site-packages/airflow/example_dags/example_workday_timetable.py
[2025-05-14T17:14:45.729+0000] {processor.py:914} INFO - Processing file /home/airflow/.local/lib/python3.12/site-packages/airflow/example_dags/example_workday_timetable.py for tasks to queue
[2025-05-14T17:14:45.734+0000] {logging_mixin.py:190} INFO - [2025-05-14T17:14:45.733+0000] {dagbag.py:588} INFO - Filling up the DagBag from /home/airflow/.local/lib/python3.12/site-packages/airflow/example_dags/example_workday_timetable.py
[2025-05-14T17:14:45.746+0000] {processor.py:925} INFO - DAG(s) 'example_workday_timetable' retrieved from /home/airflow/.local/lib/python3.12/site-packages/airflow/example_dags/example_workday_timetable.py
[2025-05-14T17:14:45.785+0000] {logging_mixin.py:190} INFO - [2025-05-14T17:14:45.784+0000] {dag.py:3239} INFO - Sync 1 DAGs
[2025-05-14T17:14:45.929+0000] {logging_mixin.py:190} INFO - [2025-05-14T17:14:45.929+0000] {dag.py:4180} INFO - Setting next_dagrun for example_workday_timetable to 2021-01-04 00:00:00+00:00, run_after=2021-01-05 00:00:00+00:00
[2025-05-14T17:14:45.966+0000] {processor.py:208} INFO - Processing /home/airflow/.local/lib/python3.12/site-packages/airflow/example_dags/example_workday_timetable.py took 0.253 seconds
[2025-05-14T17:15:16.192+0000] {processor.py:186} INFO - Started process (PID=1278) to work on /home/airflow/.local/lib/python3.12/site-packages/airflow/example_dags/example_workday_timetable.py
[2025-05-14T17:15:16.194+0000] {processor.py:914} INFO - Processing file /home/airflow/.local/lib/python3.12/site-packages/airflow/example_dags/example_workday_timetable.py for tasks to queue
[2025-05-14T17:15:16.200+0000] {logging_mixin.py:190} INFO - [2025-05-14T17:15:16.199+0000] {dagbag.py:588} INFO - Filling up the DagBag from /home/airflow/.local/lib/python3.12/site-packages/airflow/example_dags/example_workday_timetable.py
[2025-05-14T17:15:16.213+0000] {processor.py:925} INFO - DAG(s) 'example_workday_timetable' retrieved from /home/airflow/.local/lib/python3.12/site-packages/airflow/example_dags/example_workday_timetable.py
[2025-05-14T17:15:16.245+0000] {logging_mixin.py:190} INFO - [2025-05-14T17:15:16.245+0000] {dag.py:3239} INFO - Sync 1 DAGs
[2025-05-14T17:15:16.439+0000] {logging_mixin.py:190} INFO - [2025-05-14T17:15:16.438+0000] {dag.py:4180} INFO - Setting next_dagrun for example_workday_timetable to 2021-01-04 00:00:00+00:00, run_after=2021-01-05 00:00:00+00:00
[2025-05-14T17:15:16.487+0000] {processor.py:208} INFO - Processing /home/airflow/.local/lib/python3.12/site-packages/airflow/example_dags/example_workday_timetable.py took 0.305 seconds
