[2025-05-14T17:00:34.774+0000] {processor.py:186} INFO - Started process (PID=149) to work on /home/airflow/.local/lib/python3.12/site-packages/airflow/example_dags/example_dataset_alias.py
[2025-05-14T17:00:34.776+0000] {processor.py:914} INFO - Processing file /home/airflow/.local/lib/python3.12/site-packages/airflow/example_dags/example_dataset_alias.py for tasks to queue
[2025-05-14T17:00:34.787+0000] {logging_mixin.py:190} INFO - [2025-05-14T17:00:34.786+0000] {dagbag.py:588} INFO - Filling up the DagBag from /home/airflow/.local/lib/python3.12/site-packages/airflow/example_dags/example_dataset_alias.py
[2025-05-14T17:00:37.207+0000] {processor.py:925} INFO - DAG(s) 'dataset_alias_example_alias_consumer', 'dataset_s3_bucket_producer', 'dataset_s3_bucket_consumer', 'dataset_alias_example_alias_producer' retrieved from /home/airflow/.local/lib/python3.12/site-packages/airflow/example_dags/example_dataset_alias.py
[2025-05-14T17:00:37.281+0000] {logging_mixin.py:190} INFO - [2025-05-14T17:00:37.280+0000] {dag.py:3239} INFO - Sync 4 DAGs
[2025-05-14T17:00:37.392+0000] {logging_mixin.py:190} INFO - [2025-05-14T17:00:37.392+0000] {dag.py:4180} INFO - Setting next_dagrun for dataset_alias_example_alias_consumer to None, run_after=None
[2025-05-14T17:00:37.401+0000] {logging_mixin.py:190} INFO - [2025-05-14T17:00:37.400+0000] {dag.py:4180} INFO - Setting next_dagrun for dataset_alias_example_alias_producer to None, run_after=None
[2025-05-14T17:00:37.408+0000] {logging_mixin.py:190} INFO - [2025-05-14T17:00:37.408+0000] {dag.py:4180} INFO - Setting next_dagrun for dataset_s3_bucket_consumer to None, run_after=None
[2025-05-14T17:00:37.413+0000] {logging_mixin.py:190} INFO - [2025-05-14T17:00:37.413+0000] {dag.py:4180} INFO - Setting next_dagrun for dataset_s3_bucket_producer to None, run_after=None
[2025-05-14T17:00:37.537+0000] {processor.py:208} INFO - Processing /home/airflow/.local/lib/python3.12/site-packages/airflow/example_dags/example_dataset_alias.py took 2.825 seconds
[2025-05-14T17:01:09.406+0000] {processor.py:186} INFO - Started process (PID=215) to work on /home/airflow/.local/lib/python3.12/site-packages/airflow/example_dags/example_dataset_alias.py
[2025-05-14T17:01:09.408+0000] {processor.py:914} INFO - Processing file /home/airflow/.local/lib/python3.12/site-packages/airflow/example_dags/example_dataset_alias.py for tasks to queue
[2025-05-14T17:01:09.415+0000] {logging_mixin.py:190} INFO - [2025-05-14T17:01:09.414+0000] {dagbag.py:588} INFO - Filling up the DagBag from /home/airflow/.local/lib/python3.12/site-packages/airflow/example_dags/example_dataset_alias.py
[2025-05-14T17:01:10.953+0000] {processor.py:925} INFO - DAG(s) 'dataset_alias_example_alias_producer', 'dataset_s3_bucket_producer', 'dataset_s3_bucket_consumer', 'dataset_alias_example_alias_consumer' retrieved from /home/airflow/.local/lib/python3.12/site-packages/airflow/example_dags/example_dataset_alias.py
[2025-05-14T17:01:11.007+0000] {logging_mixin.py:190} INFO - [2025-05-14T17:01:11.006+0000] {dag.py:3239} INFO - Sync 4 DAGs
[2025-05-14T17:01:11.054+0000] {logging_mixin.py:190} INFO - [2025-05-14T17:01:11.053+0000] {dag.py:4180} INFO - Setting next_dagrun for dataset_alias_example_alias_consumer to None, run_after=None
[2025-05-14T17:01:11.061+0000] {logging_mixin.py:190} INFO - [2025-05-14T17:01:11.060+0000] {dag.py:4180} INFO - Setting next_dagrun for dataset_alias_example_alias_producer to None, run_after=None
[2025-05-14T17:01:11.065+0000] {logging_mixin.py:190} INFO - [2025-05-14T17:01:11.065+0000] {dag.py:4180} INFO - Setting next_dagrun for dataset_s3_bucket_consumer to None, run_after=None
[2025-05-14T17:01:11.069+0000] {logging_mixin.py:190} INFO - [2025-05-14T17:01:11.069+0000] {dag.py:4180} INFO - Setting next_dagrun for dataset_s3_bucket_producer to None, run_after=None
[2025-05-14T17:01:11.117+0000] {processor.py:208} INFO - Processing /home/airflow/.local/lib/python3.12/site-packages/airflow/example_dags/example_dataset_alias.py took 1.728 seconds
[2025-05-14T17:01:41.564+0000] {processor.py:186} INFO - Started process (PID=282) to work on /home/airflow/.local/lib/python3.12/site-packages/airflow/example_dags/example_dataset_alias.py
[2025-05-14T17:01:41.565+0000] {processor.py:914} INFO - Processing file /home/airflow/.local/lib/python3.12/site-packages/airflow/example_dags/example_dataset_alias.py for tasks to queue
[2025-05-14T17:01:41.569+0000] {logging_mixin.py:190} INFO - [2025-05-14T17:01:41.568+0000] {dagbag.py:588} INFO - Filling up the DagBag from /home/airflow/.local/lib/python3.12/site-packages/airflow/example_dags/example_dataset_alias.py
[2025-05-14T17:01:42.569+0000] {processor.py:925} INFO - DAG(s) 'dataset_s3_bucket_consumer', 'dataset_alias_example_alias_producer', 'dataset_alias_example_alias_consumer', 'dataset_s3_bucket_producer' retrieved from /home/airflow/.local/lib/python3.12/site-packages/airflow/example_dags/example_dataset_alias.py
[2025-05-14T17:01:42.632+0000] {logging_mixin.py:190} INFO - [2025-05-14T17:01:42.630+0000] {dag.py:3239} INFO - Sync 4 DAGs
[2025-05-14T17:01:42.691+0000] {logging_mixin.py:190} INFO - [2025-05-14T17:01:42.690+0000] {dag.py:4180} INFO - Setting next_dagrun for dataset_alias_example_alias_consumer to None, run_after=None
[2025-05-14T17:01:42.702+0000] {logging_mixin.py:190} INFO - [2025-05-14T17:01:42.701+0000] {dag.py:4180} INFO - Setting next_dagrun for dataset_alias_example_alias_producer to None, run_after=None
[2025-05-14T17:01:42.709+0000] {logging_mixin.py:190} INFO - [2025-05-14T17:01:42.708+0000] {dag.py:4180} INFO - Setting next_dagrun for dataset_s3_bucket_consumer to None, run_after=None
[2025-05-14T17:01:42.713+0000] {logging_mixin.py:190} INFO - [2025-05-14T17:01:42.713+0000] {dag.py:4180} INFO - Setting next_dagrun for dataset_s3_bucket_producer to None, run_after=None
[2025-05-14T17:01:42.770+0000] {processor.py:208} INFO - Processing /home/airflow/.local/lib/python3.12/site-packages/airflow/example_dags/example_dataset_alias.py took 1.213 seconds
[2025-05-14T17:02:18.171+0000] {processor.py:186} INFO - Started process (PID=354) to work on /home/airflow/.local/lib/python3.12/site-packages/airflow/example_dags/example_dataset_alias.py
[2025-05-14T17:02:18.187+0000] {processor.py:914} INFO - Processing file /home/airflow/.local/lib/python3.12/site-packages/airflow/example_dags/example_dataset_alias.py for tasks to queue
[2025-05-14T17:02:18.204+0000] {logging_mixin.py:190} INFO - [2025-05-14T17:02:18.203+0000] {dagbag.py:588} INFO - Filling up the DagBag from /home/airflow/.local/lib/python3.12/site-packages/airflow/example_dags/example_dataset_alias.py
[2025-05-14T17:02:23.708+0000] {processor.py:925} INFO - DAG(s) 'dataset_s3_bucket_consumer', 'dataset_alias_example_alias_consumer', 'dataset_alias_example_alias_producer', 'dataset_s3_bucket_producer' retrieved from /home/airflow/.local/lib/python3.12/site-packages/airflow/example_dags/example_dataset_alias.py
[2025-05-14T17:02:23.932+0000] {logging_mixin.py:190} INFO - [2025-05-14T17:02:23.928+0000] {dag.py:3239} INFO - Sync 4 DAGs
[2025-05-14T17:02:24.127+0000] {logging_mixin.py:190} INFO - [2025-05-14T17:02:24.126+0000] {dag.py:4180} INFO - Setting next_dagrun for dataset_alias_example_alias_consumer to None, run_after=None
[2025-05-14T17:02:24.183+0000] {logging_mixin.py:190} INFO - [2025-05-14T17:02:24.182+0000] {dag.py:4180} INFO - Setting next_dagrun for dataset_alias_example_alias_producer to None, run_after=None
[2025-05-14T17:02:24.200+0000] {logging_mixin.py:190} INFO - [2025-05-14T17:02:24.199+0000] {dag.py:4180} INFO - Setting next_dagrun for dataset_s3_bucket_consumer to None, run_after=None
[2025-05-14T17:02:24.218+0000] {logging_mixin.py:190} INFO - [2025-05-14T17:02:24.217+0000] {dag.py:4180} INFO - Setting next_dagrun for dataset_s3_bucket_producer to None, run_after=None
[2025-05-14T17:02:24.429+0000] {processor.py:208} INFO - Processing /home/airflow/.local/lib/python3.12/site-packages/airflow/example_dags/example_dataset_alias.py took 6.337 seconds
[2025-05-14T17:06:08.435+0000] {processor.py:186} INFO - Started process (PID=135) to work on /home/airflow/.local/lib/python3.12/site-packages/airflow/example_dags/example_dataset_alias.py
[2025-05-14T17:06:08.438+0000] {processor.py:914} INFO - Processing file /home/airflow/.local/lib/python3.12/site-packages/airflow/example_dags/example_dataset_alias.py for tasks to queue
[2025-05-14T17:06:08.460+0000] {logging_mixin.py:190} INFO - [2025-05-14T17:06:08.456+0000] {dagbag.py:588} INFO - Filling up the DagBag from /home/airflow/.local/lib/python3.12/site-packages/airflow/example_dags/example_dataset_alias.py
[2025-05-14T17:06:12.254+0000] {processor.py:925} INFO - DAG(s) 'dataset_alias_example_alias_producer', 'dataset_s3_bucket_consumer', 'dataset_s3_bucket_producer', 'dataset_alias_example_alias_consumer' retrieved from /home/airflow/.local/lib/python3.12/site-packages/airflow/example_dags/example_dataset_alias.py
[2025-05-14T17:06:12.418+0000] {logging_mixin.py:190} INFO - [2025-05-14T17:06:12.415+0000] {dag.py:3239} INFO - Sync 4 DAGs
[2025-05-14T17:06:12.586+0000] {logging_mixin.py:190} INFO - [2025-05-14T17:06:12.585+0000] {dag.py:4180} INFO - Setting next_dagrun for dataset_alias_example_alias_consumer to None, run_after=None
[2025-05-14T17:06:12.651+0000] {logging_mixin.py:190} INFO - [2025-05-14T17:06:12.649+0000] {dag.py:4180} INFO - Setting next_dagrun for dataset_alias_example_alias_producer to None, run_after=None
[2025-05-14T17:06:12.669+0000] {logging_mixin.py:190} INFO - [2025-05-14T17:06:12.669+0000] {dag.py:4180} INFO - Setting next_dagrun for dataset_s3_bucket_consumer to None, run_after=None
[2025-05-14T17:06:12.690+0000] {logging_mixin.py:190} INFO - [2025-05-14T17:06:12.689+0000] {dag.py:4180} INFO - Setting next_dagrun for dataset_s3_bucket_producer to None, run_after=None
[2025-05-14T17:06:12.905+0000] {processor.py:208} INFO - Processing /home/airflow/.local/lib/python3.12/site-packages/airflow/example_dags/example_dataset_alias.py took 4.513 seconds
[2025-05-14T17:06:47.474+0000] {processor.py:186} INFO - Started process (PID=201) to work on /home/airflow/.local/lib/python3.12/site-packages/airflow/example_dags/example_dataset_alias.py
[2025-05-14T17:06:47.487+0000] {processor.py:914} INFO - Processing file /home/airflow/.local/lib/python3.12/site-packages/airflow/example_dags/example_dataset_alias.py for tasks to queue
[2025-05-14T17:06:47.508+0000] {logging_mixin.py:190} INFO - [2025-05-14T17:06:47.508+0000] {dagbag.py:588} INFO - Filling up the DagBag from /home/airflow/.local/lib/python3.12/site-packages/airflow/example_dags/example_dataset_alias.py
[2025-05-14T17:06:50.917+0000] {processor.py:925} INFO - DAG(s) 'dataset_alias_example_alias_consumer', 'dataset_s3_bucket_consumer', 'dataset_alias_example_alias_producer', 'dataset_s3_bucket_producer' retrieved from /home/airflow/.local/lib/python3.12/site-packages/airflow/example_dags/example_dataset_alias.py
[2025-05-14T17:06:50.997+0000] {logging_mixin.py:190} INFO - [2025-05-14T17:06:50.995+0000] {dag.py:3239} INFO - Sync 4 DAGs
[2025-05-14T17:06:51.076+0000] {logging_mixin.py:190} INFO - [2025-05-14T17:06:51.076+0000] {dag.py:4180} INFO - Setting next_dagrun for dataset_alias_example_alias_consumer to None, run_after=None
[2025-05-14T17:06:51.089+0000] {logging_mixin.py:190} INFO - [2025-05-14T17:06:51.088+0000] {dag.py:4180} INFO - Setting next_dagrun for dataset_alias_example_alias_producer to None, run_after=None
[2025-05-14T17:06:51.107+0000] {logging_mixin.py:190} INFO - [2025-05-14T17:06:51.106+0000] {dag.py:4180} INFO - Setting next_dagrun for dataset_s3_bucket_consumer to None, run_after=None
[2025-05-14T17:06:51.120+0000] {logging_mixin.py:190} INFO - [2025-05-14T17:06:51.116+0000] {dag.py:4180} INFO - Setting next_dagrun for dataset_s3_bucket_producer to None, run_after=None
[2025-05-14T17:06:51.191+0000] {processor.py:208} INFO - Processing /home/airflow/.local/lib/python3.12/site-packages/airflow/example_dags/example_dataset_alias.py took 3.756 seconds
[2025-05-14T17:07:22.059+0000] {processor.py:186} INFO - Started process (PID=267) to work on /home/airflow/.local/lib/python3.12/site-packages/airflow/example_dags/example_dataset_alias.py
[2025-05-14T17:07:22.060+0000] {processor.py:914} INFO - Processing file /home/airflow/.local/lib/python3.12/site-packages/airflow/example_dags/example_dataset_alias.py for tasks to queue
[2025-05-14T17:07:22.068+0000] {logging_mixin.py:190} INFO - [2025-05-14T17:07:22.067+0000] {dagbag.py:588} INFO - Filling up the DagBag from /home/airflow/.local/lib/python3.12/site-packages/airflow/example_dags/example_dataset_alias.py
[2025-05-14T17:07:23.607+0000] {processor.py:925} INFO - DAG(s) 'dataset_alias_example_alias_consumer', 'dataset_s3_bucket_producer', 'dataset_s3_bucket_consumer', 'dataset_alias_example_alias_producer' retrieved from /home/airflow/.local/lib/python3.12/site-packages/airflow/example_dags/example_dataset_alias.py
[2025-05-14T17:07:23.662+0000] {logging_mixin.py:190} INFO - [2025-05-14T17:07:23.661+0000] {dag.py:3239} INFO - Sync 4 DAGs
[2025-05-14T17:07:23.738+0000] {logging_mixin.py:190} INFO - [2025-05-14T17:07:23.738+0000] {dag.py:4180} INFO - Setting next_dagrun for dataset_alias_example_alias_consumer to None, run_after=None
[2025-05-14T17:07:23.747+0000] {logging_mixin.py:190} INFO - [2025-05-14T17:07:23.747+0000] {dag.py:4180} INFO - Setting next_dagrun for dataset_alias_example_alias_producer to None, run_after=None
[2025-05-14T17:07:23.771+0000] {logging_mixin.py:190} INFO - [2025-05-14T17:07:23.770+0000] {dag.py:4180} INFO - Setting next_dagrun for dataset_s3_bucket_consumer to None, run_after=None
[2025-05-14T17:07:23.778+0000] {logging_mixin.py:190} INFO - [2025-05-14T17:07:23.777+0000] {dag.py:4180} INFO - Setting next_dagrun for dataset_s3_bucket_producer to None, run_after=None
[2025-05-14T17:07:23.850+0000] {processor.py:208} INFO - Processing /home/airflow/.local/lib/python3.12/site-packages/airflow/example_dags/example_dataset_alias.py took 1.799 seconds
[2025-05-14T17:07:54.242+0000] {processor.py:186} INFO - Started process (PID=335) to work on /home/airflow/.local/lib/python3.12/site-packages/airflow/example_dags/example_dataset_alias.py
[2025-05-14T17:07:54.246+0000] {processor.py:914} INFO - Processing file /home/airflow/.local/lib/python3.12/site-packages/airflow/example_dags/example_dataset_alias.py for tasks to queue
[2025-05-14T17:07:54.258+0000] {logging_mixin.py:190} INFO - [2025-05-14T17:07:54.256+0000] {dagbag.py:588} INFO - Filling up the DagBag from /home/airflow/.local/lib/python3.12/site-packages/airflow/example_dags/example_dataset_alias.py
[2025-05-14T17:07:55.549+0000] {processor.py:925} INFO - DAG(s) 'dataset_alias_example_alias_producer', 'dataset_s3_bucket_consumer', 'dataset_alias_example_alias_consumer', 'dataset_s3_bucket_producer' retrieved from /home/airflow/.local/lib/python3.12/site-packages/airflow/example_dags/example_dataset_alias.py
[2025-05-14T17:07:55.607+0000] {logging_mixin.py:190} INFO - [2025-05-14T17:07:55.606+0000] {dag.py:3239} INFO - Sync 4 DAGs
[2025-05-14T17:07:55.669+0000] {logging_mixin.py:190} INFO - [2025-05-14T17:07:55.669+0000] {dag.py:4180} INFO - Setting next_dagrun for dataset_alias_example_alias_consumer to None, run_after=None
[2025-05-14T17:07:55.676+0000] {logging_mixin.py:190} INFO - [2025-05-14T17:07:55.676+0000] {dag.py:4180} INFO - Setting next_dagrun for dataset_alias_example_alias_producer to None, run_after=None
[2025-05-14T17:07:55.679+0000] {logging_mixin.py:190} INFO - [2025-05-14T17:07:55.679+0000] {dag.py:4180} INFO - Setting next_dagrun for dataset_s3_bucket_consumer to None, run_after=None
[2025-05-14T17:07:55.682+0000] {logging_mixin.py:190} INFO - [2025-05-14T17:07:55.682+0000] {dag.py:4180} INFO - Setting next_dagrun for dataset_s3_bucket_producer to None, run_after=None
[2025-05-14T17:07:55.722+0000] {processor.py:208} INFO - Processing /home/airflow/.local/lib/python3.12/site-packages/airflow/example_dags/example_dataset_alias.py took 1.512 seconds
[2025-05-14T17:08:26.076+0000] {processor.py:186} INFO - Started process (PID=401) to work on /home/airflow/.local/lib/python3.12/site-packages/airflow/example_dags/example_dataset_alias.py
[2025-05-14T17:08:26.078+0000] {processor.py:914} INFO - Processing file /home/airflow/.local/lib/python3.12/site-packages/airflow/example_dags/example_dataset_alias.py for tasks to queue
[2025-05-14T17:08:26.087+0000] {logging_mixin.py:190} INFO - [2025-05-14T17:08:26.084+0000] {dagbag.py:588} INFO - Filling up the DagBag from /home/airflow/.local/lib/python3.12/site-packages/airflow/example_dags/example_dataset_alias.py
[2025-05-14T17:08:28.008+0000] {processor.py:925} INFO - DAG(s) 'dataset_alias_example_alias_producer', 'dataset_alias_example_alias_consumer', 'dataset_s3_bucket_consumer', 'dataset_s3_bucket_producer' retrieved from /home/airflow/.local/lib/python3.12/site-packages/airflow/example_dags/example_dataset_alias.py
[2025-05-14T17:08:28.112+0000] {logging_mixin.py:190} INFO - [2025-05-14T17:08:28.109+0000] {dag.py:3239} INFO - Sync 4 DAGs
[2025-05-14T17:08:28.197+0000] {logging_mixin.py:190} INFO - [2025-05-14T17:08:28.196+0000] {dag.py:4180} INFO - Setting next_dagrun for dataset_alias_example_alias_consumer to None, run_after=None
[2025-05-14T17:08:28.210+0000] {logging_mixin.py:190} INFO - [2025-05-14T17:08:28.209+0000] {dag.py:4180} INFO - Setting next_dagrun for dataset_alias_example_alias_producer to None, run_after=None
[2025-05-14T17:08:28.216+0000] {logging_mixin.py:190} INFO - [2025-05-14T17:08:28.215+0000] {dag.py:4180} INFO - Setting next_dagrun for dataset_s3_bucket_consumer to None, run_after=None
[2025-05-14T17:08:28.221+0000] {logging_mixin.py:190} INFO - [2025-05-14T17:08:28.221+0000] {dag.py:4180} INFO - Setting next_dagrun for dataset_s3_bucket_producer to None, run_after=None
[2025-05-14T17:08:28.316+0000] {processor.py:208} INFO - Processing /home/airflow/.local/lib/python3.12/site-packages/airflow/example_dags/example_dataset_alias.py took 2.263 seconds
[2025-05-14T17:08:58.734+0000] {processor.py:186} INFO - Started process (PID=467) to work on /home/airflow/.local/lib/python3.12/site-packages/airflow/example_dags/example_dataset_alias.py
[2025-05-14T17:08:58.736+0000] {processor.py:914} INFO - Processing file /home/airflow/.local/lib/python3.12/site-packages/airflow/example_dags/example_dataset_alias.py for tasks to queue
[2025-05-14T17:08:58.741+0000] {logging_mixin.py:190} INFO - [2025-05-14T17:08:58.741+0000] {dagbag.py:588} INFO - Filling up the DagBag from /home/airflow/.local/lib/python3.12/site-packages/airflow/example_dags/example_dataset_alias.py
[2025-05-14T17:09:00.475+0000] {processor.py:925} INFO - DAG(s) 'dataset_alias_example_alias_consumer', 'dataset_s3_bucket_producer', 'dataset_s3_bucket_consumer', 'dataset_alias_example_alias_producer' retrieved from /home/airflow/.local/lib/python3.12/site-packages/airflow/example_dags/example_dataset_alias.py
[2025-05-14T17:09:00.759+0000] {logging_mixin.py:190} INFO - [2025-05-14T17:09:00.757+0000] {dag.py:3239} INFO - Sync 4 DAGs
[2025-05-14T17:09:00.900+0000] {logging_mixin.py:190} INFO - [2025-05-14T17:09:00.899+0000] {dag.py:4180} INFO - Setting next_dagrun for dataset_alias_example_alias_consumer to None, run_after=None
[2025-05-14T17:09:00.943+0000] {logging_mixin.py:190} INFO - [2025-05-14T17:09:00.942+0000] {dag.py:4180} INFO - Setting next_dagrun for dataset_alias_example_alias_producer to None, run_after=None
[2025-05-14T17:09:00.960+0000] {logging_mixin.py:190} INFO - [2025-05-14T17:09:00.959+0000] {dag.py:4180} INFO - Setting next_dagrun for dataset_s3_bucket_consumer to None, run_after=None
[2025-05-14T17:09:00.978+0000] {logging_mixin.py:190} INFO - [2025-05-14T17:09:00.976+0000] {dag.py:4180} INFO - Setting next_dagrun for dataset_s3_bucket_producer to None, run_after=None
[2025-05-14T17:09:01.083+0000] {processor.py:208} INFO - Processing /home/airflow/.local/lib/python3.12/site-packages/airflow/example_dags/example_dataset_alias.py took 2.362 seconds
[2025-05-14T17:09:31.822+0000] {processor.py:186} INFO - Started process (PID=534) to work on /home/airflow/.local/lib/python3.12/site-packages/airflow/example_dags/example_dataset_alias.py
[2025-05-14T17:09:31.826+0000] {processor.py:914} INFO - Processing file /home/airflow/.local/lib/python3.12/site-packages/airflow/example_dags/example_dataset_alias.py for tasks to queue
[2025-05-14T17:09:31.831+0000] {logging_mixin.py:190} INFO - [2025-05-14T17:09:31.830+0000] {dagbag.py:588} INFO - Filling up the DagBag from /home/airflow/.local/lib/python3.12/site-packages/airflow/example_dags/example_dataset_alias.py
[2025-05-14T17:09:33.151+0000] {processor.py:925} INFO - DAG(s) 'dataset_alias_example_alias_producer', 'dataset_s3_bucket_consumer', 'dataset_s3_bucket_producer', 'dataset_alias_example_alias_consumer' retrieved from /home/airflow/.local/lib/python3.12/site-packages/airflow/example_dags/example_dataset_alias.py
[2025-05-14T17:09:33.306+0000] {logging_mixin.py:190} INFO - [2025-05-14T17:09:33.298+0000] {dag.py:3239} INFO - Sync 4 DAGs
[2025-05-14T17:09:33.446+0000] {logging_mixin.py:190} INFO - [2025-05-14T17:09:33.445+0000] {dag.py:4180} INFO - Setting next_dagrun for dataset_alias_example_alias_consumer to None, run_after=None
[2025-05-14T17:09:33.465+0000] {logging_mixin.py:190} INFO - [2025-05-14T17:09:33.464+0000] {dag.py:4180} INFO - Setting next_dagrun for dataset_alias_example_alias_producer to None, run_after=None
[2025-05-14T17:09:33.471+0000] {logging_mixin.py:190} INFO - [2025-05-14T17:09:33.470+0000] {dag.py:4180} INFO - Setting next_dagrun for dataset_s3_bucket_consumer to None, run_after=None
[2025-05-14T17:09:33.483+0000] {logging_mixin.py:190} INFO - [2025-05-14T17:09:33.482+0000] {dag.py:4180} INFO - Setting next_dagrun for dataset_s3_bucket_producer to None, run_after=None
[2025-05-14T17:09:33.618+0000] {processor.py:208} INFO - Processing /home/airflow/.local/lib/python3.12/site-packages/airflow/example_dags/example_dataset_alias.py took 1.804 seconds
[2025-05-14T17:10:04.081+0000] {processor.py:186} INFO - Started process (PID=608) to work on /home/airflow/.local/lib/python3.12/site-packages/airflow/example_dags/example_dataset_alias.py
[2025-05-14T17:10:04.082+0000] {processor.py:914} INFO - Processing file /home/airflow/.local/lib/python3.12/site-packages/airflow/example_dags/example_dataset_alias.py for tasks to queue
[2025-05-14T17:10:04.088+0000] {logging_mixin.py:190} INFO - [2025-05-14T17:10:04.087+0000] {dagbag.py:588} INFO - Filling up the DagBag from /home/airflow/.local/lib/python3.12/site-packages/airflow/example_dags/example_dataset_alias.py
[2025-05-14T17:10:04.955+0000] {processor.py:925} INFO - DAG(s) 'dataset_s3_bucket_producer', 'dataset_alias_example_alias_consumer', 'dataset_s3_bucket_consumer', 'dataset_alias_example_alias_producer' retrieved from /home/airflow/.local/lib/python3.12/site-packages/airflow/example_dags/example_dataset_alias.py
[2025-05-14T17:10:04.989+0000] {logging_mixin.py:190} INFO - [2025-05-14T17:10:04.988+0000] {dag.py:3239} INFO - Sync 4 DAGs
[2025-05-14T17:10:05.038+0000] {logging_mixin.py:190} INFO - [2025-05-14T17:10:05.037+0000] {dag.py:4180} INFO - Setting next_dagrun for dataset_alias_example_alias_consumer to None, run_after=None
[2025-05-14T17:10:05.042+0000] {logging_mixin.py:190} INFO - [2025-05-14T17:10:05.042+0000] {dag.py:4180} INFO - Setting next_dagrun for dataset_alias_example_alias_producer to None, run_after=None
[2025-05-14T17:10:05.046+0000] {logging_mixin.py:190} INFO - [2025-05-14T17:10:05.046+0000] {dag.py:4180} INFO - Setting next_dagrun for dataset_s3_bucket_consumer to None, run_after=None
[2025-05-14T17:10:05.049+0000] {logging_mixin.py:190} INFO - [2025-05-14T17:10:05.048+0000] {dag.py:4180} INFO - Setting next_dagrun for dataset_s3_bucket_producer to None, run_after=None
[2025-05-14T17:10:05.089+0000] {processor.py:208} INFO - Processing /home/airflow/.local/lib/python3.12/site-packages/airflow/example_dags/example_dataset_alias.py took 1.022 seconds
[2025-05-14T17:10:35.646+0000] {processor.py:186} INFO - Started process (PID=675) to work on /home/airflow/.local/lib/python3.12/site-packages/airflow/example_dags/example_dataset_alias.py
[2025-05-14T17:10:35.648+0000] {processor.py:914} INFO - Processing file /home/airflow/.local/lib/python3.12/site-packages/airflow/example_dags/example_dataset_alias.py for tasks to queue
[2025-05-14T17:10:35.653+0000] {logging_mixin.py:190} INFO - [2025-05-14T17:10:35.652+0000] {dagbag.py:588} INFO - Filling up the DagBag from /home/airflow/.local/lib/python3.12/site-packages/airflow/example_dags/example_dataset_alias.py
[2025-05-14T17:10:36.667+0000] {processor.py:925} INFO - DAG(s) 'dataset_s3_bucket_consumer', 'dataset_alias_example_alias_producer', 'dataset_alias_example_alias_consumer', 'dataset_s3_bucket_producer' retrieved from /home/airflow/.local/lib/python3.12/site-packages/airflow/example_dags/example_dataset_alias.py
[2025-05-14T17:10:36.726+0000] {logging_mixin.py:190} INFO - [2025-05-14T17:10:36.725+0000] {dag.py:3239} INFO - Sync 4 DAGs
[2025-05-14T17:10:36.771+0000] {logging_mixin.py:190} INFO - [2025-05-14T17:10:36.770+0000] {dag.py:4180} INFO - Setting next_dagrun for dataset_alias_example_alias_consumer to None, run_after=None
[2025-05-14T17:10:36.777+0000] {logging_mixin.py:190} INFO - [2025-05-14T17:10:36.776+0000] {dag.py:4180} INFO - Setting next_dagrun for dataset_alias_example_alias_producer to None, run_after=None
[2025-05-14T17:10:36.781+0000] {logging_mixin.py:190} INFO - [2025-05-14T17:10:36.780+0000] {dag.py:4180} INFO - Setting next_dagrun for dataset_s3_bucket_consumer to None, run_after=None
[2025-05-14T17:10:36.784+0000] {logging_mixin.py:190} INFO - [2025-05-14T17:10:36.784+0000] {dag.py:4180} INFO - Setting next_dagrun for dataset_s3_bucket_producer to None, run_after=None
[2025-05-14T17:10:36.828+0000] {processor.py:208} INFO - Processing /home/airflow/.local/lib/python3.12/site-packages/airflow/example_dags/example_dataset_alias.py took 1.192 seconds
[2025-05-14T17:11:07.241+0000] {processor.py:186} INFO - Started process (PID=744) to work on /home/airflow/.local/lib/python3.12/site-packages/airflow/example_dags/example_dataset_alias.py
[2025-05-14T17:11:07.263+0000] {processor.py:914} INFO - Processing file /home/airflow/.local/lib/python3.12/site-packages/airflow/example_dags/example_dataset_alias.py for tasks to queue
[2025-05-14T17:11:07.276+0000] {logging_mixin.py:190} INFO - [2025-05-14T17:11:07.275+0000] {dagbag.py:588} INFO - Filling up the DagBag from /home/airflow/.local/lib/python3.12/site-packages/airflow/example_dags/example_dataset_alias.py
[2025-05-14T17:11:08.316+0000] {processor.py:925} INFO - DAG(s) 'dataset_alias_example_alias_consumer', 'dataset_s3_bucket_producer', 'dataset_alias_example_alias_producer', 'dataset_s3_bucket_consumer' retrieved from /home/airflow/.local/lib/python3.12/site-packages/airflow/example_dags/example_dataset_alias.py
[2025-05-14T17:11:08.377+0000] {logging_mixin.py:190} INFO - [2025-05-14T17:11:08.376+0000] {dag.py:3239} INFO - Sync 4 DAGs
[2025-05-14T17:11:08.444+0000] {logging_mixin.py:190} INFO - [2025-05-14T17:11:08.444+0000] {dag.py:4180} INFO - Setting next_dagrun for dataset_alias_example_alias_consumer to None, run_after=None
[2025-05-14T17:11:08.453+0000] {logging_mixin.py:190} INFO - [2025-05-14T17:11:08.452+0000] {dag.py:4180} INFO - Setting next_dagrun for dataset_alias_example_alias_producer to None, run_after=None
[2025-05-14T17:11:08.457+0000] {logging_mixin.py:190} INFO - [2025-05-14T17:11:08.457+0000] {dag.py:4180} INFO - Setting next_dagrun for dataset_s3_bucket_consumer to None, run_after=None
[2025-05-14T17:11:08.461+0000] {logging_mixin.py:190} INFO - [2025-05-14T17:11:08.461+0000] {dag.py:4180} INFO - Setting next_dagrun for dataset_s3_bucket_producer to None, run_after=None
[2025-05-14T17:11:08.511+0000] {processor.py:208} INFO - Processing /home/airflow/.local/lib/python3.12/site-packages/airflow/example_dags/example_dataset_alias.py took 1.282 seconds
[2025-05-14T17:11:39.939+0000] {processor.py:186} INFO - Started process (PID=815) to work on /home/airflow/.local/lib/python3.12/site-packages/airflow/example_dags/example_dataset_alias.py
[2025-05-14T17:11:39.946+0000] {processor.py:914} INFO - Processing file /home/airflow/.local/lib/python3.12/site-packages/airflow/example_dags/example_dataset_alias.py for tasks to queue
[2025-05-14T17:11:39.955+0000] {logging_mixin.py:190} INFO - [2025-05-14T17:11:39.955+0000] {dagbag.py:588} INFO - Filling up the DagBag from /home/airflow/.local/lib/python3.12/site-packages/airflow/example_dags/example_dataset_alias.py
[2025-05-14T17:11:42.267+0000] {processor.py:925} INFO - DAG(s) 'dataset_alias_example_alias_consumer', 'dataset_alias_example_alias_producer', 'dataset_s3_bucket_producer', 'dataset_s3_bucket_consumer' retrieved from /home/airflow/.local/lib/python3.12/site-packages/airflow/example_dags/example_dataset_alias.py
[2025-05-14T17:11:42.322+0000] {logging_mixin.py:190} INFO - [2025-05-14T17:11:42.319+0000] {dag.py:3239} INFO - Sync 4 DAGs
[2025-05-14T17:11:42.396+0000] {logging_mixin.py:190} INFO - [2025-05-14T17:11:42.395+0000] {dag.py:4180} INFO - Setting next_dagrun for dataset_alias_example_alias_consumer to None, run_after=None
[2025-05-14T17:11:42.407+0000] {logging_mixin.py:190} INFO - [2025-05-14T17:11:42.403+0000] {dag.py:4180} INFO - Setting next_dagrun for dataset_alias_example_alias_producer to None, run_after=None
[2025-05-14T17:11:42.413+0000] {logging_mixin.py:190} INFO - [2025-05-14T17:11:42.412+0000] {dag.py:4180} INFO - Setting next_dagrun for dataset_s3_bucket_consumer to None, run_after=None
[2025-05-14T17:11:42.418+0000] {logging_mixin.py:190} INFO - [2025-05-14T17:11:42.417+0000] {dag.py:4180} INFO - Setting next_dagrun for dataset_s3_bucket_producer to None, run_after=None
[2025-05-14T17:11:42.485+0000] {processor.py:208} INFO - Processing /home/airflow/.local/lib/python3.12/site-packages/airflow/example_dags/example_dataset_alias.py took 2.575 seconds
[2025-05-14T17:12:12.621+0000] {processor.py:186} INFO - Started process (PID=884) to work on /home/airflow/.local/lib/python3.12/site-packages/airflow/example_dags/example_dataset_alias.py
[2025-05-14T17:12:12.625+0000] {processor.py:914} INFO - Processing file /home/airflow/.local/lib/python3.12/site-packages/airflow/example_dags/example_dataset_alias.py for tasks to queue
[2025-05-14T17:12:12.632+0000] {logging_mixin.py:190} INFO - [2025-05-14T17:12:12.631+0000] {dagbag.py:588} INFO - Filling up the DagBag from /home/airflow/.local/lib/python3.12/site-packages/airflow/example_dags/example_dataset_alias.py
[2025-05-14T17:12:14.549+0000] {processor.py:925} INFO - DAG(s) 'dataset_s3_bucket_producer', 'dataset_s3_bucket_consumer', 'dataset_alias_example_alias_consumer', 'dataset_alias_example_alias_producer' retrieved from /home/airflow/.local/lib/python3.12/site-packages/airflow/example_dags/example_dataset_alias.py
[2025-05-14T17:12:14.615+0000] {logging_mixin.py:190} INFO - [2025-05-14T17:12:14.614+0000] {dag.py:3239} INFO - Sync 4 DAGs
[2025-05-14T17:12:14.689+0000] {logging_mixin.py:190} INFO - [2025-05-14T17:12:14.688+0000] {dag.py:4180} INFO - Setting next_dagrun for dataset_alias_example_alias_consumer to None, run_after=None
[2025-05-14T17:12:14.699+0000] {logging_mixin.py:190} INFO - [2025-05-14T17:12:14.698+0000] {dag.py:4180} INFO - Setting next_dagrun for dataset_alias_example_alias_producer to None, run_after=None
[2025-05-14T17:12:14.707+0000] {logging_mixin.py:190} INFO - [2025-05-14T17:12:14.706+0000] {dag.py:4180} INFO - Setting next_dagrun for dataset_s3_bucket_consumer to None, run_after=None
[2025-05-14T17:12:14.715+0000] {logging_mixin.py:190} INFO - [2025-05-14T17:12:14.714+0000] {dag.py:4180} INFO - Setting next_dagrun for dataset_s3_bucket_producer to None, run_after=None
[2025-05-14T17:12:14.805+0000] {processor.py:208} INFO - Processing /home/airflow/.local/lib/python3.12/site-packages/airflow/example_dags/example_dataset_alias.py took 2.204 seconds
[2025-05-14T17:12:45.127+0000] {processor.py:186} INFO - Started process (PID=954) to work on /home/airflow/.local/lib/python3.12/site-packages/airflow/example_dags/example_dataset_alias.py
[2025-05-14T17:12:45.129+0000] {processor.py:914} INFO - Processing file /home/airflow/.local/lib/python3.12/site-packages/airflow/example_dags/example_dataset_alias.py for tasks to queue
[2025-05-14T17:12:45.136+0000] {logging_mixin.py:190} INFO - [2025-05-14T17:12:45.135+0000] {dagbag.py:588} INFO - Filling up the DagBag from /home/airflow/.local/lib/python3.12/site-packages/airflow/example_dags/example_dataset_alias.py
[2025-05-14T17:12:46.056+0000] {processor.py:925} INFO - DAG(s) 'dataset_alias_example_alias_producer', 'dataset_alias_example_alias_consumer', 'dataset_s3_bucket_producer', 'dataset_s3_bucket_consumer' retrieved from /home/airflow/.local/lib/python3.12/site-packages/airflow/example_dags/example_dataset_alias.py
[2025-05-14T17:12:46.144+0000] {logging_mixin.py:190} INFO - [2025-05-14T17:12:46.141+0000] {dag.py:3239} INFO - Sync 4 DAGs
[2025-05-14T17:12:46.266+0000] {logging_mixin.py:190} INFO - [2025-05-14T17:12:46.265+0000] {dag.py:4180} INFO - Setting next_dagrun for dataset_alias_example_alias_consumer to None, run_after=None
[2025-05-14T17:12:46.273+0000] {logging_mixin.py:190} INFO - [2025-05-14T17:12:46.273+0000] {dag.py:4180} INFO - Setting next_dagrun for dataset_alias_example_alias_producer to None, run_after=None
[2025-05-14T17:12:46.284+0000] {logging_mixin.py:190} INFO - [2025-05-14T17:12:46.282+0000] {dag.py:4180} INFO - Setting next_dagrun for dataset_s3_bucket_consumer to None, run_after=None
[2025-05-14T17:12:46.291+0000] {logging_mixin.py:190} INFO - [2025-05-14T17:12:46.290+0000] {dag.py:4180} INFO - Setting next_dagrun for dataset_s3_bucket_producer to None, run_after=None
[2025-05-14T17:12:46.366+0000] {processor.py:208} INFO - Processing /home/airflow/.local/lib/python3.12/site-packages/airflow/example_dags/example_dataset_alias.py took 1.256 seconds
[2025-05-14T17:13:17.019+0000] {processor.py:186} INFO - Started process (PID=1022) to work on /home/airflow/.local/lib/python3.12/site-packages/airflow/example_dags/example_dataset_alias.py
[2025-05-14T17:13:17.021+0000] {processor.py:914} INFO - Processing file /home/airflow/.local/lib/python3.12/site-packages/airflow/example_dags/example_dataset_alias.py for tasks to queue
[2025-05-14T17:13:17.027+0000] {logging_mixin.py:190} INFO - [2025-05-14T17:13:17.025+0000] {dagbag.py:588} INFO - Filling up the DagBag from /home/airflow/.local/lib/python3.12/site-packages/airflow/example_dags/example_dataset_alias.py
[2025-05-14T17:13:18.242+0000] {processor.py:925} INFO - DAG(s) 'dataset_alias_example_alias_consumer', 'dataset_s3_bucket_consumer', 'dataset_alias_example_alias_producer', 'dataset_s3_bucket_producer' retrieved from /home/airflow/.local/lib/python3.12/site-packages/airflow/example_dags/example_dataset_alias.py
[2025-05-14T17:13:18.311+0000] {logging_mixin.py:190} INFO - [2025-05-14T17:13:18.310+0000] {dag.py:3239} INFO - Sync 4 DAGs
[2025-05-14T17:13:18.396+0000] {logging_mixin.py:190} INFO - [2025-05-14T17:13:18.395+0000] {dag.py:4180} INFO - Setting next_dagrun for dataset_alias_example_alias_consumer to None, run_after=None
[2025-05-14T17:13:18.403+0000] {logging_mixin.py:190} INFO - [2025-05-14T17:13:18.403+0000] {dag.py:4180} INFO - Setting next_dagrun for dataset_alias_example_alias_producer to None, run_after=None
[2025-05-14T17:13:18.409+0000] {logging_mixin.py:190} INFO - [2025-05-14T17:13:18.408+0000] {dag.py:4180} INFO - Setting next_dagrun for dataset_s3_bucket_consumer to None, run_after=None
[2025-05-14T17:13:18.415+0000] {logging_mixin.py:190} INFO - [2025-05-14T17:13:18.414+0000] {dag.py:4180} INFO - Setting next_dagrun for dataset_s3_bucket_producer to None, run_after=None
[2025-05-14T17:13:18.471+0000] {processor.py:208} INFO - Processing /home/airflow/.local/lib/python3.12/site-packages/airflow/example_dags/example_dataset_alias.py took 1.468 seconds
[2025-05-14T17:13:48.829+0000] {processor.py:186} INFO - Started process (PID=1090) to work on /home/airflow/.local/lib/python3.12/site-packages/airflow/example_dags/example_dataset_alias.py
[2025-05-14T17:13:48.832+0000] {processor.py:914} INFO - Processing file /home/airflow/.local/lib/python3.12/site-packages/airflow/example_dags/example_dataset_alias.py for tasks to queue
[2025-05-14T17:13:48.839+0000] {logging_mixin.py:190} INFO - [2025-05-14T17:13:48.838+0000] {dagbag.py:588} INFO - Filling up the DagBag from /home/airflow/.local/lib/python3.12/site-packages/airflow/example_dags/example_dataset_alias.py
[2025-05-14T17:13:49.790+0000] {processor.py:925} INFO - DAG(s) 'dataset_s3_bucket_producer', 'dataset_alias_example_alias_producer', 'dataset_s3_bucket_consumer', 'dataset_alias_example_alias_consumer' retrieved from /home/airflow/.local/lib/python3.12/site-packages/airflow/example_dags/example_dataset_alias.py
[2025-05-14T17:13:49.846+0000] {logging_mixin.py:190} INFO - [2025-05-14T17:13:49.845+0000] {dag.py:3239} INFO - Sync 4 DAGs
[2025-05-14T17:13:49.922+0000] {logging_mixin.py:190} INFO - [2025-05-14T17:13:49.921+0000] {dag.py:4180} INFO - Setting next_dagrun for dataset_alias_example_alias_consumer to None, run_after=None
[2025-05-14T17:13:49.943+0000] {logging_mixin.py:190} INFO - [2025-05-14T17:13:49.943+0000] {dag.py:4180} INFO - Setting next_dagrun for dataset_alias_example_alias_producer to None, run_after=None
[2025-05-14T17:13:49.951+0000] {logging_mixin.py:190} INFO - [2025-05-14T17:13:49.950+0000] {dag.py:4180} INFO - Setting next_dagrun for dataset_s3_bucket_consumer to None, run_after=None
[2025-05-14T17:13:49.963+0000] {logging_mixin.py:190} INFO - [2025-05-14T17:13:49.962+0000] {dag.py:4180} INFO - Setting next_dagrun for dataset_s3_bucket_producer to None, run_after=None
[2025-05-14T17:13:50.089+0000] {processor.py:208} INFO - Processing /home/airflow/.local/lib/python3.12/site-packages/airflow/example_dags/example_dataset_alias.py took 1.276 seconds
[2025-05-14T17:14:21.270+0000] {processor.py:186} INFO - Started process (PID=1163) to work on /home/airflow/.local/lib/python3.12/site-packages/airflow/example_dags/example_dataset_alias.py
[2025-05-14T17:14:21.275+0000] {processor.py:914} INFO - Processing file /home/airflow/.local/lib/python3.12/site-packages/airflow/example_dags/example_dataset_alias.py for tasks to queue
[2025-05-14T17:14:21.286+0000] {logging_mixin.py:190} INFO - [2025-05-14T17:14:21.284+0000] {dagbag.py:588} INFO - Filling up the DagBag from /home/airflow/.local/lib/python3.12/site-packages/airflow/example_dags/example_dataset_alias.py
[2025-05-14T17:14:22.067+0000] {processor.py:925} INFO - DAG(s) 'dataset_alias_example_alias_consumer', 'dataset_s3_bucket_producer', 'dataset_alias_example_alias_producer', 'dataset_s3_bucket_consumer' retrieved from /home/airflow/.local/lib/python3.12/site-packages/airflow/example_dags/example_dataset_alias.py
[2025-05-14T17:14:22.113+0000] {logging_mixin.py:190} INFO - [2025-05-14T17:14:22.112+0000] {dag.py:3239} INFO - Sync 4 DAGs
[2025-05-14T17:14:22.158+0000] {logging_mixin.py:190} INFO - [2025-05-14T17:14:22.158+0000] {dag.py:4180} INFO - Setting next_dagrun for dataset_alias_example_alias_consumer to None, run_after=None
[2025-05-14T17:14:22.163+0000] {logging_mixin.py:190} INFO - [2025-05-14T17:14:22.162+0000] {dag.py:4180} INFO - Setting next_dagrun for dataset_alias_example_alias_producer to None, run_after=None
[2025-05-14T17:14:22.167+0000] {logging_mixin.py:190} INFO - [2025-05-14T17:14:22.166+0000] {dag.py:4180} INFO - Setting next_dagrun for dataset_s3_bucket_consumer to None, run_after=None
[2025-05-14T17:14:22.170+0000] {logging_mixin.py:190} INFO - [2025-05-14T17:14:22.170+0000] {dag.py:4180} INFO - Setting next_dagrun for dataset_s3_bucket_producer to None, run_after=None
[2025-05-14T17:14:22.213+0000] {processor.py:208} INFO - Processing /home/airflow/.local/lib/python3.12/site-packages/airflow/example_dags/example_dataset_alias.py took 0.969 seconds
[2025-05-14T17:14:53.003+0000] {processor.py:186} INFO - Started process (PID=1230) to work on /home/airflow/.local/lib/python3.12/site-packages/airflow/example_dags/example_dataset_alias.py
[2025-05-14T17:14:53.009+0000] {processor.py:914} INFO - Processing file /home/airflow/.local/lib/python3.12/site-packages/airflow/example_dags/example_dataset_alias.py for tasks to queue
[2025-05-14T17:14:53.017+0000] {logging_mixin.py:190} INFO - [2025-05-14T17:14:53.016+0000] {dagbag.py:588} INFO - Filling up the DagBag from /home/airflow/.local/lib/python3.12/site-packages/airflow/example_dags/example_dataset_alias.py
[2025-05-14T17:14:55.184+0000] {processor.py:925} INFO - DAG(s) 'dataset_alias_example_alias_consumer', 'dataset_s3_bucket_consumer', 'dataset_alias_example_alias_producer', 'dataset_s3_bucket_producer' retrieved from /home/airflow/.local/lib/python3.12/site-packages/airflow/example_dags/example_dataset_alias.py
[2025-05-14T17:14:55.269+0000] {logging_mixin.py:190} INFO - [2025-05-14T17:14:55.267+0000] {dag.py:3239} INFO - Sync 4 DAGs
[2025-05-14T17:14:55.384+0000] {logging_mixin.py:190} INFO - [2025-05-14T17:14:55.382+0000] {dag.py:4180} INFO - Setting next_dagrun for dataset_alias_example_alias_consumer to None, run_after=None
[2025-05-14T17:14:55.394+0000] {logging_mixin.py:190} INFO - [2025-05-14T17:14:55.394+0000] {dag.py:4180} INFO - Setting next_dagrun for dataset_alias_example_alias_producer to None, run_after=None
[2025-05-14T17:14:55.398+0000] {logging_mixin.py:190} INFO - [2025-05-14T17:14:55.397+0000] {dag.py:4180} INFO - Setting next_dagrun for dataset_s3_bucket_consumer to None, run_after=None
[2025-05-14T17:14:55.404+0000] {logging_mixin.py:190} INFO - [2025-05-14T17:14:55.403+0000] {dag.py:4180} INFO - Setting next_dagrun for dataset_s3_bucket_producer to None, run_after=None
[2025-05-14T17:14:55.481+0000] {processor.py:208} INFO - Processing /home/airflow/.local/lib/python3.12/site-packages/airflow/example_dags/example_dataset_alias.py took 2.501 seconds
