[2025-05-14T17:00:37.697+0000] {processor.py:186} INFO - Started process (PID=151) to work on /home/airflow/.local/lib/python3.12/site-packages/airflow/example_dags/example_branch_python_dop_operator_3.py
[2025-05-14T17:00:37.700+0000] {processor.py:914} INFO - Processing file /home/airflow/.local/lib/python3.12/site-packages/airflow/example_dags/example_branch_python_dop_operator_3.py for tasks to queue
[2025-05-14T17:00:37.709+0000] {logging_mixin.py:190} INFO - [2025-05-14T17:00:37.709+0000] {dagbag.py:588} INFO - Filling up the DagBag from /home/airflow/.local/lib/python3.12/site-packages/airflow/example_dags/example_branch_python_dop_operator_3.py
[2025-05-14T17:00:37.748+0000] {processor.py:925} INFO - DAG(s) 'example_branch_dop_operator_v3' retrieved from /home/airflow/.local/lib/python3.12/site-packages/airflow/example_dags/example_branch_python_dop_operator_3.py
[2025-05-14T17:00:37.828+0000] {logging_mixin.py:190} INFO - [2025-05-14T17:00:37.826+0000] {dag.py:3239} INFO - Sync 1 DAGs
[2025-05-14T17:00:37.910+0000] {logging_mixin.py:190} INFO - [2025-05-14T17:00:37.910+0000] {dag.py:4180} INFO - Setting next_dagrun for example_branch_dop_operator_v3 to 2025-05-14 16:59:00+00:00, run_after=2025-05-14 17:00:00+00:00
[2025-05-14T17:00:37.981+0000] {processor.py:208} INFO - Processing /home/airflow/.local/lib/python3.12/site-packages/airflow/example_dags/example_branch_python_dop_operator_3.py took 0.297 seconds
[2025-05-14T17:01:11.211+0000] {processor.py:186} INFO - Started process (PID=217) to work on /home/airflow/.local/lib/python3.12/site-packages/airflow/example_dags/example_branch_python_dop_operator_3.py
[2025-05-14T17:01:11.213+0000] {processor.py:914} INFO - Processing file /home/airflow/.local/lib/python3.12/site-packages/airflow/example_dags/example_branch_python_dop_operator_3.py for tasks to queue
[2025-05-14T17:01:11.218+0000] {logging_mixin.py:190} INFO - [2025-05-14T17:01:11.217+0000] {dagbag.py:588} INFO - Filling up the DagBag from /home/airflow/.local/lib/python3.12/site-packages/airflow/example_dags/example_branch_python_dop_operator_3.py
[2025-05-14T17:01:11.244+0000] {processor.py:925} INFO - DAG(s) 'example_branch_dop_operator_v3' retrieved from /home/airflow/.local/lib/python3.12/site-packages/airflow/example_dags/example_branch_python_dop_operator_3.py
[2025-05-14T17:01:11.293+0000] {logging_mixin.py:190} INFO - [2025-05-14T17:01:11.290+0000] {dag.py:3239} INFO - Sync 1 DAGs
[2025-05-14T17:01:11.391+0000] {logging_mixin.py:190} INFO - [2025-05-14T17:01:11.391+0000] {dag.py:4180} INFO - Setting next_dagrun for example_branch_dop_operator_v3 to 2025-05-14 17:00:00+00:00, run_after=2025-05-14 17:01:00+00:00
[2025-05-14T17:01:11.435+0000] {processor.py:208} INFO - Processing /home/airflow/.local/lib/python3.12/site-packages/airflow/example_dags/example_branch_python_dop_operator_3.py took 0.235 seconds
[2025-05-14T17:01:42.864+0000] {processor.py:186} INFO - Started process (PID=284) to work on /home/airflow/.local/lib/python3.12/site-packages/airflow/example_dags/example_branch_python_dop_operator_3.py
[2025-05-14T17:01:42.866+0000] {processor.py:914} INFO - Processing file /home/airflow/.local/lib/python3.12/site-packages/airflow/example_dags/example_branch_python_dop_operator_3.py for tasks to queue
[2025-05-14T17:01:42.871+0000] {logging_mixin.py:190} INFO - [2025-05-14T17:01:42.870+0000] {dagbag.py:588} INFO - Filling up the DagBag from /home/airflow/.local/lib/python3.12/site-packages/airflow/example_dags/example_branch_python_dop_operator_3.py
[2025-05-14T17:01:42.897+0000] {processor.py:925} INFO - DAG(s) 'example_branch_dop_operator_v3' retrieved from /home/airflow/.local/lib/python3.12/site-packages/airflow/example_dags/example_branch_python_dop_operator_3.py
[2025-05-14T17:01:42.932+0000] {logging_mixin.py:190} INFO - [2025-05-14T17:01:42.931+0000] {dag.py:3239} INFO - Sync 1 DAGs
[2025-05-14T17:01:42.985+0000] {logging_mixin.py:190} INFO - [2025-05-14T17:01:42.984+0000] {dag.py:4180} INFO - Setting next_dagrun for example_branch_dop_operator_v3 to 2025-05-14 17:00:00+00:00, run_after=2025-05-14 17:01:00+00:00
[2025-05-14T17:01:43.022+0000] {processor.py:208} INFO - Processing /home/airflow/.local/lib/python3.12/site-packages/airflow/example_dags/example_branch_python_dop_operator_3.py took 0.165 seconds
[2025-05-14T17:02:24.447+0000] {processor.py:186} INFO - Started process (PID=356) to work on /home/airflow/.local/lib/python3.12/site-packages/airflow/example_dags/example_branch_python_dop_operator_3.py
[2025-05-14T17:02:24.460+0000] {processor.py:914} INFO - Processing file /home/airflow/.local/lib/python3.12/site-packages/airflow/example_dags/example_branch_python_dop_operator_3.py for tasks to queue
[2025-05-14T17:02:24.470+0000] {logging_mixin.py:190} INFO - [2025-05-14T17:02:24.469+0000] {dagbag.py:588} INFO - Filling up the DagBag from /home/airflow/.local/lib/python3.12/site-packages/airflow/example_dags/example_branch_python_dop_operator_3.py
[2025-05-14T17:02:24.583+0000] {processor.py:925} INFO - DAG(s) 'example_branch_dop_operator_v3' retrieved from /home/airflow/.local/lib/python3.12/site-packages/airflow/example_dags/example_branch_python_dop_operator_3.py
[2025-05-14T17:02:24.701+0000] {logging_mixin.py:190} INFO - [2025-05-14T17:02:24.701+0000] {dag.py:3239} INFO - Sync 1 DAGs
[2025-05-14T17:02:24.941+0000] {logging_mixin.py:190} INFO - [2025-05-14T17:02:24.941+0000] {dag.py:4180} INFO - Setting next_dagrun for example_branch_dop_operator_v3 to 2025-05-14 17:01:00+00:00, run_after=2025-05-14 17:02:00+00:00
[2025-05-14T17:02:25.059+0000] {processor.py:208} INFO - Processing /home/airflow/.local/lib/python3.12/site-packages/airflow/example_dags/example_branch_python_dop_operator_3.py took 0.664 seconds
[2025-05-14T17:06:13.852+0000] {processor.py:186} INFO - Started process (PID=137) to work on /home/airflow/.local/lib/python3.12/site-packages/airflow/example_dags/example_branch_python_dop_operator_3.py
[2025-05-14T17:06:13.857+0000] {processor.py:914} INFO - Processing file /home/airflow/.local/lib/python3.12/site-packages/airflow/example_dags/example_branch_python_dop_operator_3.py for tasks to queue
[2025-05-14T17:06:13.874+0000] {logging_mixin.py:190} INFO - [2025-05-14T17:06:13.873+0000] {dagbag.py:588} INFO - Filling up the DagBag from /home/airflow/.local/lib/python3.12/site-packages/airflow/example_dags/example_branch_python_dop_operator_3.py
[2025-05-14T17:06:14.069+0000] {processor.py:925} INFO - DAG(s) 'example_branch_dop_operator_v3' retrieved from /home/airflow/.local/lib/python3.12/site-packages/airflow/example_dags/example_branch_python_dop_operator_3.py
[2025-05-14T17:06:14.325+0000] {logging_mixin.py:190} INFO - [2025-05-14T17:06:14.323+0000] {dag.py:3239} INFO - Sync 1 DAGs
[2025-05-14T17:06:15.113+0000] {logging_mixin.py:190} INFO - [2025-05-14T17:06:15.109+0000] {dag.py:4180} INFO - Setting next_dagrun for example_branch_dop_operator_v3 to 2025-05-14 17:05:00+00:00, run_after=2025-05-14 17:06:00+00:00
[2025-05-14T17:06:15.233+0000] {processor.py:208} INFO - Processing /home/airflow/.local/lib/python3.12/site-packages/airflow/example_dags/example_branch_python_dop_operator_3.py took 1.414 seconds
[2025-05-14T17:06:51.465+0000] {processor.py:186} INFO - Started process (PID=203) to work on /home/airflow/.local/lib/python3.12/site-packages/airflow/example_dags/example_branch_python_dop_operator_3.py
[2025-05-14T17:06:51.467+0000] {processor.py:914} INFO - Processing file /home/airflow/.local/lib/python3.12/site-packages/airflow/example_dags/example_branch_python_dop_operator_3.py for tasks to queue
[2025-05-14T17:06:51.474+0000] {logging_mixin.py:190} INFO - [2025-05-14T17:06:51.473+0000] {dagbag.py:588} INFO - Filling up the DagBag from /home/airflow/.local/lib/python3.12/site-packages/airflow/example_dags/example_branch_python_dop_operator_3.py
[2025-05-14T17:06:51.504+0000] {processor.py:925} INFO - DAG(s) 'example_branch_dop_operator_v3' retrieved from /home/airflow/.local/lib/python3.12/site-packages/airflow/example_dags/example_branch_python_dop_operator_3.py
[2025-05-14T17:06:51.571+0000] {logging_mixin.py:190} INFO - [2025-05-14T17:06:51.570+0000] {dag.py:3239} INFO - Sync 1 DAGs
[2025-05-14T17:06:51.715+0000] {logging_mixin.py:190} INFO - [2025-05-14T17:06:51.714+0000] {dag.py:4180} INFO - Setting next_dagrun for example_branch_dop_operator_v3 to 2025-05-14 17:05:00+00:00, run_after=2025-05-14 17:06:00+00:00
[2025-05-14T17:06:51.798+0000] {processor.py:208} INFO - Processing /home/airflow/.local/lib/python3.12/site-packages/airflow/example_dags/example_branch_python_dop_operator_3.py took 0.346 seconds
[2025-05-14T17:07:23.938+0000] {processor.py:186} INFO - Started process (PID=269) to work on /home/airflow/.local/lib/python3.12/site-packages/airflow/example_dags/example_branch_python_dop_operator_3.py
[2025-05-14T17:07:23.940+0000] {processor.py:914} INFO - Processing file /home/airflow/.local/lib/python3.12/site-packages/airflow/example_dags/example_branch_python_dop_operator_3.py for tasks to queue
[2025-05-14T17:07:23.944+0000] {logging_mixin.py:190} INFO - [2025-05-14T17:07:23.943+0000] {dagbag.py:588} INFO - Filling up the DagBag from /home/airflow/.local/lib/python3.12/site-packages/airflow/example_dags/example_branch_python_dop_operator_3.py
[2025-05-14T17:07:23.959+0000] {processor.py:925} INFO - DAG(s) 'example_branch_dop_operator_v3' retrieved from /home/airflow/.local/lib/python3.12/site-packages/airflow/example_dags/example_branch_python_dop_operator_3.py
[2025-05-14T17:07:24.004+0000] {logging_mixin.py:190} INFO - [2025-05-14T17:07:24.003+0000] {dag.py:3239} INFO - Sync 1 DAGs
[2025-05-14T17:07:24.065+0000] {logging_mixin.py:190} INFO - [2025-05-14T17:07:24.064+0000] {dag.py:4180} INFO - Setting next_dagrun for example_branch_dop_operator_v3 to 2025-05-14 17:06:00+00:00, run_after=2025-05-14 17:07:00+00:00
[2025-05-14T17:07:24.115+0000] {processor.py:208} INFO - Processing /home/airflow/.local/lib/python3.12/site-packages/airflow/example_dags/example_branch_python_dop_operator_3.py took 0.189 seconds
[2025-05-14T17:07:56.200+0000] {processor.py:186} INFO - Started process (PID=339) to work on /home/airflow/.local/lib/python3.12/site-packages/airflow/example_dags/example_branch_python_dop_operator_3.py
[2025-05-14T17:07:56.202+0000] {processor.py:914} INFO - Processing file /home/airflow/.local/lib/python3.12/site-packages/airflow/example_dags/example_branch_python_dop_operator_3.py for tasks to queue
[2025-05-14T17:07:56.207+0000] {logging_mixin.py:190} INFO - [2025-05-14T17:07:56.207+0000] {dagbag.py:588} INFO - Filling up the DagBag from /home/airflow/.local/lib/python3.12/site-packages/airflow/example_dags/example_branch_python_dop_operator_3.py
[2025-05-14T17:07:56.226+0000] {processor.py:925} INFO - DAG(s) 'example_branch_dop_operator_v3' retrieved from /home/airflow/.local/lib/python3.12/site-packages/airflow/example_dags/example_branch_python_dop_operator_3.py
[2025-05-14T17:07:56.268+0000] {logging_mixin.py:190} INFO - [2025-05-14T17:07:56.267+0000] {dag.py:3239} INFO - Sync 1 DAGs
[2025-05-14T17:07:56.341+0000] {logging_mixin.py:190} INFO - [2025-05-14T17:07:56.340+0000] {dag.py:4180} INFO - Setting next_dagrun for example_branch_dop_operator_v3 to 2025-05-14 17:06:00+00:00, run_after=2025-05-14 17:07:00+00:00
[2025-05-14T17:07:56.398+0000] {processor.py:208} INFO - Processing /home/airflow/.local/lib/python3.12/site-packages/airflow/example_dags/example_branch_python_dop_operator_3.py took 0.207 seconds
[2025-05-14T17:08:29.357+0000] {processor.py:186} INFO - Started process (PID=405) to work on /home/airflow/.local/lib/python3.12/site-packages/airflow/example_dags/example_branch_python_dop_operator_3.py
[2025-05-14T17:08:29.361+0000] {processor.py:914} INFO - Processing file /home/airflow/.local/lib/python3.12/site-packages/airflow/example_dags/example_branch_python_dop_operator_3.py for tasks to queue
[2025-05-14T17:08:29.378+0000] {logging_mixin.py:190} INFO - [2025-05-14T17:08:29.377+0000] {dagbag.py:588} INFO - Filling up the DagBag from /home/airflow/.local/lib/python3.12/site-packages/airflow/example_dags/example_branch_python_dop_operator_3.py
[2025-05-14T17:08:29.435+0000] {processor.py:925} INFO - DAG(s) 'example_branch_dop_operator_v3' retrieved from /home/airflow/.local/lib/python3.12/site-packages/airflow/example_dags/example_branch_python_dop_operator_3.py
[2025-05-14T17:08:29.556+0000] {logging_mixin.py:190} INFO - [2025-05-14T17:08:29.555+0000] {dag.py:3239} INFO - Sync 1 DAGs
[2025-05-14T17:08:29.717+0000] {logging_mixin.py:190} INFO - [2025-05-14T17:08:29.716+0000] {dag.py:4180} INFO - Setting next_dagrun for example_branch_dop_operator_v3 to 2025-05-14 17:07:00+00:00, run_after=2025-05-14 17:08:00+00:00
[2025-05-14T17:08:29.969+0000] {processor.py:208} INFO - Processing /home/airflow/.local/lib/python3.12/site-packages/airflow/example_dags/example_branch_python_dop_operator_3.py took 0.633 seconds
[2025-05-14T17:09:02.003+0000] {processor.py:186} INFO - Started process (PID=472) to work on /home/airflow/.local/lib/python3.12/site-packages/airflow/example_dags/example_branch_python_dop_operator_3.py
[2025-05-14T17:09:02.006+0000] {processor.py:914} INFO - Processing file /home/airflow/.local/lib/python3.12/site-packages/airflow/example_dags/example_branch_python_dop_operator_3.py for tasks to queue
[2025-05-14T17:09:02.014+0000] {logging_mixin.py:190} INFO - [2025-05-14T17:09:02.013+0000] {dagbag.py:588} INFO - Filling up the DagBag from /home/airflow/.local/lib/python3.12/site-packages/airflow/example_dags/example_branch_python_dop_operator_3.py
[2025-05-14T17:09:02.043+0000] {processor.py:925} INFO - DAG(s) 'example_branch_dop_operator_v3' retrieved from /home/airflow/.local/lib/python3.12/site-packages/airflow/example_dags/example_branch_python_dop_operator_3.py
[2025-05-14T17:09:02.113+0000] {logging_mixin.py:190} INFO - [2025-05-14T17:09:02.112+0000] {dag.py:3239} INFO - Sync 1 DAGs
[2025-05-14T17:09:02.200+0000] {logging_mixin.py:190} INFO - [2025-05-14T17:09:02.200+0000] {dag.py:4180} INFO - Setting next_dagrun for example_branch_dop_operator_v3 to 2025-05-14 17:08:00+00:00, run_after=2025-05-14 17:09:00+00:00
[2025-05-14T17:09:02.265+0000] {processor.py:208} INFO - Processing /home/airflow/.local/lib/python3.12/site-packages/airflow/example_dags/example_branch_python_dop_operator_3.py took 0.271 seconds
[2025-05-14T17:09:34.434+0000] {processor.py:186} INFO - Started process (PID=545) to work on /home/airflow/.local/lib/python3.12/site-packages/airflow/example_dags/example_branch_python_dop_operator_3.py
[2025-05-14T17:09:34.436+0000] {processor.py:914} INFO - Processing file /home/airflow/.local/lib/python3.12/site-packages/airflow/example_dags/example_branch_python_dop_operator_3.py for tasks to queue
[2025-05-14T17:09:34.441+0000] {logging_mixin.py:190} INFO - [2025-05-14T17:09:34.440+0000] {dagbag.py:588} INFO - Filling up the DagBag from /home/airflow/.local/lib/python3.12/site-packages/airflow/example_dags/example_branch_python_dop_operator_3.py
[2025-05-14T17:09:34.481+0000] {processor.py:925} INFO - DAG(s) 'example_branch_dop_operator_v3' retrieved from /home/airflow/.local/lib/python3.12/site-packages/airflow/example_dags/example_branch_python_dop_operator_3.py
[2025-05-14T17:09:34.539+0000] {logging_mixin.py:190} INFO - [2025-05-14T17:09:34.539+0000] {dag.py:3239} INFO - Sync 1 DAGs
[2025-05-14T17:09:34.612+0000] {logging_mixin.py:190} INFO - [2025-05-14T17:09:34.609+0000] {dag.py:4180} INFO - Setting next_dagrun for example_branch_dop_operator_v3 to 2025-05-14 17:08:00+00:00, run_after=2025-05-14 17:09:00+00:00
[2025-05-14T17:09:34.715+0000] {processor.py:208} INFO - Processing /home/airflow/.local/lib/python3.12/site-packages/airflow/example_dags/example_branch_python_dop_operator_3.py took 0.297 seconds
[2025-05-14T17:10:05.289+0000] {processor.py:186} INFO - Started process (PID=611) to work on /home/airflow/.local/lib/python3.12/site-packages/airflow/example_dags/example_branch_python_dop_operator_3.py
[2025-05-14T17:10:05.291+0000] {processor.py:914} INFO - Processing file /home/airflow/.local/lib/python3.12/site-packages/airflow/example_dags/example_branch_python_dop_operator_3.py for tasks to queue
[2025-05-14T17:10:05.295+0000] {logging_mixin.py:190} INFO - [2025-05-14T17:10:05.294+0000] {dagbag.py:588} INFO - Filling up the DagBag from /home/airflow/.local/lib/python3.12/site-packages/airflow/example_dags/example_branch_python_dop_operator_3.py
[2025-05-14T17:10:05.312+0000] {processor.py:925} INFO - DAG(s) 'example_branch_dop_operator_v3' retrieved from /home/airflow/.local/lib/python3.12/site-packages/airflow/example_dags/example_branch_python_dop_operator_3.py
[2025-05-14T17:10:05.345+0000] {logging_mixin.py:190} INFO - [2025-05-14T17:10:05.344+0000] {dag.py:3239} INFO - Sync 1 DAGs
[2025-05-14T17:10:05.400+0000] {logging_mixin.py:190} INFO - [2025-05-14T17:10:05.399+0000] {dag.py:4180} INFO - Setting next_dagrun for example_branch_dop_operator_v3 to 2025-05-14 17:09:00+00:00, run_after=2025-05-14 17:10:00+00:00
[2025-05-14T17:10:05.443+0000] {processor.py:208} INFO - Processing /home/airflow/.local/lib/python3.12/site-packages/airflow/example_dags/example_branch_python_dop_operator_3.py took 0.162 seconds
[2025-05-14T17:10:36.058+0000] {processor.py:186} INFO - Started process (PID=677) to work on /home/airflow/.local/lib/python3.12/site-packages/airflow/example_dags/example_branch_python_dop_operator_3.py
[2025-05-14T17:10:36.060+0000] {processor.py:914} INFO - Processing file /home/airflow/.local/lib/python3.12/site-packages/airflow/example_dags/example_branch_python_dop_operator_3.py for tasks to queue
[2025-05-14T17:10:36.065+0000] {logging_mixin.py:190} INFO - [2025-05-14T17:10:36.064+0000] {dagbag.py:588} INFO - Filling up the DagBag from /home/airflow/.local/lib/python3.12/site-packages/airflow/example_dags/example_branch_python_dop_operator_3.py
[2025-05-14T17:10:36.089+0000] {processor.py:925} INFO - DAG(s) 'example_branch_dop_operator_v3' retrieved from /home/airflow/.local/lib/python3.12/site-packages/airflow/example_dags/example_branch_python_dop_operator_3.py
[2025-05-14T17:10:36.137+0000] {logging_mixin.py:190} INFO - [2025-05-14T17:10:36.137+0000] {dag.py:3239} INFO - Sync 1 DAGs
[2025-05-14T17:10:36.204+0000] {logging_mixin.py:190} INFO - [2025-05-14T17:10:36.203+0000] {dag.py:4180} INFO - Setting next_dagrun for example_branch_dop_operator_v3 to 2025-05-14 17:09:00+00:00, run_after=2025-05-14 17:10:00+00:00
[2025-05-14T17:10:36.255+0000] {processor.py:208} INFO - Processing /home/airflow/.local/lib/python3.12/site-packages/airflow/example_dags/example_branch_python_dop_operator_3.py took 0.209 seconds
[2025-05-14T17:11:06.753+0000] {processor.py:186} INFO - Started process (PID=741) to work on /home/airflow/.local/lib/python3.12/site-packages/airflow/example_dags/example_branch_python_dop_operator_3.py
[2025-05-14T17:11:06.755+0000] {processor.py:914} INFO - Processing file /home/airflow/.local/lib/python3.12/site-packages/airflow/example_dags/example_branch_python_dop_operator_3.py for tasks to queue
[2025-05-14T17:11:06.760+0000] {logging_mixin.py:190} INFO - [2025-05-14T17:11:06.759+0000] {dagbag.py:588} INFO - Filling up the DagBag from /home/airflow/.local/lib/python3.12/site-packages/airflow/example_dags/example_branch_python_dop_operator_3.py
[2025-05-14T17:11:06.783+0000] {processor.py:925} INFO - DAG(s) 'example_branch_dop_operator_v3' retrieved from /home/airflow/.local/lib/python3.12/site-packages/airflow/example_dags/example_branch_python_dop_operator_3.py
[2025-05-14T17:11:06.819+0000] {logging_mixin.py:190} INFO - [2025-05-14T17:11:06.819+0000] {dag.py:3239} INFO - Sync 1 DAGs
[2025-05-14T17:11:06.874+0000] {logging_mixin.py:190} INFO - [2025-05-14T17:11:06.874+0000] {dag.py:4180} INFO - Setting next_dagrun for example_branch_dop_operator_v3 to 2025-05-14 17:10:00+00:00, run_after=2025-05-14 17:11:00+00:00
[2025-05-14T17:11:06.913+0000] {processor.py:208} INFO - Processing /home/airflow/.local/lib/python3.12/site-packages/airflow/example_dags/example_branch_python_dop_operator_3.py took 0.169 seconds
[2025-05-14T17:11:37.766+0000] {processor.py:186} INFO - Started process (PID=808) to work on /home/airflow/.local/lib/python3.12/site-packages/airflow/example_dags/example_branch_python_dop_operator_3.py
[2025-05-14T17:11:37.769+0000] {processor.py:914} INFO - Processing file /home/airflow/.local/lib/python3.12/site-packages/airflow/example_dags/example_branch_python_dop_operator_3.py for tasks to queue
[2025-05-14T17:11:37.777+0000] {logging_mixin.py:190} INFO - [2025-05-14T17:11:37.776+0000] {dagbag.py:588} INFO - Filling up the DagBag from /home/airflow/.local/lib/python3.12/site-packages/airflow/example_dags/example_branch_python_dop_operator_3.py
[2025-05-14T17:11:37.805+0000] {processor.py:925} INFO - DAG(s) 'example_branch_dop_operator_v3' retrieved from /home/airflow/.local/lib/python3.12/site-packages/airflow/example_dags/example_branch_python_dop_operator_3.py
[2025-05-14T17:11:37.867+0000] {logging_mixin.py:190} INFO - [2025-05-14T17:11:37.866+0000] {dag.py:3239} INFO - Sync 1 DAGs
[2025-05-14T17:11:37.938+0000] {logging_mixin.py:190} INFO - [2025-05-14T17:11:37.937+0000] {dag.py:4180} INFO - Setting next_dagrun for example_branch_dop_operator_v3 to 2025-05-14 17:10:00+00:00, run_after=2025-05-14 17:11:00+00:00
[2025-05-14T17:11:37.989+0000] {processor.py:208} INFO - Processing /home/airflow/.local/lib/python3.12/site-packages/airflow/example_dags/example_branch_python_dop_operator_3.py took 0.239 seconds
[2025-05-14T17:12:08.436+0000] {processor.py:186} INFO - Started process (PID=873) to work on /home/airflow/.local/lib/python3.12/site-packages/airflow/example_dags/example_branch_python_dop_operator_3.py
[2025-05-14T17:12:08.438+0000] {processor.py:914} INFO - Processing file /home/airflow/.local/lib/python3.12/site-packages/airflow/example_dags/example_branch_python_dop_operator_3.py for tasks to queue
[2025-05-14T17:12:08.443+0000] {logging_mixin.py:190} INFO - [2025-05-14T17:12:08.442+0000] {dagbag.py:588} INFO - Filling up the DagBag from /home/airflow/.local/lib/python3.12/site-packages/airflow/example_dags/example_branch_python_dop_operator_3.py
[2025-05-14T17:12:08.461+0000] {processor.py:925} INFO - DAG(s) 'example_branch_dop_operator_v3' retrieved from /home/airflow/.local/lib/python3.12/site-packages/airflow/example_dags/example_branch_python_dop_operator_3.py
[2025-05-14T17:12:08.502+0000] {logging_mixin.py:190} INFO - [2025-05-14T17:12:08.502+0000] {dag.py:3239} INFO - Sync 1 DAGs
[2025-05-14T17:12:08.548+0000] {logging_mixin.py:190} INFO - [2025-05-14T17:12:08.547+0000] {dag.py:4180} INFO - Setting next_dagrun for example_branch_dop_operator_v3 to 2025-05-14 17:11:00+00:00, run_after=2025-05-14 17:12:00+00:00
[2025-05-14T17:12:08.578+0000] {processor.py:208} INFO - Processing /home/airflow/.local/lib/python3.12/site-packages/airflow/example_dags/example_branch_python_dop_operator_3.py took 0.150 seconds
[2025-05-14T17:12:39.358+0000] {processor.py:186} INFO - Started process (PID=939) to work on /home/airflow/.local/lib/python3.12/site-packages/airflow/example_dags/example_branch_python_dop_operator_3.py
[2025-05-14T17:12:39.359+0000] {processor.py:914} INFO - Processing file /home/airflow/.local/lib/python3.12/site-packages/airflow/example_dags/example_branch_python_dop_operator_3.py for tasks to queue
[2025-05-14T17:12:39.363+0000] {logging_mixin.py:190} INFO - [2025-05-14T17:12:39.363+0000] {dagbag.py:588} INFO - Filling up the DagBag from /home/airflow/.local/lib/python3.12/site-packages/airflow/example_dags/example_branch_python_dop_operator_3.py
[2025-05-14T17:12:39.380+0000] {processor.py:925} INFO - DAG(s) 'example_branch_dop_operator_v3' retrieved from /home/airflow/.local/lib/python3.12/site-packages/airflow/example_dags/example_branch_python_dop_operator_3.py
[2025-05-14T17:12:39.420+0000] {logging_mixin.py:190} INFO - [2025-05-14T17:12:39.419+0000] {dag.py:3239} INFO - Sync 1 DAGs
[2025-05-14T17:12:39.483+0000] {logging_mixin.py:190} INFO - [2025-05-14T17:12:39.483+0000] {dag.py:4180} INFO - Setting next_dagrun for example_branch_dop_operator_v3 to 2025-05-14 17:11:00+00:00, run_after=2025-05-14 17:12:00+00:00
[2025-05-14T17:12:39.528+0000] {processor.py:208} INFO - Processing /home/airflow/.local/lib/python3.12/site-packages/airflow/example_dags/example_branch_python_dop_operator_3.py took 0.182 seconds
[2025-05-14T17:13:09.705+0000] {processor.py:186} INFO - Started process (PID=1006) to work on /home/airflow/.local/lib/python3.12/site-packages/airflow/example_dags/example_branch_python_dop_operator_3.py
[2025-05-14T17:13:09.707+0000] {processor.py:914} INFO - Processing file /home/airflow/.local/lib/python3.12/site-packages/airflow/example_dags/example_branch_python_dop_operator_3.py for tasks to queue
[2025-05-14T17:13:09.712+0000] {logging_mixin.py:190} INFO - [2025-05-14T17:13:09.711+0000] {dagbag.py:588} INFO - Filling up the DagBag from /home/airflow/.local/lib/python3.12/site-packages/airflow/example_dags/example_branch_python_dop_operator_3.py
[2025-05-14T17:13:09.739+0000] {processor.py:925} INFO - DAG(s) 'example_branch_dop_operator_v3' retrieved from /home/airflow/.local/lib/python3.12/site-packages/airflow/example_dags/example_branch_python_dop_operator_3.py
[2025-05-14T17:13:09.773+0000] {logging_mixin.py:190} INFO - [2025-05-14T17:13:09.773+0000] {dag.py:3239} INFO - Sync 1 DAGs
[2025-05-14T17:13:09.826+0000] {logging_mixin.py:190} INFO - [2025-05-14T17:13:09.825+0000] {dag.py:4180} INFO - Setting next_dagrun for example_branch_dop_operator_v3 to 2025-05-14 17:12:00+00:00, run_after=2025-05-14 17:13:00+00:00
[2025-05-14T17:13:09.884+0000] {processor.py:208} INFO - Processing /home/airflow/.local/lib/python3.12/site-packages/airflow/example_dags/example_branch_python_dop_operator_3.py took 0.192 seconds
[2025-05-14T17:13:40.237+0000] {processor.py:186} INFO - Started process (PID=1072) to work on /home/airflow/.local/lib/python3.12/site-packages/airflow/example_dags/example_branch_python_dop_operator_3.py
[2025-05-14T17:13:40.241+0000] {processor.py:914} INFO - Processing file /home/airflow/.local/lib/python3.12/site-packages/airflow/example_dags/example_branch_python_dop_operator_3.py for tasks to queue
[2025-05-14T17:13:40.249+0000] {logging_mixin.py:190} INFO - [2025-05-14T17:13:40.248+0000] {dagbag.py:588} INFO - Filling up the DagBag from /home/airflow/.local/lib/python3.12/site-packages/airflow/example_dags/example_branch_python_dop_operator_3.py
[2025-05-14T17:13:40.299+0000] {processor.py:925} INFO - DAG(s) 'example_branch_dop_operator_v3' retrieved from /home/airflow/.local/lib/python3.12/site-packages/airflow/example_dags/example_branch_python_dop_operator_3.py
[2025-05-14T17:13:40.403+0000] {logging_mixin.py:190} INFO - [2025-05-14T17:13:40.403+0000] {dag.py:3239} INFO - Sync 1 DAGs
[2025-05-14T17:13:40.524+0000] {logging_mixin.py:190} INFO - [2025-05-14T17:13:40.524+0000] {dag.py:4180} INFO - Setting next_dagrun for example_branch_dop_operator_v3 to 2025-05-14 17:12:00+00:00, run_after=2025-05-14 17:13:00+00:00
[2025-05-14T17:13:40.571+0000] {processor.py:208} INFO - Processing /home/airflow/.local/lib/python3.12/site-packages/airflow/example_dags/example_branch_python_dop_operator_3.py took 0.352 seconds
[2025-05-14T17:14:10.824+0000] {processor.py:186} INFO - Started process (PID=1138) to work on /home/airflow/.local/lib/python3.12/site-packages/airflow/example_dags/example_branch_python_dop_operator_3.py
[2025-05-14T17:14:10.826+0000] {processor.py:914} INFO - Processing file /home/airflow/.local/lib/python3.12/site-packages/airflow/example_dags/example_branch_python_dop_operator_3.py for tasks to queue
[2025-05-14T17:14:10.831+0000] {logging_mixin.py:190} INFO - [2025-05-14T17:14:10.831+0000] {dagbag.py:588} INFO - Filling up the DagBag from /home/airflow/.local/lib/python3.12/site-packages/airflow/example_dags/example_branch_python_dop_operator_3.py
[2025-05-14T17:14:10.859+0000] {processor.py:925} INFO - DAG(s) 'example_branch_dop_operator_v3' retrieved from /home/airflow/.local/lib/python3.12/site-packages/airflow/example_dags/example_branch_python_dop_operator_3.py
[2025-05-14T17:14:10.896+0000] {logging_mixin.py:190} INFO - [2025-05-14T17:14:10.895+0000] {dag.py:3239} INFO - Sync 1 DAGs
[2025-05-14T17:14:10.956+0000] {logging_mixin.py:190} INFO - [2025-05-14T17:14:10.956+0000] {dag.py:4180} INFO - Setting next_dagrun for example_branch_dop_operator_v3 to 2025-05-14 17:13:00+00:00, run_after=2025-05-14 17:14:00+00:00
[2025-05-14T17:14:11.033+0000] {processor.py:208} INFO - Processing /home/airflow/.local/lib/python3.12/site-packages/airflow/example_dags/example_branch_python_dop_operator_3.py took 0.222 seconds
[2025-05-14T17:14:41.501+0000] {processor.py:186} INFO - Started process (PID=1204) to work on /home/airflow/.local/lib/python3.12/site-packages/airflow/example_dags/example_branch_python_dop_operator_3.py
[2025-05-14T17:14:41.503+0000] {processor.py:914} INFO - Processing file /home/airflow/.local/lib/python3.12/site-packages/airflow/example_dags/example_branch_python_dop_operator_3.py for tasks to queue
[2025-05-14T17:14:41.508+0000] {logging_mixin.py:190} INFO - [2025-05-14T17:14:41.508+0000] {dagbag.py:588} INFO - Filling up the DagBag from /home/airflow/.local/lib/python3.12/site-packages/airflow/example_dags/example_branch_python_dop_operator_3.py
[2025-05-14T17:14:41.528+0000] {processor.py:925} INFO - DAG(s) 'example_branch_dop_operator_v3' retrieved from /home/airflow/.local/lib/python3.12/site-packages/airflow/example_dags/example_branch_python_dop_operator_3.py
[2025-05-14T17:14:41.559+0000] {logging_mixin.py:190} INFO - [2025-05-14T17:14:41.558+0000] {dag.py:3239} INFO - Sync 1 DAGs
[2025-05-14T17:14:41.607+0000] {logging_mixin.py:190} INFO - [2025-05-14T17:14:41.606+0000] {dag.py:4180} INFO - Setting next_dagrun for example_branch_dop_operator_v3 to 2025-05-14 17:13:00+00:00, run_after=2025-05-14 17:14:00+00:00
[2025-05-14T17:14:41.643+0000] {processor.py:208} INFO - Processing /home/airflow/.local/lib/python3.12/site-packages/airflow/example_dags/example_branch_python_dop_operator_3.py took 0.151 seconds
[2025-05-14T17:15:12.425+0000] {processor.py:186} INFO - Started process (PID=1271) to work on /home/airflow/.local/lib/python3.12/site-packages/airflow/example_dags/example_branch_python_dop_operator_3.py
[2025-05-14T17:15:12.430+0000] {processor.py:914} INFO - Processing file /home/airflow/.local/lib/python3.12/site-packages/airflow/example_dags/example_branch_python_dop_operator_3.py for tasks to queue
[2025-05-14T17:15:12.452+0000] {logging_mixin.py:190} INFO - [2025-05-14T17:15:12.450+0000] {dagbag.py:588} INFO - Filling up the DagBag from /home/airflow/.local/lib/python3.12/site-packages/airflow/example_dags/example_branch_python_dop_operator_3.py
[2025-05-14T17:15:12.491+0000] {processor.py:925} INFO - DAG(s) 'example_branch_dop_operator_v3' retrieved from /home/airflow/.local/lib/python3.12/site-packages/airflow/example_dags/example_branch_python_dop_operator_3.py
[2025-05-14T17:15:12.568+0000] {logging_mixin.py:190} INFO - [2025-05-14T17:15:12.567+0000] {dag.py:3239} INFO - Sync 1 DAGs
[2025-05-14T17:15:12.707+0000] {logging_mixin.py:190} INFO - [2025-05-14T17:15:12.707+0000] {dag.py:4180} INFO - Setting next_dagrun for example_branch_dop_operator_v3 to 2025-05-14 17:14:00+00:00, run_after=2025-05-14 17:15:00+00:00
[2025-05-14T17:15:12.838+0000] {processor.py:208} INFO - Processing /home/airflow/.local/lib/python3.12/site-packages/airflow/example_dags/example_branch_python_dop_operator_3.py took 0.429 seconds
