[2025-05-14T17:00:34.611+0000] {processor.py:186} INFO - Started process (PID=148) to work on /home/airflow/.local/lib/python3.12/site-packages/airflow/example_dags/example_inlet_event_extra.py
[2025-05-14T17:00:34.614+0000] {processor.py:914} INFO - Processing file /home/airflow/.local/lib/python3.12/site-packages/airflow/example_dags/example_inlet_event_extra.py for tasks to queue
[2025-05-14T17:00:34.624+0000] {logging_mixin.py:190} INFO - [2025-05-14T17:00:34.622+0000] {dagbag.py:588} INFO - Filling up the DagBag from /home/airflow/.local/lib/python3.12/site-packages/airflow/example_dags/example_inlet_event_extra.py
[2025-05-14T17:00:37.008+0000] {processor.py:925} INFO - DAG(s) 'read_dataset_event_from_classic', 'read_dataset_event' retrieved from /home/airflow/.local/lib/python3.12/site-packages/airflow/example_dags/example_inlet_event_extra.py
[2025-05-14T17:00:37.079+0000] {logging_mixin.py:190} INFO - [2025-05-14T17:00:37.078+0000] {dag.py:3239} INFO - Sync 2 DAGs
[2025-05-14T17:00:37.197+0000] {logging_mixin.py:190} INFO - [2025-05-14T17:00:37.197+0000] {dag.py:4180} INFO - Setting next_dagrun for read_dataset_event to 2025-05-13 00:00:00+00:00, run_after=2025-05-14 00:00:00+00:00
[2025-05-14T17:00:37.220+0000] {logging_mixin.py:190} INFO - [2025-05-14T17:00:37.220+0000] {dag.py:4180} INFO - Setting next_dagrun for read_dataset_event_from_classic to 2025-05-13 00:00:00+00:00, run_after=2025-05-14 00:00:00+00:00
[2025-05-14T17:00:37.288+0000] {processor.py:208} INFO - Processing /home/airflow/.local/lib/python3.12/site-packages/airflow/example_dags/example_inlet_event_extra.py took 2.689 seconds
[2025-05-14T17:01:09.289+0000] {processor.py:186} INFO - Started process (PID=214) to work on /home/airflow/.local/lib/python3.12/site-packages/airflow/example_dags/example_inlet_event_extra.py
[2025-05-14T17:01:09.290+0000] {processor.py:914} INFO - Processing file /home/airflow/.local/lib/python3.12/site-packages/airflow/example_dags/example_inlet_event_extra.py for tasks to queue
[2025-05-14T17:01:09.297+0000] {logging_mixin.py:190} INFO - [2025-05-14T17:01:09.296+0000] {dagbag.py:588} INFO - Filling up the DagBag from /home/airflow/.local/lib/python3.12/site-packages/airflow/example_dags/example_inlet_event_extra.py
[2025-05-14T17:01:10.736+0000] {processor.py:925} INFO - DAG(s) 'read_dataset_event', 'read_dataset_event_from_classic' retrieved from /home/airflow/.local/lib/python3.12/site-packages/airflow/example_dags/example_inlet_event_extra.py
[2025-05-14T17:01:10.809+0000] {logging_mixin.py:190} INFO - [2025-05-14T17:01:10.808+0000] {dag.py:3239} INFO - Sync 2 DAGs
[2025-05-14T17:01:10.885+0000] {logging_mixin.py:190} INFO - [2025-05-14T17:01:10.884+0000] {dag.py:4180} INFO - Setting next_dagrun for read_dataset_event to 2025-05-13 00:00:00+00:00, run_after=2025-05-14 00:00:00+00:00
[2025-05-14T17:01:10.901+0000] {logging_mixin.py:190} INFO - [2025-05-14T17:01:10.901+0000] {dag.py:4180} INFO - Setting next_dagrun for read_dataset_event_from_classic to 2025-05-13 00:00:00+00:00, run_after=2025-05-14 00:00:00+00:00
[2025-05-14T17:01:10.937+0000] {processor.py:208} INFO - Processing /home/airflow/.local/lib/python3.12/site-packages/airflow/example_dags/example_inlet_event_extra.py took 1.664 seconds
[2025-05-14T17:01:41.562+0000] {processor.py:186} INFO - Started process (PID=281) to work on /home/airflow/.local/lib/python3.12/site-packages/airflow/example_dags/example_inlet_event_extra.py
[2025-05-14T17:01:41.563+0000] {processor.py:914} INFO - Processing file /home/airflow/.local/lib/python3.12/site-packages/airflow/example_dags/example_inlet_event_extra.py for tasks to queue
[2025-05-14T17:01:41.567+0000] {logging_mixin.py:190} INFO - [2025-05-14T17:01:41.566+0000] {dagbag.py:588} INFO - Filling up the DagBag from /home/airflow/.local/lib/python3.12/site-packages/airflow/example_dags/example_inlet_event_extra.py
[2025-05-14T17:01:42.533+0000] {processor.py:925} INFO - DAG(s) 'read_dataset_event', 'read_dataset_event_from_classic' retrieved from /home/airflow/.local/lib/python3.12/site-packages/airflow/example_dags/example_inlet_event_extra.py
[2025-05-14T17:01:42.590+0000] {logging_mixin.py:190} INFO - [2025-05-14T17:01:42.589+0000] {dag.py:3239} INFO - Sync 2 DAGs
[2025-05-14T17:01:42.644+0000] {logging_mixin.py:190} INFO - [2025-05-14T17:01:42.643+0000] {dag.py:4180} INFO - Setting next_dagrun for read_dataset_event to 2025-05-13 00:00:00+00:00, run_after=2025-05-14 00:00:00+00:00
[2025-05-14T17:01:42.654+0000] {logging_mixin.py:190} INFO - [2025-05-14T17:01:42.653+0000] {dag.py:4180} INFO - Setting next_dagrun for read_dataset_event_from_classic to 2025-05-13 00:00:00+00:00, run_after=2025-05-14 00:00:00+00:00
[2025-05-14T17:01:42.699+0000] {processor.py:208} INFO - Processing /home/airflow/.local/lib/python3.12/site-packages/airflow/example_dags/example_inlet_event_extra.py took 1.147 seconds
[2025-05-14T17:02:17.407+0000] {processor.py:186} INFO - Started process (PID=347) to work on /home/airflow/.local/lib/python3.12/site-packages/airflow/example_dags/example_inlet_event_extra.py
[2025-05-14T17:02:17.430+0000] {processor.py:914} INFO - Processing file /home/airflow/.local/lib/python3.12/site-packages/airflow/example_dags/example_inlet_event_extra.py for tasks to queue
[2025-05-14T17:02:17.481+0000] {logging_mixin.py:190} INFO - [2025-05-14T17:02:17.470+0000] {dagbag.py:588} INFO - Filling up the DagBag from /home/airflow/.local/lib/python3.12/site-packages/airflow/example_dags/example_inlet_event_extra.py
[2025-05-14T17:02:22.384+0000] {processor.py:925} INFO - DAG(s) 'read_dataset_event', 'read_dataset_event_from_classic' retrieved from /home/airflow/.local/lib/python3.12/site-packages/airflow/example_dags/example_inlet_event_extra.py
[2025-05-14T17:02:22.634+0000] {logging_mixin.py:190} INFO - [2025-05-14T17:02:22.620+0000] {dag.py:3239} INFO - Sync 2 DAGs
[2025-05-14T17:02:22.852+0000] {logging_mixin.py:190} INFO - [2025-05-14T17:02:22.851+0000] {dag.py:4180} INFO - Setting next_dagrun for read_dataset_event to 2025-05-13 00:00:00+00:00, run_after=2025-05-14 00:00:00+00:00
[2025-05-14T17:02:22.900+0000] {logging_mixin.py:190} INFO - [2025-05-14T17:02:22.899+0000] {dag.py:4180} INFO - Setting next_dagrun for read_dataset_event_from_classic to 2025-05-13 00:00:00+00:00, run_after=2025-05-14 00:00:00+00:00
[2025-05-14T17:02:22.994+0000] {processor.py:208} INFO - Processing /home/airflow/.local/lib/python3.12/site-packages/airflow/example_dags/example_inlet_event_extra.py took 5.656 seconds
[2025-05-14T17:06:08.193+0000] {processor.py:186} INFO - Started process (PID=134) to work on /home/airflow/.local/lib/python3.12/site-packages/airflow/example_dags/example_inlet_event_extra.py
[2025-05-14T17:06:08.201+0000] {processor.py:914} INFO - Processing file /home/airflow/.local/lib/python3.12/site-packages/airflow/example_dags/example_inlet_event_extra.py for tasks to queue
[2025-05-14T17:06:08.225+0000] {logging_mixin.py:190} INFO - [2025-05-14T17:06:08.224+0000] {dagbag.py:588} INFO - Filling up the DagBag from /home/airflow/.local/lib/python3.12/site-packages/airflow/example_dags/example_inlet_event_extra.py
[2025-05-14T17:06:12.635+0000] {processor.py:925} INFO - DAG(s) 'read_dataset_event_from_classic', 'read_dataset_event' retrieved from /home/airflow/.local/lib/python3.12/site-packages/airflow/example_dags/example_inlet_event_extra.py
[2025-05-14T17:06:12.937+0000] {logging_mixin.py:190} INFO - [2025-05-14T17:06:12.936+0000] {dag.py:3239} INFO - Sync 2 DAGs
[2025-05-14T17:06:13.300+0000] {logging_mixin.py:190} INFO - [2025-05-14T17:06:13.300+0000] {dag.py:4180} INFO - Setting next_dagrun for read_dataset_event to 2025-05-13 00:00:00+00:00, run_after=2025-05-14 00:00:00+00:00
[2025-05-14T17:06:13.388+0000] {logging_mixin.py:190} INFO - [2025-05-14T17:06:13.387+0000] {dag.py:4180} INFO - Setting next_dagrun for read_dataset_event_from_classic to 2025-05-13 00:00:00+00:00, run_after=2025-05-14 00:00:00+00:00
[2025-05-14T17:06:13.524+0000] {processor.py:208} INFO - Processing /home/airflow/.local/lib/python3.12/site-packages/airflow/example_dags/example_inlet_event_extra.py took 5.373 seconds
[2025-05-14T17:06:47.300+0000] {processor.py:186} INFO - Started process (PID=200) to work on /home/airflow/.local/lib/python3.12/site-packages/airflow/example_dags/example_inlet_event_extra.py
[2025-05-14T17:06:47.308+0000] {processor.py:914} INFO - Processing file /home/airflow/.local/lib/python3.12/site-packages/airflow/example_dags/example_inlet_event_extra.py for tasks to queue
[2025-05-14T17:06:47.348+0000] {logging_mixin.py:190} INFO - [2025-05-14T17:06:47.323+0000] {dagbag.py:588} INFO - Filling up the DagBag from /home/airflow/.local/lib/python3.12/site-packages/airflow/example_dags/example_inlet_event_extra.py
[2025-05-14T17:06:50.947+0000] {processor.py:925} INFO - DAG(s) 'read_dataset_event', 'read_dataset_event_from_classic' retrieved from /home/airflow/.local/lib/python3.12/site-packages/airflow/example_dags/example_inlet_event_extra.py
[2025-05-14T17:06:51.014+0000] {logging_mixin.py:190} INFO - [2025-05-14T17:06:51.013+0000] {dag.py:3239} INFO - Sync 2 DAGs
[2025-05-14T17:06:51.102+0000] {logging_mixin.py:190} INFO - [2025-05-14T17:06:51.102+0000] {dag.py:4180} INFO - Setting next_dagrun for read_dataset_event to 2025-05-13 00:00:00+00:00, run_after=2025-05-14 00:00:00+00:00
[2025-05-14T17:06:51.146+0000] {logging_mixin.py:190} INFO - [2025-05-14T17:06:51.144+0000] {dag.py:4180} INFO - Setting next_dagrun for read_dataset_event_from_classic to 2025-05-13 00:00:00+00:00, run_after=2025-05-14 00:00:00+00:00
[2025-05-14T17:06:51.192+0000] {processor.py:208} INFO - Processing /home/airflow/.local/lib/python3.12/site-packages/airflow/example_dags/example_inlet_event_extra.py took 3.931 seconds
[2025-05-14T17:07:22.048+0000] {processor.py:186} INFO - Started process (PID=266) to work on /home/airflow/.local/lib/python3.12/site-packages/airflow/example_dags/example_inlet_event_extra.py
[2025-05-14T17:07:22.050+0000] {processor.py:914} INFO - Processing file /home/airflow/.local/lib/python3.12/site-packages/airflow/example_dags/example_inlet_event_extra.py for tasks to queue
[2025-05-14T17:07:22.054+0000] {logging_mixin.py:190} INFO - [2025-05-14T17:07:22.054+0000] {dagbag.py:588} INFO - Filling up the DagBag from /home/airflow/.local/lib/python3.12/site-packages/airflow/example_dags/example_inlet_event_extra.py
[2025-05-14T17:07:23.472+0000] {processor.py:925} INFO - DAG(s) 'read_dataset_event_from_classic', 'read_dataset_event' retrieved from /home/airflow/.local/lib/python3.12/site-packages/airflow/example_dags/example_inlet_event_extra.py
[2025-05-14T17:07:23.583+0000] {logging_mixin.py:190} INFO - [2025-05-14T17:07:23.583+0000] {dag.py:3239} INFO - Sync 2 DAGs
[2025-05-14T17:07:23.672+0000] {logging_mixin.py:190} INFO - [2025-05-14T17:07:23.672+0000] {dag.py:4180} INFO - Setting next_dagrun for read_dataset_event to 2025-05-13 00:00:00+00:00, run_after=2025-05-14 00:00:00+00:00
[2025-05-14T17:07:23.688+0000] {logging_mixin.py:190} INFO - [2025-05-14T17:07:23.687+0000] {dag.py:4180} INFO - Setting next_dagrun for read_dataset_event_from_classic to 2025-05-13 00:00:00+00:00, run_after=2025-05-14 00:00:00+00:00
[2025-05-14T17:07:23.728+0000] {processor.py:208} INFO - Processing /home/airflow/.local/lib/python3.12/site-packages/airflow/example_dags/example_inlet_event_extra.py took 1.688 seconds
[2025-05-14T17:07:54.231+0000] {processor.py:186} INFO - Started process (PID=334) to work on /home/airflow/.local/lib/python3.12/site-packages/airflow/example_dags/example_inlet_event_extra.py
[2025-05-14T17:07:54.236+0000] {processor.py:914} INFO - Processing file /home/airflow/.local/lib/python3.12/site-packages/airflow/example_dags/example_inlet_event_extra.py for tasks to queue
[2025-05-14T17:07:54.246+0000] {logging_mixin.py:190} INFO - [2025-05-14T17:07:54.245+0000] {dagbag.py:588} INFO - Filling up the DagBag from /home/airflow/.local/lib/python3.12/site-packages/airflow/example_dags/example_inlet_event_extra.py
[2025-05-14T17:07:55.506+0000] {processor.py:925} INFO - DAG(s) 'read_dataset_event', 'read_dataset_event_from_classic' retrieved from /home/airflow/.local/lib/python3.12/site-packages/airflow/example_dags/example_inlet_event_extra.py
[2025-05-14T17:07:55.547+0000] {logging_mixin.py:190} INFO - [2025-05-14T17:07:55.547+0000] {dag.py:3239} INFO - Sync 2 DAGs
[2025-05-14T17:07:55.603+0000] {logging_mixin.py:190} INFO - [2025-05-14T17:07:55.602+0000] {dag.py:4180} INFO - Setting next_dagrun for read_dataset_event to 2025-05-13 00:00:00+00:00, run_after=2025-05-14 00:00:00+00:00
[2025-05-14T17:07:55.612+0000] {logging_mixin.py:190} INFO - [2025-05-14T17:07:55.612+0000] {dag.py:4180} INFO - Setting next_dagrun for read_dataset_event_from_classic to 2025-05-13 00:00:00+00:00, run_after=2025-05-14 00:00:00+00:00
[2025-05-14T17:07:55.659+0000] {processor.py:208} INFO - Processing /home/airflow/.local/lib/python3.12/site-packages/airflow/example_dags/example_inlet_event_extra.py took 1.451 seconds
[2025-05-14T17:08:26.088+0000] {processor.py:186} INFO - Started process (PID=400) to work on /home/airflow/.local/lib/python3.12/site-packages/airflow/example_dags/example_inlet_event_extra.py
[2025-05-14T17:08:26.090+0000] {processor.py:914} INFO - Processing file /home/airflow/.local/lib/python3.12/site-packages/airflow/example_dags/example_inlet_event_extra.py for tasks to queue
[2025-05-14T17:08:26.095+0000] {logging_mixin.py:190} INFO - [2025-05-14T17:08:26.095+0000] {dagbag.py:588} INFO - Filling up the DagBag from /home/airflow/.local/lib/python3.12/site-packages/airflow/example_dags/example_inlet_event_extra.py
[2025-05-14T17:08:27.917+0000] {processor.py:925} INFO - DAG(s) 'read_dataset_event', 'read_dataset_event_from_classic' retrieved from /home/airflow/.local/lib/python3.12/site-packages/airflow/example_dags/example_inlet_event_extra.py
[2025-05-14T17:08:27.983+0000] {logging_mixin.py:190} INFO - [2025-05-14T17:08:27.982+0000] {dag.py:3239} INFO - Sync 2 DAGs
[2025-05-14T17:08:28.075+0000] {logging_mixin.py:190} INFO - [2025-05-14T17:08:28.074+0000] {dag.py:4180} INFO - Setting next_dagrun for read_dataset_event to 2025-05-13 00:00:00+00:00, run_after=2025-05-14 00:00:00+00:00
[2025-05-14T17:08:28.096+0000] {logging_mixin.py:190} INFO - [2025-05-14T17:08:28.096+0000] {dag.py:4180} INFO - Setting next_dagrun for read_dataset_event_from_classic to 2025-05-13 00:00:00+00:00, run_after=2025-05-14 00:00:00+00:00
[2025-05-14T17:08:28.166+0000] {processor.py:208} INFO - Processing /home/airflow/.local/lib/python3.12/site-packages/airflow/example_dags/example_inlet_event_extra.py took 2.096 seconds
[2025-05-14T17:08:58.728+0000] {processor.py:186} INFO - Started process (PID=466) to work on /home/airflow/.local/lib/python3.12/site-packages/airflow/example_dags/example_inlet_event_extra.py
[2025-05-14T17:08:58.730+0000] {processor.py:914} INFO - Processing file /home/airflow/.local/lib/python3.12/site-packages/airflow/example_dags/example_inlet_event_extra.py for tasks to queue
[2025-05-14T17:08:58.735+0000] {logging_mixin.py:190} INFO - [2025-05-14T17:08:58.734+0000] {dagbag.py:588} INFO - Filling up the DagBag from /home/airflow/.local/lib/python3.12/site-packages/airflow/example_dags/example_inlet_event_extra.py
[2025-05-14T17:09:00.535+0000] {processor.py:925} INFO - DAG(s) 'read_dataset_event_from_classic', 'read_dataset_event' retrieved from /home/airflow/.local/lib/python3.12/site-packages/airflow/example_dags/example_inlet_event_extra.py
[2025-05-14T17:09:00.766+0000] {logging_mixin.py:190} INFO - [2025-05-14T17:09:00.765+0000] {dag.py:3239} INFO - Sync 2 DAGs
[2025-05-14T17:09:00.979+0000] {logging_mixin.py:190} INFO - [2025-05-14T17:09:00.978+0000] {dag.py:4180} INFO - Setting next_dagrun for read_dataset_event to 2025-05-13 00:00:00+00:00, run_after=2025-05-14 00:00:00+00:00
[2025-05-14T17:09:01.018+0000] {logging_mixin.py:190} INFO - [2025-05-14T17:09:01.016+0000] {dag.py:4180} INFO - Setting next_dagrun for read_dataset_event_from_classic to 2025-05-13 00:00:00+00:00, run_after=2025-05-14 00:00:00+00:00
[2025-05-14T17:09:01.108+0000] {processor.py:208} INFO - Processing /home/airflow/.local/lib/python3.12/site-packages/airflow/example_dags/example_inlet_event_extra.py took 2.398 seconds
[2025-05-14T17:09:31.573+0000] {processor.py:186} INFO - Started process (PID=533) to work on /home/airflow/.local/lib/python3.12/site-packages/airflow/example_dags/example_inlet_event_extra.py
[2025-05-14T17:09:31.578+0000] {processor.py:914} INFO - Processing file /home/airflow/.local/lib/python3.12/site-packages/airflow/example_dags/example_inlet_event_extra.py for tasks to queue
[2025-05-14T17:09:31.583+0000] {logging_mixin.py:190} INFO - [2025-05-14T17:09:31.582+0000] {dagbag.py:588} INFO - Filling up the DagBag from /home/airflow/.local/lib/python3.12/site-packages/airflow/example_dags/example_inlet_event_extra.py
[2025-05-14T17:09:32.752+0000] {processor.py:925} INFO - DAG(s) 'read_dataset_event', 'read_dataset_event_from_classic' retrieved from /home/airflow/.local/lib/python3.12/site-packages/airflow/example_dags/example_inlet_event_extra.py
[2025-05-14T17:09:32.814+0000] {logging_mixin.py:190} INFO - [2025-05-14T17:09:32.814+0000] {dag.py:3239} INFO - Sync 2 DAGs
[2025-05-14T17:09:32.872+0000] {logging_mixin.py:190} INFO - [2025-05-14T17:09:32.871+0000] {dag.py:4180} INFO - Setting next_dagrun for read_dataset_event to 2025-05-13 00:00:00+00:00, run_after=2025-05-14 00:00:00+00:00
[2025-05-14T17:09:32.887+0000] {logging_mixin.py:190} INFO - [2025-05-14T17:09:32.886+0000] {dag.py:4180} INFO - Setting next_dagrun for read_dataset_event_from_classic to 2025-05-13 00:00:00+00:00, run_after=2025-05-14 00:00:00+00:00
[2025-05-14T17:09:32.922+0000] {processor.py:208} INFO - Processing /home/airflow/.local/lib/python3.12/site-packages/airflow/example_dags/example_inlet_event_extra.py took 1.368 seconds
[2025-05-14T17:10:03.117+0000] {processor.py:186} INFO - Started process (PID=600) to work on /home/airflow/.local/lib/python3.12/site-packages/airflow/example_dags/example_inlet_event_extra.py
[2025-05-14T17:10:03.118+0000] {processor.py:914} INFO - Processing file /home/airflow/.local/lib/python3.12/site-packages/airflow/example_dags/example_inlet_event_extra.py for tasks to queue
[2025-05-14T17:10:03.121+0000] {logging_mixin.py:190} INFO - [2025-05-14T17:10:03.121+0000] {dagbag.py:588} INFO - Filling up the DagBag from /home/airflow/.local/lib/python3.12/site-packages/airflow/example_dags/example_inlet_event_extra.py
[2025-05-14T17:10:03.878+0000] {processor.py:925} INFO - DAG(s) 'read_dataset_event_from_classic', 'read_dataset_event' retrieved from /home/airflow/.local/lib/python3.12/site-packages/airflow/example_dags/example_inlet_event_extra.py
[2025-05-14T17:10:03.909+0000] {logging_mixin.py:190} INFO - [2025-05-14T17:10:03.909+0000] {dag.py:3239} INFO - Sync 2 DAGs
[2025-05-14T17:10:03.950+0000] {logging_mixin.py:190} INFO - [2025-05-14T17:10:03.950+0000] {dag.py:4180} INFO - Setting next_dagrun for read_dataset_event to 2025-05-13 00:00:00+00:00, run_after=2025-05-14 00:00:00+00:00
[2025-05-14T17:10:03.959+0000] {logging_mixin.py:190} INFO - [2025-05-14T17:10:03.959+0000] {dag.py:4180} INFO - Setting next_dagrun for read_dataset_event_from_classic to 2025-05-13 00:00:00+00:00, run_after=2025-05-14 00:00:00+00:00
[2025-05-14T17:10:03.985+0000] {processor.py:208} INFO - Processing /home/airflow/.local/lib/python3.12/site-packages/airflow/example_dags/example_inlet_event_extra.py took 0.876 seconds
[2025-05-14T17:10:34.704+0000] {processor.py:186} INFO - Started process (PID=673) to work on /home/airflow/.local/lib/python3.12/site-packages/airflow/example_dags/example_inlet_event_extra.py
[2025-05-14T17:10:34.706+0000] {processor.py:914} INFO - Processing file /home/airflow/.local/lib/python3.12/site-packages/airflow/example_dags/example_inlet_event_extra.py for tasks to queue
[2025-05-14T17:10:34.711+0000] {logging_mixin.py:190} INFO - [2025-05-14T17:10:34.710+0000] {dagbag.py:588} INFO - Filling up the DagBag from /home/airflow/.local/lib/python3.12/site-packages/airflow/example_dags/example_inlet_event_extra.py
[2025-05-14T17:10:35.450+0000] {processor.py:925} INFO - DAG(s) 'read_dataset_event', 'read_dataset_event_from_classic' retrieved from /home/airflow/.local/lib/python3.12/site-packages/airflow/example_dags/example_inlet_event_extra.py
[2025-05-14T17:10:35.482+0000] {logging_mixin.py:190} INFO - [2025-05-14T17:10:35.482+0000] {dag.py:3239} INFO - Sync 2 DAGs
[2025-05-14T17:10:35.522+0000] {logging_mixin.py:190} INFO - [2025-05-14T17:10:35.521+0000] {dag.py:4180} INFO - Setting next_dagrun for read_dataset_event to 2025-05-13 00:00:00+00:00, run_after=2025-05-14 00:00:00+00:00
[2025-05-14T17:10:35.531+0000] {logging_mixin.py:190} INFO - [2025-05-14T17:10:35.530+0000] {dag.py:4180} INFO - Setting next_dagrun for read_dataset_event_from_classic to 2025-05-13 00:00:00+00:00, run_after=2025-05-14 00:00:00+00:00
[2025-05-14T17:10:35.556+0000] {processor.py:208} INFO - Processing /home/airflow/.local/lib/python3.12/site-packages/airflow/example_dags/example_inlet_event_extra.py took 0.868 seconds
[2025-05-14T17:11:05.707+0000] {processor.py:186} INFO - Started process (PID=738) to work on /home/airflow/.local/lib/python3.12/site-packages/airflow/example_dags/example_inlet_event_extra.py
[2025-05-14T17:11:05.709+0000] {processor.py:914} INFO - Processing file /home/airflow/.local/lib/python3.12/site-packages/airflow/example_dags/example_inlet_event_extra.py for tasks to queue
[2025-05-14T17:11:05.713+0000] {logging_mixin.py:190} INFO - [2025-05-14T17:11:05.712+0000] {dagbag.py:588} INFO - Filling up the DagBag from /home/airflow/.local/lib/python3.12/site-packages/airflow/example_dags/example_inlet_event_extra.py
[2025-05-14T17:11:06.405+0000] {processor.py:925} INFO - DAG(s) 'read_dataset_event', 'read_dataset_event_from_classic' retrieved from /home/airflow/.local/lib/python3.12/site-packages/airflow/example_dags/example_inlet_event_extra.py
[2025-05-14T17:11:06.442+0000] {logging_mixin.py:190} INFO - [2025-05-14T17:11:06.442+0000] {dag.py:3239} INFO - Sync 2 DAGs
[2025-05-14T17:11:06.478+0000] {logging_mixin.py:190} INFO - [2025-05-14T17:11:06.478+0000] {dag.py:4180} INFO - Setting next_dagrun for read_dataset_event to 2025-05-13 00:00:00+00:00, run_after=2025-05-14 00:00:00+00:00
[2025-05-14T17:11:06.488+0000] {logging_mixin.py:190} INFO - [2025-05-14T17:11:06.487+0000] {dag.py:4180} INFO - Setting next_dagrun for read_dataset_event_from_classic to 2025-05-13 00:00:00+00:00, run_after=2025-05-14 00:00:00+00:00
[2025-05-14T17:11:06.514+0000] {processor.py:208} INFO - Processing /home/airflow/.local/lib/python3.12/site-packages/airflow/example_dags/example_inlet_event_extra.py took 0.814 seconds
[2025-05-14T17:11:37.231+0000] {processor.py:186} INFO - Started process (PID=806) to work on /home/airflow/.local/lib/python3.12/site-packages/airflow/example_dags/example_inlet_event_extra.py
[2025-05-14T17:11:37.233+0000] {processor.py:914} INFO - Processing file /home/airflow/.local/lib/python3.12/site-packages/airflow/example_dags/example_inlet_event_extra.py for tasks to queue
[2025-05-14T17:11:37.239+0000] {logging_mixin.py:190} INFO - [2025-05-14T17:11:37.238+0000] {dagbag.py:588} INFO - Filling up the DagBag from /home/airflow/.local/lib/python3.12/site-packages/airflow/example_dags/example_inlet_event_extra.py
[2025-05-14T17:11:38.599+0000] {processor.py:925} INFO - DAG(s) 'read_dataset_event_from_classic', 'read_dataset_event' retrieved from /home/airflow/.local/lib/python3.12/site-packages/airflow/example_dags/example_inlet_event_extra.py
[2025-05-14T17:11:38.667+0000] {logging_mixin.py:190} INFO - [2025-05-14T17:11:38.666+0000] {dag.py:3239} INFO - Sync 2 DAGs
[2025-05-14T17:11:38.794+0000] {logging_mixin.py:190} INFO - [2025-05-14T17:11:38.793+0000] {dag.py:4180} INFO - Setting next_dagrun for read_dataset_event to 2025-05-13 00:00:00+00:00, run_after=2025-05-14 00:00:00+00:00
[2025-05-14T17:11:38.811+0000] {logging_mixin.py:190} INFO - [2025-05-14T17:11:38.811+0000] {dag.py:4180} INFO - Setting next_dagrun for read_dataset_event_from_classic to 2025-05-13 00:00:00+00:00, run_after=2025-05-14 00:00:00+00:00
[2025-05-14T17:11:38.863+0000] {processor.py:208} INFO - Processing /home/airflow/.local/lib/python3.12/site-packages/airflow/example_dags/example_inlet_event_extra.py took 1.643 seconds
[2025-05-14T17:12:09.833+0000] {processor.py:186} INFO - Started process (PID=876) to work on /home/airflow/.local/lib/python3.12/site-packages/airflow/example_dags/example_inlet_event_extra.py
[2025-05-14T17:12:09.836+0000] {processor.py:914} INFO - Processing file /home/airflow/.local/lib/python3.12/site-packages/airflow/example_dags/example_inlet_event_extra.py for tasks to queue
[2025-05-14T17:12:09.851+0000] {logging_mixin.py:190} INFO - [2025-05-14T17:12:09.850+0000] {dagbag.py:588} INFO - Filling up the DagBag from /home/airflow/.local/lib/python3.12/site-packages/airflow/example_dags/example_inlet_event_extra.py
[2025-05-14T17:12:11.495+0000] {processor.py:925} INFO - DAG(s) 'read_dataset_event_from_classic', 'read_dataset_event' retrieved from /home/airflow/.local/lib/python3.12/site-packages/airflow/example_dags/example_inlet_event_extra.py
[2025-05-14T17:12:11.548+0000] {logging_mixin.py:190} INFO - [2025-05-14T17:12:11.547+0000] {dag.py:3239} INFO - Sync 2 DAGs
[2025-05-14T17:12:11.620+0000] {logging_mixin.py:190} INFO - [2025-05-14T17:12:11.620+0000] {dag.py:4180} INFO - Setting next_dagrun for read_dataset_event to 2025-05-13 00:00:00+00:00, run_after=2025-05-14 00:00:00+00:00
[2025-05-14T17:12:11.635+0000] {logging_mixin.py:190} INFO - [2025-05-14T17:12:11.635+0000] {dag.py:4180} INFO - Setting next_dagrun for read_dataset_event_from_classic to 2025-05-13 00:00:00+00:00, run_after=2025-05-14 00:00:00+00:00
[2025-05-14T17:12:11.682+0000] {processor.py:208} INFO - Processing /home/airflow/.local/lib/python3.12/site-packages/airflow/example_dags/example_inlet_event_extra.py took 1.871 seconds
[2025-05-14T17:12:42.528+0000] {processor.py:186} INFO - Started process (PID=945) to work on /home/airflow/.local/lib/python3.12/site-packages/airflow/example_dags/example_inlet_event_extra.py
[2025-05-14T17:12:42.531+0000] {processor.py:914} INFO - Processing file /home/airflow/.local/lib/python3.12/site-packages/airflow/example_dags/example_inlet_event_extra.py for tasks to queue
[2025-05-14T17:12:42.539+0000] {logging_mixin.py:190} INFO - [2025-05-14T17:12:42.537+0000] {dagbag.py:588} INFO - Filling up the DagBag from /home/airflow/.local/lib/python3.12/site-packages/airflow/example_dags/example_inlet_event_extra.py
[2025-05-14T17:12:44.446+0000] {processor.py:925} INFO - DAG(s) 'read_dataset_event_from_classic', 'read_dataset_event' retrieved from /home/airflow/.local/lib/python3.12/site-packages/airflow/example_dags/example_inlet_event_extra.py
[2025-05-14T17:12:44.495+0000] {logging_mixin.py:190} INFO - [2025-05-14T17:12:44.494+0000] {dag.py:3239} INFO - Sync 2 DAGs
[2025-05-14T17:12:44.567+0000] {logging_mixin.py:190} INFO - [2025-05-14T17:12:44.566+0000] {dag.py:4180} INFO - Setting next_dagrun for read_dataset_event to 2025-05-13 00:00:00+00:00, run_after=2025-05-14 00:00:00+00:00
[2025-05-14T17:12:44.581+0000] {logging_mixin.py:190} INFO - [2025-05-14T17:12:44.581+0000] {dag.py:4180} INFO - Setting next_dagrun for read_dataset_event_from_classic to 2025-05-13 00:00:00+00:00, run_after=2025-05-14 00:00:00+00:00
[2025-05-14T17:12:44.621+0000] {processor.py:208} INFO - Processing /home/airflow/.local/lib/python3.12/site-packages/airflow/example_dags/example_inlet_event_extra.py took 2.108 seconds
[2025-05-14T17:13:14.978+0000] {processor.py:186} INFO - Started process (PID=1014) to work on /home/airflow/.local/lib/python3.12/site-packages/airflow/example_dags/example_inlet_event_extra.py
[2025-05-14T17:13:14.981+0000] {processor.py:914} INFO - Processing file /home/airflow/.local/lib/python3.12/site-packages/airflow/example_dags/example_inlet_event_extra.py for tasks to queue
[2025-05-14T17:13:14.985+0000] {logging_mixin.py:190} INFO - [2025-05-14T17:13:14.984+0000] {dagbag.py:588} INFO - Filling up the DagBag from /home/airflow/.local/lib/python3.12/site-packages/airflow/example_dags/example_inlet_event_extra.py
[2025-05-14T17:13:16.242+0000] {processor.py:925} INFO - DAG(s) 'read_dataset_event', 'read_dataset_event_from_classic' retrieved from /home/airflow/.local/lib/python3.12/site-packages/airflow/example_dags/example_inlet_event_extra.py
[2025-05-14T17:13:16.298+0000] {logging_mixin.py:190} INFO - [2025-05-14T17:13:16.297+0000] {dag.py:3239} INFO - Sync 2 DAGs
[2025-05-14T17:13:16.495+0000] {logging_mixin.py:190} INFO - [2025-05-14T17:13:16.494+0000] {dag.py:4180} INFO - Setting next_dagrun for read_dataset_event to 2025-05-13 00:00:00+00:00, run_after=2025-05-14 00:00:00+00:00
[2025-05-14T17:13:16.528+0000] {logging_mixin.py:190} INFO - [2025-05-14T17:13:16.527+0000] {dag.py:4180} INFO - Setting next_dagrun for read_dataset_event_from_classic to 2025-05-13 00:00:00+00:00, run_after=2025-05-14 00:00:00+00:00
[2025-05-14T17:13:16.598+0000] {processor.py:208} INFO - Processing /home/airflow/.local/lib/python3.12/site-packages/airflow/example_dags/example_inlet_event_extra.py took 1.630 seconds
[2025-05-14T17:13:47.656+0000] {processor.py:186} INFO - Started process (PID=1086) to work on /home/airflow/.local/lib/python3.12/site-packages/airflow/example_dags/example_inlet_event_extra.py
[2025-05-14T17:13:47.657+0000] {processor.py:914} INFO - Processing file /home/airflow/.local/lib/python3.12/site-packages/airflow/example_dags/example_inlet_event_extra.py for tasks to queue
[2025-05-14T17:13:47.661+0000] {logging_mixin.py:190} INFO - [2025-05-14T17:13:47.661+0000] {dagbag.py:588} INFO - Filling up the DagBag from /home/airflow/.local/lib/python3.12/site-packages/airflow/example_dags/example_inlet_event_extra.py
[2025-05-14T17:13:48.385+0000] {processor.py:925} INFO - DAG(s) 'read_dataset_event', 'read_dataset_event_from_classic' retrieved from /home/airflow/.local/lib/python3.12/site-packages/airflow/example_dags/example_inlet_event_extra.py
[2025-05-14T17:13:48.414+0000] {logging_mixin.py:190} INFO - [2025-05-14T17:13:48.414+0000] {dag.py:3239} INFO - Sync 2 DAGs
[2025-05-14T17:13:48.453+0000] {logging_mixin.py:190} INFO - [2025-05-14T17:13:48.452+0000] {dag.py:4180} INFO - Setting next_dagrun for read_dataset_event to 2025-05-13 00:00:00+00:00, run_after=2025-05-14 00:00:00+00:00
[2025-05-14T17:13:48.460+0000] {logging_mixin.py:190} INFO - [2025-05-14T17:13:48.460+0000] {dag.py:4180} INFO - Setting next_dagrun for read_dataset_event_from_classic to 2025-05-13 00:00:00+00:00, run_after=2025-05-14 00:00:00+00:00
[2025-05-14T17:13:48.486+0000] {processor.py:208} INFO - Processing /home/airflow/.local/lib/python3.12/site-packages/airflow/example_dags/example_inlet_event_extra.py took 0.841 seconds
[2025-05-14T17:14:19.046+0000] {processor.py:186} INFO - Started process (PID=1153) to work on /home/airflow/.local/lib/python3.12/site-packages/airflow/example_dags/example_inlet_event_extra.py
[2025-05-14T17:14:19.048+0000] {processor.py:914} INFO - Processing file /home/airflow/.local/lib/python3.12/site-packages/airflow/example_dags/example_inlet_event_extra.py for tasks to queue
[2025-05-14T17:14:19.053+0000] {logging_mixin.py:190} INFO - [2025-05-14T17:14:19.052+0000] {dagbag.py:588} INFO - Filling up the DagBag from /home/airflow/.local/lib/python3.12/site-packages/airflow/example_dags/example_inlet_event_extra.py
[2025-05-14T17:14:20.196+0000] {processor.py:925} INFO - DAG(s) 'read_dataset_event', 'read_dataset_event_from_classic' retrieved from /home/airflow/.local/lib/python3.12/site-packages/airflow/example_dags/example_inlet_event_extra.py
[2025-05-14T17:14:20.285+0000] {logging_mixin.py:190} INFO - [2025-05-14T17:14:20.283+0000] {dag.py:3239} INFO - Sync 2 DAGs
[2025-05-14T17:14:20.368+0000] {logging_mixin.py:190} INFO - [2025-05-14T17:14:20.367+0000] {dag.py:4180} INFO - Setting next_dagrun for read_dataset_event to 2025-05-13 00:00:00+00:00, run_after=2025-05-14 00:00:00+00:00
[2025-05-14T17:14:20.393+0000] {logging_mixin.py:190} INFO - [2025-05-14T17:14:20.392+0000] {dag.py:4180} INFO - Setting next_dagrun for read_dataset_event_from_classic to 2025-05-13 00:00:00+00:00, run_after=2025-05-14 00:00:00+00:00
[2025-05-14T17:14:20.445+0000] {processor.py:208} INFO - Processing /home/airflow/.local/lib/python3.12/site-packages/airflow/example_dags/example_inlet_event_extra.py took 1.408 seconds
[2025-05-14T17:14:51.732+0000] {processor.py:186} INFO - Started process (PID=1224) to work on /home/airflow/.local/lib/python3.12/site-packages/airflow/example_dags/example_inlet_event_extra.py
[2025-05-14T17:14:51.735+0000] {processor.py:914} INFO - Processing file /home/airflow/.local/lib/python3.12/site-packages/airflow/example_dags/example_inlet_event_extra.py for tasks to queue
[2025-05-14T17:14:51.747+0000] {logging_mixin.py:190} INFO - [2025-05-14T17:14:51.746+0000] {dagbag.py:588} INFO - Filling up the DagBag from /home/airflow/.local/lib/python3.12/site-packages/airflow/example_dags/example_inlet_event_extra.py
[2025-05-14T17:14:53.053+0000] {processor.py:925} INFO - DAG(s) 'read_dataset_event', 'read_dataset_event_from_classic' retrieved from /home/airflow/.local/lib/python3.12/site-packages/airflow/example_dags/example_inlet_event_extra.py
[2025-05-14T17:14:53.134+0000] {logging_mixin.py:190} INFO - [2025-05-14T17:14:53.133+0000] {dag.py:3239} INFO - Sync 2 DAGs
[2025-05-14T17:14:53.217+0000] {logging_mixin.py:190} INFO - [2025-05-14T17:14:53.216+0000] {dag.py:4180} INFO - Setting next_dagrun for read_dataset_event to 2025-05-13 00:00:00+00:00, run_after=2025-05-14 00:00:00+00:00
[2025-05-14T17:14:53.231+0000] {logging_mixin.py:190} INFO - [2025-05-14T17:14:53.230+0000] {dag.py:4180} INFO - Setting next_dagrun for read_dataset_event_from_classic to 2025-05-13 00:00:00+00:00, run_after=2025-05-14 00:00:00+00:00
[2025-05-14T17:14:53.267+0000] {processor.py:208} INFO - Processing /home/airflow/.local/lib/python3.12/site-packages/airflow/example_dags/example_inlet_event_extra.py took 1.554 seconds
