[2025-05-14T17:00:33.628+0000] {processor.py:186} INFO - Started process (PID=144) to work on /home/airflow/.local/lib/python3.12/site-packages/airflow/example_dags/example_external_task_marker_dag.py
[2025-05-14T17:00:33.630+0000] {processor.py:914} INFO - Processing file /home/airflow/.local/lib/python3.12/site-packages/airflow/example_dags/example_external_task_marker_dag.py for tasks to queue
[2025-05-14T17:00:33.635+0000] {logging_mixin.py:190} INFO - [2025-05-14T17:00:33.635+0000] {dagbag.py:588} INFO - Filling up the DagBag from /home/airflow/.local/lib/python3.12/site-packages/airflow/example_dags/example_external_task_marker_dag.py
[2025-05-14T17:00:33.663+0000] {processor.py:925} INFO - DAG(s) 'example_external_task_marker_parent', 'example_external_task_marker_child' retrieved from /home/airflow/.local/lib/python3.12/site-packages/airflow/example_dags/example_external_task_marker_dag.py
[2025-05-14T17:00:33.739+0000] {logging_mixin.py:190} INFO - [2025-05-14T17:00:33.738+0000] {dag.py:3239} INFO - Sync 2 DAGs
[2025-05-14T17:00:33.785+0000] {logging_mixin.py:190} INFO - [2025-05-14T17:00:33.784+0000] {dag.py:4180} INFO - Setting next_dagrun for example_external_task_marker_child to None, run_after=None
[2025-05-14T17:00:33.803+0000] {logging_mixin.py:190} INFO - [2025-05-14T17:00:33.802+0000] {dag.py:4180} INFO - Setting next_dagrun for example_external_task_marker_parent to None, run_after=None
[2025-05-14T17:00:33.850+0000] {processor.py:208} INFO - Processing /home/airflow/.local/lib/python3.12/site-packages/airflow/example_dags/example_external_task_marker_dag.py took 0.234 seconds
[2025-05-14T17:01:08.476+0000] {processor.py:186} INFO - Started process (PID=210) to work on /home/airflow/.local/lib/python3.12/site-packages/airflow/example_dags/example_external_task_marker_dag.py
[2025-05-14T17:01:08.478+0000] {processor.py:914} INFO - Processing file /home/airflow/.local/lib/python3.12/site-packages/airflow/example_dags/example_external_task_marker_dag.py for tasks to queue
[2025-05-14T17:01:08.491+0000] {logging_mixin.py:190} INFO - [2025-05-14T17:01:08.490+0000] {dagbag.py:588} INFO - Filling up the DagBag from /home/airflow/.local/lib/python3.12/site-packages/airflow/example_dags/example_external_task_marker_dag.py
[2025-05-14T17:01:08.539+0000] {processor.py:925} INFO - DAG(s) 'example_external_task_marker_child', 'example_external_task_marker_parent' retrieved from /home/airflow/.local/lib/python3.12/site-packages/airflow/example_dags/example_external_task_marker_dag.py
[2025-05-14T17:01:08.604+0000] {logging_mixin.py:190} INFO - [2025-05-14T17:01:08.604+0000] {dag.py:3239} INFO - Sync 2 DAGs
[2025-05-14T17:01:08.730+0000] {logging_mixin.py:190} INFO - [2025-05-14T17:01:08.730+0000] {dag.py:4180} INFO - Setting next_dagrun for example_external_task_marker_child to None, run_after=None
[2025-05-14T17:01:08.788+0000] {logging_mixin.py:190} INFO - [2025-05-14T17:01:08.764+0000] {dag.py:4180} INFO - Setting next_dagrun for example_external_task_marker_parent to None, run_after=None
[2025-05-14T17:01:08.887+0000] {processor.py:208} INFO - Processing /home/airflow/.local/lib/python3.12/site-packages/airflow/example_dags/example_external_task_marker_dag.py took 0.488 seconds
[2025-05-14T17:01:39.174+0000] {processor.py:186} INFO - Started process (PID=277) to work on /home/airflow/.local/lib/python3.12/site-packages/airflow/example_dags/example_external_task_marker_dag.py
[2025-05-14T17:01:39.189+0000] {processor.py:914} INFO - Processing file /home/airflow/.local/lib/python3.12/site-packages/airflow/example_dags/example_external_task_marker_dag.py for tasks to queue
[2025-05-14T17:01:39.208+0000] {logging_mixin.py:190} INFO - [2025-05-14T17:01:39.207+0000] {dagbag.py:588} INFO - Filling up the DagBag from /home/airflow/.local/lib/python3.12/site-packages/airflow/example_dags/example_external_task_marker_dag.py
[2025-05-14T17:01:39.232+0000] {processor.py:925} INFO - DAG(s) 'example_external_task_marker_child', 'example_external_task_marker_parent' retrieved from /home/airflow/.local/lib/python3.12/site-packages/airflow/example_dags/example_external_task_marker_dag.py
[2025-05-14T17:01:39.332+0000] {logging_mixin.py:190} INFO - [2025-05-14T17:01:39.331+0000] {dag.py:3239} INFO - Sync 2 DAGs
[2025-05-14T17:01:39.385+0000] {logging_mixin.py:190} INFO - [2025-05-14T17:01:39.384+0000] {dag.py:4180} INFO - Setting next_dagrun for example_external_task_marker_child to None, run_after=None
[2025-05-14T17:01:39.401+0000] {logging_mixin.py:190} INFO - [2025-05-14T17:01:39.400+0000] {dag.py:4180} INFO - Setting next_dagrun for example_external_task_marker_parent to None, run_after=None
[2025-05-14T17:01:39.466+0000] {processor.py:208} INFO - Processing /home/airflow/.local/lib/python3.12/site-packages/airflow/example_dags/example_external_task_marker_dag.py took 0.354 seconds
[2025-05-14T17:02:15.406+0000] {processor.py:186} INFO - Started process (PID=343) to work on /home/airflow/.local/lib/python3.12/site-packages/airflow/example_dags/example_external_task_marker_dag.py
[2025-05-14T17:02:15.417+0000] {processor.py:914} INFO - Processing file /home/airflow/.local/lib/python3.12/site-packages/airflow/example_dags/example_external_task_marker_dag.py for tasks to queue
[2025-05-14T17:02:15.432+0000] {logging_mixin.py:190} INFO - [2025-05-14T17:02:15.431+0000] {dagbag.py:588} INFO - Filling up the DagBag from /home/airflow/.local/lib/python3.12/site-packages/airflow/example_dags/example_external_task_marker_dag.py
[2025-05-14T17:02:15.457+0000] {processor.py:925} INFO - DAG(s) 'example_external_task_marker_child', 'example_external_task_marker_parent' retrieved from /home/airflow/.local/lib/python3.12/site-packages/airflow/example_dags/example_external_task_marker_dag.py
[2025-05-14T17:02:15.577+0000] {logging_mixin.py:190} INFO - [2025-05-14T17:02:15.576+0000] {dag.py:3239} INFO - Sync 2 DAGs
[2025-05-14T17:02:15.633+0000] {logging_mixin.py:190} INFO - [2025-05-14T17:02:15.633+0000] {dag.py:4180} INFO - Setting next_dagrun for example_external_task_marker_child to None, run_after=None
[2025-05-14T17:02:15.654+0000] {logging_mixin.py:190} INFO - [2025-05-14T17:02:15.653+0000] {dag.py:4180} INFO - Setting next_dagrun for example_external_task_marker_parent to None, run_after=None
[2025-05-14T17:02:15.853+0000] {processor.py:208} INFO - Processing /home/airflow/.local/lib/python3.12/site-packages/airflow/example_dags/example_external_task_marker_dag.py took 0.475 seconds
[2025-05-14T17:02:46.666+0000] {processor.py:186} INFO - Started process (PID=408) to work on /home/airflow/.local/lib/python3.12/site-packages/airflow/example_dags/example_external_task_marker_dag.py
[2025-05-14T17:02:46.672+0000] {processor.py:914} INFO - Processing file /home/airflow/.local/lib/python3.12/site-packages/airflow/example_dags/example_external_task_marker_dag.py for tasks to queue
[2025-05-14T17:02:46.688+0000] {logging_mixin.py:190} INFO - [2025-05-14T17:02:46.688+0000] {dagbag.py:588} INFO - Filling up the DagBag from /home/airflow/.local/lib/python3.12/site-packages/airflow/example_dags/example_external_task_marker_dag.py
[2025-05-14T17:02:46.720+0000] {processor.py:925} INFO - DAG(s) 'example_external_task_marker_parent', 'example_external_task_marker_child' retrieved from /home/airflow/.local/lib/python3.12/site-packages/airflow/example_dags/example_external_task_marker_dag.py
[2025-05-14T17:02:46.815+0000] {logging_mixin.py:190} INFO - [2025-05-14T17:02:46.813+0000] {dag.py:3239} INFO - Sync 2 DAGs
[2025-05-14T17:02:46.878+0000] {logging_mixin.py:190} INFO - [2025-05-14T17:02:46.877+0000] {dag.py:4180} INFO - Setting next_dagrun for example_external_task_marker_child to None, run_after=None
[2025-05-14T17:02:46.891+0000] {logging_mixin.py:190} INFO - [2025-05-14T17:02:46.890+0000] {dag.py:4180} INFO - Setting next_dagrun for example_external_task_marker_parent to None, run_after=None
[2025-05-14T17:02:46.946+0000] {processor.py:208} INFO - Processing /home/airflow/.local/lib/python3.12/site-packages/airflow/example_dags/example_external_task_marker_dag.py took 0.309 seconds
[2025-05-14T17:06:06.769+0000] {processor.py:186} INFO - Started process (PID=130) to work on /home/airflow/.local/lib/python3.12/site-packages/airflow/example_dags/example_external_task_marker_dag.py
[2025-05-14T17:06:06.772+0000] {processor.py:914} INFO - Processing file /home/airflow/.local/lib/python3.12/site-packages/airflow/example_dags/example_external_task_marker_dag.py for tasks to queue
[2025-05-14T17:06:06.782+0000] {logging_mixin.py:190} INFO - [2025-05-14T17:06:06.780+0000] {dagbag.py:588} INFO - Filling up the DagBag from /home/airflow/.local/lib/python3.12/site-packages/airflow/example_dags/example_external_task_marker_dag.py
[2025-05-14T17:06:06.802+0000] {processor.py:925} INFO - DAG(s) 'example_external_task_marker_child', 'example_external_task_marker_parent' retrieved from /home/airflow/.local/lib/python3.12/site-packages/airflow/example_dags/example_external_task_marker_dag.py
[2025-05-14T17:06:06.876+0000] {logging_mixin.py:190} INFO - [2025-05-14T17:06:06.875+0000] {dag.py:3239} INFO - Sync 2 DAGs
[2025-05-14T17:06:06.934+0000] {logging_mixin.py:190} INFO - [2025-05-14T17:06:06.934+0000] {dag.py:4180} INFO - Setting next_dagrun for example_external_task_marker_child to None, run_after=None
[2025-05-14T17:06:06.946+0000] {logging_mixin.py:190} INFO - [2025-05-14T17:06:06.945+0000] {dag.py:4180} INFO - Setting next_dagrun for example_external_task_marker_parent to None, run_after=None
[2025-05-14T17:06:07.048+0000] {processor.py:208} INFO - Processing /home/airflow/.local/lib/python3.12/site-packages/airflow/example_dags/example_external_task_marker_dag.py took 0.294 seconds
[2025-05-14T17:06:45.552+0000] {processor.py:186} INFO - Started process (PID=196) to work on /home/airflow/.local/lib/python3.12/site-packages/airflow/example_dags/example_external_task_marker_dag.py
[2025-05-14T17:06:45.567+0000] {processor.py:914} INFO - Processing file /home/airflow/.local/lib/python3.12/site-packages/airflow/example_dags/example_external_task_marker_dag.py for tasks to queue
[2025-05-14T17:06:45.579+0000] {logging_mixin.py:190} INFO - [2025-05-14T17:06:45.578+0000] {dagbag.py:588} INFO - Filling up the DagBag from /home/airflow/.local/lib/python3.12/site-packages/airflow/example_dags/example_external_task_marker_dag.py
[2025-05-14T17:06:45.653+0000] {processor.py:925} INFO - DAG(s) 'example_external_task_marker_child', 'example_external_task_marker_parent' retrieved from /home/airflow/.local/lib/python3.12/site-packages/airflow/example_dags/example_external_task_marker_dag.py
[2025-05-14T17:06:45.793+0000] {logging_mixin.py:190} INFO - [2025-05-14T17:06:45.792+0000] {dag.py:3239} INFO - Sync 2 DAGs
[2025-05-14T17:06:45.873+0000] {logging_mixin.py:190} INFO - [2025-05-14T17:06:45.872+0000] {dag.py:4180} INFO - Setting next_dagrun for example_external_task_marker_child to None, run_after=None
[2025-05-14T17:06:45.891+0000] {logging_mixin.py:190} INFO - [2025-05-14T17:06:45.889+0000] {dag.py:4180} INFO - Setting next_dagrun for example_external_task_marker_parent to None, run_after=None
[2025-05-14T17:06:46.062+0000] {processor.py:208} INFO - Processing /home/airflow/.local/lib/python3.12/site-packages/airflow/example_dags/example_external_task_marker_dag.py took 0.521 seconds
[2025-05-14T17:07:16.635+0000] {processor.py:186} INFO - Started process (PID=261) to work on /home/airflow/.local/lib/python3.12/site-packages/airflow/example_dags/example_external_task_marker_dag.py
[2025-05-14T17:07:16.637+0000] {processor.py:914} INFO - Processing file /home/airflow/.local/lib/python3.12/site-packages/airflow/example_dags/example_external_task_marker_dag.py for tasks to queue
[2025-05-14T17:07:16.642+0000] {logging_mixin.py:190} INFO - [2025-05-14T17:07:16.641+0000] {dagbag.py:588} INFO - Filling up the DagBag from /home/airflow/.local/lib/python3.12/site-packages/airflow/example_dags/example_external_task_marker_dag.py
[2025-05-14T17:07:16.653+0000] {processor.py:925} INFO - DAG(s) 'example_external_task_marker_parent', 'example_external_task_marker_child' retrieved from /home/airflow/.local/lib/python3.12/site-packages/airflow/example_dags/example_external_task_marker_dag.py
[2025-05-14T17:07:16.688+0000] {logging_mixin.py:190} INFO - [2025-05-14T17:07:16.687+0000] {dag.py:3239} INFO - Sync 2 DAGs
[2025-05-14T17:07:16.725+0000] {logging_mixin.py:190} INFO - [2025-05-14T17:07:16.725+0000] {dag.py:4180} INFO - Setting next_dagrun for example_external_task_marker_child to None, run_after=None
[2025-05-14T17:07:16.731+0000] {logging_mixin.py:190} INFO - [2025-05-14T17:07:16.731+0000] {dag.py:4180} INFO - Setting next_dagrun for example_external_task_marker_parent to None, run_after=None
[2025-05-14T17:07:16.760+0000] {processor.py:208} INFO - Processing /home/airflow/.local/lib/python3.12/site-packages/airflow/example_dags/example_external_task_marker_dag.py took 0.132 seconds
[2025-05-14T17:07:47.107+0000] {processor.py:186} INFO - Started process (PID=329) to work on /home/airflow/.local/lib/python3.12/site-packages/airflow/example_dags/example_external_task_marker_dag.py
[2025-05-14T17:07:47.110+0000] {processor.py:914} INFO - Processing file /home/airflow/.local/lib/python3.12/site-packages/airflow/example_dags/example_external_task_marker_dag.py for tasks to queue
[2025-05-14T17:07:47.121+0000] {logging_mixin.py:190} INFO - [2025-05-14T17:07:47.120+0000] {dagbag.py:588} INFO - Filling up the DagBag from /home/airflow/.local/lib/python3.12/site-packages/airflow/example_dags/example_external_task_marker_dag.py
[2025-05-14T17:07:47.137+0000] {processor.py:925} INFO - DAG(s) 'example_external_task_marker_parent', 'example_external_task_marker_child' retrieved from /home/airflow/.local/lib/python3.12/site-packages/airflow/example_dags/example_external_task_marker_dag.py
[2025-05-14T17:07:47.233+0000] {logging_mixin.py:190} INFO - [2025-05-14T17:07:47.233+0000] {dag.py:3239} INFO - Sync 2 DAGs
[2025-05-14T17:07:47.290+0000] {logging_mixin.py:190} INFO - [2025-05-14T17:07:47.289+0000] {dag.py:4180} INFO - Setting next_dagrun for example_external_task_marker_child to None, run_after=None
[2025-05-14T17:07:47.300+0000] {logging_mixin.py:190} INFO - [2025-05-14T17:07:47.299+0000] {dag.py:4180} INFO - Setting next_dagrun for example_external_task_marker_parent to None, run_after=None
[2025-05-14T17:07:47.344+0000] {processor.py:208} INFO - Processing /home/airflow/.local/lib/python3.12/site-packages/airflow/example_dags/example_external_task_marker_dag.py took 0.254 seconds
[2025-05-14T17:08:17.642+0000] {processor.py:186} INFO - Started process (PID=395) to work on /home/airflow/.local/lib/python3.12/site-packages/airflow/example_dags/example_external_task_marker_dag.py
[2025-05-14T17:08:17.646+0000] {processor.py:914} INFO - Processing file /home/airflow/.local/lib/python3.12/site-packages/airflow/example_dags/example_external_task_marker_dag.py for tasks to queue
[2025-05-14T17:08:17.656+0000] {logging_mixin.py:190} INFO - [2025-05-14T17:08:17.653+0000] {dagbag.py:588} INFO - Filling up the DagBag from /home/airflow/.local/lib/python3.12/site-packages/airflow/example_dags/example_external_task_marker_dag.py
[2025-05-14T17:08:17.676+0000] {processor.py:925} INFO - DAG(s) 'example_external_task_marker_child', 'example_external_task_marker_parent' retrieved from /home/airflow/.local/lib/python3.12/site-packages/airflow/example_dags/example_external_task_marker_dag.py
[2025-05-14T17:08:17.758+0000] {logging_mixin.py:190} INFO - [2025-05-14T17:08:17.758+0000] {dag.py:3239} INFO - Sync 2 DAGs
[2025-05-14T17:08:17.866+0000] {logging_mixin.py:190} INFO - [2025-05-14T17:08:17.866+0000] {dag.py:4180} INFO - Setting next_dagrun for example_external_task_marker_child to None, run_after=None
[2025-05-14T17:08:17.893+0000] {logging_mixin.py:190} INFO - [2025-05-14T17:08:17.892+0000] {dag.py:4180} INFO - Setting next_dagrun for example_external_task_marker_parent to None, run_after=None
[2025-05-14T17:08:18.027+0000] {processor.py:208} INFO - Processing /home/airflow/.local/lib/python3.12/site-packages/airflow/example_dags/example_external_task_marker_dag.py took 0.408 seconds
[2025-05-14T17:08:48.159+0000] {processor.py:186} INFO - Started process (PID=461) to work on /home/airflow/.local/lib/python3.12/site-packages/airflow/example_dags/example_external_task_marker_dag.py
[2025-05-14T17:08:48.161+0000] {processor.py:914} INFO - Processing file /home/airflow/.local/lib/python3.12/site-packages/airflow/example_dags/example_external_task_marker_dag.py for tasks to queue
[2025-05-14T17:08:48.165+0000] {logging_mixin.py:190} INFO - [2025-05-14T17:08:48.164+0000] {dagbag.py:588} INFO - Filling up the DagBag from /home/airflow/.local/lib/python3.12/site-packages/airflow/example_dags/example_external_task_marker_dag.py
[2025-05-14T17:08:48.179+0000] {processor.py:925} INFO - DAG(s) 'example_external_task_marker_parent', 'example_external_task_marker_child' retrieved from /home/airflow/.local/lib/python3.12/site-packages/airflow/example_dags/example_external_task_marker_dag.py
[2025-05-14T17:08:48.246+0000] {logging_mixin.py:190} INFO - [2025-05-14T17:08:48.245+0000] {dag.py:3239} INFO - Sync 2 DAGs
[2025-05-14T17:08:48.276+0000] {logging_mixin.py:190} INFO - [2025-05-14T17:08:48.275+0000] {dag.py:4180} INFO - Setting next_dagrun for example_external_task_marker_child to None, run_after=None
[2025-05-14T17:08:48.283+0000] {logging_mixin.py:190} INFO - [2025-05-14T17:08:48.283+0000] {dag.py:4180} INFO - Setting next_dagrun for example_external_task_marker_parent to None, run_after=None
[2025-05-14T17:08:48.316+0000] {processor.py:208} INFO - Processing /home/airflow/.local/lib/python3.12/site-packages/airflow/example_dags/example_external_task_marker_dag.py took 0.170 seconds
[2025-05-14T17:09:23.414+0000] {processor.py:186} INFO - Started process (PID=527) to work on /home/airflow/.local/lib/python3.12/site-packages/airflow/example_dags/example_external_task_marker_dag.py
[2025-05-14T17:09:23.417+0000] {processor.py:914} INFO - Processing file /home/airflow/.local/lib/python3.12/site-packages/airflow/example_dags/example_external_task_marker_dag.py for tasks to queue
[2025-05-14T17:09:23.426+0000] {logging_mixin.py:190} INFO - [2025-05-14T17:09:23.424+0000] {dagbag.py:588} INFO - Filling up the DagBag from /home/airflow/.local/lib/python3.12/site-packages/airflow/example_dags/example_external_task_marker_dag.py
[2025-05-14T17:09:23.451+0000] {processor.py:925} INFO - DAG(s) 'example_external_task_marker_child', 'example_external_task_marker_parent' retrieved from /home/airflow/.local/lib/python3.12/site-packages/airflow/example_dags/example_external_task_marker_dag.py
[2025-05-14T17:09:23.514+0000] {logging_mixin.py:190} INFO - [2025-05-14T17:09:23.513+0000] {dag.py:3239} INFO - Sync 2 DAGs
[2025-05-14T17:09:23.554+0000] {logging_mixin.py:190} INFO - [2025-05-14T17:09:23.554+0000] {dag.py:4180} INFO - Setting next_dagrun for example_external_task_marker_child to None, run_after=None
[2025-05-14T17:09:23.569+0000] {logging_mixin.py:190} INFO - [2025-05-14T17:09:23.568+0000] {dag.py:4180} INFO - Setting next_dagrun for example_external_task_marker_parent to None, run_after=None
[2025-05-14T17:09:23.716+0000] {processor.py:208} INFO - Processing /home/airflow/.local/lib/python3.12/site-packages/airflow/example_dags/example_external_task_marker_dag.py took 0.320 seconds
[2025-05-14T17:09:54.419+0000] {processor.py:186} INFO - Started process (PID=594) to work on /home/airflow/.local/lib/python3.12/site-packages/airflow/example_dags/example_external_task_marker_dag.py
[2025-05-14T17:09:54.421+0000] {processor.py:914} INFO - Processing file /home/airflow/.local/lib/python3.12/site-packages/airflow/example_dags/example_external_task_marker_dag.py for tasks to queue
[2025-05-14T17:09:54.429+0000] {logging_mixin.py:190} INFO - [2025-05-14T17:09:54.427+0000] {dagbag.py:588} INFO - Filling up the DagBag from /home/airflow/.local/lib/python3.12/site-packages/airflow/example_dags/example_external_task_marker_dag.py
[2025-05-14T17:09:54.449+0000] {processor.py:925} INFO - DAG(s) 'example_external_task_marker_child', 'example_external_task_marker_parent' retrieved from /home/airflow/.local/lib/python3.12/site-packages/airflow/example_dags/example_external_task_marker_dag.py
[2025-05-14T17:09:54.512+0000] {logging_mixin.py:190} INFO - [2025-05-14T17:09:54.512+0000] {dag.py:3239} INFO - Sync 2 DAGs
[2025-05-14T17:09:54.543+0000] {logging_mixin.py:190} INFO - [2025-05-14T17:09:54.542+0000] {dag.py:4180} INFO - Setting next_dagrun for example_external_task_marker_child to None, run_after=None
[2025-05-14T17:09:54.551+0000] {logging_mixin.py:190} INFO - [2025-05-14T17:09:54.550+0000] {dag.py:4180} INFO - Setting next_dagrun for example_external_task_marker_parent to None, run_after=None
[2025-05-14T17:09:54.604+0000] {processor.py:208} INFO - Processing /home/airflow/.local/lib/python3.12/site-packages/airflow/example_dags/example_external_task_marker_dag.py took 0.198 seconds
[2025-05-14T17:10:25.795+0000] {processor.py:186} INFO - Started process (PID=660) to work on /home/airflow/.local/lib/python3.12/site-packages/airflow/example_dags/example_external_task_marker_dag.py
[2025-05-14T17:10:25.797+0000] {processor.py:914} INFO - Processing file /home/airflow/.local/lib/python3.12/site-packages/airflow/example_dags/example_external_task_marker_dag.py for tasks to queue
[2025-05-14T17:10:25.803+0000] {logging_mixin.py:190} INFO - [2025-05-14T17:10:25.802+0000] {dagbag.py:588} INFO - Filling up the DagBag from /home/airflow/.local/lib/python3.12/site-packages/airflow/example_dags/example_external_task_marker_dag.py
[2025-05-14T17:10:25.824+0000] {processor.py:925} INFO - DAG(s) 'example_external_task_marker_parent', 'example_external_task_marker_child' retrieved from /home/airflow/.local/lib/python3.12/site-packages/airflow/example_dags/example_external_task_marker_dag.py
[2025-05-14T17:10:25.885+0000] {logging_mixin.py:190} INFO - [2025-05-14T17:10:25.885+0000] {dag.py:3239} INFO - Sync 2 DAGs
[2025-05-14T17:10:25.934+0000] {logging_mixin.py:190} INFO - [2025-05-14T17:10:25.933+0000] {dag.py:4180} INFO - Setting next_dagrun for example_external_task_marker_child to None, run_after=None
[2025-05-14T17:10:25.948+0000] {logging_mixin.py:190} INFO - [2025-05-14T17:10:25.947+0000] {dag.py:4180} INFO - Setting next_dagrun for example_external_task_marker_parent to None, run_after=None
[2025-05-14T17:10:26.001+0000] {processor.py:208} INFO - Processing /home/airflow/.local/lib/python3.12/site-packages/airflow/example_dags/example_external_task_marker_dag.py took 0.219 seconds
[2025-05-14T17:10:56.597+0000] {processor.py:186} INFO - Started process (PID=726) to work on /home/airflow/.local/lib/python3.12/site-packages/airflow/example_dags/example_external_task_marker_dag.py
[2025-05-14T17:10:56.599+0000] {processor.py:914} INFO - Processing file /home/airflow/.local/lib/python3.12/site-packages/airflow/example_dags/example_external_task_marker_dag.py for tasks to queue
[2025-05-14T17:10:56.604+0000] {logging_mixin.py:190} INFO - [2025-05-14T17:10:56.603+0000] {dagbag.py:588} INFO - Filling up the DagBag from /home/airflow/.local/lib/python3.12/site-packages/airflow/example_dags/example_external_task_marker_dag.py
[2025-05-14T17:10:56.622+0000] {processor.py:925} INFO - DAG(s) 'example_external_task_marker_child', 'example_external_task_marker_parent' retrieved from /home/airflow/.local/lib/python3.12/site-packages/airflow/example_dags/example_external_task_marker_dag.py
[2025-05-14T17:10:56.687+0000] {logging_mixin.py:190} INFO - [2025-05-14T17:10:56.686+0000] {dag.py:3239} INFO - Sync 2 DAGs
[2025-05-14T17:10:56.801+0000] {logging_mixin.py:190} INFO - [2025-05-14T17:10:56.801+0000] {dag.py:4180} INFO - Setting next_dagrun for example_external_task_marker_child to None, run_after=None
[2025-05-14T17:10:56.813+0000] {logging_mixin.py:190} INFO - [2025-05-14T17:10:56.812+0000] {dag.py:4180} INFO - Setting next_dagrun for example_external_task_marker_parent to None, run_after=None
[2025-05-14T17:10:56.863+0000] {processor.py:208} INFO - Processing /home/airflow/.local/lib/python3.12/site-packages/airflow/example_dags/example_external_task_marker_dag.py took 0.274 seconds
[2025-05-14T17:11:26.997+0000] {processor.py:186} INFO - Started process (PID=790) to work on /home/airflow/.local/lib/python3.12/site-packages/airflow/example_dags/example_external_task_marker_dag.py
[2025-05-14T17:11:26.999+0000] {processor.py:914} INFO - Processing file /home/airflow/.local/lib/python3.12/site-packages/airflow/example_dags/example_external_task_marker_dag.py for tasks to queue
[2025-05-14T17:11:27.006+0000] {logging_mixin.py:190} INFO - [2025-05-14T17:11:27.005+0000] {dagbag.py:588} INFO - Filling up the DagBag from /home/airflow/.local/lib/python3.12/site-packages/airflow/example_dags/example_external_task_marker_dag.py
[2025-05-14T17:11:27.025+0000] {processor.py:925} INFO - DAG(s) 'example_external_task_marker_child', 'example_external_task_marker_parent' retrieved from /home/airflow/.local/lib/python3.12/site-packages/airflow/example_dags/example_external_task_marker_dag.py
[2025-05-14T17:11:27.081+0000] {logging_mixin.py:190} INFO - [2025-05-14T17:11:27.080+0000] {dag.py:3239} INFO - Sync 2 DAGs
[2025-05-14T17:11:27.117+0000] {logging_mixin.py:190} INFO - [2025-05-14T17:11:27.116+0000] {dag.py:4180} INFO - Setting next_dagrun for example_external_task_marker_child to None, run_after=None
[2025-05-14T17:11:27.125+0000] {logging_mixin.py:190} INFO - [2025-05-14T17:11:27.124+0000] {dag.py:4180} INFO - Setting next_dagrun for example_external_task_marker_parent to None, run_after=None
[2025-05-14T17:11:27.176+0000] {processor.py:208} INFO - Processing /home/airflow/.local/lib/python3.12/site-packages/airflow/example_dags/example_external_task_marker_dag.py took 0.189 seconds
[2025-05-14T17:11:57.756+0000] {processor.py:186} INFO - Started process (PID=857) to work on /home/airflow/.local/lib/python3.12/site-packages/airflow/example_dags/example_external_task_marker_dag.py
[2025-05-14T17:11:57.758+0000] {processor.py:914} INFO - Processing file /home/airflow/.local/lib/python3.12/site-packages/airflow/example_dags/example_external_task_marker_dag.py for tasks to queue
[2025-05-14T17:11:57.767+0000] {logging_mixin.py:190} INFO - [2025-05-14T17:11:57.766+0000] {dagbag.py:588} INFO - Filling up the DagBag from /home/airflow/.local/lib/python3.12/site-packages/airflow/example_dags/example_external_task_marker_dag.py
[2025-05-14T17:11:57.780+0000] {processor.py:925} INFO - DAG(s) 'example_external_task_marker_child', 'example_external_task_marker_parent' retrieved from /home/airflow/.local/lib/python3.12/site-packages/airflow/example_dags/example_external_task_marker_dag.py
[2025-05-14T17:11:57.832+0000] {logging_mixin.py:190} INFO - [2025-05-14T17:11:57.831+0000] {dag.py:3239} INFO - Sync 2 DAGs
[2025-05-14T17:11:57.870+0000] {logging_mixin.py:190} INFO - [2025-05-14T17:11:57.870+0000] {dag.py:4180} INFO - Setting next_dagrun for example_external_task_marker_child to None, run_after=None
[2025-05-14T17:11:57.882+0000] {logging_mixin.py:190} INFO - [2025-05-14T17:11:57.882+0000] {dag.py:4180} INFO - Setting next_dagrun for example_external_task_marker_parent to None, run_after=None
[2025-05-14T17:11:57.927+0000] {processor.py:208} INFO - Processing /home/airflow/.local/lib/python3.12/site-packages/airflow/example_dags/example_external_task_marker_dag.py took 0.180 seconds
[2025-05-14T17:12:28.158+0000] {processor.py:186} INFO - Started process (PID=923) to work on /home/airflow/.local/lib/python3.12/site-packages/airflow/example_dags/example_external_task_marker_dag.py
[2025-05-14T17:12:28.160+0000] {processor.py:914} INFO - Processing file /home/airflow/.local/lib/python3.12/site-packages/airflow/example_dags/example_external_task_marker_dag.py for tasks to queue
[2025-05-14T17:12:28.163+0000] {logging_mixin.py:190} INFO - [2025-05-14T17:12:28.163+0000] {dagbag.py:588} INFO - Filling up the DagBag from /home/airflow/.local/lib/python3.12/site-packages/airflow/example_dags/example_external_task_marker_dag.py
[2025-05-14T17:12:28.175+0000] {processor.py:925} INFO - DAG(s) 'example_external_task_marker_parent', 'example_external_task_marker_child' retrieved from /home/airflow/.local/lib/python3.12/site-packages/airflow/example_dags/example_external_task_marker_dag.py
[2025-05-14T17:12:28.209+0000] {logging_mixin.py:190} INFO - [2025-05-14T17:12:28.209+0000] {dag.py:3239} INFO - Sync 2 DAGs
[2025-05-14T17:12:28.232+0000] {logging_mixin.py:190} INFO - [2025-05-14T17:12:28.232+0000] {dag.py:4180} INFO - Setting next_dagrun for example_external_task_marker_child to None, run_after=None
[2025-05-14T17:12:28.239+0000] {logging_mixin.py:190} INFO - [2025-05-14T17:12:28.238+0000] {dag.py:4180} INFO - Setting next_dagrun for example_external_task_marker_parent to None, run_after=None
[2025-05-14T17:12:28.265+0000] {processor.py:208} INFO - Processing /home/airflow/.local/lib/python3.12/site-packages/airflow/example_dags/example_external_task_marker_dag.py took 0.115 seconds
[2025-05-14T17:12:59.753+0000] {processor.py:186} INFO - Started process (PID=989) to work on /home/airflow/.local/lib/python3.12/site-packages/airflow/example_dags/example_external_task_marker_dag.py
[2025-05-14T17:12:59.756+0000] {processor.py:914} INFO - Processing file /home/airflow/.local/lib/python3.12/site-packages/airflow/example_dags/example_external_task_marker_dag.py for tasks to queue
[2025-05-14T17:12:59.765+0000] {logging_mixin.py:190} INFO - [2025-05-14T17:12:59.764+0000] {dagbag.py:588} INFO - Filling up the DagBag from /home/airflow/.local/lib/python3.12/site-packages/airflow/example_dags/example_external_task_marker_dag.py
[2025-05-14T17:12:59.789+0000] {processor.py:925} INFO - DAG(s) 'example_external_task_marker_parent', 'example_external_task_marker_child' retrieved from /home/airflow/.local/lib/python3.12/site-packages/airflow/example_dags/example_external_task_marker_dag.py
[2025-05-14T17:12:59.873+0000] {logging_mixin.py:190} INFO - [2025-05-14T17:12:59.872+0000] {dag.py:3239} INFO - Sync 2 DAGs
[2025-05-14T17:13:00.061+0000] {logging_mixin.py:190} INFO - [2025-05-14T17:13:00.058+0000] {dag.py:4180} INFO - Setting next_dagrun for example_external_task_marker_child to None, run_after=None
[2025-05-14T17:13:00.086+0000] {logging_mixin.py:190} INFO - [2025-05-14T17:13:00.085+0000] {dag.py:4180} INFO - Setting next_dagrun for example_external_task_marker_parent to None, run_after=None
[2025-05-14T17:13:00.186+0000] {processor.py:208} INFO - Processing /home/airflow/.local/lib/python3.12/site-packages/airflow/example_dags/example_external_task_marker_dag.py took 0.455 seconds
[2025-05-14T17:13:30.641+0000] {processor.py:186} INFO - Started process (PID=1056) to work on /home/airflow/.local/lib/python3.12/site-packages/airflow/example_dags/example_external_task_marker_dag.py
[2025-05-14T17:13:30.643+0000] {processor.py:914} INFO - Processing file /home/airflow/.local/lib/python3.12/site-packages/airflow/example_dags/example_external_task_marker_dag.py for tasks to queue
[2025-05-14T17:13:30.659+0000] {logging_mixin.py:190} INFO - [2025-05-14T17:13:30.656+0000] {dagbag.py:588} INFO - Filling up the DagBag from /home/airflow/.local/lib/python3.12/site-packages/airflow/example_dags/example_external_task_marker_dag.py
[2025-05-14T17:13:30.699+0000] {processor.py:925} INFO - DAG(s) 'example_external_task_marker_parent', 'example_external_task_marker_child' retrieved from /home/airflow/.local/lib/python3.12/site-packages/airflow/example_dags/example_external_task_marker_dag.py
[2025-05-14T17:13:30.784+0000] {logging_mixin.py:190} INFO - [2025-05-14T17:13:30.784+0000] {dag.py:3239} INFO - Sync 2 DAGs
[2025-05-14T17:13:30.826+0000] {logging_mixin.py:190} INFO - [2025-05-14T17:13:30.826+0000] {dag.py:4180} INFO - Setting next_dagrun for example_external_task_marker_child to None, run_after=None
[2025-05-14T17:13:30.837+0000] {logging_mixin.py:190} INFO - [2025-05-14T17:13:30.836+0000] {dag.py:4180} INFO - Setting next_dagrun for example_external_task_marker_parent to None, run_after=None
[2025-05-14T17:13:30.876+0000] {processor.py:208} INFO - Processing /home/airflow/.local/lib/python3.12/site-packages/airflow/example_dags/example_external_task_marker_dag.py took 0.254 seconds
[2025-05-14T17:14:01.126+0000] {processor.py:186} INFO - Started process (PID=1122) to work on /home/airflow/.local/lib/python3.12/site-packages/airflow/example_dags/example_external_task_marker_dag.py
[2025-05-14T17:14:01.130+0000] {processor.py:914} INFO - Processing file /home/airflow/.local/lib/python3.12/site-packages/airflow/example_dags/example_external_task_marker_dag.py for tasks to queue
[2025-05-14T17:14:01.139+0000] {logging_mixin.py:190} INFO - [2025-05-14T17:14:01.138+0000] {dagbag.py:588} INFO - Filling up the DagBag from /home/airflow/.local/lib/python3.12/site-packages/airflow/example_dags/example_external_task_marker_dag.py
[2025-05-14T17:14:01.156+0000] {processor.py:925} INFO - DAG(s) 'example_external_task_marker_parent', 'example_external_task_marker_child' retrieved from /home/airflow/.local/lib/python3.12/site-packages/airflow/example_dags/example_external_task_marker_dag.py
[2025-05-14T17:14:01.232+0000] {logging_mixin.py:190} INFO - [2025-05-14T17:14:01.232+0000] {dag.py:3239} INFO - Sync 2 DAGs
[2025-05-14T17:14:01.279+0000] {logging_mixin.py:190} INFO - [2025-05-14T17:14:01.278+0000] {dag.py:4180} INFO - Setting next_dagrun for example_external_task_marker_child to None, run_after=None
[2025-05-14T17:14:01.302+0000] {logging_mixin.py:190} INFO - [2025-05-14T17:14:01.301+0000] {dag.py:4180} INFO - Setting next_dagrun for example_external_task_marker_parent to None, run_after=None
[2025-05-14T17:14:01.352+0000] {processor.py:208} INFO - Processing /home/airflow/.local/lib/python3.12/site-packages/airflow/example_dags/example_external_task_marker_dag.py took 0.260 seconds
[2025-05-14T17:14:34.942+0000] {processor.py:186} INFO - Started process (PID=1194) to work on /home/airflow/.local/lib/python3.12/site-packages/airflow/example_dags/example_external_task_marker_dag.py
[2025-05-14T17:14:34.963+0000] {processor.py:914} INFO - Processing file /home/airflow/.local/lib/python3.12/site-packages/airflow/example_dags/example_external_task_marker_dag.py for tasks to queue
[2025-05-14T17:14:34.982+0000] {logging_mixin.py:190} INFO - [2025-05-14T17:14:34.981+0000] {dagbag.py:588} INFO - Filling up the DagBag from /home/airflow/.local/lib/python3.12/site-packages/airflow/example_dags/example_external_task_marker_dag.py
[2025-05-14T17:14:35.023+0000] {processor.py:925} INFO - DAG(s) 'example_external_task_marker_parent', 'example_external_task_marker_child' retrieved from /home/airflow/.local/lib/python3.12/site-packages/airflow/example_dags/example_external_task_marker_dag.py
[2025-05-14T17:14:35.164+0000] {logging_mixin.py:190} INFO - [2025-05-14T17:14:35.163+0000] {dag.py:3239} INFO - Sync 2 DAGs
[2025-05-14T17:14:35.230+0000] {logging_mixin.py:190} INFO - [2025-05-14T17:14:35.229+0000] {dag.py:4180} INFO - Setting next_dagrun for example_external_task_marker_child to None, run_after=None
[2025-05-14T17:14:35.259+0000] {logging_mixin.py:190} INFO - [2025-05-14T17:14:35.258+0000] {dag.py:4180} INFO - Setting next_dagrun for example_external_task_marker_parent to None, run_after=None
[2025-05-14T17:14:35.323+0000] {processor.py:208} INFO - Processing /home/airflow/.local/lib/python3.12/site-packages/airflow/example_dags/example_external_task_marker_dag.py took 0.428 seconds
[2025-05-14T17:15:05.576+0000] {processor.py:186} INFO - Started process (PID=1261) to work on /home/airflow/.local/lib/python3.12/site-packages/airflow/example_dags/example_external_task_marker_dag.py
[2025-05-14T17:15:05.578+0000] {processor.py:914} INFO - Processing file /home/airflow/.local/lib/python3.12/site-packages/airflow/example_dags/example_external_task_marker_dag.py for tasks to queue
[2025-05-14T17:15:05.584+0000] {logging_mixin.py:190} INFO - [2025-05-14T17:15:05.584+0000] {dagbag.py:588} INFO - Filling up the DagBag from /home/airflow/.local/lib/python3.12/site-packages/airflow/example_dags/example_external_task_marker_dag.py
[2025-05-14T17:15:05.599+0000] {processor.py:925} INFO - DAG(s) 'example_external_task_marker_child', 'example_external_task_marker_parent' retrieved from /home/airflow/.local/lib/python3.12/site-packages/airflow/example_dags/example_external_task_marker_dag.py
[2025-05-14T17:15:05.660+0000] {logging_mixin.py:190} INFO - [2025-05-14T17:15:05.660+0000] {dag.py:3239} INFO - Sync 2 DAGs
[2025-05-14T17:15:05.688+0000] {logging_mixin.py:190} INFO - [2025-05-14T17:15:05.688+0000] {dag.py:4180} INFO - Setting next_dagrun for example_external_task_marker_child to None, run_after=None
[2025-05-14T17:15:05.694+0000] {logging_mixin.py:190} INFO - [2025-05-14T17:15:05.694+0000] {dag.py:4180} INFO - Setting next_dagrun for example_external_task_marker_parent to None, run_after=None
[2025-05-14T17:15:05.725+0000] {processor.py:208} INFO - Processing /home/airflow/.local/lib/python3.12/site-packages/airflow/example_dags/example_external_task_marker_dag.py took 0.161 seconds
