[2025-05-14T17:00:29.850+0000] {processor.py:186} INFO - Started process (PID=132) to work on /home/airflow/.local/lib/python3.12/site-packages/airflow/example_dags/example_latest_only.py
[2025-05-14T17:00:29.859+0000] {processor.py:914} INFO - Processing file /home/airflow/.local/lib/python3.12/site-packages/airflow/example_dags/example_latest_only.py for tasks to queue
[2025-05-14T17:00:29.871+0000] {logging_mixin.py:190} INFO - [2025-05-14T17:00:29.871+0000] {dagbag.py:588} INFO - Filling up the DagBag from /home/airflow/.local/lib/python3.12/site-packages/airflow/example_dags/example_latest_only.py
[2025-05-14T17:00:29.896+0000] {processor.py:925} INFO - DAG(s) 'latest_only' retrieved from /home/airflow/.local/lib/python3.12/site-packages/airflow/example_dags/example_latest_only.py
[2025-05-14T17:00:29.993+0000] {logging_mixin.py:190} INFO - [2025-05-14T17:00:29.992+0000] {dag.py:3239} INFO - Sync 1 DAGs
[2025-05-14T17:00:30.080+0000] {logging_mixin.py:190} INFO - [2025-05-14T17:00:30.080+0000] {dag.py:4180} INFO - Setting next_dagrun for latest_only to 2025-05-14 12:00:00+00:00, run_after=2025-05-14 16:00:00+00:00
[2025-05-14T17:00:30.156+0000] {processor.py:208} INFO - Processing /home/airflow/.local/lib/python3.12/site-packages/airflow/example_dags/example_latest_only.py took 0.332 seconds
[2025-05-14T17:01:02.129+0000] {processor.py:186} INFO - Started process (PID=198) to work on /home/airflow/.local/lib/python3.12/site-packages/airflow/example_dags/example_latest_only.py
[2025-05-14T17:01:02.132+0000] {processor.py:914} INFO - Processing file /home/airflow/.local/lib/python3.12/site-packages/airflow/example_dags/example_latest_only.py for tasks to queue
[2025-05-14T17:01:02.149+0000] {logging_mixin.py:190} INFO - [2025-05-14T17:01:02.147+0000] {dagbag.py:588} INFO - Filling up the DagBag from /home/airflow/.local/lib/python3.12/site-packages/airflow/example_dags/example_latest_only.py
[2025-05-14T17:01:02.173+0000] {processor.py:925} INFO - DAG(s) 'latest_only' retrieved from /home/airflow/.local/lib/python3.12/site-packages/airflow/example_dags/example_latest_only.py
[2025-05-14T17:01:02.285+0000] {logging_mixin.py:190} INFO - [2025-05-14T17:01:02.284+0000] {dag.py:3239} INFO - Sync 1 DAGs
[2025-05-14T17:01:02.430+0000] {logging_mixin.py:190} INFO - [2025-05-14T17:01:02.429+0000] {dag.py:4180} INFO - Setting next_dagrun for latest_only to 2025-05-14 12:00:00+00:00, run_after=2025-05-14 16:00:00+00:00
[2025-05-14T17:01:02.514+0000] {processor.py:208} INFO - Processing /home/airflow/.local/lib/python3.12/site-packages/airflow/example_dags/example_latest_only.py took 0.415 seconds
[2025-05-14T17:01:34.065+0000] {processor.py:186} INFO - Started process (PID=265) to work on /home/airflow/.local/lib/python3.12/site-packages/airflow/example_dags/example_latest_only.py
[2025-05-14T17:01:34.067+0000] {processor.py:914} INFO - Processing file /home/airflow/.local/lib/python3.12/site-packages/airflow/example_dags/example_latest_only.py for tasks to queue
[2025-05-14T17:01:34.074+0000] {logging_mixin.py:190} INFO - [2025-05-14T17:01:34.072+0000] {dagbag.py:588} INFO - Filling up the DagBag from /home/airflow/.local/lib/python3.12/site-packages/airflow/example_dags/example_latest_only.py
[2025-05-14T17:01:34.108+0000] {processor.py:925} INFO - DAG(s) 'latest_only' retrieved from /home/airflow/.local/lib/python3.12/site-packages/airflow/example_dags/example_latest_only.py
[2025-05-14T17:01:34.178+0000] {logging_mixin.py:190} INFO - [2025-05-14T17:01:34.177+0000] {dag.py:3239} INFO - Sync 1 DAGs
[2025-05-14T17:01:34.260+0000] {logging_mixin.py:190} INFO - [2025-05-14T17:01:34.259+0000] {dag.py:4180} INFO - Setting next_dagrun for latest_only to 2025-05-14 12:00:00+00:00, run_after=2025-05-14 16:00:00+00:00
[2025-05-14T17:01:34.316+0000] {processor.py:208} INFO - Processing /home/airflow/.local/lib/python3.12/site-packages/airflow/example_dags/example_latest_only.py took 0.264 seconds
[2025-05-14T17:02:07.767+0000] {processor.py:186} INFO - Started process (PID=331) to work on /home/airflow/.local/lib/python3.12/site-packages/airflow/example_dags/example_latest_only.py
[2025-05-14T17:02:07.786+0000] {processor.py:914} INFO - Processing file /home/airflow/.local/lib/python3.12/site-packages/airflow/example_dags/example_latest_only.py for tasks to queue
[2025-05-14T17:02:07.824+0000] {logging_mixin.py:190} INFO - [2025-05-14T17:02:07.823+0000] {dagbag.py:588} INFO - Filling up the DagBag from /home/airflow/.local/lib/python3.12/site-packages/airflow/example_dags/example_latest_only.py
[2025-05-14T17:02:07.912+0000] {processor.py:925} INFO - DAG(s) 'latest_only' retrieved from /home/airflow/.local/lib/python3.12/site-packages/airflow/example_dags/example_latest_only.py
[2025-05-14T17:02:08.085+0000] {logging_mixin.py:190} INFO - [2025-05-14T17:02:08.084+0000] {dag.py:3239} INFO - Sync 1 DAGs
[2025-05-14T17:02:08.339+0000] {logging_mixin.py:190} INFO - [2025-05-14T17:02:08.339+0000] {dag.py:4180} INFO - Setting next_dagrun for latest_only to 2025-05-14 12:00:00+00:00, run_after=2025-05-14 16:00:00+00:00
[2025-05-14T17:02:08.477+0000] {processor.py:208} INFO - Processing /home/airflow/.local/lib/python3.12/site-packages/airflow/example_dags/example_latest_only.py took 0.765 seconds
[2025-05-14T17:02:39.817+0000] {processor.py:186} INFO - Started process (PID=397) to work on /home/airflow/.local/lib/python3.12/site-packages/airflow/example_dags/example_latest_only.py
[2025-05-14T17:02:39.819+0000] {processor.py:914} INFO - Processing file /home/airflow/.local/lib/python3.12/site-packages/airflow/example_dags/example_latest_only.py for tasks to queue
[2025-05-14T17:02:39.823+0000] {logging_mixin.py:190} INFO - [2025-05-14T17:02:39.822+0000] {dagbag.py:588} INFO - Filling up the DagBag from /home/airflow/.local/lib/python3.12/site-packages/airflow/example_dags/example_latest_only.py
[2025-05-14T17:02:39.841+0000] {processor.py:925} INFO - DAG(s) 'latest_only' retrieved from /home/airflow/.local/lib/python3.12/site-packages/airflow/example_dags/example_latest_only.py
[2025-05-14T17:02:39.917+0000] {logging_mixin.py:190} INFO - [2025-05-14T17:02:39.916+0000] {dag.py:3239} INFO - Sync 1 DAGs
[2025-05-14T17:02:40.046+0000] {logging_mixin.py:190} INFO - [2025-05-14T17:02:40.046+0000] {dag.py:4180} INFO - Setting next_dagrun for latest_only to 2025-05-14 12:00:00+00:00, run_after=2025-05-14 16:00:00+00:00
[2025-05-14T17:02:40.104+0000] {processor.py:208} INFO - Processing /home/airflow/.local/lib/python3.12/site-packages/airflow/example_dags/example_latest_only.py took 0.306 seconds
[2025-05-14T17:05:57.235+0000] {processor.py:186} INFO - Started process (PID=113) to work on /home/airflow/.local/lib/python3.12/site-packages/airflow/example_dags/example_latest_only.py
[2025-05-14T17:05:57.238+0000] {processor.py:914} INFO - Processing file /home/airflow/.local/lib/python3.12/site-packages/airflow/example_dags/example_latest_only.py for tasks to queue
[2025-05-14T17:05:57.271+0000] {logging_mixin.py:190} INFO - [2025-05-14T17:05:57.270+0000] {dagbag.py:588} INFO - Filling up the DagBag from /home/airflow/.local/lib/python3.12/site-packages/airflow/example_dags/example_latest_only.py
[2025-05-14T17:05:57.297+0000] {processor.py:925} INFO - DAG(s) 'latest_only' retrieved from /home/airflow/.local/lib/python3.12/site-packages/airflow/example_dags/example_latest_only.py
[2025-05-14T17:05:57.453+0000] {logging_mixin.py:190} INFO - [2025-05-14T17:05:57.452+0000] {dag.py:3239} INFO - Sync 1 DAGs
[2025-05-14T17:05:57.765+0000] {logging_mixin.py:190} INFO - [2025-05-14T17:05:57.764+0000] {dag.py:4180} INFO - Setting next_dagrun for latest_only to 2025-05-14 12:00:00+00:00, run_after=2025-05-14 16:00:00+00:00
[2025-05-14T17:05:57.901+0000] {processor.py:208} INFO - Processing /home/airflow/.local/lib/python3.12/site-packages/airflow/example_dags/example_latest_only.py took 0.727 seconds
[2025-05-14T17:06:36.553+0000] {processor.py:186} INFO - Started process (PID=184) to work on /home/airflow/.local/lib/python3.12/site-packages/airflow/example_dags/example_latest_only.py
[2025-05-14T17:06:36.562+0000] {processor.py:914} INFO - Processing file /home/airflow/.local/lib/python3.12/site-packages/airflow/example_dags/example_latest_only.py for tasks to queue
[2025-05-14T17:06:36.585+0000] {logging_mixin.py:190} INFO - [2025-05-14T17:06:36.583+0000] {dagbag.py:588} INFO - Filling up the DagBag from /home/airflow/.local/lib/python3.12/site-packages/airflow/example_dags/example_latest_only.py
[2025-05-14T17:06:36.626+0000] {processor.py:925} INFO - DAG(s) 'latest_only' retrieved from /home/airflow/.local/lib/python3.12/site-packages/airflow/example_dags/example_latest_only.py
[2025-05-14T17:06:36.757+0000] {logging_mixin.py:190} INFO - [2025-05-14T17:06:36.757+0000] {dag.py:3239} INFO - Sync 1 DAGs
[2025-05-14T17:06:36.926+0000] {logging_mixin.py:190} INFO - [2025-05-14T17:06:36.925+0000] {dag.py:4180} INFO - Setting next_dagrun for latest_only to 2025-05-14 12:00:00+00:00, run_after=2025-05-14 16:00:00+00:00
[2025-05-14T17:06:37.106+0000] {processor.py:208} INFO - Processing /home/airflow/.local/lib/python3.12/site-packages/airflow/example_dags/example_latest_only.py took 0.589 seconds
[2025-05-14T17:07:08.140+0000] {processor.py:186} INFO - Started process (PID=250) to work on /home/airflow/.local/lib/python3.12/site-packages/airflow/example_dags/example_latest_only.py
[2025-05-14T17:07:08.143+0000] {processor.py:914} INFO - Processing file /home/airflow/.local/lib/python3.12/site-packages/airflow/example_dags/example_latest_only.py for tasks to queue
[2025-05-14T17:07:08.149+0000] {logging_mixin.py:190} INFO - [2025-05-14T17:07:08.148+0000] {dagbag.py:588} INFO - Filling up the DagBag from /home/airflow/.local/lib/python3.12/site-packages/airflow/example_dags/example_latest_only.py
[2025-05-14T17:07:08.176+0000] {processor.py:925} INFO - DAG(s) 'latest_only' retrieved from /home/airflow/.local/lib/python3.12/site-packages/airflow/example_dags/example_latest_only.py
[2025-05-14T17:07:08.277+0000] {logging_mixin.py:190} INFO - [2025-05-14T17:07:08.276+0000] {dag.py:3239} INFO - Sync 1 DAGs
[2025-05-14T17:07:08.379+0000] {logging_mixin.py:190} INFO - [2025-05-14T17:07:08.377+0000] {dag.py:4180} INFO - Setting next_dagrun for latest_only to 2025-05-14 12:00:00+00:00, run_after=2025-05-14 16:00:00+00:00
[2025-05-14T17:07:08.458+0000] {processor.py:208} INFO - Processing /home/airflow/.local/lib/python3.12/site-packages/airflow/example_dags/example_latest_only.py took 0.363 seconds
[2025-05-14T17:07:38.887+0000] {processor.py:186} INFO - Started process (PID=318) to work on /home/airflow/.local/lib/python3.12/site-packages/airflow/example_dags/example_latest_only.py
[2025-05-14T17:07:38.889+0000] {processor.py:914} INFO - Processing file /home/airflow/.local/lib/python3.12/site-packages/airflow/example_dags/example_latest_only.py for tasks to queue
[2025-05-14T17:07:38.895+0000] {logging_mixin.py:190} INFO - [2025-05-14T17:07:38.894+0000] {dagbag.py:588} INFO - Filling up the DagBag from /home/airflow/.local/lib/python3.12/site-packages/airflow/example_dags/example_latest_only.py
[2025-05-14T17:07:38.917+0000] {processor.py:925} INFO - DAG(s) 'latest_only' retrieved from /home/airflow/.local/lib/python3.12/site-packages/airflow/example_dags/example_latest_only.py
[2025-05-14T17:07:38.954+0000] {logging_mixin.py:190} INFO - [2025-05-14T17:07:38.954+0000] {dag.py:3239} INFO - Sync 1 DAGs
[2025-05-14T17:07:39.010+0000] {logging_mixin.py:190} INFO - [2025-05-14T17:07:39.009+0000] {dag.py:4180} INFO - Setting next_dagrun for latest_only to 2025-05-14 12:00:00+00:00, run_after=2025-05-14 16:00:00+00:00
[2025-05-14T17:07:39.055+0000] {processor.py:208} INFO - Processing /home/airflow/.local/lib/python3.12/site-packages/airflow/example_dags/example_latest_only.py took 0.182 seconds
[2025-05-14T17:08:09.217+0000] {processor.py:186} INFO - Started process (PID=385) to work on /home/airflow/.local/lib/python3.12/site-packages/airflow/example_dags/example_latest_only.py
[2025-05-14T17:08:09.223+0000] {processor.py:914} INFO - Processing file /home/airflow/.local/lib/python3.12/site-packages/airflow/example_dags/example_latest_only.py for tasks to queue
[2025-05-14T17:08:09.230+0000] {logging_mixin.py:190} INFO - [2025-05-14T17:08:09.229+0000] {dagbag.py:588} INFO - Filling up the DagBag from /home/airflow/.local/lib/python3.12/site-packages/airflow/example_dags/example_latest_only.py
[2025-05-14T17:08:09.248+0000] {processor.py:925} INFO - DAG(s) 'latest_only' retrieved from /home/airflow/.local/lib/python3.12/site-packages/airflow/example_dags/example_latest_only.py
[2025-05-14T17:08:09.307+0000] {logging_mixin.py:190} INFO - [2025-05-14T17:08:09.307+0000] {dag.py:3239} INFO - Sync 1 DAGs
[2025-05-14T17:08:09.413+0000] {logging_mixin.py:190} INFO - [2025-05-14T17:08:09.412+0000] {dag.py:4180} INFO - Setting next_dagrun for latest_only to 2025-05-14 12:00:00+00:00, run_after=2025-05-14 16:00:00+00:00
[2025-05-14T17:08:09.496+0000] {processor.py:208} INFO - Processing /home/airflow/.local/lib/python3.12/site-packages/airflow/example_dags/example_latest_only.py took 0.288 seconds
[2025-05-14T17:08:42.175+0000] {processor.py:186} INFO - Started process (PID=450) to work on /home/airflow/.local/lib/python3.12/site-packages/airflow/example_dags/example_latest_only.py
[2025-05-14T17:08:42.177+0000] {processor.py:914} INFO - Processing file /home/airflow/.local/lib/python3.12/site-packages/airflow/example_dags/example_latest_only.py for tasks to queue
[2025-05-14T17:08:42.185+0000] {logging_mixin.py:190} INFO - [2025-05-14T17:08:42.184+0000] {dagbag.py:588} INFO - Filling up the DagBag from /home/airflow/.local/lib/python3.12/site-packages/airflow/example_dags/example_latest_only.py
[2025-05-14T17:08:42.205+0000] {processor.py:925} INFO - DAG(s) 'latest_only' retrieved from /home/airflow/.local/lib/python3.12/site-packages/airflow/example_dags/example_latest_only.py
[2025-05-14T17:08:42.244+0000] {logging_mixin.py:190} INFO - [2025-05-14T17:08:42.243+0000] {dag.py:3239} INFO - Sync 1 DAGs
[2025-05-14T17:08:42.302+0000] {logging_mixin.py:190} INFO - [2025-05-14T17:08:42.302+0000] {dag.py:4180} INFO - Setting next_dagrun for latest_only to 2025-05-14 12:00:00+00:00, run_after=2025-05-14 16:00:00+00:00
[2025-05-14T17:08:42.408+0000] {processor.py:208} INFO - Processing /home/airflow/.local/lib/python3.12/site-packages/airflow/example_dags/example_latest_only.py took 0.246 seconds
[2025-05-14T17:09:18.081+0000] {processor.py:186} INFO - Started process (PID=513) to work on /home/airflow/.local/lib/python3.12/site-packages/airflow/example_dags/example_latest_only.py
[2025-05-14T17:09:18.083+0000] {processor.py:914} INFO - Processing file /home/airflow/.local/lib/python3.12/site-packages/airflow/example_dags/example_latest_only.py for tasks to queue
[2025-05-14T17:09:18.093+0000] {logging_mixin.py:190} INFO - [2025-05-14T17:09:18.090+0000] {dagbag.py:588} INFO - Filling up the DagBag from /home/airflow/.local/lib/python3.12/site-packages/airflow/example_dags/example_latest_only.py
[2025-05-14T17:09:18.130+0000] {processor.py:925} INFO - DAG(s) 'latest_only' retrieved from /home/airflow/.local/lib/python3.12/site-packages/airflow/example_dags/example_latest_only.py
[2025-05-14T17:09:18.190+0000] {logging_mixin.py:190} INFO - [2025-05-14T17:09:18.190+0000] {dag.py:3239} INFO - Sync 1 DAGs
[2025-05-14T17:09:18.263+0000] {logging_mixin.py:190} INFO - [2025-05-14T17:09:18.262+0000] {dag.py:4180} INFO - Setting next_dagrun for latest_only to 2025-05-14 12:00:00+00:00, run_after=2025-05-14 16:00:00+00:00
[2025-05-14T17:09:18.325+0000] {processor.py:208} INFO - Processing /home/airflow/.local/lib/python3.12/site-packages/airflow/example_dags/example_latest_only.py took 0.260 seconds
[2025-05-14T17:09:49.002+0000] {processor.py:186} INFO - Started process (PID=580) to work on /home/airflow/.local/lib/python3.12/site-packages/airflow/example_dags/example_latest_only.py
[2025-05-14T17:09:49.004+0000] {processor.py:914} INFO - Processing file /home/airflow/.local/lib/python3.12/site-packages/airflow/example_dags/example_latest_only.py for tasks to queue
[2025-05-14T17:09:49.008+0000] {logging_mixin.py:190} INFO - [2025-05-14T17:09:49.008+0000] {dagbag.py:588} INFO - Filling up the DagBag from /home/airflow/.local/lib/python3.12/site-packages/airflow/example_dags/example_latest_only.py
[2025-05-14T17:09:49.021+0000] {processor.py:925} INFO - DAG(s) 'latest_only' retrieved from /home/airflow/.local/lib/python3.12/site-packages/airflow/example_dags/example_latest_only.py
[2025-05-14T17:09:49.083+0000] {logging_mixin.py:190} INFO - [2025-05-14T17:09:49.082+0000] {dag.py:3239} INFO - Sync 1 DAGs
[2025-05-14T17:09:49.161+0000] {logging_mixin.py:190} INFO - [2025-05-14T17:09:49.159+0000] {dag.py:4180} INFO - Setting next_dagrun for latest_only to 2025-05-14 12:00:00+00:00, run_after=2025-05-14 16:00:00+00:00
[2025-05-14T17:09:49.225+0000] {processor.py:208} INFO - Processing /home/airflow/.local/lib/python3.12/site-packages/airflow/example_dags/example_latest_only.py took 0.238 seconds
[2025-05-14T17:10:19.625+0000] {processor.py:186} INFO - Started process (PID=646) to work on /home/airflow/.local/lib/python3.12/site-packages/airflow/example_dags/example_latest_only.py
[2025-05-14T17:10:19.627+0000] {processor.py:914} INFO - Processing file /home/airflow/.local/lib/python3.12/site-packages/airflow/example_dags/example_latest_only.py for tasks to queue
[2025-05-14T17:10:19.631+0000] {logging_mixin.py:190} INFO - [2025-05-14T17:10:19.630+0000] {dagbag.py:588} INFO - Filling up the DagBag from /home/airflow/.local/lib/python3.12/site-packages/airflow/example_dags/example_latest_only.py
[2025-05-14T17:10:19.643+0000] {processor.py:925} INFO - DAG(s) 'latest_only' retrieved from /home/airflow/.local/lib/python3.12/site-packages/airflow/example_dags/example_latest_only.py
[2025-05-14T17:10:19.677+0000] {logging_mixin.py:190} INFO - [2025-05-14T17:10:19.676+0000] {dag.py:3239} INFO - Sync 1 DAGs
[2025-05-14T17:10:19.742+0000] {logging_mixin.py:190} INFO - [2025-05-14T17:10:19.741+0000] {dag.py:4180} INFO - Setting next_dagrun for latest_only to 2025-05-14 12:00:00+00:00, run_after=2025-05-14 16:00:00+00:00
[2025-05-14T17:10:19.791+0000] {processor.py:208} INFO - Processing /home/airflow/.local/lib/python3.12/site-packages/airflow/example_dags/example_latest_only.py took 0.173 seconds
[2025-05-14T17:10:50.884+0000] {processor.py:186} INFO - Started process (PID=712) to work on /home/airflow/.local/lib/python3.12/site-packages/airflow/example_dags/example_latest_only.py
[2025-05-14T17:10:50.885+0000] {processor.py:914} INFO - Processing file /home/airflow/.local/lib/python3.12/site-packages/airflow/example_dags/example_latest_only.py for tasks to queue
[2025-05-14T17:10:50.889+0000] {logging_mixin.py:190} INFO - [2025-05-14T17:10:50.888+0000] {dagbag.py:588} INFO - Filling up the DagBag from /home/airflow/.local/lib/python3.12/site-packages/airflow/example_dags/example_latest_only.py
[2025-05-14T17:10:50.901+0000] {processor.py:925} INFO - DAG(s) 'latest_only' retrieved from /home/airflow/.local/lib/python3.12/site-packages/airflow/example_dags/example_latest_only.py
[2025-05-14T17:10:50.950+0000] {logging_mixin.py:190} INFO - [2025-05-14T17:10:50.949+0000] {dag.py:3239} INFO - Sync 1 DAGs
[2025-05-14T17:10:51.056+0000] {logging_mixin.py:190} INFO - [2025-05-14T17:10:51.056+0000] {dag.py:4180} INFO - Setting next_dagrun for latest_only to 2025-05-14 12:00:00+00:00, run_after=2025-05-14 16:00:00+00:00
[2025-05-14T17:10:51.120+0000] {processor.py:208} INFO - Processing /home/airflow/.local/lib/python3.12/site-packages/airflow/example_dags/example_latest_only.py took 0.245 seconds
[2025-05-14T17:11:22.167+0000] {processor.py:186} INFO - Started process (PID=777) to work on /home/airflow/.local/lib/python3.12/site-packages/airflow/example_dags/example_latest_only.py
[2025-05-14T17:11:22.169+0000] {processor.py:914} INFO - Processing file /home/airflow/.local/lib/python3.12/site-packages/airflow/example_dags/example_latest_only.py for tasks to queue
[2025-05-14T17:11:22.173+0000] {logging_mixin.py:190} INFO - [2025-05-14T17:11:22.173+0000] {dagbag.py:588} INFO - Filling up the DagBag from /home/airflow/.local/lib/python3.12/site-packages/airflow/example_dags/example_latest_only.py
[2025-05-14T17:11:22.187+0000] {processor.py:925} INFO - DAG(s) 'latest_only' retrieved from /home/airflow/.local/lib/python3.12/site-packages/airflow/example_dags/example_latest_only.py
[2025-05-14T17:11:22.259+0000] {logging_mixin.py:190} INFO - [2025-05-14T17:11:22.259+0000] {dag.py:3239} INFO - Sync 1 DAGs
[2025-05-14T17:11:22.305+0000] {logging_mixin.py:190} INFO - [2025-05-14T17:11:22.304+0000] {dag.py:4180} INFO - Setting next_dagrun for latest_only to 2025-05-14 12:00:00+00:00, run_after=2025-05-14 16:00:00+00:00
[2025-05-14T17:11:22.343+0000] {processor.py:208} INFO - Processing /home/airflow/.local/lib/python3.12/site-packages/airflow/example_dags/example_latest_only.py took 0.185 seconds
[2025-05-14T17:11:52.819+0000] {processor.py:186} INFO - Started process (PID=844) to work on /home/airflow/.local/lib/python3.12/site-packages/airflow/example_dags/example_latest_only.py
[2025-05-14T17:11:52.821+0000] {processor.py:914} INFO - Processing file /home/airflow/.local/lib/python3.12/site-packages/airflow/example_dags/example_latest_only.py for tasks to queue
[2025-05-14T17:11:52.824+0000] {logging_mixin.py:190} INFO - [2025-05-14T17:11:52.824+0000] {dagbag.py:588} INFO - Filling up the DagBag from /home/airflow/.local/lib/python3.12/site-packages/airflow/example_dags/example_latest_only.py
[2025-05-14T17:11:52.849+0000] {processor.py:925} INFO - DAG(s) 'latest_only' retrieved from /home/airflow/.local/lib/python3.12/site-packages/airflow/example_dags/example_latest_only.py
[2025-05-14T17:11:52.910+0000] {logging_mixin.py:190} INFO - [2025-05-14T17:11:52.909+0000] {dag.py:3239} INFO - Sync 1 DAGs
[2025-05-14T17:11:52.994+0000] {logging_mixin.py:190} INFO - [2025-05-14T17:11:52.994+0000] {dag.py:4180} INFO - Setting next_dagrun for latest_only to 2025-05-14 12:00:00+00:00, run_after=2025-05-14 16:00:00+00:00
[2025-05-14T17:11:53.070+0000] {processor.py:208} INFO - Processing /home/airflow/.local/lib/python3.12/site-packages/airflow/example_dags/example_latest_only.py took 0.259 seconds
[2025-05-14T17:12:23.350+0000] {processor.py:186} INFO - Started process (PID=911) to work on /home/airflow/.local/lib/python3.12/site-packages/airflow/example_dags/example_latest_only.py
[2025-05-14T17:12:23.352+0000] {processor.py:914} INFO - Processing file /home/airflow/.local/lib/python3.12/site-packages/airflow/example_dags/example_latest_only.py for tasks to queue
[2025-05-14T17:12:23.357+0000] {logging_mixin.py:190} INFO - [2025-05-14T17:12:23.356+0000] {dagbag.py:588} INFO - Filling up the DagBag from /home/airflow/.local/lib/python3.12/site-packages/airflow/example_dags/example_latest_only.py
[2025-05-14T17:12:23.376+0000] {processor.py:925} INFO - DAG(s) 'latest_only' retrieved from /home/airflow/.local/lib/python3.12/site-packages/airflow/example_dags/example_latest_only.py
[2025-05-14T17:12:23.419+0000] {logging_mixin.py:190} INFO - [2025-05-14T17:12:23.419+0000] {dag.py:3239} INFO - Sync 1 DAGs
[2025-05-14T17:12:23.472+0000] {logging_mixin.py:190} INFO - [2025-05-14T17:12:23.471+0000] {dag.py:4180} INFO - Setting next_dagrun for latest_only to 2025-05-14 12:00:00+00:00, run_after=2025-05-14 16:00:00+00:00
[2025-05-14T17:12:23.526+0000] {processor.py:208} INFO - Processing /home/airflow/.local/lib/python3.12/site-packages/airflow/example_dags/example_latest_only.py took 0.189 seconds
[2025-05-14T17:12:53.871+0000] {processor.py:186} INFO - Started process (PID=976) to work on /home/airflow/.local/lib/python3.12/site-packages/airflow/example_dags/example_latest_only.py
[2025-05-14T17:12:53.874+0000] {processor.py:914} INFO - Processing file /home/airflow/.local/lib/python3.12/site-packages/airflow/example_dags/example_latest_only.py for tasks to queue
[2025-05-14T17:12:53.880+0000] {logging_mixin.py:190} INFO - [2025-05-14T17:12:53.879+0000] {dagbag.py:588} INFO - Filling up the DagBag from /home/airflow/.local/lib/python3.12/site-packages/airflow/example_dags/example_latest_only.py
[2025-05-14T17:12:53.921+0000] {processor.py:925} INFO - DAG(s) 'latest_only' retrieved from /home/airflow/.local/lib/python3.12/site-packages/airflow/example_dags/example_latest_only.py
[2025-05-14T17:12:54.042+0000] {logging_mixin.py:190} INFO - [2025-05-14T17:12:54.041+0000] {dag.py:3239} INFO - Sync 1 DAGs
[2025-05-14T17:12:54.196+0000] {logging_mixin.py:190} INFO - [2025-05-14T17:12:54.195+0000] {dag.py:4180} INFO - Setting next_dagrun for latest_only to 2025-05-14 12:00:00+00:00, run_after=2025-05-14 16:00:00+00:00
[2025-05-14T17:12:54.308+0000] {processor.py:208} INFO - Processing /home/airflow/.local/lib/python3.12/site-packages/airflow/example_dags/example_latest_only.py took 0.449 seconds
[2025-05-14T17:13:25.291+0000] {processor.py:186} INFO - Started process (PID=1042) to work on /home/airflow/.local/lib/python3.12/site-packages/airflow/example_dags/example_latest_only.py
[2025-05-14T17:13:25.293+0000] {processor.py:914} INFO - Processing file /home/airflow/.local/lib/python3.12/site-packages/airflow/example_dags/example_latest_only.py for tasks to queue
[2025-05-14T17:13:25.297+0000] {logging_mixin.py:190} INFO - [2025-05-14T17:13:25.297+0000] {dagbag.py:588} INFO - Filling up the DagBag from /home/airflow/.local/lib/python3.12/site-packages/airflow/example_dags/example_latest_only.py
[2025-05-14T17:13:25.308+0000] {processor.py:925} INFO - DAG(s) 'latest_only' retrieved from /home/airflow/.local/lib/python3.12/site-packages/airflow/example_dags/example_latest_only.py
[2025-05-14T17:13:25.344+0000] {logging_mixin.py:190} INFO - [2025-05-14T17:13:25.343+0000] {dag.py:3239} INFO - Sync 1 DAGs
[2025-05-14T17:13:25.393+0000] {logging_mixin.py:190} INFO - [2025-05-14T17:13:25.393+0000] {dag.py:4180} INFO - Setting next_dagrun for latest_only to 2025-05-14 12:00:00+00:00, run_after=2025-05-14 16:00:00+00:00
[2025-05-14T17:13:25.434+0000] {processor.py:208} INFO - Processing /home/airflow/.local/lib/python3.12/site-packages/airflow/example_dags/example_latest_only.py took 0.153 seconds
[2025-05-14T17:13:55.590+0000] {processor.py:186} INFO - Started process (PID=1108) to work on /home/airflow/.local/lib/python3.12/site-packages/airflow/example_dags/example_latest_only.py
[2025-05-14T17:13:55.592+0000] {processor.py:914} INFO - Processing file /home/airflow/.local/lib/python3.12/site-packages/airflow/example_dags/example_latest_only.py for tasks to queue
[2025-05-14T17:13:55.599+0000] {logging_mixin.py:190} INFO - [2025-05-14T17:13:55.598+0000] {dagbag.py:588} INFO - Filling up the DagBag from /home/airflow/.local/lib/python3.12/site-packages/airflow/example_dags/example_latest_only.py
[2025-05-14T17:13:55.611+0000] {processor.py:925} INFO - DAG(s) 'latest_only' retrieved from /home/airflow/.local/lib/python3.12/site-packages/airflow/example_dags/example_latest_only.py
[2025-05-14T17:13:55.652+0000] {logging_mixin.py:190} INFO - [2025-05-14T17:13:55.652+0000] {dag.py:3239} INFO - Sync 1 DAGs
[2025-05-14T17:13:55.716+0000] {logging_mixin.py:190} INFO - [2025-05-14T17:13:55.715+0000] {dag.py:4180} INFO - Setting next_dagrun for latest_only to 2025-05-14 12:00:00+00:00, run_after=2025-05-14 16:00:00+00:00
[2025-05-14T17:13:55.759+0000] {processor.py:208} INFO - Processing /home/airflow/.local/lib/python3.12/site-packages/airflow/example_dags/example_latest_only.py took 0.179 seconds
[2025-05-14T17:14:26.564+0000] {processor.py:186} INFO - Started process (PID=1174) to work on /home/airflow/.local/lib/python3.12/site-packages/airflow/example_dags/example_latest_only.py
[2025-05-14T17:14:26.565+0000] {processor.py:914} INFO - Processing file /home/airflow/.local/lib/python3.12/site-packages/airflow/example_dags/example_latest_only.py for tasks to queue
[2025-05-14T17:14:26.571+0000] {logging_mixin.py:190} INFO - [2025-05-14T17:14:26.570+0000] {dagbag.py:588} INFO - Filling up the DagBag from /home/airflow/.local/lib/python3.12/site-packages/airflow/example_dags/example_latest_only.py
[2025-05-14T17:14:26.581+0000] {processor.py:925} INFO - DAG(s) 'latest_only' retrieved from /home/airflow/.local/lib/python3.12/site-packages/airflow/example_dags/example_latest_only.py
[2025-05-14T17:14:26.619+0000] {logging_mixin.py:190} INFO - [2025-05-14T17:14:26.618+0000] {dag.py:3239} INFO - Sync 1 DAGs
[2025-05-14T17:14:26.665+0000] {logging_mixin.py:190} INFO - [2025-05-14T17:14:26.665+0000] {dag.py:4180} INFO - Setting next_dagrun for latest_only to 2025-05-14 12:00:00+00:00, run_after=2025-05-14 16:00:00+00:00
[2025-05-14T17:14:26.728+0000] {processor.py:208} INFO - Processing /home/airflow/.local/lib/python3.12/site-packages/airflow/example_dags/example_latest_only.py took 0.176 seconds
[2025-05-14T17:14:57.090+0000] {processor.py:186} INFO - Started process (PID=1240) to work on /home/airflow/.local/lib/python3.12/site-packages/airflow/example_dags/example_latest_only.py
[2025-05-14T17:14:57.092+0000] {processor.py:914} INFO - Processing file /home/airflow/.local/lib/python3.12/site-packages/airflow/example_dags/example_latest_only.py for tasks to queue
[2025-05-14T17:14:57.095+0000] {logging_mixin.py:190} INFO - [2025-05-14T17:14:57.095+0000] {dagbag.py:588} INFO - Filling up the DagBag from /home/airflow/.local/lib/python3.12/site-packages/airflow/example_dags/example_latest_only.py
[2025-05-14T17:14:57.106+0000] {processor.py:925} INFO - DAG(s) 'latest_only' retrieved from /home/airflow/.local/lib/python3.12/site-packages/airflow/example_dags/example_latest_only.py
[2025-05-14T17:14:57.146+0000] {logging_mixin.py:190} INFO - [2025-05-14T17:14:57.145+0000] {dag.py:3239} INFO - Sync 1 DAGs
[2025-05-14T17:14:57.208+0000] {logging_mixin.py:190} INFO - [2025-05-14T17:14:57.208+0000] {dag.py:4180} INFO - Setting next_dagrun for latest_only to 2025-05-14 12:00:00+00:00, run_after=2025-05-14 16:00:00+00:00
[2025-05-14T17:14:57.261+0000] {processor.py:208} INFO - Processing /home/airflow/.local/lib/python3.12/site-packages/airflow/example_dags/example_latest_only.py took 0.180 seconds
