[2025-05-14T17:00:20.782+0000] {processor.py:186} INFO - Started process (PID=115) to work on /home/airflow/.local/lib/python3.12/site-packages/airflow/example_dags/example_sensors.py
[2025-05-14T17:00:20.785+0000] {processor.py:914} INFO - Processing file /home/airflow/.local/lib/python3.12/site-packages/airflow/example_dags/example_sensors.py for tasks to queue
[2025-05-14T17:00:20.811+0000] {logging_mixin.py:190} INFO - [2025-05-14T17:00:20.810+0000] {dagbag.py:588} INFO - Filling up the DagBag from /home/airflow/.local/lib/python3.12/site-packages/airflow/example_dags/example_sensors.py
[2025-05-14T17:00:20.917+0000] {processor.py:925} INFO - DAG(s) 'example_sensors' retrieved from /home/airflow/.local/lib/python3.12/site-packages/airflow/example_dags/example_sensors.py
[2025-05-14T17:00:21.043+0000] {logging_mixin.py:190} INFO - [2025-05-14T17:00:21.042+0000] {dag.py:3239} INFO - Sync 1 DAGs
[2025-05-14T17:00:21.113+0000] {logging_mixin.py:190} INFO - [2025-05-14T17:00:21.113+0000] {dag.py:4180} INFO - Setting next_dagrun for example_sensors to None, run_after=None
[2025-05-14T17:00:21.214+0000] {processor.py:208} INFO - Processing /home/airflow/.local/lib/python3.12/site-packages/airflow/example_dags/example_sensors.py took 0.486 seconds
[2025-05-14T17:00:51.866+0000] {processor.py:186} INFO - Started process (PID=180) to work on /home/airflow/.local/lib/python3.12/site-packages/airflow/example_dags/example_sensors.py
[2025-05-14T17:00:51.869+0000] {processor.py:914} INFO - Processing file /home/airflow/.local/lib/python3.12/site-packages/airflow/example_dags/example_sensors.py for tasks to queue
[2025-05-14T17:00:51.881+0000] {logging_mixin.py:190} INFO - [2025-05-14T17:00:51.880+0000] {dagbag.py:588} INFO - Filling up the DagBag from /home/airflow/.local/lib/python3.12/site-packages/airflow/example_dags/example_sensors.py
[2025-05-14T17:00:51.933+0000] {processor.py:925} INFO - DAG(s) 'example_sensors' retrieved from /home/airflow/.local/lib/python3.12/site-packages/airflow/example_dags/example_sensors.py
[2025-05-14T17:00:52.011+0000] {logging_mixin.py:190} INFO - [2025-05-14T17:00:52.010+0000] {dag.py:3239} INFO - Sync 1 DAGs
[2025-05-14T17:00:52.055+0000] {logging_mixin.py:190} INFO - [2025-05-14T17:00:52.054+0000] {dag.py:4180} INFO - Setting next_dagrun for example_sensors to None, run_after=None
[2025-05-14T17:00:52.130+0000] {processor.py:208} INFO - Processing /home/airflow/.local/lib/python3.12/site-packages/airflow/example_dags/example_sensors.py took 0.288 seconds
[2025-05-14T17:01:22.655+0000] {processor.py:186} INFO - Started process (PID=247) to work on /home/airflow/.local/lib/python3.12/site-packages/airflow/example_dags/example_sensors.py
[2025-05-14T17:01:22.656+0000] {processor.py:914} INFO - Processing file /home/airflow/.local/lib/python3.12/site-packages/airflow/example_dags/example_sensors.py for tasks to queue
[2025-05-14T17:01:22.660+0000] {logging_mixin.py:190} INFO - [2025-05-14T17:01:22.659+0000] {dagbag.py:588} INFO - Filling up the DagBag from /home/airflow/.local/lib/python3.12/site-packages/airflow/example_dags/example_sensors.py
[2025-05-14T17:01:22.676+0000] {processor.py:925} INFO - DAG(s) 'example_sensors' retrieved from /home/airflow/.local/lib/python3.12/site-packages/airflow/example_dags/example_sensors.py
[2025-05-14T17:01:22.723+0000] {logging_mixin.py:190} INFO - [2025-05-14T17:01:22.722+0000] {dag.py:3239} INFO - Sync 1 DAGs
[2025-05-14T17:01:22.744+0000] {logging_mixin.py:190} INFO - [2025-05-14T17:01:22.744+0000] {dag.py:4180} INFO - Setting next_dagrun for example_sensors to None, run_after=None
[2025-05-14T17:01:22.776+0000] {processor.py:208} INFO - Processing /home/airflow/.local/lib/python3.12/site-packages/airflow/example_dags/example_sensors.py took 0.129 seconds
[2025-05-14T17:01:53.421+0000] {processor.py:186} INFO - Started process (PID=313) to work on /home/airflow/.local/lib/python3.12/site-packages/airflow/example_dags/example_sensors.py
[2025-05-14T17:01:53.422+0000] {processor.py:914} INFO - Processing file /home/airflow/.local/lib/python3.12/site-packages/airflow/example_dags/example_sensors.py for tasks to queue
[2025-05-14T17:01:53.426+0000] {logging_mixin.py:190} INFO - [2025-05-14T17:01:53.425+0000] {dagbag.py:588} INFO - Filling up the DagBag from /home/airflow/.local/lib/python3.12/site-packages/airflow/example_dags/example_sensors.py
[2025-05-14T17:01:53.445+0000] {processor.py:925} INFO - DAG(s) 'example_sensors' retrieved from /home/airflow/.local/lib/python3.12/site-packages/airflow/example_dags/example_sensors.py
[2025-05-14T17:01:53.492+0000] {logging_mixin.py:190} INFO - [2025-05-14T17:01:53.492+0000] {dag.py:3239} INFO - Sync 1 DAGs
[2025-05-14T17:01:53.518+0000] {logging_mixin.py:190} INFO - [2025-05-14T17:01:53.518+0000] {dag.py:4180} INFO - Setting next_dagrun for example_sensors to None, run_after=None
[2025-05-14T17:01:53.548+0000] {processor.py:208} INFO - Processing /home/airflow/.local/lib/python3.12/site-packages/airflow/example_dags/example_sensors.py took 0.136 seconds
[2025-05-14T17:02:29.273+0000] {processor.py:186} INFO - Started process (PID=364) to work on /home/airflow/.local/lib/python3.12/site-packages/airflow/example_dags/example_sensors.py
[2025-05-14T17:02:29.277+0000] {processor.py:914} INFO - Processing file /home/airflow/.local/lib/python3.12/site-packages/airflow/example_dags/example_sensors.py for tasks to queue
[2025-05-14T17:02:29.288+0000] {logging_mixin.py:190} INFO - [2025-05-14T17:02:29.287+0000] {dagbag.py:588} INFO - Filling up the DagBag from /home/airflow/.local/lib/python3.12/site-packages/airflow/example_dags/example_sensors.py
[2025-05-14T17:02:29.329+0000] {processor.py:925} INFO - DAG(s) 'example_sensors' retrieved from /home/airflow/.local/lib/python3.12/site-packages/airflow/example_dags/example_sensors.py
[2025-05-14T17:02:29.411+0000] {logging_mixin.py:190} INFO - [2025-05-14T17:02:29.410+0000] {dag.py:3239} INFO - Sync 1 DAGs
[2025-05-14T17:02:29.468+0000] {logging_mixin.py:190} INFO - [2025-05-14T17:02:29.467+0000] {dag.py:4180} INFO - Setting next_dagrun for example_sensors to None, run_after=None
[2025-05-14T17:02:29.545+0000] {processor.py:208} INFO - Processing /home/airflow/.local/lib/python3.12/site-packages/airflow/example_dags/example_sensors.py took 0.298 seconds
[2025-05-14T17:05:42.835+0000] {processor.py:186} INFO - Started process (PID=96) to work on /home/airflow/.local/lib/python3.12/site-packages/airflow/example_dags/example_sensors.py
[2025-05-14T17:05:42.855+0000] {processor.py:914} INFO - Processing file /home/airflow/.local/lib/python3.12/site-packages/airflow/example_dags/example_sensors.py for tasks to queue
[2025-05-14T17:05:42.864+0000] {logging_mixin.py:190} INFO - [2025-05-14T17:05:42.863+0000] {dagbag.py:588} INFO - Filling up the DagBag from /home/airflow/.local/lib/python3.12/site-packages/airflow/example_dags/example_sensors.py
[2025-05-14T17:05:42.922+0000] {processor.py:925} INFO - DAG(s) 'example_sensors' retrieved from /home/airflow/.local/lib/python3.12/site-packages/airflow/example_dags/example_sensors.py
[2025-05-14T17:05:43.477+0000] {logging_mixin.py:190} INFO - [2025-05-14T17:05:43.476+0000] {dag.py:3239} INFO - Sync 1 DAGs
[2025-05-14T17:05:43.568+0000] {logging_mixin.py:190} INFO - [2025-05-14T17:05:43.567+0000] {dag.py:4180} INFO - Setting next_dagrun for example_sensors to None, run_after=None
[2025-05-14T17:05:43.854+0000] {processor.py:208} INFO - Processing /home/airflow/.local/lib/python3.12/site-packages/airflow/example_dags/example_sensors.py took 1.058 seconds
[2025-05-14T17:06:27.049+0000] {processor.py:186} INFO - Started process (PID=161) to work on /home/airflow/.local/lib/python3.12/site-packages/airflow/example_dags/example_sensors.py
[2025-05-14T17:06:27.067+0000] {processor.py:914} INFO - Processing file /home/airflow/.local/lib/python3.12/site-packages/airflow/example_dags/example_sensors.py for tasks to queue
[2025-05-14T17:06:27.107+0000] {logging_mixin.py:190} INFO - [2025-05-14T17:06:27.091+0000] {dagbag.py:588} INFO - Filling up the DagBag from /home/airflow/.local/lib/python3.12/site-packages/airflow/example_dags/example_sensors.py
[2025-05-14T17:06:27.180+0000] {processor.py:925} INFO - DAG(s) 'example_sensors' retrieved from /home/airflow/.local/lib/python3.12/site-packages/airflow/example_dags/example_sensors.py
[2025-05-14T17:06:27.345+0000] {logging_mixin.py:190} INFO - [2025-05-14T17:06:27.343+0000] {dag.py:3239} INFO - Sync 1 DAGs
[2025-05-14T17:06:27.514+0000] {logging_mixin.py:190} INFO - [2025-05-14T17:06:27.513+0000] {dag.py:4180} INFO - Setting next_dagrun for example_sensors to None, run_after=None
[2025-05-14T17:06:27.703+0000] {processor.py:208} INFO - Processing /home/airflow/.local/lib/python3.12/site-packages/airflow/example_dags/example_sensors.py took 0.710 seconds
[2025-05-14T17:06:58.354+0000] {processor.py:186} INFO - Started process (PID=227) to work on /home/airflow/.local/lib/python3.12/site-packages/airflow/example_dags/example_sensors.py
[2025-05-14T17:06:58.356+0000] {processor.py:914} INFO - Processing file /home/airflow/.local/lib/python3.12/site-packages/airflow/example_dags/example_sensors.py for tasks to queue
[2025-05-14T17:06:58.360+0000] {logging_mixin.py:190} INFO - [2025-05-14T17:06:58.360+0000] {dagbag.py:588} INFO - Filling up the DagBag from /home/airflow/.local/lib/python3.12/site-packages/airflow/example_dags/example_sensors.py
[2025-05-14T17:06:58.382+0000] {processor.py:925} INFO - DAG(s) 'example_sensors' retrieved from /home/airflow/.local/lib/python3.12/site-packages/airflow/example_dags/example_sensors.py
[2025-05-14T17:06:58.459+0000] {logging_mixin.py:190} INFO - [2025-05-14T17:06:58.458+0000] {dag.py:3239} INFO - Sync 1 DAGs
[2025-05-14T17:06:58.493+0000] {logging_mixin.py:190} INFO - [2025-05-14T17:06:58.493+0000] {dag.py:4180} INFO - Setting next_dagrun for example_sensors to None, run_after=None
[2025-05-14T17:06:58.524+0000] {processor.py:208} INFO - Processing /home/airflow/.local/lib/python3.12/site-packages/airflow/example_dags/example_sensors.py took 0.178 seconds
[2025-05-14T17:07:28.876+0000] {processor.py:186} INFO - Started process (PID=292) to work on /home/airflow/.local/lib/python3.12/site-packages/airflow/example_dags/example_sensors.py
[2025-05-14T17:07:28.877+0000] {processor.py:914} INFO - Processing file /home/airflow/.local/lib/python3.12/site-packages/airflow/example_dags/example_sensors.py for tasks to queue
[2025-05-14T17:07:28.882+0000] {logging_mixin.py:190} INFO - [2025-05-14T17:07:28.882+0000] {dagbag.py:588} INFO - Filling up the DagBag from /home/airflow/.local/lib/python3.12/site-packages/airflow/example_dags/example_sensors.py
[2025-05-14T17:07:28.903+0000] {processor.py:925} INFO - DAG(s) 'example_sensors' retrieved from /home/airflow/.local/lib/python3.12/site-packages/airflow/example_dags/example_sensors.py
[2025-05-14T17:07:28.966+0000] {logging_mixin.py:190} INFO - [2025-05-14T17:07:28.965+0000] {dag.py:3239} INFO - Sync 1 DAGs
[2025-05-14T17:07:28.995+0000] {logging_mixin.py:190} INFO - [2025-05-14T17:07:28.995+0000] {dag.py:4180} INFO - Setting next_dagrun for example_sensors to None, run_after=None
[2025-05-14T17:07:29.037+0000] {processor.py:208} INFO - Processing /home/airflow/.local/lib/python3.12/site-packages/airflow/example_dags/example_sensors.py took 0.174 seconds
[2025-05-14T17:08:00.690+0000] {processor.py:186} INFO - Started process (PID=360) to work on /home/airflow/.local/lib/python3.12/site-packages/airflow/example_dags/example_sensors.py
[2025-05-14T17:08:00.694+0000] {processor.py:914} INFO - Processing file /home/airflow/.local/lib/python3.12/site-packages/airflow/example_dags/example_sensors.py for tasks to queue
[2025-05-14T17:08:00.726+0000] {logging_mixin.py:190} INFO - [2025-05-14T17:08:00.725+0000] {dagbag.py:588} INFO - Filling up the DagBag from /home/airflow/.local/lib/python3.12/site-packages/airflow/example_dags/example_sensors.py
[2025-05-14T17:08:00.840+0000] {processor.py:925} INFO - DAG(s) 'example_sensors' retrieved from /home/airflow/.local/lib/python3.12/site-packages/airflow/example_dags/example_sensors.py
[2025-05-14T17:08:00.949+0000] {logging_mixin.py:190} INFO - [2025-05-14T17:08:00.949+0000] {dag.py:3239} INFO - Sync 1 DAGs
[2025-05-14T17:08:00.985+0000] {logging_mixin.py:190} INFO - [2025-05-14T17:08:00.985+0000] {dag.py:4180} INFO - Setting next_dagrun for example_sensors to None, run_after=None
[2025-05-14T17:08:01.040+0000] {processor.py:208} INFO - Processing /home/airflow/.local/lib/python3.12/site-packages/airflow/example_dags/example_sensors.py took 0.382 seconds
[2025-05-14T17:08:36.373+0000] {processor.py:186} INFO - Started process (PID=430) to work on /home/airflow/.local/lib/python3.12/site-packages/airflow/example_dags/example_sensors.py
[2025-05-14T17:08:36.379+0000] {processor.py:914} INFO - Processing file /home/airflow/.local/lib/python3.12/site-packages/airflow/example_dags/example_sensors.py for tasks to queue
[2025-05-14T17:08:36.388+0000] {logging_mixin.py:190} INFO - [2025-05-14T17:08:36.387+0000] {dagbag.py:588} INFO - Filling up the DagBag from /home/airflow/.local/lib/python3.12/site-packages/airflow/example_dags/example_sensors.py
[2025-05-14T17:08:36.451+0000] {processor.py:925} INFO - DAG(s) 'example_sensors' retrieved from /home/airflow/.local/lib/python3.12/site-packages/airflow/example_dags/example_sensors.py
[2025-05-14T17:08:36.730+0000] {logging_mixin.py:190} INFO - [2025-05-14T17:08:36.718+0000] {dag.py:3239} INFO - Sync 1 DAGs
[2025-05-14T17:08:36.817+0000] {logging_mixin.py:190} INFO - [2025-05-14T17:08:36.816+0000] {dag.py:4180} INFO - Setting next_dagrun for example_sensors to None, run_after=None
[2025-05-14T17:08:36.936+0000] {processor.py:208} INFO - Processing /home/airflow/.local/lib/python3.12/site-packages/airflow/example_dags/example_sensors.py took 0.613 seconds
[2025-05-14T17:09:07.753+0000] {processor.py:186} INFO - Started process (PID=495) to work on /home/airflow/.local/lib/python3.12/site-packages/airflow/example_dags/example_sensors.py
[2025-05-14T17:09:07.755+0000] {processor.py:914} INFO - Processing file /home/airflow/.local/lib/python3.12/site-packages/airflow/example_dags/example_sensors.py for tasks to queue
[2025-05-14T17:09:07.763+0000] {logging_mixin.py:190} INFO - [2025-05-14T17:09:07.762+0000] {dagbag.py:588} INFO - Filling up the DagBag from /home/airflow/.local/lib/python3.12/site-packages/airflow/example_dags/example_sensors.py
[2025-05-14T17:09:07.810+0000] {processor.py:925} INFO - DAG(s) 'example_sensors' retrieved from /home/airflow/.local/lib/python3.12/site-packages/airflow/example_dags/example_sensors.py
[2025-05-14T17:09:07.920+0000] {logging_mixin.py:190} INFO - [2025-05-14T17:09:07.919+0000] {dag.py:3239} INFO - Sync 1 DAGs
[2025-05-14T17:09:07.967+0000] {logging_mixin.py:190} INFO - [2025-05-14T17:09:07.967+0000] {dag.py:4180} INFO - Setting next_dagrun for example_sensors to None, run_after=None
[2025-05-14T17:09:08.031+0000] {processor.py:208} INFO - Processing /home/airflow/.local/lib/python3.12/site-packages/airflow/example_dags/example_sensors.py took 0.293 seconds
[2025-05-14T17:09:38.800+0000] {processor.py:186} INFO - Started process (PID=562) to work on /home/airflow/.local/lib/python3.12/site-packages/airflow/example_dags/example_sensors.py
[2025-05-14T17:09:38.802+0000] {processor.py:914} INFO - Processing file /home/airflow/.local/lib/python3.12/site-packages/airflow/example_dags/example_sensors.py for tasks to queue
[2025-05-14T17:09:38.809+0000] {logging_mixin.py:190} INFO - [2025-05-14T17:09:38.808+0000] {dagbag.py:588} INFO - Filling up the DagBag from /home/airflow/.local/lib/python3.12/site-packages/airflow/example_dags/example_sensors.py
[2025-05-14T17:09:38.846+0000] {processor.py:925} INFO - DAG(s) 'example_sensors' retrieved from /home/airflow/.local/lib/python3.12/site-packages/airflow/example_dags/example_sensors.py
[2025-05-14T17:09:38.935+0000] {logging_mixin.py:190} INFO - [2025-05-14T17:09:38.934+0000] {dag.py:3239} INFO - Sync 1 DAGs
[2025-05-14T17:09:38.984+0000] {logging_mixin.py:190} INFO - [2025-05-14T17:09:38.984+0000] {dag.py:4180} INFO - Setting next_dagrun for example_sensors to None, run_after=None
[2025-05-14T17:09:39.038+0000] {processor.py:208} INFO - Processing /home/airflow/.local/lib/python3.12/site-packages/airflow/example_dags/example_sensors.py took 0.252 seconds
[2025-05-14T17:10:09.116+0000] {processor.py:186} INFO - Started process (PID=628) to work on /home/airflow/.local/lib/python3.12/site-packages/airflow/example_dags/example_sensors.py
[2025-05-14T17:10:09.117+0000] {processor.py:914} INFO - Processing file /home/airflow/.local/lib/python3.12/site-packages/airflow/example_dags/example_sensors.py for tasks to queue
[2025-05-14T17:10:09.121+0000] {logging_mixin.py:190} INFO - [2025-05-14T17:10:09.120+0000] {dagbag.py:588} INFO - Filling up the DagBag from /home/airflow/.local/lib/python3.12/site-packages/airflow/example_dags/example_sensors.py
[2025-05-14T17:10:09.139+0000] {processor.py:925} INFO - DAG(s) 'example_sensors' retrieved from /home/airflow/.local/lib/python3.12/site-packages/airflow/example_dags/example_sensors.py
[2025-05-14T17:10:09.178+0000] {logging_mixin.py:190} INFO - [2025-05-14T17:10:09.178+0000] {dag.py:3239} INFO - Sync 1 DAGs
[2025-05-14T17:10:09.211+0000] {logging_mixin.py:190} INFO - [2025-05-14T17:10:09.210+0000] {dag.py:4180} INFO - Setting next_dagrun for example_sensors to None, run_after=None
[2025-05-14T17:10:09.248+0000] {processor.py:208} INFO - Processing /home/airflow/.local/lib/python3.12/site-packages/airflow/example_dags/example_sensors.py took 0.140 seconds
[2025-05-14T17:10:39.675+0000] {processor.py:186} INFO - Started process (PID=694) to work on /home/airflow/.local/lib/python3.12/site-packages/airflow/example_dags/example_sensors.py
[2025-05-14T17:10:39.677+0000] {processor.py:914} INFO - Processing file /home/airflow/.local/lib/python3.12/site-packages/airflow/example_dags/example_sensors.py for tasks to queue
[2025-05-14T17:10:39.683+0000] {logging_mixin.py:190} INFO - [2025-05-14T17:10:39.682+0000] {dagbag.py:588} INFO - Filling up the DagBag from /home/airflow/.local/lib/python3.12/site-packages/airflow/example_dags/example_sensors.py
[2025-05-14T17:10:39.707+0000] {processor.py:925} INFO - DAG(s) 'example_sensors' retrieved from /home/airflow/.local/lib/python3.12/site-packages/airflow/example_dags/example_sensors.py
[2025-05-14T17:10:39.798+0000] {logging_mixin.py:190} INFO - [2025-05-14T17:10:39.797+0000] {dag.py:3239} INFO - Sync 1 DAGs
[2025-05-14T17:10:39.854+0000] {logging_mixin.py:190} INFO - [2025-05-14T17:10:39.853+0000] {dag.py:4180} INFO - Setting next_dagrun for example_sensors to None, run_after=None
[2025-05-14T17:10:39.953+0000] {processor.py:208} INFO - Processing /home/airflow/.local/lib/python3.12/site-packages/airflow/example_dags/example_sensors.py took 0.294 seconds
[2025-05-14T17:11:10.553+0000] {processor.py:186} INFO - Started process (PID=759) to work on /home/airflow/.local/lib/python3.12/site-packages/airflow/example_dags/example_sensors.py
[2025-05-14T17:11:10.555+0000] {processor.py:914} INFO - Processing file /home/airflow/.local/lib/python3.12/site-packages/airflow/example_dags/example_sensors.py for tasks to queue
[2025-05-14T17:11:10.560+0000] {logging_mixin.py:190} INFO - [2025-05-14T17:11:10.559+0000] {dagbag.py:588} INFO - Filling up the DagBag from /home/airflow/.local/lib/python3.12/site-packages/airflow/example_dags/example_sensors.py
[2025-05-14T17:11:10.580+0000] {processor.py:925} INFO - DAG(s) 'example_sensors' retrieved from /home/airflow/.local/lib/python3.12/site-packages/airflow/example_dags/example_sensors.py
[2025-05-14T17:11:10.625+0000] {logging_mixin.py:190} INFO - [2025-05-14T17:11:10.625+0000] {dag.py:3239} INFO - Sync 1 DAGs
[2025-05-14T17:11:10.654+0000] {logging_mixin.py:190} INFO - [2025-05-14T17:11:10.653+0000] {dag.py:4180} INFO - Setting next_dagrun for example_sensors to None, run_after=None
[2025-05-14T17:11:10.692+0000] {processor.py:208} INFO - Processing /home/airflow/.local/lib/python3.12/site-packages/airflow/example_dags/example_sensors.py took 0.152 seconds
[2025-05-14T17:11:42.948+0000] {processor.py:186} INFO - Started process (PID=823) to work on /home/airflow/.local/lib/python3.12/site-packages/airflow/example_dags/example_sensors.py
[2025-05-14T17:11:42.951+0000] {processor.py:914} INFO - Processing file /home/airflow/.local/lib/python3.12/site-packages/airflow/example_dags/example_sensors.py for tasks to queue
[2025-05-14T17:11:42.959+0000] {logging_mixin.py:190} INFO - [2025-05-14T17:11:42.958+0000] {dagbag.py:588} INFO - Filling up the DagBag from /home/airflow/.local/lib/python3.12/site-packages/airflow/example_dags/example_sensors.py
[2025-05-14T17:11:42.986+0000] {processor.py:925} INFO - DAG(s) 'example_sensors' retrieved from /home/airflow/.local/lib/python3.12/site-packages/airflow/example_dags/example_sensors.py
[2025-05-14T17:11:43.114+0000] {logging_mixin.py:190} INFO - [2025-05-14T17:11:43.113+0000] {dag.py:3239} INFO - Sync 1 DAGs
[2025-05-14T17:11:43.145+0000] {logging_mixin.py:190} INFO - [2025-05-14T17:11:43.145+0000] {dag.py:4180} INFO - Setting next_dagrun for example_sensors to None, run_after=None
[2025-05-14T17:11:43.204+0000] {processor.py:208} INFO - Processing /home/airflow/.local/lib/python3.12/site-packages/airflow/example_dags/example_sensors.py took 0.272 seconds
[2025-05-14T17:12:14.643+0000] {processor.py:186} INFO - Started process (PID=888) to work on /home/airflow/.local/lib/python3.12/site-packages/airflow/example_dags/example_sensors.py
[2025-05-14T17:12:14.645+0000] {processor.py:914} INFO - Processing file /home/airflow/.local/lib/python3.12/site-packages/airflow/example_dags/example_sensors.py for tasks to queue
[2025-05-14T17:12:14.650+0000] {logging_mixin.py:190} INFO - [2025-05-14T17:12:14.649+0000] {dagbag.py:588} INFO - Filling up the DagBag from /home/airflow/.local/lib/python3.12/site-packages/airflow/example_dags/example_sensors.py
[2025-05-14T17:12:14.670+0000] {processor.py:925} INFO - DAG(s) 'example_sensors' retrieved from /home/airflow/.local/lib/python3.12/site-packages/airflow/example_dags/example_sensors.py
[2025-05-14T17:12:14.796+0000] {logging_mixin.py:190} INFO - [2025-05-14T17:12:14.795+0000] {dag.py:3239} INFO - Sync 1 DAGs
[2025-05-14T17:12:14.850+0000] {logging_mixin.py:190} INFO - [2025-05-14T17:12:14.849+0000] {dag.py:4180} INFO - Setting next_dagrun for example_sensors to None, run_after=None
[2025-05-14T17:12:14.933+0000] {processor.py:208} INFO - Processing /home/airflow/.local/lib/python3.12/site-packages/airflow/example_dags/example_sensors.py took 0.303 seconds
[2025-05-14T17:12:45.040+0000] {processor.py:186} INFO - Started process (PID=953) to work on /home/airflow/.local/lib/python3.12/site-packages/airflow/example_dags/example_sensors.py
[2025-05-14T17:12:45.044+0000] {processor.py:914} INFO - Processing file /home/airflow/.local/lib/python3.12/site-packages/airflow/example_dags/example_sensors.py for tasks to queue
[2025-05-14T17:12:45.051+0000] {logging_mixin.py:190} INFO - [2025-05-14T17:12:45.050+0000] {dagbag.py:588} INFO - Filling up the DagBag from /home/airflow/.local/lib/python3.12/site-packages/airflow/example_dags/example_sensors.py
[2025-05-14T17:12:45.075+0000] {processor.py:925} INFO - DAG(s) 'example_sensors' retrieved from /home/airflow/.local/lib/python3.12/site-packages/airflow/example_dags/example_sensors.py
[2025-05-14T17:12:45.140+0000] {logging_mixin.py:190} INFO - [2025-05-14T17:12:45.139+0000] {dag.py:3239} INFO - Sync 1 DAGs
[2025-05-14T17:12:45.171+0000] {logging_mixin.py:190} INFO - [2025-05-14T17:12:45.170+0000] {dag.py:4180} INFO - Setting next_dagrun for example_sensors to None, run_after=None
[2025-05-14T17:12:45.214+0000] {processor.py:208} INFO - Processing /home/airflow/.local/lib/python3.12/site-packages/airflow/example_dags/example_sensors.py took 0.189 seconds
[2025-05-14T17:13:15.981+0000] {processor.py:186} INFO - Started process (PID=1018) to work on /home/airflow/.local/lib/python3.12/site-packages/airflow/example_dags/example_sensors.py
[2025-05-14T17:13:15.983+0000] {processor.py:914} INFO - Processing file /home/airflow/.local/lib/python3.12/site-packages/airflow/example_dags/example_sensors.py for tasks to queue
[2025-05-14T17:13:15.990+0000] {logging_mixin.py:190} INFO - [2025-05-14T17:13:15.990+0000] {dagbag.py:588} INFO - Filling up the DagBag from /home/airflow/.local/lib/python3.12/site-packages/airflow/example_dags/example_sensors.py
[2025-05-14T17:13:16.015+0000] {processor.py:925} INFO - DAG(s) 'example_sensors' retrieved from /home/airflow/.local/lib/python3.12/site-packages/airflow/example_dags/example_sensors.py
[2025-05-14T17:13:16.094+0000] {logging_mixin.py:190} INFO - [2025-05-14T17:13:16.094+0000] {dag.py:3239} INFO - Sync 1 DAGs
[2025-05-14T17:13:16.132+0000] {logging_mixin.py:190} INFO - [2025-05-14T17:13:16.132+0000] {dag.py:4180} INFO - Setting next_dagrun for example_sensors to None, run_after=None
[2025-05-14T17:13:16.179+0000] {processor.py:208} INFO - Processing /home/airflow/.local/lib/python3.12/site-packages/airflow/example_dags/example_sensors.py took 0.217 seconds
[2025-05-14T17:13:46.437+0000] {processor.py:186} INFO - Started process (PID=1083) to work on /home/airflow/.local/lib/python3.12/site-packages/airflow/example_dags/example_sensors.py
[2025-05-14T17:13:46.439+0000] {processor.py:914} INFO - Processing file /home/airflow/.local/lib/python3.12/site-packages/airflow/example_dags/example_sensors.py for tasks to queue
[2025-05-14T17:13:46.442+0000] {logging_mixin.py:190} INFO - [2025-05-14T17:13:46.442+0000] {dagbag.py:588} INFO - Filling up the DagBag from /home/airflow/.local/lib/python3.12/site-packages/airflow/example_dags/example_sensors.py
[2025-05-14T17:13:46.460+0000] {processor.py:925} INFO - DAG(s) 'example_sensors' retrieved from /home/airflow/.local/lib/python3.12/site-packages/airflow/example_dags/example_sensors.py
[2025-05-14T17:13:46.498+0000] {logging_mixin.py:190} INFO - [2025-05-14T17:13:46.497+0000] {dag.py:3239} INFO - Sync 1 DAGs
[2025-05-14T17:13:46.521+0000] {logging_mixin.py:190} INFO - [2025-05-14T17:13:46.520+0000] {dag.py:4180} INFO - Setting next_dagrun for example_sensors to None, run_after=None
[2025-05-14T17:13:46.548+0000] {processor.py:208} INFO - Processing /home/airflow/.local/lib/python3.12/site-packages/airflow/example_dags/example_sensors.py took 0.120 seconds
[2025-05-14T17:14:16.774+0000] {processor.py:186} INFO - Started process (PID=1149) to work on /home/airflow/.local/lib/python3.12/site-packages/airflow/example_dags/example_sensors.py
[2025-05-14T17:14:16.775+0000] {processor.py:914} INFO - Processing file /home/airflow/.local/lib/python3.12/site-packages/airflow/example_dags/example_sensors.py for tasks to queue
[2025-05-14T17:14:16.779+0000] {logging_mixin.py:190} INFO - [2025-05-14T17:14:16.778+0000] {dagbag.py:588} INFO - Filling up the DagBag from /home/airflow/.local/lib/python3.12/site-packages/airflow/example_dags/example_sensors.py
[2025-05-14T17:14:16.800+0000] {processor.py:925} INFO - DAG(s) 'example_sensors' retrieved from /home/airflow/.local/lib/python3.12/site-packages/airflow/example_dags/example_sensors.py
[2025-05-14T17:14:16.854+0000] {logging_mixin.py:190} INFO - [2025-05-14T17:14:16.853+0000] {dag.py:3239} INFO - Sync 1 DAGs
[2025-05-14T17:14:16.882+0000] {logging_mixin.py:190} INFO - [2025-05-14T17:14:16.882+0000] {dag.py:4180} INFO - Setting next_dagrun for example_sensors to None, run_after=None
[2025-05-14T17:14:16.921+0000] {processor.py:208} INFO - Processing /home/airflow/.local/lib/python3.12/site-packages/airflow/example_dags/example_sensors.py took 0.157 seconds
[2025-05-14T17:14:47.302+0000] {processor.py:186} INFO - Started process (PID=1215) to work on /home/airflow/.local/lib/python3.12/site-packages/airflow/example_dags/example_sensors.py
[2025-05-14T17:14:47.304+0000] {processor.py:914} INFO - Processing file /home/airflow/.local/lib/python3.12/site-packages/airflow/example_dags/example_sensors.py for tasks to queue
[2025-05-14T17:14:47.312+0000] {logging_mixin.py:190} INFO - [2025-05-14T17:14:47.311+0000] {dagbag.py:588} INFO - Filling up the DagBag from /home/airflow/.local/lib/python3.12/site-packages/airflow/example_dags/example_sensors.py
[2025-05-14T17:14:47.341+0000] {processor.py:925} INFO - DAG(s) 'example_sensors' retrieved from /home/airflow/.local/lib/python3.12/site-packages/airflow/example_dags/example_sensors.py
[2025-05-14T17:14:47.386+0000] {logging_mixin.py:190} INFO - [2025-05-14T17:14:47.386+0000] {dag.py:3239} INFO - Sync 1 DAGs
[2025-05-14T17:14:47.422+0000] {logging_mixin.py:190} INFO - [2025-05-14T17:14:47.421+0000] {dag.py:4180} INFO - Setting next_dagrun for example_sensors to None, run_after=None
[2025-05-14T17:14:47.468+0000] {processor.py:208} INFO - Processing /home/airflow/.local/lib/python3.12/site-packages/airflow/example_dags/example_sensors.py took 0.174 seconds
