[2025-05-14T17:00:30.280+0000] {processor.py:186} INFO - Started process (PID=133) to work on /home/airflow/.local/lib/python3.12/site-packages/airflow/example_dags/example_time_delta_sensor_async.py
[2025-05-14T17:00:30.282+0000] {processor.py:914} INFO - Processing file /home/airflow/.local/lib/python3.12/site-packages/airflow/example_dags/example_time_delta_sensor_async.py for tasks to queue
[2025-05-14T17:00:30.287+0000] {logging_mixin.py:190} INFO - [2025-05-14T17:00:30.286+0000] {dagbag.py:588} INFO - Filling up the DagBag from /home/airflow/.local/lib/python3.12/site-packages/airflow/example_dags/example_time_delta_sensor_async.py
[2025-05-14T17:00:30.303+0000] {processor.py:925} INFO - DAG(s) 'example_time_delta_sensor_async' retrieved from /home/airflow/.local/lib/python3.12/site-packages/airflow/example_dags/example_time_delta_sensor_async.py
[2025-05-14T17:00:30.360+0000] {logging_mixin.py:190} INFO - [2025-05-14T17:00:30.359+0000] {dag.py:3239} INFO - Sync 1 DAGs
[2025-05-14T17:00:30.400+0000] {logging_mixin.py:190} INFO - [2025-05-14T17:00:30.399+0000] {dag.py:4180} INFO - Setting next_dagrun for example_time_delta_sensor_async to None, run_after=None
[2025-05-14T17:00:30.465+0000] {processor.py:208} INFO - Processing /home/airflow/.local/lib/python3.12/site-packages/airflow/example_dags/example_time_delta_sensor_async.py took 0.196 seconds
[2025-05-14T17:01:02.360+0000] {processor.py:186} INFO - Started process (PID=199) to work on /home/airflow/.local/lib/python3.12/site-packages/airflow/example_dags/example_time_delta_sensor_async.py
[2025-05-14T17:01:02.362+0000] {processor.py:914} INFO - Processing file /home/airflow/.local/lib/python3.12/site-packages/airflow/example_dags/example_time_delta_sensor_async.py for tasks to queue
[2025-05-14T17:01:02.378+0000] {logging_mixin.py:190} INFO - [2025-05-14T17:01:02.377+0000] {dagbag.py:588} INFO - Filling up the DagBag from /home/airflow/.local/lib/python3.12/site-packages/airflow/example_dags/example_time_delta_sensor_async.py
[2025-05-14T17:01:02.428+0000] {processor.py:925} INFO - DAG(s) 'example_time_delta_sensor_async' retrieved from /home/airflow/.local/lib/python3.12/site-packages/airflow/example_dags/example_time_delta_sensor_async.py
[2025-05-14T17:01:02.552+0000] {logging_mixin.py:190} INFO - [2025-05-14T17:01:02.551+0000] {dag.py:3239} INFO - Sync 1 DAGs
[2025-05-14T17:01:02.624+0000] {logging_mixin.py:190} INFO - [2025-05-14T17:01:02.624+0000] {dag.py:4180} INFO - Setting next_dagrun for example_time_delta_sensor_async to None, run_after=None
[2025-05-14T17:01:02.796+0000] {processor.py:208} INFO - Processing /home/airflow/.local/lib/python3.12/site-packages/airflow/example_dags/example_time_delta_sensor_async.py took 0.454 seconds
[2025-05-14T17:01:34.200+0000] {processor.py:186} INFO - Started process (PID=266) to work on /home/airflow/.local/lib/python3.12/site-packages/airflow/example_dags/example_time_delta_sensor_async.py
[2025-05-14T17:01:34.204+0000] {processor.py:914} INFO - Processing file /home/airflow/.local/lib/python3.12/site-packages/airflow/example_dags/example_time_delta_sensor_async.py for tasks to queue
[2025-05-14T17:01:34.223+0000] {logging_mixin.py:190} INFO - [2025-05-14T17:01:34.221+0000] {dagbag.py:588} INFO - Filling up the DagBag from /home/airflow/.local/lib/python3.12/site-packages/airflow/example_dags/example_time_delta_sensor_async.py
[2025-05-14T17:01:34.241+0000] {processor.py:925} INFO - DAG(s) 'example_time_delta_sensor_async' retrieved from /home/airflow/.local/lib/python3.12/site-packages/airflow/example_dags/example_time_delta_sensor_async.py
[2025-05-14T17:01:34.301+0000] {logging_mixin.py:190} INFO - [2025-05-14T17:01:34.300+0000] {dag.py:3239} INFO - Sync 1 DAGs
[2025-05-14T17:01:34.355+0000] {logging_mixin.py:190} INFO - [2025-05-14T17:01:34.354+0000] {dag.py:4180} INFO - Setting next_dagrun for example_time_delta_sensor_async to None, run_after=None
[2025-05-14T17:01:34.424+0000] {processor.py:208} INFO - Processing /home/airflow/.local/lib/python3.12/site-packages/airflow/example_dags/example_time_delta_sensor_async.py took 0.249 seconds
[2025-05-14T17:02:08.644+0000] {processor.py:186} INFO - Started process (PID=332) to work on /home/airflow/.local/lib/python3.12/site-packages/airflow/example_dags/example_time_delta_sensor_async.py
[2025-05-14T17:02:08.647+0000] {processor.py:914} INFO - Processing file /home/airflow/.local/lib/python3.12/site-packages/airflow/example_dags/example_time_delta_sensor_async.py for tasks to queue
[2025-05-14T17:02:08.665+0000] {logging_mixin.py:190} INFO - [2025-05-14T17:02:08.663+0000] {dagbag.py:588} INFO - Filling up the DagBag from /home/airflow/.local/lib/python3.12/site-packages/airflow/example_dags/example_time_delta_sensor_async.py
[2025-05-14T17:02:08.720+0000] {processor.py:925} INFO - DAG(s) 'example_time_delta_sensor_async' retrieved from /home/airflow/.local/lib/python3.12/site-packages/airflow/example_dags/example_time_delta_sensor_async.py
[2025-05-14T17:02:09.011+0000] {logging_mixin.py:190} INFO - [2025-05-14T17:02:09.009+0000] {dag.py:3239} INFO - Sync 1 DAGs
[2025-05-14T17:02:09.203+0000] {logging_mixin.py:190} INFO - [2025-05-14T17:02:09.203+0000] {dag.py:4180} INFO - Setting next_dagrun for example_time_delta_sensor_async to None, run_after=None
[2025-05-14T17:02:09.346+0000] {processor.py:208} INFO - Processing /home/airflow/.local/lib/python3.12/site-packages/airflow/example_dags/example_time_delta_sensor_async.py took 0.743 seconds
[2025-05-14T17:02:40.197+0000] {processor.py:186} INFO - Started process (PID=398) to work on /home/airflow/.local/lib/python3.12/site-packages/airflow/example_dags/example_time_delta_sensor_async.py
[2025-05-14T17:02:40.199+0000] {processor.py:914} INFO - Processing file /home/airflow/.local/lib/python3.12/site-packages/airflow/example_dags/example_time_delta_sensor_async.py for tasks to queue
[2025-05-14T17:02:40.205+0000] {logging_mixin.py:190} INFO - [2025-05-14T17:02:40.204+0000] {dagbag.py:588} INFO - Filling up the DagBag from /home/airflow/.local/lib/python3.12/site-packages/airflow/example_dags/example_time_delta_sensor_async.py
[2025-05-14T17:02:40.222+0000] {processor.py:925} INFO - DAG(s) 'example_time_delta_sensor_async' retrieved from /home/airflow/.local/lib/python3.12/site-packages/airflow/example_dags/example_time_delta_sensor_async.py
[2025-05-14T17:02:40.257+0000] {logging_mixin.py:190} INFO - [2025-05-14T17:02:40.256+0000] {dag.py:3239} INFO - Sync 1 DAGs
[2025-05-14T17:02:40.306+0000] {logging_mixin.py:190} INFO - [2025-05-14T17:02:40.306+0000] {dag.py:4180} INFO - Setting next_dagrun for example_time_delta_sensor_async to None, run_after=None
[2025-05-14T17:02:40.348+0000] {processor.py:208} INFO - Processing /home/airflow/.local/lib/python3.12/site-packages/airflow/example_dags/example_time_delta_sensor_async.py took 0.171 seconds
[2025-05-14T17:05:58.173+0000] {processor.py:186} INFO - Started process (PID=114) to work on /home/airflow/.local/lib/python3.12/site-packages/airflow/example_dags/example_time_delta_sensor_async.py
[2025-05-14T17:05:58.181+0000] {processor.py:914} INFO - Processing file /home/airflow/.local/lib/python3.12/site-packages/airflow/example_dags/example_time_delta_sensor_async.py for tasks to queue
[2025-05-14T17:05:58.257+0000] {logging_mixin.py:190} INFO - [2025-05-14T17:05:58.219+0000] {dagbag.py:588} INFO - Filling up the DagBag from /home/airflow/.local/lib/python3.12/site-packages/airflow/example_dags/example_time_delta_sensor_async.py
[2025-05-14T17:05:58.480+0000] {processor.py:925} INFO - DAG(s) 'example_time_delta_sensor_async' retrieved from /home/airflow/.local/lib/python3.12/site-packages/airflow/example_dags/example_time_delta_sensor_async.py
[2025-05-14T17:05:58.796+0000] {logging_mixin.py:190} INFO - [2025-05-14T17:05:58.795+0000] {dag.py:3239} INFO - Sync 1 DAGs
[2025-05-14T17:05:58.949+0000] {logging_mixin.py:190} INFO - [2025-05-14T17:05:58.948+0000] {dag.py:4180} INFO - Setting next_dagrun for example_time_delta_sensor_async to None, run_after=None
[2025-05-14T17:05:59.032+0000] {processor.py:208} INFO - Processing /home/airflow/.local/lib/python3.12/site-packages/airflow/example_dags/example_time_delta_sensor_async.py took 0.955 seconds
[2025-05-14T17:06:36.688+0000] {processor.py:186} INFO - Started process (PID=185) to work on /home/airflow/.local/lib/python3.12/site-packages/airflow/example_dags/example_time_delta_sensor_async.py
[2025-05-14T17:06:36.690+0000] {processor.py:914} INFO - Processing file /home/airflow/.local/lib/python3.12/site-packages/airflow/example_dags/example_time_delta_sensor_async.py for tasks to queue
[2025-05-14T17:06:36.738+0000] {logging_mixin.py:190} INFO - [2025-05-14T17:06:36.727+0000] {dagbag.py:588} INFO - Filling up the DagBag from /home/airflow/.local/lib/python3.12/site-packages/airflow/example_dags/example_time_delta_sensor_async.py
[2025-05-14T17:06:36.807+0000] {processor.py:925} INFO - DAG(s) 'example_time_delta_sensor_async' retrieved from /home/airflow/.local/lib/python3.12/site-packages/airflow/example_dags/example_time_delta_sensor_async.py
[2025-05-14T17:06:37.000+0000] {logging_mixin.py:190} INFO - [2025-05-14T17:06:37.000+0000] {dag.py:3239} INFO - Sync 1 DAGs
[2025-05-14T17:06:37.107+0000] {logging_mixin.py:190} INFO - [2025-05-14T17:06:37.107+0000] {dag.py:4180} INFO - Setting next_dagrun for example_time_delta_sensor_async to None, run_after=None
[2025-05-14T17:06:37.291+0000] {processor.py:208} INFO - Processing /home/airflow/.local/lib/python3.12/site-packages/airflow/example_dags/example_time_delta_sensor_async.py took 0.634 seconds
[2025-05-14T17:07:08.142+0000] {processor.py:186} INFO - Started process (PID=251) to work on /home/airflow/.local/lib/python3.12/site-packages/airflow/example_dags/example_time_delta_sensor_async.py
[2025-05-14T17:07:08.146+0000] {processor.py:914} INFO - Processing file /home/airflow/.local/lib/python3.12/site-packages/airflow/example_dags/example_time_delta_sensor_async.py for tasks to queue
[2025-05-14T17:07:08.152+0000] {logging_mixin.py:190} INFO - [2025-05-14T17:07:08.152+0000] {dagbag.py:588} INFO - Filling up the DagBag from /home/airflow/.local/lib/python3.12/site-packages/airflow/example_dags/example_time_delta_sensor_async.py
[2025-05-14T17:07:08.185+0000] {processor.py:925} INFO - DAG(s) 'example_time_delta_sensor_async' retrieved from /home/airflow/.local/lib/python3.12/site-packages/airflow/example_dags/example_time_delta_sensor_async.py
[2025-05-14T17:07:08.316+0000] {logging_mixin.py:190} INFO - [2025-05-14T17:07:08.316+0000] {dag.py:3239} INFO - Sync 1 DAGs
[2025-05-14T17:07:08.369+0000] {logging_mixin.py:190} INFO - [2025-05-14T17:07:08.368+0000] {dag.py:4180} INFO - Setting next_dagrun for example_time_delta_sensor_async to None, run_after=None
[2025-05-14T17:07:08.442+0000] {processor.py:208} INFO - Processing /home/airflow/.local/lib/python3.12/site-packages/airflow/example_dags/example_time_delta_sensor_async.py took 0.328 seconds
[2025-05-14T17:07:38.906+0000] {processor.py:186} INFO - Started process (PID=319) to work on /home/airflow/.local/lib/python3.12/site-packages/airflow/example_dags/example_time_delta_sensor_async.py
[2025-05-14T17:07:38.909+0000] {processor.py:914} INFO - Processing file /home/airflow/.local/lib/python3.12/site-packages/airflow/example_dags/example_time_delta_sensor_async.py for tasks to queue
[2025-05-14T17:07:38.917+0000] {logging_mixin.py:190} INFO - [2025-05-14T17:07:38.916+0000] {dagbag.py:588} INFO - Filling up the DagBag from /home/airflow/.local/lib/python3.12/site-packages/airflow/example_dags/example_time_delta_sensor_async.py
[2025-05-14T17:07:38.931+0000] {processor.py:925} INFO - DAG(s) 'example_time_delta_sensor_async' retrieved from /home/airflow/.local/lib/python3.12/site-packages/airflow/example_dags/example_time_delta_sensor_async.py
[2025-05-14T17:07:38.965+0000] {logging_mixin.py:190} INFO - [2025-05-14T17:07:38.965+0000] {dag.py:3239} INFO - Sync 1 DAGs
[2025-05-14T17:07:38.994+0000] {logging_mixin.py:190} INFO - [2025-05-14T17:07:38.994+0000] {dag.py:4180} INFO - Setting next_dagrun for example_time_delta_sensor_async to None, run_after=None
[2025-05-14T17:07:39.037+0000] {processor.py:208} INFO - Processing /home/airflow/.local/lib/python3.12/site-packages/airflow/example_dags/example_time_delta_sensor_async.py took 0.150 seconds
[2025-05-14T17:08:09.143+0000] {processor.py:186} INFO - Started process (PID=384) to work on /home/airflow/.local/lib/python3.12/site-packages/airflow/example_dags/example_time_delta_sensor_async.py
[2025-05-14T17:08:09.145+0000] {processor.py:914} INFO - Processing file /home/airflow/.local/lib/python3.12/site-packages/airflow/example_dags/example_time_delta_sensor_async.py for tasks to queue
[2025-05-14T17:08:09.150+0000] {logging_mixin.py:190} INFO - [2025-05-14T17:08:09.149+0000] {dagbag.py:588} INFO - Filling up the DagBag from /home/airflow/.local/lib/python3.12/site-packages/airflow/example_dags/example_time_delta_sensor_async.py
[2025-05-14T17:08:09.172+0000] {processor.py:925} INFO - DAG(s) 'example_time_delta_sensor_async' retrieved from /home/airflow/.local/lib/python3.12/site-packages/airflow/example_dags/example_time_delta_sensor_async.py
[2025-05-14T17:08:09.225+0000] {logging_mixin.py:190} INFO - [2025-05-14T17:08:09.225+0000] {dag.py:3239} INFO - Sync 1 DAGs
[2025-05-14T17:08:09.275+0000] {logging_mixin.py:190} INFO - [2025-05-14T17:08:09.274+0000] {dag.py:4180} INFO - Setting next_dagrun for example_time_delta_sensor_async to None, run_after=None
[2025-05-14T17:08:09.333+0000] {processor.py:208} INFO - Processing /home/airflow/.local/lib/python3.12/site-packages/airflow/example_dags/example_time_delta_sensor_async.py took 0.200 seconds
[2025-05-14T17:08:42.384+0000] {processor.py:186} INFO - Started process (PID=451) to work on /home/airflow/.local/lib/python3.12/site-packages/airflow/example_dags/example_time_delta_sensor_async.py
[2025-05-14T17:08:42.387+0000] {processor.py:914} INFO - Processing file /home/airflow/.local/lib/python3.12/site-packages/airflow/example_dags/example_time_delta_sensor_async.py for tasks to queue
[2025-05-14T17:08:42.408+0000] {logging_mixin.py:190} INFO - [2025-05-14T17:08:42.406+0000] {dagbag.py:588} INFO - Filling up the DagBag from /home/airflow/.local/lib/python3.12/site-packages/airflow/example_dags/example_time_delta_sensor_async.py
[2025-05-14T17:08:42.444+0000] {processor.py:925} INFO - DAG(s) 'example_time_delta_sensor_async' retrieved from /home/airflow/.local/lib/python3.12/site-packages/airflow/example_dags/example_time_delta_sensor_async.py
[2025-05-14T17:08:42.532+0000] {logging_mixin.py:190} INFO - [2025-05-14T17:08:42.531+0000] {dag.py:3239} INFO - Sync 1 DAGs
[2025-05-14T17:08:42.645+0000] {logging_mixin.py:190} INFO - [2025-05-14T17:08:42.645+0000] {dag.py:4180} INFO - Setting next_dagrun for example_time_delta_sensor_async to None, run_after=None
[2025-05-14T17:08:42.709+0000] {processor.py:208} INFO - Processing /home/airflow/.local/lib/python3.12/site-packages/airflow/example_dags/example_time_delta_sensor_async.py took 0.345 seconds
[2025-05-14T17:09:18.264+0000] {processor.py:186} INFO - Started process (PID=514) to work on /home/airflow/.local/lib/python3.12/site-packages/airflow/example_dags/example_time_delta_sensor_async.py
[2025-05-14T17:09:18.267+0000] {processor.py:914} INFO - Processing file /home/airflow/.local/lib/python3.12/site-packages/airflow/example_dags/example_time_delta_sensor_async.py for tasks to queue
[2025-05-14T17:09:18.277+0000] {logging_mixin.py:190} INFO - [2025-05-14T17:09:18.273+0000] {dagbag.py:588} INFO - Filling up the DagBag from /home/airflow/.local/lib/python3.12/site-packages/airflow/example_dags/example_time_delta_sensor_async.py
[2025-05-14T17:09:18.291+0000] {processor.py:925} INFO - DAG(s) 'example_time_delta_sensor_async' retrieved from /home/airflow/.local/lib/python3.12/site-packages/airflow/example_dags/example_time_delta_sensor_async.py
[2025-05-14T17:09:18.357+0000] {logging_mixin.py:190} INFO - [2025-05-14T17:09:18.356+0000] {dag.py:3239} INFO - Sync 1 DAGs
[2025-05-14T17:09:18.410+0000] {logging_mixin.py:190} INFO - [2025-05-14T17:09:18.410+0000] {dag.py:4180} INFO - Setting next_dagrun for example_time_delta_sensor_async to None, run_after=None
[2025-05-14T17:09:18.544+0000] {processor.py:208} INFO - Processing /home/airflow/.local/lib/python3.12/site-packages/airflow/example_dags/example_time_delta_sensor_async.py took 0.303 seconds
[2025-05-14T17:09:49.064+0000] {processor.py:186} INFO - Started process (PID=581) to work on /home/airflow/.local/lib/python3.12/site-packages/airflow/example_dags/example_time_delta_sensor_async.py
[2025-05-14T17:09:49.067+0000] {processor.py:914} INFO - Processing file /home/airflow/.local/lib/python3.12/site-packages/airflow/example_dags/example_time_delta_sensor_async.py for tasks to queue
[2025-05-14T17:09:49.075+0000] {logging_mixin.py:190} INFO - [2025-05-14T17:09:49.073+0000] {dagbag.py:588} INFO - Filling up the DagBag from /home/airflow/.local/lib/python3.12/site-packages/airflow/example_dags/example_time_delta_sensor_async.py
[2025-05-14T17:09:49.091+0000] {processor.py:925} INFO - DAG(s) 'example_time_delta_sensor_async' retrieved from /home/airflow/.local/lib/python3.12/site-packages/airflow/example_dags/example_time_delta_sensor_async.py
[2025-05-14T17:09:49.134+0000] {logging_mixin.py:190} INFO - [2025-05-14T17:09:49.133+0000] {dag.py:3239} INFO - Sync 1 DAGs
[2025-05-14T17:09:49.176+0000] {logging_mixin.py:190} INFO - [2025-05-14T17:09:49.175+0000] {dag.py:4180} INFO - Setting next_dagrun for example_time_delta_sensor_async to None, run_after=None
[2025-05-14T17:09:49.239+0000] {processor.py:208} INFO - Processing /home/airflow/.local/lib/python3.12/site-packages/airflow/example_dags/example_time_delta_sensor_async.py took 0.198 seconds
[2025-05-14T17:10:19.962+0000] {processor.py:186} INFO - Started process (PID=647) to work on /home/airflow/.local/lib/python3.12/site-packages/airflow/example_dags/example_time_delta_sensor_async.py
[2025-05-14T17:10:19.966+0000] {processor.py:914} INFO - Processing file /home/airflow/.local/lib/python3.12/site-packages/airflow/example_dags/example_time_delta_sensor_async.py for tasks to queue
[2025-05-14T17:10:19.972+0000] {logging_mixin.py:190} INFO - [2025-05-14T17:10:19.971+0000] {dagbag.py:588} INFO - Filling up the DagBag from /home/airflow/.local/lib/python3.12/site-packages/airflow/example_dags/example_time_delta_sensor_async.py
[2025-05-14T17:10:19.989+0000] {processor.py:925} INFO - DAG(s) 'example_time_delta_sensor_async' retrieved from /home/airflow/.local/lib/python3.12/site-packages/airflow/example_dags/example_time_delta_sensor_async.py
[2025-05-14T17:10:20.055+0000] {logging_mixin.py:190} INFO - [2025-05-14T17:10:20.054+0000] {dag.py:3239} INFO - Sync 1 DAGs
[2025-05-14T17:10:20.100+0000] {logging_mixin.py:190} INFO - [2025-05-14T17:10:20.098+0000] {dag.py:4180} INFO - Setting next_dagrun for example_time_delta_sensor_async to None, run_after=None
[2025-05-14T17:10:20.154+0000] {processor.py:208} INFO - Processing /home/airflow/.local/lib/python3.12/site-packages/airflow/example_dags/example_time_delta_sensor_async.py took 0.215 seconds
[2025-05-14T17:10:51.199+0000] {processor.py:186} INFO - Started process (PID=713) to work on /home/airflow/.local/lib/python3.12/site-packages/airflow/example_dags/example_time_delta_sensor_async.py
[2025-05-14T17:10:51.201+0000] {processor.py:914} INFO - Processing file /home/airflow/.local/lib/python3.12/site-packages/airflow/example_dags/example_time_delta_sensor_async.py for tasks to queue
[2025-05-14T17:10:51.209+0000] {logging_mixin.py:190} INFO - [2025-05-14T17:10:51.208+0000] {dagbag.py:588} INFO - Filling up the DagBag from /home/airflow/.local/lib/python3.12/site-packages/airflow/example_dags/example_time_delta_sensor_async.py
[2025-05-14T17:10:51.223+0000] {processor.py:925} INFO - DAG(s) 'example_time_delta_sensor_async' retrieved from /home/airflow/.local/lib/python3.12/site-packages/airflow/example_dags/example_time_delta_sensor_async.py
[2025-05-14T17:10:51.272+0000] {logging_mixin.py:190} INFO - [2025-05-14T17:10:51.271+0000] {dag.py:3239} INFO - Sync 1 DAGs
[2025-05-14T17:10:51.309+0000] {logging_mixin.py:190} INFO - [2025-05-14T17:10:51.309+0000] {dag.py:4180} INFO - Setting next_dagrun for example_time_delta_sensor_async to None, run_after=None
[2025-05-14T17:10:51.364+0000] {processor.py:208} INFO - Processing /home/airflow/.local/lib/python3.12/site-packages/airflow/example_dags/example_time_delta_sensor_async.py took 0.175 seconds
[2025-05-14T17:11:22.173+0000] {processor.py:186} INFO - Started process (PID=778) to work on /home/airflow/.local/lib/python3.12/site-packages/airflow/example_dags/example_time_delta_sensor_async.py
[2025-05-14T17:11:22.175+0000] {processor.py:914} INFO - Processing file /home/airflow/.local/lib/python3.12/site-packages/airflow/example_dags/example_time_delta_sensor_async.py for tasks to queue
[2025-05-14T17:11:22.179+0000] {logging_mixin.py:190} INFO - [2025-05-14T17:11:22.178+0000] {dagbag.py:588} INFO - Filling up the DagBag from /home/airflow/.local/lib/python3.12/site-packages/airflow/example_dags/example_time_delta_sensor_async.py
[2025-05-14T17:11:22.191+0000] {processor.py:925} INFO - DAG(s) 'example_time_delta_sensor_async' retrieved from /home/airflow/.local/lib/python3.12/site-packages/airflow/example_dags/example_time_delta_sensor_async.py
[2025-05-14T17:11:22.269+0000] {logging_mixin.py:190} INFO - [2025-05-14T17:11:22.269+0000] {dag.py:3239} INFO - Sync 1 DAGs
[2025-05-14T17:11:22.293+0000] {logging_mixin.py:190} INFO - [2025-05-14T17:11:22.293+0000] {dag.py:4180} INFO - Setting next_dagrun for example_time_delta_sensor_async to None, run_after=None
[2025-05-14T17:11:22.332+0000] {processor.py:208} INFO - Processing /home/airflow/.local/lib/python3.12/site-packages/airflow/example_dags/example_time_delta_sensor_async.py took 0.167 seconds
[2025-05-14T17:11:52.825+0000] {processor.py:186} INFO - Started process (PID=845) to work on /home/airflow/.local/lib/python3.12/site-packages/airflow/example_dags/example_time_delta_sensor_async.py
[2025-05-14T17:11:52.827+0000] {processor.py:914} INFO - Processing file /home/airflow/.local/lib/python3.12/site-packages/airflow/example_dags/example_time_delta_sensor_async.py for tasks to queue
[2025-05-14T17:11:52.833+0000] {logging_mixin.py:190} INFO - [2025-05-14T17:11:52.832+0000] {dagbag.py:588} INFO - Filling up the DagBag from /home/airflow/.local/lib/python3.12/site-packages/airflow/example_dags/example_time_delta_sensor_async.py
[2025-05-14T17:11:52.865+0000] {processor.py:925} INFO - DAG(s) 'example_time_delta_sensor_async' retrieved from /home/airflow/.local/lib/python3.12/site-packages/airflow/example_dags/example_time_delta_sensor_async.py
[2025-05-14T17:11:52.919+0000] {logging_mixin.py:190} INFO - [2025-05-14T17:11:52.918+0000] {dag.py:3239} INFO - Sync 1 DAGs
[2025-05-14T17:11:52.967+0000] {logging_mixin.py:190} INFO - [2025-05-14T17:11:52.966+0000] {dag.py:4180} INFO - Setting next_dagrun for example_time_delta_sensor_async to None, run_after=None
[2025-05-14T17:11:53.035+0000] {processor.py:208} INFO - Processing /home/airflow/.local/lib/python3.12/site-packages/airflow/example_dags/example_time_delta_sensor_async.py took 0.219 seconds
[2025-05-14T17:12:23.132+0000] {processor.py:186} INFO - Started process (PID=910) to work on /home/airflow/.local/lib/python3.12/site-packages/airflow/example_dags/example_time_delta_sensor_async.py
[2025-05-14T17:12:23.134+0000] {processor.py:914} INFO - Processing file /home/airflow/.local/lib/python3.12/site-packages/airflow/example_dags/example_time_delta_sensor_async.py for tasks to queue
[2025-05-14T17:12:23.139+0000] {logging_mixin.py:190} INFO - [2025-05-14T17:12:23.139+0000] {dagbag.py:588} INFO - Filling up the DagBag from /home/airflow/.local/lib/python3.12/site-packages/airflow/example_dags/example_time_delta_sensor_async.py
[2025-05-14T17:12:23.159+0000] {processor.py:925} INFO - DAG(s) 'example_time_delta_sensor_async' retrieved from /home/airflow/.local/lib/python3.12/site-packages/airflow/example_dags/example_time_delta_sensor_async.py
[2025-05-14T17:12:23.196+0000] {logging_mixin.py:190} INFO - [2025-05-14T17:12:23.195+0000] {dag.py:3239} INFO - Sync 1 DAGs
[2025-05-14T17:12:23.222+0000] {logging_mixin.py:190} INFO - [2025-05-14T17:12:23.221+0000] {dag.py:4180} INFO - Setting next_dagrun for example_time_delta_sensor_async to None, run_after=None
[2025-05-14T17:12:23.267+0000] {processor.py:208} INFO - Processing /home/airflow/.local/lib/python3.12/site-packages/airflow/example_dags/example_time_delta_sensor_async.py took 0.148 seconds
[2025-05-14T17:12:54.527+0000] {processor.py:186} INFO - Started process (PID=977) to work on /home/airflow/.local/lib/python3.12/site-packages/airflow/example_dags/example_time_delta_sensor_async.py
[2025-05-14T17:12:54.535+0000] {processor.py:914} INFO - Processing file /home/airflow/.local/lib/python3.12/site-packages/airflow/example_dags/example_time_delta_sensor_async.py for tasks to queue
[2025-05-14T17:12:54.562+0000] {logging_mixin.py:190} INFO - [2025-05-14T17:12:54.544+0000] {dagbag.py:588} INFO - Filling up the DagBag from /home/airflow/.local/lib/python3.12/site-packages/airflow/example_dags/example_time_delta_sensor_async.py
[2025-05-14T17:12:54.601+0000] {processor.py:925} INFO - DAG(s) 'example_time_delta_sensor_async' retrieved from /home/airflow/.local/lib/python3.12/site-packages/airflow/example_dags/example_time_delta_sensor_async.py
[2025-05-14T17:12:54.704+0000] {logging_mixin.py:190} INFO - [2025-05-14T17:12:54.703+0000] {dag.py:3239} INFO - Sync 1 DAGs
[2025-05-14T17:12:54.801+0000] {logging_mixin.py:190} INFO - [2025-05-14T17:12:54.801+0000] {dag.py:4180} INFO - Setting next_dagrun for example_time_delta_sensor_async to None, run_after=None
[2025-05-14T17:12:54.926+0000] {processor.py:208} INFO - Processing /home/airflow/.local/lib/python3.12/site-packages/airflow/example_dags/example_time_delta_sensor_async.py took 0.427 seconds
[2025-05-14T17:13:25.299+0000] {processor.py:186} INFO - Started process (PID=1043) to work on /home/airflow/.local/lib/python3.12/site-packages/airflow/example_dags/example_time_delta_sensor_async.py
[2025-05-14T17:13:25.300+0000] {processor.py:914} INFO - Processing file /home/airflow/.local/lib/python3.12/site-packages/airflow/example_dags/example_time_delta_sensor_async.py for tasks to queue
[2025-05-14T17:13:25.304+0000] {logging_mixin.py:190} INFO - [2025-05-14T17:13:25.304+0000] {dagbag.py:588} INFO - Filling up the DagBag from /home/airflow/.local/lib/python3.12/site-packages/airflow/example_dags/example_time_delta_sensor_async.py
[2025-05-14T17:13:25.317+0000] {processor.py:925} INFO - DAG(s) 'example_time_delta_sensor_async' retrieved from /home/airflow/.local/lib/python3.12/site-packages/airflow/example_dags/example_time_delta_sensor_async.py
[2025-05-14T17:13:25.353+0000] {logging_mixin.py:190} INFO - [2025-05-14T17:13:25.353+0000] {dag.py:3239} INFO - Sync 1 DAGs
[2025-05-14T17:13:25.383+0000] {logging_mixin.py:190} INFO - [2025-05-14T17:13:25.383+0000] {dag.py:4180} INFO - Setting next_dagrun for example_time_delta_sensor_async to None, run_after=None
[2025-05-14T17:13:25.423+0000] {processor.py:208} INFO - Processing /home/airflow/.local/lib/python3.12/site-packages/airflow/example_dags/example_time_delta_sensor_async.py took 0.135 seconds
[2025-05-14T17:13:55.609+0000] {processor.py:186} INFO - Started process (PID=1109) to work on /home/airflow/.local/lib/python3.12/site-packages/airflow/example_dags/example_time_delta_sensor_async.py
[2025-05-14T17:13:55.611+0000] {processor.py:914} INFO - Processing file /home/airflow/.local/lib/python3.12/site-packages/airflow/example_dags/example_time_delta_sensor_async.py for tasks to queue
[2025-05-14T17:13:55.616+0000] {logging_mixin.py:190} INFO - [2025-05-14T17:13:55.616+0000] {dagbag.py:588} INFO - Filling up the DagBag from /home/airflow/.local/lib/python3.12/site-packages/airflow/example_dags/example_time_delta_sensor_async.py
[2025-05-14T17:13:55.633+0000] {processor.py:925} INFO - DAG(s) 'example_time_delta_sensor_async' retrieved from /home/airflow/.local/lib/python3.12/site-packages/airflow/example_dags/example_time_delta_sensor_async.py
[2025-05-14T17:13:55.681+0000] {logging_mixin.py:190} INFO - [2025-05-14T17:13:55.678+0000] {dag.py:3239} INFO - Sync 1 DAGs
[2025-05-14T17:13:55.719+0000] {logging_mixin.py:190} INFO - [2025-05-14T17:13:55.718+0000] {dag.py:4180} INFO - Setting next_dagrun for example_time_delta_sensor_async to None, run_after=None
[2025-05-14T17:13:55.778+0000] {processor.py:208} INFO - Processing /home/airflow/.local/lib/python3.12/site-packages/airflow/example_dags/example_time_delta_sensor_async.py took 0.184 seconds
[2025-05-14T17:14:26.567+0000] {processor.py:186} INFO - Started process (PID=1175) to work on /home/airflow/.local/lib/python3.12/site-packages/airflow/example_dags/example_time_delta_sensor_async.py
[2025-05-14T17:14:26.569+0000] {processor.py:914} INFO - Processing file /home/airflow/.local/lib/python3.12/site-packages/airflow/example_dags/example_time_delta_sensor_async.py for tasks to queue
[2025-05-14T17:14:26.574+0000] {logging_mixin.py:190} INFO - [2025-05-14T17:14:26.573+0000] {dagbag.py:588} INFO - Filling up the DagBag from /home/airflow/.local/lib/python3.12/site-packages/airflow/example_dags/example_time_delta_sensor_async.py
[2025-05-14T17:14:26.586+0000] {processor.py:925} INFO - DAG(s) 'example_time_delta_sensor_async' retrieved from /home/airflow/.local/lib/python3.12/site-packages/airflow/example_dags/example_time_delta_sensor_async.py
[2025-05-14T17:14:26.620+0000] {logging_mixin.py:190} INFO - [2025-05-14T17:14:26.619+0000] {dag.py:3239} INFO - Sync 1 DAGs
[2025-05-14T17:14:26.650+0000] {logging_mixin.py:190} INFO - [2025-05-14T17:14:26.649+0000] {dag.py:4180} INFO - Setting next_dagrun for example_time_delta_sensor_async to None, run_after=None
[2025-05-14T17:14:26.693+0000] {processor.py:208} INFO - Processing /home/airflow/.local/lib/python3.12/site-packages/airflow/example_dags/example_time_delta_sensor_async.py took 0.135 seconds
[2025-05-14T17:14:57.101+0000] {processor.py:186} INFO - Started process (PID=1241) to work on /home/airflow/.local/lib/python3.12/site-packages/airflow/example_dags/example_time_delta_sensor_async.py
[2025-05-14T17:14:57.104+0000] {processor.py:914} INFO - Processing file /home/airflow/.local/lib/python3.12/site-packages/airflow/example_dags/example_time_delta_sensor_async.py for tasks to queue
[2025-05-14T17:14:57.109+0000] {logging_mixin.py:190} INFO - [2025-05-14T17:14:57.108+0000] {dagbag.py:588} INFO - Filling up the DagBag from /home/airflow/.local/lib/python3.12/site-packages/airflow/example_dags/example_time_delta_sensor_async.py
[2025-05-14T17:14:57.122+0000] {processor.py:925} INFO - DAG(s) 'example_time_delta_sensor_async' retrieved from /home/airflow/.local/lib/python3.12/site-packages/airflow/example_dags/example_time_delta_sensor_async.py
[2025-05-14T17:14:57.165+0000] {logging_mixin.py:190} INFO - [2025-05-14T17:14:57.165+0000] {dag.py:3239} INFO - Sync 1 DAGs
[2025-05-14T17:14:57.212+0000] {logging_mixin.py:190} INFO - [2025-05-14T17:14:57.212+0000] {dag.py:4180} INFO - Setting next_dagrun for example_time_delta_sensor_async to None, run_after=None
[2025-05-14T17:14:57.270+0000] {processor.py:208} INFO - Processing /home/airflow/.local/lib/python3.12/site-packages/airflow/example_dags/example_time_delta_sensor_async.py took 0.180 seconds
