[2025-05-14T17:00:15.338+0000] {processor.py:186} INFO - Started process (PID=102) to work on /home/airflow/.local/lib/python3.12/site-packages/airflow/example_dags/example_dataset_alias_with_no_taskflow.py
[2025-05-14T17:00:15.348+0000] {processor.py:914} INFO - Processing file /home/airflow/.local/lib/python3.12/site-packages/airflow/example_dags/example_dataset_alias_with_no_taskflow.py for tasks to queue
[2025-05-14T17:00:15.388+0000] {logging_mixin.py:190} INFO - [2025-05-14T17:00:15.384+0000] {dagbag.py:588} INFO - Filling up the DagBag from /home/airflow/.local/lib/python3.12/site-packages/airflow/example_dags/example_dataset_alias_with_no_taskflow.py
[2025-05-14T17:00:25.421+0000] {processor.py:925} INFO - DAG(s) 'dataset_s3_bucket_consumer_with_no_taskflow', 'dataset_alias_example_alias_producer_with_no_taskflow', 'dataset_s3_bucket_producer_with_no_taskflow', 'dataset_alias_example_alias_consumer_with_no_taskflow' retrieved from /home/airflow/.local/lib/python3.12/site-packages/airflow/example_dags/example_dataset_alias_with_no_taskflow.py
[2025-05-14T17:00:25.522+0000] {logging_mixin.py:190} INFO - [2025-05-14T17:00:25.521+0000] {dag.py:3239} INFO - Sync 4 DAGs
[2025-05-14T17:00:25.801+0000] {logging_mixin.py:190} INFO - [2025-05-14T17:00:25.800+0000] {dag.py:4180} INFO - Setting next_dagrun for dataset_alias_example_alias_consumer_with_no_taskflow to None, run_after=None
[2025-05-14T17:00:25.819+0000] {logging_mixin.py:190} INFO - [2025-05-14T17:00:25.819+0000] {dag.py:4180} INFO - Setting next_dagrun for dataset_alias_example_alias_producer_with_no_taskflow to None, run_after=None
[2025-05-14T17:00:25.850+0000] {logging_mixin.py:190} INFO - [2025-05-14T17:00:25.850+0000] {dag.py:4180} INFO - Setting next_dagrun for dataset_s3_bucket_consumer_with_no_taskflow to None, run_after=None
[2025-05-14T17:00:25.854+0000] {logging_mixin.py:190} INFO - [2025-05-14T17:00:25.854+0000] {dag.py:4180} INFO - Setting next_dagrun for dataset_s3_bucket_producer_with_no_taskflow to None, run_after=None
[2025-05-14T17:00:26.129+0000] {processor.py:208} INFO - Processing /home/airflow/.local/lib/python3.12/site-packages/airflow/example_dags/example_dataset_alias_with_no_taskflow.py took 10.827 seconds
[2025-05-14T17:00:56.894+0000] {processor.py:186} INFO - Started process (PID=183) to work on /home/airflow/.local/lib/python3.12/site-packages/airflow/example_dags/example_dataset_alias_with_no_taskflow.py
[2025-05-14T17:00:56.896+0000] {processor.py:914} INFO - Processing file /home/airflow/.local/lib/python3.12/site-packages/airflow/example_dags/example_dataset_alias_with_no_taskflow.py for tasks to queue
[2025-05-14T17:00:56.902+0000] {logging_mixin.py:190} INFO - [2025-05-14T17:00:56.901+0000] {dagbag.py:588} INFO - Filling up the DagBag from /home/airflow/.local/lib/python3.12/site-packages/airflow/example_dags/example_dataset_alias_with_no_taskflow.py
[2025-05-14T17:00:58.759+0000] {processor.py:925} INFO - DAG(s) 'dataset_alias_example_alias_producer_with_no_taskflow', 'dataset_alias_example_alias_consumer_with_no_taskflow', 'dataset_s3_bucket_consumer_with_no_taskflow', 'dataset_s3_bucket_producer_with_no_taskflow' retrieved from /home/airflow/.local/lib/python3.12/site-packages/airflow/example_dags/example_dataset_alias_with_no_taskflow.py
[2025-05-14T17:00:58.882+0000] {logging_mixin.py:190} INFO - [2025-05-14T17:00:58.879+0000] {dag.py:3239} INFO - Sync 4 DAGs
[2025-05-14T17:00:58.984+0000] {logging_mixin.py:190} INFO - [2025-05-14T17:00:58.983+0000] {dag.py:4180} INFO - Setting next_dagrun for dataset_alias_example_alias_consumer_with_no_taskflow to None, run_after=None
[2025-05-14T17:00:59.005+0000] {logging_mixin.py:190} INFO - [2025-05-14T17:00:59.004+0000] {dag.py:4180} INFO - Setting next_dagrun for dataset_alias_example_alias_producer_with_no_taskflow to None, run_after=None
[2025-05-14T17:00:59.011+0000] {logging_mixin.py:190} INFO - [2025-05-14T17:00:59.010+0000] {dag.py:4180} INFO - Setting next_dagrun for dataset_s3_bucket_consumer_with_no_taskflow to None, run_after=None
[2025-05-14T17:00:59.018+0000] {logging_mixin.py:190} INFO - [2025-05-14T17:00:59.017+0000] {dag.py:4180} INFO - Setting next_dagrun for dataset_s3_bucket_producer_with_no_taskflow to None, run_after=None
[2025-05-14T17:00:59.127+0000] {processor.py:208} INFO - Processing /home/airflow/.local/lib/python3.12/site-packages/airflow/example_dags/example_dataset_alias_with_no_taskflow.py took 2.248 seconds
[2025-05-14T17:01:30.262+0000] {processor.py:186} INFO - Started process (PID=255) to work on /home/airflow/.local/lib/python3.12/site-packages/airflow/example_dags/example_dataset_alias_with_no_taskflow.py
[2025-05-14T17:01:30.264+0000] {processor.py:914} INFO - Processing file /home/airflow/.local/lib/python3.12/site-packages/airflow/example_dags/example_dataset_alias_with_no_taskflow.py for tasks to queue
[2025-05-14T17:01:30.274+0000] {logging_mixin.py:190} INFO - [2025-05-14T17:01:30.273+0000] {dagbag.py:588} INFO - Filling up the DagBag from /home/airflow/.local/lib/python3.12/site-packages/airflow/example_dags/example_dataset_alias_with_no_taskflow.py
[2025-05-14T17:01:32.864+0000] {processor.py:925} INFO - DAG(s) 'dataset_alias_example_alias_consumer_with_no_taskflow', 'dataset_s3_bucket_consumer_with_no_taskflow', 'dataset_s3_bucket_producer_with_no_taskflow', 'dataset_alias_example_alias_producer_with_no_taskflow' retrieved from /home/airflow/.local/lib/python3.12/site-packages/airflow/example_dags/example_dataset_alias_with_no_taskflow.py
[2025-05-14T17:01:33.097+0000] {logging_mixin.py:190} INFO - [2025-05-14T17:01:33.094+0000] {dag.py:3239} INFO - Sync 4 DAGs
[2025-05-14T17:01:33.236+0000] {logging_mixin.py:190} INFO - [2025-05-14T17:01:33.235+0000] {dag.py:4180} INFO - Setting next_dagrun for dataset_alias_example_alias_consumer_with_no_taskflow to None, run_after=None
[2025-05-14T17:01:33.254+0000] {logging_mixin.py:190} INFO - [2025-05-14T17:01:33.253+0000] {dag.py:4180} INFO - Setting next_dagrun for dataset_alias_example_alias_producer_with_no_taskflow to None, run_after=None
[2025-05-14T17:01:33.270+0000] {logging_mixin.py:190} INFO - [2025-05-14T17:01:33.270+0000] {dag.py:4180} INFO - Setting next_dagrun for dataset_s3_bucket_consumer_with_no_taskflow to None, run_after=None
[2025-05-14T17:01:33.281+0000] {logging_mixin.py:190} INFO - [2025-05-14T17:01:33.276+0000] {dag.py:4180} INFO - Setting next_dagrun for dataset_s3_bucket_producer_with_no_taskflow to None, run_after=None
[2025-05-14T17:01:33.408+0000] {processor.py:208} INFO - Processing /home/airflow/.local/lib/python3.12/site-packages/airflow/example_dags/example_dataset_alias_with_no_taskflow.py took 3.186 seconds
[2025-05-14T17:02:03.615+0000] {processor.py:186} INFO - Started process (PID=326) to work on /home/airflow/.local/lib/python3.12/site-packages/airflow/example_dags/example_dataset_alias_with_no_taskflow.py
[2025-05-14T17:02:03.618+0000] {processor.py:914} INFO - Processing file /home/airflow/.local/lib/python3.12/site-packages/airflow/example_dags/example_dataset_alias_with_no_taskflow.py for tasks to queue
[2025-05-14T17:02:03.625+0000] {logging_mixin.py:190} INFO - [2025-05-14T17:02:03.625+0000] {dagbag.py:588} INFO - Filling up the DagBag from /home/airflow/.local/lib/python3.12/site-packages/airflow/example_dags/example_dataset_alias_with_no_taskflow.py
[2025-05-14T17:02:05.631+0000] {processor.py:925} INFO - DAG(s) 'dataset_s3_bucket_producer_with_no_taskflow', 'dataset_s3_bucket_consumer_with_no_taskflow', 'dataset_alias_example_alias_consumer_with_no_taskflow', 'dataset_alias_example_alias_producer_with_no_taskflow' retrieved from /home/airflow/.local/lib/python3.12/site-packages/airflow/example_dags/example_dataset_alias_with_no_taskflow.py
[2025-05-14T17:02:05.995+0000] {logging_mixin.py:190} INFO - [2025-05-14T17:02:05.993+0000] {dag.py:3239} INFO - Sync 4 DAGs
[2025-05-14T17:02:06.178+0000] {logging_mixin.py:190} INFO - [2025-05-14T17:02:06.178+0000] {dag.py:4180} INFO - Setting next_dagrun for dataset_alias_example_alias_consumer_with_no_taskflow to None, run_after=None
[2025-05-14T17:02:06.193+0000] {logging_mixin.py:190} INFO - [2025-05-14T17:02:06.192+0000] {dag.py:4180} INFO - Setting next_dagrun for dataset_alias_example_alias_producer_with_no_taskflow to None, run_after=None
[2025-05-14T17:02:06.199+0000] {logging_mixin.py:190} INFO - [2025-05-14T17:02:06.199+0000] {dag.py:4180} INFO - Setting next_dagrun for dataset_s3_bucket_consumer_with_no_taskflow to None, run_after=None
[2025-05-14T17:02:06.216+0000] {logging_mixin.py:190} INFO - [2025-05-14T17:02:06.215+0000] {dag.py:4180} INFO - Setting next_dagrun for dataset_s3_bucket_producer_with_no_taskflow to None, run_after=None
[2025-05-14T17:02:06.420+0000] {processor.py:208} INFO - Processing /home/airflow/.local/lib/python3.12/site-packages/airflow/example_dags/example_dataset_alias_with_no_taskflow.py took 2.818 seconds
[2025-05-14T17:02:38.659+0000] {processor.py:186} INFO - Started process (PID=393) to work on /home/airflow/.local/lib/python3.12/site-packages/airflow/example_dags/example_dataset_alias_with_no_taskflow.py
[2025-05-14T17:02:38.661+0000] {processor.py:914} INFO - Processing file /home/airflow/.local/lib/python3.12/site-packages/airflow/example_dags/example_dataset_alias_with_no_taskflow.py for tasks to queue
[2025-05-14T17:02:38.669+0000] {logging_mixin.py:190} INFO - [2025-05-14T17:02:38.667+0000] {dagbag.py:588} INFO - Filling up the DagBag from /home/airflow/.local/lib/python3.12/site-packages/airflow/example_dags/example_dataset_alias_with_no_taskflow.py
[2025-05-14T17:02:39.978+0000] {processor.py:925} INFO - DAG(s) 'dataset_alias_example_alias_consumer_with_no_taskflow', 'dataset_s3_bucket_consumer_with_no_taskflow', 'dataset_s3_bucket_producer_with_no_taskflow', 'dataset_alias_example_alias_producer_with_no_taskflow' retrieved from /home/airflow/.local/lib/python3.12/site-packages/airflow/example_dags/example_dataset_alias_with_no_taskflow.py
[2025-05-14T17:02:40.031+0000] {logging_mixin.py:190} INFO - [2025-05-14T17:02:40.030+0000] {dag.py:3239} INFO - Sync 4 DAGs
[2025-05-14T17:02:40.081+0000] {logging_mixin.py:190} INFO - [2025-05-14T17:02:40.081+0000] {dag.py:4180} INFO - Setting next_dagrun for dataset_alias_example_alias_consumer_with_no_taskflow to None, run_after=None
[2025-05-14T17:02:40.087+0000] {logging_mixin.py:190} INFO - [2025-05-14T17:02:40.087+0000] {dag.py:4180} INFO - Setting next_dagrun for dataset_alias_example_alias_producer_with_no_taskflow to None, run_after=None
[2025-05-14T17:02:40.090+0000] {logging_mixin.py:190} INFO - [2025-05-14T17:02:40.090+0000] {dag.py:4180} INFO - Setting next_dagrun for dataset_s3_bucket_consumer_with_no_taskflow to None, run_after=None
[2025-05-14T17:02:40.094+0000] {logging_mixin.py:190} INFO - [2025-05-14T17:02:40.093+0000] {dag.py:4180} INFO - Setting next_dagrun for dataset_s3_bucket_producer_with_no_taskflow to None, run_after=None
[2025-05-14T17:02:40.142+0000] {processor.py:208} INFO - Processing /home/airflow/.local/lib/python3.12/site-packages/airflow/example_dags/example_dataset_alias_with_no_taskflow.py took 1.501 seconds
[2025-05-14T17:05:39.264+0000] {processor.py:186} INFO - Started process (PID=92) to work on /home/airflow/.local/lib/python3.12/site-packages/airflow/example_dags/example_dataset_alias_with_no_taskflow.py
[2025-05-14T17:05:39.271+0000] {processor.py:914} INFO - Processing file /home/airflow/.local/lib/python3.12/site-packages/airflow/example_dags/example_dataset_alias_with_no_taskflow.py for tasks to queue
[2025-05-14T17:05:39.280+0000] {logging_mixin.py:190} INFO - [2025-05-14T17:05:39.277+0000] {dagbag.py:588} INFO - Filling up the DagBag from /home/airflow/.local/lib/python3.12/site-packages/airflow/example_dags/example_dataset_alias_with_no_taskflow.py
[2025-05-14T17:05:48.678+0000] {processor.py:925} INFO - DAG(s) 'dataset_s3_bucket_consumer_with_no_taskflow', 'dataset_alias_example_alias_producer_with_no_taskflow', 'dataset_alias_example_alias_consumer_with_no_taskflow', 'dataset_s3_bucket_producer_with_no_taskflow' retrieved from /home/airflow/.local/lib/python3.12/site-packages/airflow/example_dags/example_dataset_alias_with_no_taskflow.py
[2025-05-14T17:05:48.807+0000] {logging_mixin.py:190} INFO - [2025-05-14T17:05:48.804+0000] {dag.py:3239} INFO - Sync 4 DAGs
[2025-05-14T17:05:49.011+0000] {logging_mixin.py:190} INFO - [2025-05-14T17:05:49.010+0000] {dag.py:4180} INFO - Setting next_dagrun for dataset_alias_example_alias_consumer_with_no_taskflow to None, run_after=None
[2025-05-14T17:05:49.056+0000] {logging_mixin.py:190} INFO - [2025-05-14T17:05:49.054+0000] {dag.py:4180} INFO - Setting next_dagrun for dataset_alias_example_alias_producer_with_no_taskflow to None, run_after=None
[2025-05-14T17:05:49.068+0000] {logging_mixin.py:190} INFO - [2025-05-14T17:05:49.067+0000] {dag.py:4180} INFO - Setting next_dagrun for dataset_s3_bucket_consumer_with_no_taskflow to None, run_after=None
[2025-05-14T17:05:49.085+0000] {logging_mixin.py:190} INFO - [2025-05-14T17:05:49.084+0000] {dag.py:4180} INFO - Setting next_dagrun for dataset_s3_bucket_producer_with_no_taskflow to None, run_after=None
[2025-05-14T17:05:49.221+0000] {processor.py:208} INFO - Processing /home/airflow/.local/lib/python3.12/site-packages/airflow/example_dags/example_dataset_alias_with_no_taskflow.py took 9.973 seconds
[2025-05-14T17:06:23.361+0000] {processor.py:186} INFO - Started process (PID=157) to work on /home/airflow/.local/lib/python3.12/site-packages/airflow/example_dags/example_dataset_alias_with_no_taskflow.py
[2025-05-14T17:06:23.364+0000] {processor.py:914} INFO - Processing file /home/airflow/.local/lib/python3.12/site-packages/airflow/example_dags/example_dataset_alias_with_no_taskflow.py for tasks to queue
[2025-05-14T17:06:23.374+0000] {logging_mixin.py:190} INFO - [2025-05-14T17:06:23.372+0000] {dagbag.py:588} INFO - Filling up the DagBag from /home/airflow/.local/lib/python3.12/site-packages/airflow/example_dags/example_dataset_alias_with_no_taskflow.py
[2025-05-14T17:06:27.434+0000] {processor.py:925} INFO - DAG(s) 'dataset_alias_example_alias_consumer_with_no_taskflow', 'dataset_s3_bucket_producer_with_no_taskflow', 'dataset_s3_bucket_consumer_with_no_taskflow', 'dataset_alias_example_alias_producer_with_no_taskflow' retrieved from /home/airflow/.local/lib/python3.12/site-packages/airflow/example_dags/example_dataset_alias_with_no_taskflow.py
[2025-05-14T17:06:27.564+0000] {logging_mixin.py:190} INFO - [2025-05-14T17:06:27.553+0000] {dag.py:3239} INFO - Sync 4 DAGs
[2025-05-14T17:06:27.684+0000] {logging_mixin.py:190} INFO - [2025-05-14T17:06:27.684+0000] {dag.py:4180} INFO - Setting next_dagrun for dataset_alias_example_alias_consumer_with_no_taskflow to None, run_after=None
[2025-05-14T17:06:27.714+0000] {logging_mixin.py:190} INFO - [2025-05-14T17:06:27.714+0000] {dag.py:4180} INFO - Setting next_dagrun for dataset_alias_example_alias_producer_with_no_taskflow to None, run_after=None
[2025-05-14T17:06:27.731+0000] {logging_mixin.py:190} INFO - [2025-05-14T17:06:27.729+0000] {dag.py:4180} INFO - Setting next_dagrun for dataset_s3_bucket_consumer_with_no_taskflow to None, run_after=None
[2025-05-14T17:06:27.737+0000] {logging_mixin.py:190} INFO - [2025-05-14T17:06:27.736+0000] {dag.py:4180} INFO - Setting next_dagrun for dataset_s3_bucket_producer_with_no_taskflow to None, run_after=None
[2025-05-14T17:06:27.908+0000] {processor.py:208} INFO - Processing /home/airflow/.local/lib/python3.12/site-packages/airflow/example_dags/example_dataset_alias_with_no_taskflow.py took 4.584 seconds
[2025-05-14T17:06:58.347+0000] {processor.py:186} INFO - Started process (PID=226) to work on /home/airflow/.local/lib/python3.12/site-packages/airflow/example_dags/example_dataset_alias_with_no_taskflow.py
[2025-05-14T17:06:58.349+0000] {processor.py:914} INFO - Processing file /home/airflow/.local/lib/python3.12/site-packages/airflow/example_dags/example_dataset_alias_with_no_taskflow.py for tasks to queue
[2025-05-14T17:06:58.352+0000] {logging_mixin.py:190} INFO - [2025-05-14T17:06:58.352+0000] {dagbag.py:588} INFO - Filling up the DagBag from /home/airflow/.local/lib/python3.12/site-packages/airflow/example_dags/example_dataset_alias_with_no_taskflow.py
[2025-05-14T17:06:59.364+0000] {processor.py:925} INFO - DAG(s) 'dataset_alias_example_alias_consumer_with_no_taskflow', 'dataset_alias_example_alias_producer_with_no_taskflow', 'dataset_s3_bucket_consumer_with_no_taskflow', 'dataset_s3_bucket_producer_with_no_taskflow' retrieved from /home/airflow/.local/lib/python3.12/site-packages/airflow/example_dags/example_dataset_alias_with_no_taskflow.py
[2025-05-14T17:06:59.400+0000] {logging_mixin.py:190} INFO - [2025-05-14T17:06:59.399+0000] {dag.py:3239} INFO - Sync 4 DAGs
[2025-05-14T17:06:59.440+0000] {logging_mixin.py:190} INFO - [2025-05-14T17:06:59.440+0000] {dag.py:4180} INFO - Setting next_dagrun for dataset_alias_example_alias_consumer_with_no_taskflow to None, run_after=None
[2025-05-14T17:06:59.446+0000] {logging_mixin.py:190} INFO - [2025-05-14T17:06:59.445+0000] {dag.py:4180} INFO - Setting next_dagrun for dataset_alias_example_alias_producer_with_no_taskflow to None, run_after=None
[2025-05-14T17:06:59.450+0000] {logging_mixin.py:190} INFO - [2025-05-14T17:06:59.450+0000] {dag.py:4180} INFO - Setting next_dagrun for dataset_s3_bucket_consumer_with_no_taskflow to None, run_after=None
[2025-05-14T17:06:59.454+0000] {logging_mixin.py:190} INFO - [2025-05-14T17:06:59.453+0000] {dag.py:4180} INFO - Setting next_dagrun for dataset_s3_bucket_producer_with_no_taskflow to None, run_after=None
[2025-05-14T17:06:59.486+0000] {processor.py:208} INFO - Processing /home/airflow/.local/lib/python3.12/site-packages/airflow/example_dags/example_dataset_alias_with_no_taskflow.py took 1.148 seconds
[2025-05-14T17:07:30.182+0000] {processor.py:186} INFO - Started process (PID=295) to work on /home/airflow/.local/lib/python3.12/site-packages/airflow/example_dags/example_dataset_alias_with_no_taskflow.py
[2025-05-14T17:07:30.187+0000] {processor.py:914} INFO - Processing file /home/airflow/.local/lib/python3.12/site-packages/airflow/example_dags/example_dataset_alias_with_no_taskflow.py for tasks to queue
[2025-05-14T17:07:30.206+0000] {logging_mixin.py:190} INFO - [2025-05-14T17:07:30.204+0000] {dagbag.py:588} INFO - Filling up the DagBag from /home/airflow/.local/lib/python3.12/site-packages/airflow/example_dags/example_dataset_alias_with_no_taskflow.py
[2025-05-14T17:07:31.166+0000] {processor.py:925} INFO - DAG(s) 'dataset_alias_example_alias_producer_with_no_taskflow', 'dataset_s3_bucket_producer_with_no_taskflow', 'dataset_s3_bucket_consumer_with_no_taskflow', 'dataset_alias_example_alias_consumer_with_no_taskflow' retrieved from /home/airflow/.local/lib/python3.12/site-packages/airflow/example_dags/example_dataset_alias_with_no_taskflow.py
[2025-05-14T17:07:31.203+0000] {logging_mixin.py:190} INFO - [2025-05-14T17:07:31.202+0000] {dag.py:3239} INFO - Sync 4 DAGs
[2025-05-14T17:07:31.241+0000] {logging_mixin.py:190} INFO - [2025-05-14T17:07:31.240+0000] {dag.py:4180} INFO - Setting next_dagrun for dataset_alias_example_alias_consumer_with_no_taskflow to None, run_after=None
[2025-05-14T17:07:31.247+0000] {logging_mixin.py:190} INFO - [2025-05-14T17:07:31.247+0000] {dag.py:4180} INFO - Setting next_dagrun for dataset_alias_example_alias_producer_with_no_taskflow to None, run_after=None
[2025-05-14T17:07:31.250+0000] {logging_mixin.py:190} INFO - [2025-05-14T17:07:31.250+0000] {dag.py:4180} INFO - Setting next_dagrun for dataset_s3_bucket_consumer_with_no_taskflow to None, run_after=None
[2025-05-14T17:07:31.253+0000] {logging_mixin.py:190} INFO - [2025-05-14T17:07:31.252+0000] {dag.py:4180} INFO - Setting next_dagrun for dataset_s3_bucket_producer_with_no_taskflow to None, run_after=None
[2025-05-14T17:07:31.294+0000] {processor.py:208} INFO - Processing /home/airflow/.local/lib/python3.12/site-packages/airflow/example_dags/example_dataset_alias_with_no_taskflow.py took 1.129 seconds
[2025-05-14T17:08:01.433+0000] {processor.py:186} INFO - Started process (PID=364) to work on /home/airflow/.local/lib/python3.12/site-packages/airflow/example_dags/example_dataset_alias_with_no_taskflow.py
[2025-05-14T17:08:01.435+0000] {processor.py:914} INFO - Processing file /home/airflow/.local/lib/python3.12/site-packages/airflow/example_dags/example_dataset_alias_with_no_taskflow.py for tasks to queue
[2025-05-14T17:08:01.443+0000] {logging_mixin.py:190} INFO - [2025-05-14T17:08:01.442+0000] {dagbag.py:588} INFO - Filling up the DagBag from /home/airflow/.local/lib/python3.12/site-packages/airflow/example_dags/example_dataset_alias_with_no_taskflow.py
[2025-05-14T17:08:02.260+0000] {processor.py:925} INFO - DAG(s) 'dataset_s3_bucket_producer_with_no_taskflow', 'dataset_alias_example_alias_producer_with_no_taskflow', 'dataset_s3_bucket_consumer_with_no_taskflow', 'dataset_alias_example_alias_consumer_with_no_taskflow' retrieved from /home/airflow/.local/lib/python3.12/site-packages/airflow/example_dags/example_dataset_alias_with_no_taskflow.py
[2025-05-14T17:08:02.301+0000] {logging_mixin.py:190} INFO - [2025-05-14T17:08:02.300+0000] {dag.py:3239} INFO - Sync 4 DAGs
[2025-05-14T17:08:02.338+0000] {logging_mixin.py:190} INFO - [2025-05-14T17:08:02.338+0000] {dag.py:4180} INFO - Setting next_dagrun for dataset_alias_example_alias_consumer_with_no_taskflow to None, run_after=None
[2025-05-14T17:08:02.343+0000] {logging_mixin.py:190} INFO - [2025-05-14T17:08:02.343+0000] {dag.py:4180} INFO - Setting next_dagrun for dataset_alias_example_alias_producer_with_no_taskflow to None, run_after=None
[2025-05-14T17:08:02.346+0000] {logging_mixin.py:190} INFO - [2025-05-14T17:08:02.346+0000] {dag.py:4180} INFO - Setting next_dagrun for dataset_s3_bucket_consumer_with_no_taskflow to None, run_after=None
[2025-05-14T17:08:02.349+0000] {logging_mixin.py:190} INFO - [2025-05-14T17:08:02.348+0000] {dag.py:4180} INFO - Setting next_dagrun for dataset_s3_bucket_producer_with_no_taskflow to None, run_after=None
[2025-05-14T17:08:02.384+0000] {processor.py:208} INFO - Processing /home/airflow/.local/lib/python3.12/site-packages/airflow/example_dags/example_dataset_alias_with_no_taskflow.py took 0.961 seconds
[2025-05-14T17:08:35.503+0000] {processor.py:186} INFO - Started process (PID=427) to work on /home/airflow/.local/lib/python3.12/site-packages/airflow/example_dags/example_dataset_alias_with_no_taskflow.py
[2025-05-14T17:08:35.505+0000] {processor.py:914} INFO - Processing file /home/airflow/.local/lib/python3.12/site-packages/airflow/example_dags/example_dataset_alias_with_no_taskflow.py for tasks to queue
[2025-05-14T17:08:35.516+0000] {logging_mixin.py:190} INFO - [2025-05-14T17:08:35.514+0000] {dagbag.py:588} INFO - Filling up the DagBag from /home/airflow/.local/lib/python3.12/site-packages/airflow/example_dags/example_dataset_alias_with_no_taskflow.py
[2025-05-14T17:08:37.809+0000] {processor.py:925} INFO - DAG(s) 'dataset_s3_bucket_consumer_with_no_taskflow', 'dataset_s3_bucket_producer_with_no_taskflow', 'dataset_alias_example_alias_consumer_with_no_taskflow', 'dataset_alias_example_alias_producer_with_no_taskflow' retrieved from /home/airflow/.local/lib/python3.12/site-packages/airflow/example_dags/example_dataset_alias_with_no_taskflow.py
[2025-05-14T17:08:37.976+0000] {logging_mixin.py:190} INFO - [2025-05-14T17:08:37.974+0000] {dag.py:3239} INFO - Sync 4 DAGs
[2025-05-14T17:08:38.142+0000] {logging_mixin.py:190} INFO - [2025-05-14T17:08:38.142+0000] {dag.py:4180} INFO - Setting next_dagrun for dataset_alias_example_alias_consumer_with_no_taskflow to None, run_after=None
[2025-05-14T17:08:38.168+0000] {logging_mixin.py:190} INFO - [2025-05-14T17:08:38.167+0000] {dag.py:4180} INFO - Setting next_dagrun for dataset_alias_example_alias_producer_with_no_taskflow to None, run_after=None
[2025-05-14T17:08:38.188+0000] {logging_mixin.py:190} INFO - [2025-05-14T17:08:38.187+0000] {dag.py:4180} INFO - Setting next_dagrun for dataset_s3_bucket_consumer_with_no_taskflow to None, run_after=None
[2025-05-14T17:08:38.216+0000] {logging_mixin.py:190} INFO - [2025-05-14T17:08:38.215+0000] {dag.py:4180} INFO - Setting next_dagrun for dataset_s3_bucket_producer_with_no_taskflow to None, run_after=None
[2025-05-14T17:08:38.344+0000] {processor.py:208} INFO - Processing /home/airflow/.local/lib/python3.12/site-packages/airflow/example_dags/example_dataset_alias_with_no_taskflow.py took 2.860 seconds
[2025-05-14T17:09:09.153+0000] {processor.py:186} INFO - Started process (PID=497) to work on /home/airflow/.local/lib/python3.12/site-packages/airflow/example_dags/example_dataset_alias_with_no_taskflow.py
[2025-05-14T17:09:09.156+0000] {processor.py:914} INFO - Processing file /home/airflow/.local/lib/python3.12/site-packages/airflow/example_dags/example_dataset_alias_with_no_taskflow.py for tasks to queue
[2025-05-14T17:09:09.167+0000] {logging_mixin.py:190} INFO - [2025-05-14T17:09:09.163+0000] {dagbag.py:588} INFO - Filling up the DagBag from /home/airflow/.local/lib/python3.12/site-packages/airflow/example_dags/example_dataset_alias_with_no_taskflow.py
[2025-05-14T17:09:11.760+0000] {processor.py:925} INFO - DAG(s) 'dataset_s3_bucket_consumer_with_no_taskflow', 'dataset_s3_bucket_producer_with_no_taskflow', 'dataset_alias_example_alias_producer_with_no_taskflow', 'dataset_alias_example_alias_consumer_with_no_taskflow' retrieved from /home/airflow/.local/lib/python3.12/site-packages/airflow/example_dags/example_dataset_alias_with_no_taskflow.py
[2025-05-14T17:09:11.842+0000] {logging_mixin.py:190} INFO - [2025-05-14T17:09:11.840+0000] {dag.py:3239} INFO - Sync 4 DAGs
[2025-05-14T17:09:11.973+0000] {logging_mixin.py:190} INFO - [2025-05-14T17:09:11.972+0000] {dag.py:4180} INFO - Setting next_dagrun for dataset_alias_example_alias_consumer_with_no_taskflow to None, run_after=None
[2025-05-14T17:09:12.016+0000] {logging_mixin.py:190} INFO - [2025-05-14T17:09:12.015+0000] {dag.py:4180} INFO - Setting next_dagrun for dataset_alias_example_alias_producer_with_no_taskflow to None, run_after=None
[2025-05-14T17:09:12.064+0000] {logging_mixin.py:190} INFO - [2025-05-14T17:09:12.063+0000] {dag.py:4180} INFO - Setting next_dagrun for dataset_s3_bucket_consumer_with_no_taskflow to None, run_after=None
[2025-05-14T17:09:12.136+0000] {logging_mixin.py:190} INFO - [2025-05-14T17:09:12.135+0000] {dag.py:4180} INFO - Setting next_dagrun for dataset_s3_bucket_producer_with_no_taskflow to None, run_after=None
[2025-05-14T17:09:12.318+0000] {processor.py:208} INFO - Processing /home/airflow/.local/lib/python3.12/site-packages/airflow/example_dags/example_dataset_alias_with_no_taskflow.py took 3.182 seconds
[2025-05-14T17:09:42.962+0000] {processor.py:186} INFO - Started process (PID=568) to work on /home/airflow/.local/lib/python3.12/site-packages/airflow/example_dags/example_dataset_alias_with_no_taskflow.py
[2025-05-14T17:09:42.964+0000] {processor.py:914} INFO - Processing file /home/airflow/.local/lib/python3.12/site-packages/airflow/example_dags/example_dataset_alias_with_no_taskflow.py for tasks to queue
[2025-05-14T17:09:42.967+0000] {logging_mixin.py:190} INFO - [2025-05-14T17:09:42.966+0000] {dagbag.py:588} INFO - Filling up the DagBag from /home/airflow/.local/lib/python3.12/site-packages/airflow/example_dags/example_dataset_alias_with_no_taskflow.py
[2025-05-14T17:09:44.404+0000] {processor.py:925} INFO - DAG(s) 'dataset_alias_example_alias_consumer_with_no_taskflow', 'dataset_alias_example_alias_producer_with_no_taskflow', 'dataset_s3_bucket_producer_with_no_taskflow', 'dataset_s3_bucket_consumer_with_no_taskflow' retrieved from /home/airflow/.local/lib/python3.12/site-packages/airflow/example_dags/example_dataset_alias_with_no_taskflow.py
[2025-05-14T17:09:44.447+0000] {logging_mixin.py:190} INFO - [2025-05-14T17:09:44.446+0000] {dag.py:3239} INFO - Sync 4 DAGs
[2025-05-14T17:09:44.499+0000] {logging_mixin.py:190} INFO - [2025-05-14T17:09:44.498+0000] {dag.py:4180} INFO - Setting next_dagrun for dataset_alias_example_alias_consumer_with_no_taskflow to None, run_after=None
[2025-05-14T17:09:44.504+0000] {logging_mixin.py:190} INFO - [2025-05-14T17:09:44.503+0000] {dag.py:4180} INFO - Setting next_dagrun for dataset_alias_example_alias_producer_with_no_taskflow to None, run_after=None
[2025-05-14T17:09:44.507+0000] {logging_mixin.py:190} INFO - [2025-05-14T17:09:44.506+0000] {dag.py:4180} INFO - Setting next_dagrun for dataset_s3_bucket_consumer_with_no_taskflow to None, run_after=None
[2025-05-14T17:09:44.510+0000] {logging_mixin.py:190} INFO - [2025-05-14T17:09:44.509+0000] {dag.py:4180} INFO - Setting next_dagrun for dataset_s3_bucket_producer_with_no_taskflow to None, run_after=None
[2025-05-14T17:09:44.553+0000] {processor.py:208} INFO - Processing /home/airflow/.local/lib/python3.12/site-packages/airflow/example_dags/example_dataset_alias_with_no_taskflow.py took 1.601 seconds
[2025-05-14T17:10:15.233+0000] {processor.py:186} INFO - Started process (PID=637) to work on /home/airflow/.local/lib/python3.12/site-packages/airflow/example_dags/example_dataset_alias_with_no_taskflow.py
[2025-05-14T17:10:15.240+0000] {processor.py:914} INFO - Processing file /home/airflow/.local/lib/python3.12/site-packages/airflow/example_dags/example_dataset_alias_with_no_taskflow.py for tasks to queue
[2025-05-14T17:10:15.244+0000] {logging_mixin.py:190} INFO - [2025-05-14T17:10:15.243+0000] {dagbag.py:588} INFO - Filling up the DagBag from /home/airflow/.local/lib/python3.12/site-packages/airflow/example_dags/example_dataset_alias_with_no_taskflow.py
[2025-05-14T17:10:16.605+0000] {processor.py:925} INFO - DAG(s) 'dataset_s3_bucket_producer_with_no_taskflow', 'dataset_alias_example_alias_consumer_with_no_taskflow', 'dataset_s3_bucket_consumer_with_no_taskflow', 'dataset_alias_example_alias_producer_with_no_taskflow' retrieved from /home/airflow/.local/lib/python3.12/site-packages/airflow/example_dags/example_dataset_alias_with_no_taskflow.py
[2025-05-14T17:10:16.671+0000] {logging_mixin.py:190} INFO - [2025-05-14T17:10:16.670+0000] {dag.py:3239} INFO - Sync 4 DAGs
[2025-05-14T17:10:16.745+0000] {logging_mixin.py:190} INFO - [2025-05-14T17:10:16.745+0000] {dag.py:4180} INFO - Setting next_dagrun for dataset_alias_example_alias_consumer_with_no_taskflow to None, run_after=None
[2025-05-14T17:10:16.758+0000] {logging_mixin.py:190} INFO - [2025-05-14T17:10:16.757+0000] {dag.py:4180} INFO - Setting next_dagrun for dataset_alias_example_alias_producer_with_no_taskflow to None, run_after=None
[2025-05-14T17:10:16.765+0000] {logging_mixin.py:190} INFO - [2025-05-14T17:10:16.762+0000] {dag.py:4180} INFO - Setting next_dagrun for dataset_s3_bucket_consumer_with_no_taskflow to None, run_after=None
[2025-05-14T17:10:16.769+0000] {logging_mixin.py:190} INFO - [2025-05-14T17:10:16.768+0000] {dag.py:4180} INFO - Setting next_dagrun for dataset_s3_bucket_producer_with_no_taskflow to None, run_after=None
[2025-05-14T17:10:16.829+0000] {processor.py:208} INFO - Processing /home/airflow/.local/lib/python3.12/site-packages/airflow/example_dags/example_dataset_alias_with_no_taskflow.py took 1.608 seconds
[2025-05-14T17:10:46.938+0000] {processor.py:186} INFO - Started process (PID=705) to work on /home/airflow/.local/lib/python3.12/site-packages/airflow/example_dags/example_dataset_alias_with_no_taskflow.py
[2025-05-14T17:10:46.940+0000] {processor.py:914} INFO - Processing file /home/airflow/.local/lib/python3.12/site-packages/airflow/example_dags/example_dataset_alias_with_no_taskflow.py for tasks to queue
[2025-05-14T17:10:46.943+0000] {logging_mixin.py:190} INFO - [2025-05-14T17:10:46.943+0000] {dagbag.py:588} INFO - Filling up the DagBag from /home/airflow/.local/lib/python3.12/site-packages/airflow/example_dags/example_dataset_alias_with_no_taskflow.py
[2025-05-14T17:10:47.764+0000] {processor.py:925} INFO - DAG(s) 'dataset_s3_bucket_consumer_with_no_taskflow', 'dataset_s3_bucket_producer_with_no_taskflow', 'dataset_alias_example_alias_producer_with_no_taskflow', 'dataset_alias_example_alias_consumer_with_no_taskflow' retrieved from /home/airflow/.local/lib/python3.12/site-packages/airflow/example_dags/example_dataset_alias_with_no_taskflow.py
[2025-05-14T17:10:47.802+0000] {logging_mixin.py:190} INFO - [2025-05-14T17:10:47.801+0000] {dag.py:3239} INFO - Sync 4 DAGs
[2025-05-14T17:10:47.840+0000] {logging_mixin.py:190} INFO - [2025-05-14T17:10:47.839+0000] {dag.py:4180} INFO - Setting next_dagrun for dataset_alias_example_alias_consumer_with_no_taskflow to None, run_after=None
[2025-05-14T17:10:47.845+0000] {logging_mixin.py:190} INFO - [2025-05-14T17:10:47.844+0000] {dag.py:4180} INFO - Setting next_dagrun for dataset_alias_example_alias_producer_with_no_taskflow to None, run_after=None
[2025-05-14T17:10:47.848+0000] {logging_mixin.py:190} INFO - [2025-05-14T17:10:47.848+0000] {dag.py:4180} INFO - Setting next_dagrun for dataset_s3_bucket_consumer_with_no_taskflow to None, run_after=None
[2025-05-14T17:10:47.852+0000] {logging_mixin.py:190} INFO - [2025-05-14T17:10:47.850+0000] {dag.py:4180} INFO - Setting next_dagrun for dataset_s3_bucket_producer_with_no_taskflow to None, run_after=None
[2025-05-14T17:10:47.887+0000] {processor.py:208} INFO - Processing /home/airflow/.local/lib/python3.12/site-packages/airflow/example_dags/example_dataset_alias_with_no_taskflow.py took 0.959 seconds
[2025-05-14T17:11:18.662+0000] {processor.py:186} INFO - Started process (PID=771) to work on /home/airflow/.local/lib/python3.12/site-packages/airflow/example_dags/example_dataset_alias_with_no_taskflow.py
[2025-05-14T17:11:18.664+0000] {processor.py:914} INFO - Processing file /home/airflow/.local/lib/python3.12/site-packages/airflow/example_dags/example_dataset_alias_with_no_taskflow.py for tasks to queue
[2025-05-14T17:11:18.667+0000] {logging_mixin.py:190} INFO - [2025-05-14T17:11:18.667+0000] {dagbag.py:588} INFO - Filling up the DagBag from /home/airflow/.local/lib/python3.12/site-packages/airflow/example_dags/example_dataset_alias_with_no_taskflow.py
[2025-05-14T17:11:19.431+0000] {processor.py:925} INFO - DAG(s) 'dataset_s3_bucket_consumer_with_no_taskflow', 'dataset_alias_example_alias_producer_with_no_taskflow', 'dataset_s3_bucket_producer_with_no_taskflow', 'dataset_alias_example_alias_consumer_with_no_taskflow' retrieved from /home/airflow/.local/lib/python3.12/site-packages/airflow/example_dags/example_dataset_alias_with_no_taskflow.py
[2025-05-14T17:11:19.466+0000] {logging_mixin.py:190} INFO - [2025-05-14T17:11:19.465+0000] {dag.py:3239} INFO - Sync 4 DAGs
[2025-05-14T17:11:19.505+0000] {logging_mixin.py:190} INFO - [2025-05-14T17:11:19.504+0000] {dag.py:4180} INFO - Setting next_dagrun for dataset_alias_example_alias_consumer_with_no_taskflow to None, run_after=None
[2025-05-14T17:11:19.510+0000] {logging_mixin.py:190} INFO - [2025-05-14T17:11:19.509+0000] {dag.py:4180} INFO - Setting next_dagrun for dataset_alias_example_alias_producer_with_no_taskflow to None, run_after=None
[2025-05-14T17:11:19.513+0000] {logging_mixin.py:190} INFO - [2025-05-14T17:11:19.512+0000] {dag.py:4180} INFO - Setting next_dagrun for dataset_s3_bucket_consumer_with_no_taskflow to None, run_after=None
[2025-05-14T17:11:19.515+0000] {logging_mixin.py:190} INFO - [2025-05-14T17:11:19.515+0000] {dag.py:4180} INFO - Setting next_dagrun for dataset_s3_bucket_producer_with_no_taskflow to None, run_after=None
[2025-05-14T17:11:19.549+0000] {processor.py:208} INFO - Processing /home/airflow/.local/lib/python3.12/site-packages/airflow/example_dags/example_dataset_alias_with_no_taskflow.py took 0.896 seconds
[2025-05-14T17:11:50.371+0000] {processor.py:186} INFO - Started process (PID=839) to work on /home/airflow/.local/lib/python3.12/site-packages/airflow/example_dags/example_dataset_alias_with_no_taskflow.py
[2025-05-14T17:11:50.375+0000] {processor.py:914} INFO - Processing file /home/airflow/.local/lib/python3.12/site-packages/airflow/example_dags/example_dataset_alias_with_no_taskflow.py for tasks to queue
[2025-05-14T17:11:50.383+0000] {logging_mixin.py:190} INFO - [2025-05-14T17:11:50.382+0000] {dagbag.py:588} INFO - Filling up the DagBag from /home/airflow/.local/lib/python3.12/site-packages/airflow/example_dags/example_dataset_alias_with_no_taskflow.py
[2025-05-14T17:11:51.795+0000] {processor.py:925} INFO - DAG(s) 'dataset_s3_bucket_producer_with_no_taskflow', 'dataset_alias_example_alias_consumer_with_no_taskflow', 'dataset_alias_example_alias_producer_with_no_taskflow', 'dataset_s3_bucket_consumer_with_no_taskflow' retrieved from /home/airflow/.local/lib/python3.12/site-packages/airflow/example_dags/example_dataset_alias_with_no_taskflow.py
[2025-05-14T17:11:51.838+0000] {logging_mixin.py:190} INFO - [2025-05-14T17:11:51.837+0000] {dag.py:3239} INFO - Sync 4 DAGs
[2025-05-14T17:11:51.875+0000] {logging_mixin.py:190} INFO - [2025-05-14T17:11:51.875+0000] {dag.py:4180} INFO - Setting next_dagrun for dataset_alias_example_alias_consumer_with_no_taskflow to None, run_after=None
[2025-05-14T17:11:51.880+0000] {logging_mixin.py:190} INFO - [2025-05-14T17:11:51.880+0000] {dag.py:4180} INFO - Setting next_dagrun for dataset_alias_example_alias_producer_with_no_taskflow to None, run_after=None
[2025-05-14T17:11:51.885+0000] {logging_mixin.py:190} INFO - [2025-05-14T17:11:51.885+0000] {dag.py:4180} INFO - Setting next_dagrun for dataset_s3_bucket_consumer_with_no_taskflow to None, run_after=None
[2025-05-14T17:11:51.889+0000] {logging_mixin.py:190} INFO - [2025-05-14T17:11:51.889+0000] {dag.py:4180} INFO - Setting next_dagrun for dataset_s3_bucket_producer_with_no_taskflow to None, run_after=None
[2025-05-14T17:11:51.922+0000] {processor.py:208} INFO - Processing /home/airflow/.local/lib/python3.12/site-packages/airflow/example_dags/example_dataset_alias_with_no_taskflow.py took 1.581 seconds
[2025-05-14T17:12:22.049+0000] {processor.py:186} INFO - Started process (PID=909) to work on /home/airflow/.local/lib/python3.12/site-packages/airflow/example_dags/example_dataset_alias_with_no_taskflow.py
[2025-05-14T17:12:22.051+0000] {processor.py:914} INFO - Processing file /home/airflow/.local/lib/python3.12/site-packages/airflow/example_dags/example_dataset_alias_with_no_taskflow.py for tasks to queue
[2025-05-14T17:12:22.055+0000] {logging_mixin.py:190} INFO - [2025-05-14T17:12:22.054+0000] {dagbag.py:588} INFO - Filling up the DagBag from /home/airflow/.local/lib/python3.12/site-packages/airflow/example_dags/example_dataset_alias_with_no_taskflow.py
[2025-05-14T17:12:22.911+0000] {processor.py:925} INFO - DAG(s) 'dataset_s3_bucket_consumer_with_no_taskflow', 'dataset_alias_example_alias_consumer_with_no_taskflow', 'dataset_s3_bucket_producer_with_no_taskflow', 'dataset_alias_example_alias_producer_with_no_taskflow' retrieved from /home/airflow/.local/lib/python3.12/site-packages/airflow/example_dags/example_dataset_alias_with_no_taskflow.py
[2025-05-14T17:12:22.948+0000] {logging_mixin.py:190} INFO - [2025-05-14T17:12:22.947+0000] {dag.py:3239} INFO - Sync 4 DAGs
[2025-05-14T17:12:22.981+0000] {logging_mixin.py:190} INFO - [2025-05-14T17:12:22.981+0000] {dag.py:4180} INFO - Setting next_dagrun for dataset_alias_example_alias_consumer_with_no_taskflow to None, run_after=None
[2025-05-14T17:12:22.986+0000] {logging_mixin.py:190} INFO - [2025-05-14T17:12:22.985+0000] {dag.py:4180} INFO - Setting next_dagrun for dataset_alias_example_alias_producer_with_no_taskflow to None, run_after=None
[2025-05-14T17:12:22.992+0000] {logging_mixin.py:190} INFO - [2025-05-14T17:12:22.991+0000] {dag.py:4180} INFO - Setting next_dagrun for dataset_s3_bucket_consumer_with_no_taskflow to None, run_after=None
[2025-05-14T17:12:22.995+0000] {logging_mixin.py:190} INFO - [2025-05-14T17:12:22.994+0000] {dag.py:4180} INFO - Setting next_dagrun for dataset_s3_bucket_producer_with_no_taskflow to None, run_after=None
[2025-05-14T17:12:23.050+0000] {processor.py:208} INFO - Processing /home/airflow/.local/lib/python3.12/site-packages/airflow/example_dags/example_dataset_alias_with_no_taskflow.py took 1.009 seconds
[2025-05-14T17:12:53.870+0000] {processor.py:186} INFO - Started process (PID=975) to work on /home/airflow/.local/lib/python3.12/site-packages/airflow/example_dags/example_dataset_alias_with_no_taskflow.py
[2025-05-14T17:12:53.872+0000] {processor.py:914} INFO - Processing file /home/airflow/.local/lib/python3.12/site-packages/airflow/example_dags/example_dataset_alias_with_no_taskflow.py for tasks to queue
[2025-05-14T17:12:53.879+0000] {logging_mixin.py:190} INFO - [2025-05-14T17:12:53.878+0000] {dagbag.py:588} INFO - Filling up the DagBag from /home/airflow/.local/lib/python3.12/site-packages/airflow/example_dags/example_dataset_alias_with_no_taskflow.py
[2025-05-14T17:12:55.823+0000] {processor.py:925} INFO - DAG(s) 'dataset_s3_bucket_consumer_with_no_taskflow', 'dataset_alias_example_alias_producer_with_no_taskflow', 'dataset_s3_bucket_producer_with_no_taskflow', 'dataset_alias_example_alias_consumer_with_no_taskflow' retrieved from /home/airflow/.local/lib/python3.12/site-packages/airflow/example_dags/example_dataset_alias_with_no_taskflow.py
[2025-05-14T17:12:55.925+0000] {logging_mixin.py:190} INFO - [2025-05-14T17:12:55.923+0000] {dag.py:3239} INFO - Sync 4 DAGs
[2025-05-14T17:12:56.075+0000] {logging_mixin.py:190} INFO - [2025-05-14T17:12:56.073+0000] {dag.py:4180} INFO - Setting next_dagrun for dataset_alias_example_alias_consumer_with_no_taskflow to None, run_after=None
[2025-05-14T17:12:56.100+0000] {logging_mixin.py:190} INFO - [2025-05-14T17:12:56.100+0000] {dag.py:4180} INFO - Setting next_dagrun for dataset_alias_example_alias_producer_with_no_taskflow to None, run_after=None
[2025-05-14T17:12:56.117+0000] {logging_mixin.py:190} INFO - [2025-05-14T17:12:56.107+0000] {dag.py:4180} INFO - Setting next_dagrun for dataset_s3_bucket_consumer_with_no_taskflow to None, run_after=None
[2025-05-14T17:12:56.122+0000] {logging_mixin.py:190} INFO - [2025-05-14T17:12:56.121+0000] {dag.py:4180} INFO - Setting next_dagrun for dataset_s3_bucket_producer_with_no_taskflow to None, run_after=None
[2025-05-14T17:12:56.217+0000] {processor.py:208} INFO - Processing /home/airflow/.local/lib/python3.12/site-packages/airflow/example_dags/example_dataset_alias_with_no_taskflow.py took 2.369 seconds
[2025-05-14T17:13:26.408+0000] {processor.py:186} INFO - Started process (PID=1044) to work on /home/airflow/.local/lib/python3.12/site-packages/airflow/example_dags/example_dataset_alias_with_no_taskflow.py
[2025-05-14T17:13:26.409+0000] {processor.py:914} INFO - Processing file /home/airflow/.local/lib/python3.12/site-packages/airflow/example_dags/example_dataset_alias_with_no_taskflow.py for tasks to queue
[2025-05-14T17:13:26.415+0000] {logging_mixin.py:190} INFO - [2025-05-14T17:13:26.414+0000] {dagbag.py:588} INFO - Filling up the DagBag from /home/airflow/.local/lib/python3.12/site-packages/airflow/example_dags/example_dataset_alias_with_no_taskflow.py
[2025-05-14T17:13:27.387+0000] {processor.py:925} INFO - DAG(s) 'dataset_alias_example_alias_producer_with_no_taskflow', 'dataset_s3_bucket_consumer_with_no_taskflow', 'dataset_alias_example_alias_consumer_with_no_taskflow', 'dataset_s3_bucket_producer_with_no_taskflow' retrieved from /home/airflow/.local/lib/python3.12/site-packages/airflow/example_dags/example_dataset_alias_with_no_taskflow.py
[2025-05-14T17:13:27.430+0000] {logging_mixin.py:190} INFO - [2025-05-14T17:13:27.429+0000] {dag.py:3239} INFO - Sync 4 DAGs
[2025-05-14T17:13:27.478+0000] {logging_mixin.py:190} INFO - [2025-05-14T17:13:27.477+0000] {dag.py:4180} INFO - Setting next_dagrun for dataset_alias_example_alias_consumer_with_no_taskflow to None, run_after=None
[2025-05-14T17:13:27.486+0000] {logging_mixin.py:190} INFO - [2025-05-14T17:13:27.485+0000] {dag.py:4180} INFO - Setting next_dagrun for dataset_alias_example_alias_producer_with_no_taskflow to None, run_after=None
[2025-05-14T17:13:27.490+0000] {logging_mixin.py:190} INFO - [2025-05-14T17:13:27.489+0000] {dag.py:4180} INFO - Setting next_dagrun for dataset_s3_bucket_consumer_with_no_taskflow to None, run_after=None
[2025-05-14T17:13:27.494+0000] {logging_mixin.py:190} INFO - [2025-05-14T17:13:27.493+0000] {dag.py:4180} INFO - Setting next_dagrun for dataset_s3_bucket_producer_with_no_taskflow to None, run_after=None
[2025-05-14T17:13:27.543+0000] {processor.py:208} INFO - Processing /home/airflow/.local/lib/python3.12/site-packages/airflow/example_dags/example_dataset_alias_with_no_taskflow.py took 1.146 seconds
[2025-05-14T17:13:57.661+0000] {processor.py:186} INFO - Started process (PID=1111) to work on /home/airflow/.local/lib/python3.12/site-packages/airflow/example_dags/example_dataset_alias_with_no_taskflow.py
[2025-05-14T17:13:57.663+0000] {processor.py:914} INFO - Processing file /home/airflow/.local/lib/python3.12/site-packages/airflow/example_dags/example_dataset_alias_with_no_taskflow.py for tasks to queue
[2025-05-14T17:13:57.668+0000] {logging_mixin.py:190} INFO - [2025-05-14T17:13:57.667+0000] {dagbag.py:588} INFO - Filling up the DagBag from /home/airflow/.local/lib/python3.12/site-packages/airflow/example_dags/example_dataset_alias_with_no_taskflow.py
[2025-05-14T17:13:59.158+0000] {processor.py:925} INFO - DAG(s) 'dataset_s3_bucket_producer_with_no_taskflow', 'dataset_alias_example_alias_consumer_with_no_taskflow', 'dataset_alias_example_alias_producer_with_no_taskflow', 'dataset_s3_bucket_consumer_with_no_taskflow' retrieved from /home/airflow/.local/lib/python3.12/site-packages/airflow/example_dags/example_dataset_alias_with_no_taskflow.py
[2025-05-14T17:13:59.215+0000] {logging_mixin.py:190} INFO - [2025-05-14T17:13:59.214+0000] {dag.py:3239} INFO - Sync 4 DAGs
[2025-05-14T17:13:59.260+0000] {logging_mixin.py:190} INFO - [2025-05-14T17:13:59.260+0000] {dag.py:4180} INFO - Setting next_dagrun for dataset_alias_example_alias_consumer_with_no_taskflow to None, run_after=None
[2025-05-14T17:13:59.266+0000] {logging_mixin.py:190} INFO - [2025-05-14T17:13:59.265+0000] {dag.py:4180} INFO - Setting next_dagrun for dataset_alias_example_alias_producer_with_no_taskflow to None, run_after=None
[2025-05-14T17:13:59.269+0000] {logging_mixin.py:190} INFO - [2025-05-14T17:13:59.269+0000] {dag.py:4180} INFO - Setting next_dagrun for dataset_s3_bucket_consumer_with_no_taskflow to None, run_after=None
[2025-05-14T17:13:59.272+0000] {logging_mixin.py:190} INFO - [2025-05-14T17:13:59.271+0000] {dag.py:4180} INFO - Setting next_dagrun for dataset_s3_bucket_producer_with_no_taskflow to None, run_after=None
[2025-05-14T17:13:59.307+0000] {processor.py:208} INFO - Processing /home/airflow/.local/lib/python3.12/site-packages/airflow/example_dags/example_dataset_alias_with_no_taskflow.py took 1.658 seconds
[2025-05-14T17:14:29.465+0000] {processor.py:186} INFO - Started process (PID=1181) to work on /home/airflow/.local/lib/python3.12/site-packages/airflow/example_dags/example_dataset_alias_with_no_taskflow.py
[2025-05-14T17:14:29.466+0000] {processor.py:914} INFO - Processing file /home/airflow/.local/lib/python3.12/site-packages/airflow/example_dags/example_dataset_alias_with_no_taskflow.py for tasks to queue
[2025-05-14T17:14:29.472+0000] {logging_mixin.py:190} INFO - [2025-05-14T17:14:29.472+0000] {dagbag.py:588} INFO - Filling up the DagBag from /home/airflow/.local/lib/python3.12/site-packages/airflow/example_dags/example_dataset_alias_with_no_taskflow.py
[2025-05-14T17:14:32.179+0000] {processor.py:925} INFO - DAG(s) 'dataset_s3_bucket_consumer_with_no_taskflow', 'dataset_s3_bucket_producer_with_no_taskflow', 'dataset_alias_example_alias_producer_with_no_taskflow', 'dataset_alias_example_alias_consumer_with_no_taskflow' retrieved from /home/airflow/.local/lib/python3.12/site-packages/airflow/example_dags/example_dataset_alias_with_no_taskflow.py
[2025-05-14T17:14:32.286+0000] {logging_mixin.py:190} INFO - [2025-05-14T17:14:32.285+0000] {dag.py:3239} INFO - Sync 4 DAGs
[2025-05-14T17:14:32.465+0000] {logging_mixin.py:190} INFO - [2025-05-14T17:14:32.465+0000] {dag.py:4180} INFO - Setting next_dagrun for dataset_alias_example_alias_consumer_with_no_taskflow to None, run_after=None
[2025-05-14T17:14:32.498+0000] {logging_mixin.py:190} INFO - [2025-05-14T17:14:32.497+0000] {dag.py:4180} INFO - Setting next_dagrun for dataset_alias_example_alias_producer_with_no_taskflow to None, run_after=None
[2025-05-14T17:14:32.515+0000] {logging_mixin.py:190} INFO - [2025-05-14T17:14:32.514+0000] {dag.py:4180} INFO - Setting next_dagrun for dataset_s3_bucket_consumer_with_no_taskflow to None, run_after=None
[2025-05-14T17:14:32.545+0000] {logging_mixin.py:190} INFO - [2025-05-14T17:14:32.544+0000] {dag.py:4180} INFO - Setting next_dagrun for dataset_s3_bucket_producer_with_no_taskflow to None, run_after=None
[2025-05-14T17:14:32.747+0000] {processor.py:208} INFO - Processing /home/airflow/.local/lib/python3.12/site-packages/airflow/example_dags/example_dataset_alias_with_no_taskflow.py took 3.292 seconds
[2025-05-14T17:15:03.429+0000] {processor.py:186} INFO - Started process (PID=1249) to work on /home/airflow/.local/lib/python3.12/site-packages/airflow/example_dags/example_dataset_alias_with_no_taskflow.py
[2025-05-14T17:15:03.431+0000] {processor.py:914} INFO - Processing file /home/airflow/.local/lib/python3.12/site-packages/airflow/example_dags/example_dataset_alias_with_no_taskflow.py for tasks to queue
[2025-05-14T17:15:03.436+0000] {logging_mixin.py:190} INFO - [2025-05-14T17:15:03.435+0000] {dagbag.py:588} INFO - Filling up the DagBag from /home/airflow/.local/lib/python3.12/site-packages/airflow/example_dags/example_dataset_alias_with_no_taskflow.py
[2025-05-14T17:15:04.261+0000] {processor.py:925} INFO - DAG(s) 'dataset_s3_bucket_consumer_with_no_taskflow', 'dataset_alias_example_alias_producer_with_no_taskflow', 'dataset_alias_example_alias_consumer_with_no_taskflow', 'dataset_s3_bucket_producer_with_no_taskflow' retrieved from /home/airflow/.local/lib/python3.12/site-packages/airflow/example_dags/example_dataset_alias_with_no_taskflow.py
[2025-05-14T17:15:04.314+0000] {logging_mixin.py:190} INFO - [2025-05-14T17:15:04.313+0000] {dag.py:3239} INFO - Sync 4 DAGs
[2025-05-14T17:15:04.358+0000] {logging_mixin.py:190} INFO - [2025-05-14T17:15:04.357+0000] {dag.py:4180} INFO - Setting next_dagrun for dataset_alias_example_alias_consumer_with_no_taskflow to None, run_after=None
[2025-05-14T17:15:04.363+0000] {logging_mixin.py:190} INFO - [2025-05-14T17:15:04.363+0000] {dag.py:4180} INFO - Setting next_dagrun for dataset_alias_example_alias_producer_with_no_taskflow to None, run_after=None
[2025-05-14T17:15:04.367+0000] {logging_mixin.py:190} INFO - [2025-05-14T17:15:04.366+0000] {dag.py:4180} INFO - Setting next_dagrun for dataset_s3_bucket_consumer_with_no_taskflow to None, run_after=None
[2025-05-14T17:15:04.370+0000] {logging_mixin.py:190} INFO - [2025-05-14T17:15:04.370+0000] {dag.py:4180} INFO - Setting next_dagrun for dataset_s3_bucket_producer_with_no_taskflow to None, run_after=None
[2025-05-14T17:15:04.415+0000] {processor.py:208} INFO - Processing /home/airflow/.local/lib/python3.12/site-packages/airflow/example_dags/example_dataset_alias_with_no_taskflow.py took 0.997 seconds
