[2025-05-14T17:00:27.009+0000] {processor.py:186} INFO - Started process (PID=121) to work on /home/airflow/.local/lib/python3.12/site-packages/airflow/example_dags/tutorial.py
[2025-05-14T17:00:27.011+0000] {processor.py:914} INFO - Processing file /home/airflow/.local/lib/python3.12/site-packages/airflow/example_dags/tutorial.py for tasks to queue
[2025-05-14T17:00:27.019+0000] {logging_mixin.py:190} INFO - [2025-05-14T17:00:27.017+0000] {dagbag.py:588} INFO - Filling up the DagBag from /home/airflow/.local/lib/python3.12/site-packages/airflow/example_dags/tutorial.py
[2025-05-14T17:00:27.050+0000] {processor.py:925} INFO - DAG(s) 'tutorial' retrieved from /home/airflow/.local/lib/python3.12/site-packages/airflow/example_dags/tutorial.py
[2025-05-14T17:00:27.118+0000] {logging_mixin.py:190} INFO - [2025-05-14T17:00:27.117+0000] {dag.py:3239} INFO - Sync 1 DAGs
[2025-05-14T17:00:27.288+0000] {logging_mixin.py:190} INFO - [2025-05-14T17:00:27.268+0000] {dag.py:4180} INFO - Setting next_dagrun for tutorial to 2025-05-13 00:00:00+00:00, run_after=2025-05-14 00:00:00+00:00
[2025-05-14T17:00:27.375+0000] {processor.py:208} INFO - Processing /home/airflow/.local/lib/python3.12/site-packages/airflow/example_dags/tutorial.py took 0.379 seconds
[2025-05-14T17:00:58.196+0000] {processor.py:186} INFO - Started process (PID=187) to work on /home/airflow/.local/lib/python3.12/site-packages/airflow/example_dags/tutorial.py
[2025-05-14T17:00:58.198+0000] {processor.py:914} INFO - Processing file /home/airflow/.local/lib/python3.12/site-packages/airflow/example_dags/tutorial.py for tasks to queue
[2025-05-14T17:00:58.207+0000] {logging_mixin.py:190} INFO - [2025-05-14T17:00:58.206+0000] {dagbag.py:588} INFO - Filling up the DagBag from /home/airflow/.local/lib/python3.12/site-packages/airflow/example_dags/tutorial.py
[2025-05-14T17:00:58.230+0000] {processor.py:925} INFO - DAG(s) 'tutorial' retrieved from /home/airflow/.local/lib/python3.12/site-packages/airflow/example_dags/tutorial.py
[2025-05-14T17:00:58.295+0000] {logging_mixin.py:190} INFO - [2025-05-14T17:00:58.294+0000] {dag.py:3239} INFO - Sync 1 DAGs
[2025-05-14T17:00:58.362+0000] {logging_mixin.py:190} INFO - [2025-05-14T17:00:58.362+0000] {dag.py:4180} INFO - Setting next_dagrun for tutorial to 2025-05-13 00:00:00+00:00, run_after=2025-05-14 00:00:00+00:00
[2025-05-14T17:00:58.466+0000] {processor.py:208} INFO - Processing /home/airflow/.local/lib/python3.12/site-packages/airflow/example_dags/tutorial.py took 0.286 seconds
[2025-05-14T17:01:28.904+0000] {processor.py:186} INFO - Started process (PID=253) to work on /home/airflow/.local/lib/python3.12/site-packages/airflow/example_dags/tutorial.py
[2025-05-14T17:01:28.917+0000] {processor.py:914} INFO - Processing file /home/airflow/.local/lib/python3.12/site-packages/airflow/example_dags/tutorial.py for tasks to queue
[2025-05-14T17:01:28.940+0000] {logging_mixin.py:190} INFO - [2025-05-14T17:01:28.938+0000] {dagbag.py:588} INFO - Filling up the DagBag from /home/airflow/.local/lib/python3.12/site-packages/airflow/example_dags/tutorial.py
[2025-05-14T17:01:28.980+0000] {processor.py:925} INFO - DAG(s) 'tutorial' retrieved from /home/airflow/.local/lib/python3.12/site-packages/airflow/example_dags/tutorial.py
[2025-05-14T17:01:29.036+0000] {logging_mixin.py:190} INFO - [2025-05-14T17:01:29.035+0000] {dag.py:3239} INFO - Sync 1 DAGs
[2025-05-14T17:01:29.138+0000] {logging_mixin.py:190} INFO - [2025-05-14T17:01:29.138+0000] {dag.py:4180} INFO - Setting next_dagrun for tutorial to 2025-05-13 00:00:00+00:00, run_after=2025-05-14 00:00:00+00:00
[2025-05-14T17:01:29.187+0000] {processor.py:208} INFO - Processing /home/airflow/.local/lib/python3.12/site-packages/airflow/example_dags/tutorial.py took 0.297 seconds
[2025-05-14T17:01:59.826+0000] {processor.py:186} INFO - Started process (PID=319) to work on /home/airflow/.local/lib/python3.12/site-packages/airflow/example_dags/tutorial.py
[2025-05-14T17:01:59.829+0000] {processor.py:914} INFO - Processing file /home/airflow/.local/lib/python3.12/site-packages/airflow/example_dags/tutorial.py for tasks to queue
[2025-05-14T17:01:59.845+0000] {logging_mixin.py:190} INFO - [2025-05-14T17:01:59.844+0000] {dagbag.py:588} INFO - Filling up the DagBag from /home/airflow/.local/lib/python3.12/site-packages/airflow/example_dags/tutorial.py
[2025-05-14T17:01:59.885+0000] {processor.py:925} INFO - DAG(s) 'tutorial' retrieved from /home/airflow/.local/lib/python3.12/site-packages/airflow/example_dags/tutorial.py
[2025-05-14T17:02:00.040+0000] {logging_mixin.py:190} INFO - [2025-05-14T17:02:00.039+0000] {dag.py:3239} INFO - Sync 1 DAGs
[2025-05-14T17:02:00.194+0000] {logging_mixin.py:190} INFO - [2025-05-14T17:02:00.194+0000] {dag.py:4180} INFO - Setting next_dagrun for tutorial to 2025-05-13 00:00:00+00:00, run_after=2025-05-14 00:00:00+00:00
[2025-05-14T17:02:00.293+0000] {processor.py:208} INFO - Processing /home/airflow/.local/lib/python3.12/site-packages/airflow/example_dags/tutorial.py took 0.492 seconds
[2025-05-14T17:02:37.478+0000] {processor.py:186} INFO - Started process (PID=385) to work on /home/airflow/.local/lib/python3.12/site-packages/airflow/example_dags/tutorial.py
[2025-05-14T17:02:37.480+0000] {processor.py:914} INFO - Processing file /home/airflow/.local/lib/python3.12/site-packages/airflow/example_dags/tutorial.py for tasks to queue
[2025-05-14T17:02:37.484+0000] {logging_mixin.py:190} INFO - [2025-05-14T17:02:37.483+0000] {dagbag.py:588} INFO - Filling up the DagBag from /home/airflow/.local/lib/python3.12/site-packages/airflow/example_dags/tutorial.py
[2025-05-14T17:02:37.494+0000] {processor.py:925} INFO - DAG(s) 'tutorial' retrieved from /home/airflow/.local/lib/python3.12/site-packages/airflow/example_dags/tutorial.py
[2025-05-14T17:02:37.541+0000] {logging_mixin.py:190} INFO - [2025-05-14T17:02:37.540+0000] {dag.py:3239} INFO - Sync 1 DAGs
[2025-05-14T17:02:37.597+0000] {logging_mixin.py:190} INFO - [2025-05-14T17:02:37.596+0000] {dag.py:4180} INFO - Setting next_dagrun for tutorial to 2025-05-13 00:00:00+00:00, run_after=2025-05-14 00:00:00+00:00
[2025-05-14T17:02:37.647+0000] {processor.py:208} INFO - Processing /home/airflow/.local/lib/python3.12/site-packages/airflow/example_dags/tutorial.py took 0.176 seconds
[2025-05-14T17:05:51.013+0000] {processor.py:186} INFO - Started process (PID=102) to work on /home/airflow/.local/lib/python3.12/site-packages/airflow/example_dags/tutorial.py
[2025-05-14T17:05:51.016+0000] {processor.py:914} INFO - Processing file /home/airflow/.local/lib/python3.12/site-packages/airflow/example_dags/tutorial.py for tasks to queue
[2025-05-14T17:05:51.029+0000] {logging_mixin.py:190} INFO - [2025-05-14T17:05:51.028+0000] {dagbag.py:588} INFO - Filling up the DagBag from /home/airflow/.local/lib/python3.12/site-packages/airflow/example_dags/tutorial.py
[2025-05-14T17:05:51.054+0000] {processor.py:925} INFO - DAG(s) 'tutorial' retrieved from /home/airflow/.local/lib/python3.12/site-packages/airflow/example_dags/tutorial.py
[2025-05-14T17:05:51.232+0000] {logging_mixin.py:190} INFO - [2025-05-14T17:05:51.231+0000] {dag.py:3239} INFO - Sync 1 DAGs
[2025-05-14T17:05:51.406+0000] {logging_mixin.py:190} INFO - [2025-05-14T17:05:51.406+0000] {dag.py:4180} INFO - Setting next_dagrun for tutorial to 2025-05-13 00:00:00+00:00, run_after=2025-05-14 00:00:00+00:00
[2025-05-14T17:05:51.503+0000] {processor.py:208} INFO - Processing /home/airflow/.local/lib/python3.12/site-packages/airflow/example_dags/tutorial.py took 0.523 seconds
[2025-05-14T17:06:29.829+0000] {processor.py:186} INFO - Started process (PID=167) to work on /home/airflow/.local/lib/python3.12/site-packages/airflow/example_dags/tutorial.py
[2025-05-14T17:06:29.846+0000] {processor.py:914} INFO - Processing file /home/airflow/.local/lib/python3.12/site-packages/airflow/example_dags/tutorial.py for tasks to queue
[2025-05-14T17:06:29.897+0000] {logging_mixin.py:190} INFO - [2025-05-14T17:06:29.868+0000] {dagbag.py:588} INFO - Filling up the DagBag from /home/airflow/.local/lib/python3.12/site-packages/airflow/example_dags/tutorial.py
[2025-05-14T17:06:30.064+0000] {processor.py:925} INFO - DAG(s) 'tutorial' retrieved from /home/airflow/.local/lib/python3.12/site-packages/airflow/example_dags/tutorial.py
[2025-05-14T17:06:30.218+0000] {logging_mixin.py:190} INFO - [2025-05-14T17:06:30.217+0000] {dag.py:3239} INFO - Sync 1 DAGs
[2025-05-14T17:06:30.553+0000] {logging_mixin.py:190} INFO - [2025-05-14T17:06:30.552+0000] {dag.py:4180} INFO - Setting next_dagrun for tutorial to 2025-05-13 00:00:00+00:00, run_after=2025-05-14 00:00:00+00:00
[2025-05-14T17:06:31.005+0000] {processor.py:208} INFO - Processing /home/airflow/.local/lib/python3.12/site-packages/airflow/example_dags/tutorial.py took 1.212 seconds
[2025-05-14T17:07:01.589+0000] {processor.py:186} INFO - Started process (PID=233) to work on /home/airflow/.local/lib/python3.12/site-packages/airflow/example_dags/tutorial.py
[2025-05-14T17:07:01.591+0000] {processor.py:914} INFO - Processing file /home/airflow/.local/lib/python3.12/site-packages/airflow/example_dags/tutorial.py for tasks to queue
[2025-05-14T17:07:01.595+0000] {logging_mixin.py:190} INFO - [2025-05-14T17:07:01.595+0000] {dagbag.py:588} INFO - Filling up the DagBag from /home/airflow/.local/lib/python3.12/site-packages/airflow/example_dags/tutorial.py
[2025-05-14T17:07:01.608+0000] {processor.py:925} INFO - DAG(s) 'tutorial' retrieved from /home/airflow/.local/lib/python3.12/site-packages/airflow/example_dags/tutorial.py
[2025-05-14T17:07:01.640+0000] {logging_mixin.py:190} INFO - [2025-05-14T17:07:01.640+0000] {dag.py:3239} INFO - Sync 1 DAGs
[2025-05-14T17:07:01.683+0000] {logging_mixin.py:190} INFO - [2025-05-14T17:07:01.683+0000] {dag.py:4180} INFO - Setting next_dagrun for tutorial to 2025-05-13 00:00:00+00:00, run_after=2025-05-14 00:00:00+00:00
[2025-05-14T17:07:01.716+0000] {processor.py:208} INFO - Processing /home/airflow/.local/lib/python3.12/site-packages/airflow/example_dags/tutorial.py took 0.139 seconds
[2025-05-14T17:07:32.726+0000] {processor.py:186} INFO - Started process (PID=307) to work on /home/airflow/.local/lib/python3.12/site-packages/airflow/example_dags/tutorial.py
[2025-05-14T17:07:32.760+0000] {processor.py:914} INFO - Processing file /home/airflow/.local/lib/python3.12/site-packages/airflow/example_dags/tutorial.py for tasks to queue
[2025-05-14T17:07:32.773+0000] {logging_mixin.py:190} INFO - [2025-05-14T17:07:32.773+0000] {dagbag.py:588} INFO - Filling up the DagBag from /home/airflow/.local/lib/python3.12/site-packages/airflow/example_dags/tutorial.py
[2025-05-14T17:07:32.798+0000] {processor.py:925} INFO - DAG(s) 'tutorial' retrieved from /home/airflow/.local/lib/python3.12/site-packages/airflow/example_dags/tutorial.py
[2025-05-14T17:07:32.868+0000] {logging_mixin.py:190} INFO - [2025-05-14T17:07:32.867+0000] {dag.py:3239} INFO - Sync 1 DAGs
[2025-05-14T17:07:33.006+0000] {logging_mixin.py:190} INFO - [2025-05-14T17:07:33.005+0000] {dag.py:4180} INFO - Setting next_dagrun for tutorial to 2025-05-13 00:00:00+00:00, run_after=2025-05-14 00:00:00+00:00
[2025-05-14T17:07:33.086+0000] {processor.py:208} INFO - Processing /home/airflow/.local/lib/python3.12/site-packages/airflow/example_dags/tutorial.py took 0.395 seconds
[2025-05-14T17:08:03.997+0000] {processor.py:186} INFO - Started process (PID=373) to work on /home/airflow/.local/lib/python3.12/site-packages/airflow/example_dags/tutorial.py
[2025-05-14T17:08:03.998+0000] {processor.py:914} INFO - Processing file /home/airflow/.local/lib/python3.12/site-packages/airflow/example_dags/tutorial.py for tasks to queue
[2025-05-14T17:08:04.002+0000] {logging_mixin.py:190} INFO - [2025-05-14T17:08:04.001+0000] {dagbag.py:588} INFO - Filling up the DagBag from /home/airflow/.local/lib/python3.12/site-packages/airflow/example_dags/tutorial.py
[2025-05-14T17:08:04.014+0000] {processor.py:925} INFO - DAG(s) 'tutorial' retrieved from /home/airflow/.local/lib/python3.12/site-packages/airflow/example_dags/tutorial.py
[2025-05-14T17:08:04.049+0000] {logging_mixin.py:190} INFO - [2025-05-14T17:08:04.049+0000] {dag.py:3239} INFO - Sync 1 DAGs
[2025-05-14T17:08:04.094+0000] {logging_mixin.py:190} INFO - [2025-05-14T17:08:04.094+0000] {dag.py:4180} INFO - Setting next_dagrun for tutorial to 2025-05-13 00:00:00+00:00, run_after=2025-05-14 00:00:00+00:00
[2025-05-14T17:08:04.137+0000] {processor.py:208} INFO - Processing /home/airflow/.local/lib/python3.12/site-packages/airflow/example_dags/tutorial.py took 0.150 seconds
[2025-05-14T17:08:39.310+0000] {processor.py:186} INFO - Started process (PID=436) to work on /home/airflow/.local/lib/python3.12/site-packages/airflow/example_dags/tutorial.py
[2025-05-14T17:08:39.312+0000] {processor.py:914} INFO - Processing file /home/airflow/.local/lib/python3.12/site-packages/airflow/example_dags/tutorial.py for tasks to queue
[2025-05-14T17:08:39.316+0000] {logging_mixin.py:190} INFO - [2025-05-14T17:08:39.315+0000] {dagbag.py:588} INFO - Filling up the DagBag from /home/airflow/.local/lib/python3.12/site-packages/airflow/example_dags/tutorial.py
[2025-05-14T17:08:39.332+0000] {processor.py:925} INFO - DAG(s) 'tutorial' retrieved from /home/airflow/.local/lib/python3.12/site-packages/airflow/example_dags/tutorial.py
[2025-05-14T17:08:39.385+0000] {logging_mixin.py:190} INFO - [2025-05-14T17:08:39.384+0000] {dag.py:3239} INFO - Sync 1 DAGs
[2025-05-14T17:08:39.443+0000] {logging_mixin.py:190} INFO - [2025-05-14T17:08:39.442+0000] {dag.py:4180} INFO - Setting next_dagrun for tutorial to 2025-05-13 00:00:00+00:00, run_after=2025-05-14 00:00:00+00:00
[2025-05-14T17:08:39.492+0000] {processor.py:208} INFO - Processing /home/airflow/.local/lib/python3.12/site-packages/airflow/example_dags/tutorial.py took 0.195 seconds
[2025-05-14T17:09:11.971+0000] {processor.py:186} INFO - Started process (PID=502) to work on /home/airflow/.local/lib/python3.12/site-packages/airflow/example_dags/tutorial.py
[2025-05-14T17:09:12.011+0000] {processor.py:914} INFO - Processing file /home/airflow/.local/lib/python3.12/site-packages/airflow/example_dags/tutorial.py for tasks to queue
[2025-05-14T17:09:12.124+0000] {logging_mixin.py:190} INFO - [2025-05-14T17:09:12.123+0000] {dagbag.py:588} INFO - Filling up the DagBag from /home/airflow/.local/lib/python3.12/site-packages/airflow/example_dags/tutorial.py
[2025-05-14T17:09:12.193+0000] {processor.py:925} INFO - DAG(s) 'tutorial' retrieved from /home/airflow/.local/lib/python3.12/site-packages/airflow/example_dags/tutorial.py
[2025-05-14T17:09:12.319+0000] {logging_mixin.py:190} INFO - [2025-05-14T17:09:12.318+0000] {dag.py:3239} INFO - Sync 1 DAGs
[2025-05-14T17:09:12.480+0000] {logging_mixin.py:190} INFO - [2025-05-14T17:09:12.480+0000] {dag.py:4180} INFO - Setting next_dagrun for tutorial to 2025-05-13 00:00:00+00:00, run_after=2025-05-14 00:00:00+00:00
[2025-05-14T17:09:12.621+0000] {processor.py:208} INFO - Processing /home/airflow/.local/lib/python3.12/site-packages/airflow/example_dags/tutorial.py took 0.688 seconds
[2025-05-14T17:09:42.965+0000] {processor.py:186} INFO - Started process (PID=569) to work on /home/airflow/.local/lib/python3.12/site-packages/airflow/example_dags/tutorial.py
[2025-05-14T17:09:42.966+0000] {processor.py:914} INFO - Processing file /home/airflow/.local/lib/python3.12/site-packages/airflow/example_dags/tutorial.py for tasks to queue
[2025-05-14T17:09:42.970+0000] {logging_mixin.py:190} INFO - [2025-05-14T17:09:42.969+0000] {dagbag.py:588} INFO - Filling up the DagBag from /home/airflow/.local/lib/python3.12/site-packages/airflow/example_dags/tutorial.py
[2025-05-14T17:09:42.982+0000] {processor.py:925} INFO - DAG(s) 'tutorial' retrieved from /home/airflow/.local/lib/python3.12/site-packages/airflow/example_dags/tutorial.py
[2025-05-14T17:09:43.035+0000] {logging_mixin.py:190} INFO - [2025-05-14T17:09:43.035+0000] {dag.py:3239} INFO - Sync 1 DAGs
[2025-05-14T17:09:43.100+0000] {logging_mixin.py:190} INFO - [2025-05-14T17:09:43.099+0000] {dag.py:4180} INFO - Setting next_dagrun for tutorial to 2025-05-13 00:00:00+00:00, run_after=2025-05-14 00:00:00+00:00
[2025-05-14T17:09:43.165+0000] {processor.py:208} INFO - Processing /home/airflow/.local/lib/python3.12/site-packages/airflow/example_dags/tutorial.py took 0.209 seconds
[2025-05-14T17:10:13.941+0000] {processor.py:186} INFO - Started process (PID=634) to work on /home/airflow/.local/lib/python3.12/site-packages/airflow/example_dags/tutorial.py
[2025-05-14T17:10:13.943+0000] {processor.py:914} INFO - Processing file /home/airflow/.local/lib/python3.12/site-packages/airflow/example_dags/tutorial.py for tasks to queue
[2025-05-14T17:10:13.950+0000] {logging_mixin.py:190} INFO - [2025-05-14T17:10:13.949+0000] {dagbag.py:588} INFO - Filling up the DagBag from /home/airflow/.local/lib/python3.12/site-packages/airflow/example_dags/tutorial.py
[2025-05-14T17:10:13.965+0000] {processor.py:925} INFO - DAG(s) 'tutorial' retrieved from /home/airflow/.local/lib/python3.12/site-packages/airflow/example_dags/tutorial.py
[2025-05-14T17:10:14.012+0000] {logging_mixin.py:190} INFO - [2025-05-14T17:10:14.011+0000] {dag.py:3239} INFO - Sync 1 DAGs
[2025-05-14T17:10:14.070+0000] {logging_mixin.py:190} INFO - [2025-05-14T17:10:14.067+0000] {dag.py:4180} INFO - Setting next_dagrun for tutorial to 2025-05-13 00:00:00+00:00, run_after=2025-05-14 00:00:00+00:00
[2025-05-14T17:10:14.125+0000] {processor.py:208} INFO - Processing /home/airflow/.local/lib/python3.12/site-packages/airflow/example_dags/tutorial.py took 0.202 seconds
[2025-05-14T17:10:44.338+0000] {processor.py:186} INFO - Started process (PID=700) to work on /home/airflow/.local/lib/python3.12/site-packages/airflow/example_dags/tutorial.py
[2025-05-14T17:10:44.340+0000] {processor.py:914} INFO - Processing file /home/airflow/.local/lib/python3.12/site-packages/airflow/example_dags/tutorial.py for tasks to queue
[2025-05-14T17:10:44.344+0000] {logging_mixin.py:190} INFO - [2025-05-14T17:10:44.343+0000] {dagbag.py:588} INFO - Filling up the DagBag from /home/airflow/.local/lib/python3.12/site-packages/airflow/example_dags/tutorial.py
[2025-05-14T17:10:44.357+0000] {processor.py:925} INFO - DAG(s) 'tutorial' retrieved from /home/airflow/.local/lib/python3.12/site-packages/airflow/example_dags/tutorial.py
[2025-05-14T17:10:44.394+0000] {logging_mixin.py:190} INFO - [2025-05-14T17:10:44.393+0000] {dag.py:3239} INFO - Sync 1 DAGs
[2025-05-14T17:10:44.434+0000] {logging_mixin.py:190} INFO - [2025-05-14T17:10:44.434+0000] {dag.py:4180} INFO - Setting next_dagrun for tutorial to 2025-05-13 00:00:00+00:00, run_after=2025-05-14 00:00:00+00:00
[2025-05-14T17:10:44.470+0000] {processor.py:208} INFO - Processing /home/airflow/.local/lib/python3.12/site-packages/airflow/example_dags/tutorial.py took 0.142 seconds
[2025-05-14T17:11:15.063+0000] {processor.py:186} INFO - Started process (PID=765) to work on /home/airflow/.local/lib/python3.12/site-packages/airflow/example_dags/tutorial.py
[2025-05-14T17:11:15.065+0000] {processor.py:914} INFO - Processing file /home/airflow/.local/lib/python3.12/site-packages/airflow/example_dags/tutorial.py for tasks to queue
[2025-05-14T17:11:15.069+0000] {logging_mixin.py:190} INFO - [2025-05-14T17:11:15.068+0000] {dagbag.py:588} INFO - Filling up the DagBag from /home/airflow/.local/lib/python3.12/site-packages/airflow/example_dags/tutorial.py
[2025-05-14T17:11:15.080+0000] {processor.py:925} INFO - DAG(s) 'tutorial' retrieved from /home/airflow/.local/lib/python3.12/site-packages/airflow/example_dags/tutorial.py
[2025-05-14T17:11:15.117+0000] {logging_mixin.py:190} INFO - [2025-05-14T17:11:15.116+0000] {dag.py:3239} INFO - Sync 1 DAGs
[2025-05-14T17:11:15.163+0000] {logging_mixin.py:190} INFO - [2025-05-14T17:11:15.163+0000] {dag.py:4180} INFO - Setting next_dagrun for tutorial to 2025-05-13 00:00:00+00:00, run_after=2025-05-14 00:00:00+00:00
[2025-05-14T17:11:15.211+0000] {processor.py:208} INFO - Processing /home/airflow/.local/lib/python3.12/site-packages/airflow/example_dags/tutorial.py took 0.159 seconds
[2025-05-14T17:11:45.470+0000] {processor.py:186} INFO - Started process (PID=832) to work on /home/airflow/.local/lib/python3.12/site-packages/airflow/example_dags/tutorial.py
[2025-05-14T17:11:45.473+0000] {processor.py:914} INFO - Processing file /home/airflow/.local/lib/python3.12/site-packages/airflow/example_dags/tutorial.py for tasks to queue
[2025-05-14T17:11:45.478+0000] {logging_mixin.py:190} INFO - [2025-05-14T17:11:45.477+0000] {dagbag.py:588} INFO - Filling up the DagBag from /home/airflow/.local/lib/python3.12/site-packages/airflow/example_dags/tutorial.py
[2025-05-14T17:11:45.493+0000] {processor.py:925} INFO - DAG(s) 'tutorial' retrieved from /home/airflow/.local/lib/python3.12/site-packages/airflow/example_dags/tutorial.py
[2025-05-14T17:11:45.530+0000] {logging_mixin.py:190} INFO - [2025-05-14T17:11:45.529+0000] {dag.py:3239} INFO - Sync 1 DAGs
[2025-05-14T17:11:45.568+0000] {logging_mixin.py:190} INFO - [2025-05-14T17:11:45.568+0000] {dag.py:4180} INFO - Setting next_dagrun for tutorial to 2025-05-13 00:00:00+00:00, run_after=2025-05-14 00:00:00+00:00
[2025-05-14T17:11:45.612+0000] {processor.py:208} INFO - Processing /home/airflow/.local/lib/python3.12/site-packages/airflow/example_dags/tutorial.py took 0.153 seconds
[2025-05-14T17:12:16.865+0000] {processor.py:186} INFO - Started process (PID=898) to work on /home/airflow/.local/lib/python3.12/site-packages/airflow/example_dags/tutorial.py
[2025-05-14T17:12:16.869+0000] {processor.py:914} INFO - Processing file /home/airflow/.local/lib/python3.12/site-packages/airflow/example_dags/tutorial.py for tasks to queue
[2025-05-14T17:12:16.876+0000] {logging_mixin.py:190} INFO - [2025-05-14T17:12:16.873+0000] {dagbag.py:588} INFO - Filling up the DagBag from /home/airflow/.local/lib/python3.12/site-packages/airflow/example_dags/tutorial.py
[2025-05-14T17:12:16.903+0000] {processor.py:925} INFO - DAG(s) 'tutorial' retrieved from /home/airflow/.local/lib/python3.12/site-packages/airflow/example_dags/tutorial.py
[2025-05-14T17:12:16.962+0000] {logging_mixin.py:190} INFO - [2025-05-14T17:12:16.962+0000] {dag.py:3239} INFO - Sync 1 DAGs
[2025-05-14T17:12:17.024+0000] {logging_mixin.py:190} INFO - [2025-05-14T17:12:17.023+0000] {dag.py:4180} INFO - Setting next_dagrun for tutorial to 2025-05-13 00:00:00+00:00, run_after=2025-05-14 00:00:00+00:00
[2025-05-14T17:12:17.075+0000] {processor.py:208} INFO - Processing /home/airflow/.local/lib/python3.12/site-packages/airflow/example_dags/tutorial.py took 0.237 seconds
[2025-05-14T17:12:47.359+0000] {processor.py:186} INFO - Started process (PID=964) to work on /home/airflow/.local/lib/python3.12/site-packages/airflow/example_dags/tutorial.py
[2025-05-14T17:12:47.361+0000] {processor.py:914} INFO - Processing file /home/airflow/.local/lib/python3.12/site-packages/airflow/example_dags/tutorial.py for tasks to queue
[2025-05-14T17:12:47.369+0000] {logging_mixin.py:190} INFO - [2025-05-14T17:12:47.368+0000] {dagbag.py:588} INFO - Filling up the DagBag from /home/airflow/.local/lib/python3.12/site-packages/airflow/example_dags/tutorial.py
[2025-05-14T17:12:47.388+0000] {processor.py:925} INFO - DAG(s) 'tutorial' retrieved from /home/airflow/.local/lib/python3.12/site-packages/airflow/example_dags/tutorial.py
[2025-05-14T17:12:47.426+0000] {logging_mixin.py:190} INFO - [2025-05-14T17:12:47.425+0000] {dag.py:3239} INFO - Sync 1 DAGs
[2025-05-14T17:12:47.463+0000] {logging_mixin.py:190} INFO - [2025-05-14T17:12:47.462+0000] {dag.py:4180} INFO - Setting next_dagrun for tutorial to 2025-05-13 00:00:00+00:00, run_after=2025-05-14 00:00:00+00:00
[2025-05-14T17:12:47.490+0000] {processor.py:208} INFO - Processing /home/airflow/.local/lib/python3.12/site-packages/airflow/example_dags/tutorial.py took 0.141 seconds
[2025-05-14T17:13:18.765+0000] {processor.py:186} INFO - Started process (PID=1030) to work on /home/airflow/.local/lib/python3.12/site-packages/airflow/example_dags/tutorial.py
[2025-05-14T17:13:18.768+0000] {processor.py:914} INFO - Processing file /home/airflow/.local/lib/python3.12/site-packages/airflow/example_dags/tutorial.py for tasks to queue
[2025-05-14T17:13:18.776+0000] {logging_mixin.py:190} INFO - [2025-05-14T17:13:18.775+0000] {dagbag.py:588} INFO - Filling up the DagBag from /home/airflow/.local/lib/python3.12/site-packages/airflow/example_dags/tutorial.py
[2025-05-14T17:13:18.792+0000] {processor.py:925} INFO - DAG(s) 'tutorial' retrieved from /home/airflow/.local/lib/python3.12/site-packages/airflow/example_dags/tutorial.py
[2025-05-14T17:13:18.850+0000] {logging_mixin.py:190} INFO - [2025-05-14T17:13:18.849+0000] {dag.py:3239} INFO - Sync 1 DAGs
[2025-05-14T17:13:18.909+0000] {logging_mixin.py:190} INFO - [2025-05-14T17:13:18.908+0000] {dag.py:4180} INFO - Setting next_dagrun for tutorial to 2025-05-13 00:00:00+00:00, run_after=2025-05-14 00:00:00+00:00
[2025-05-14T17:13:18.954+0000] {processor.py:208} INFO - Processing /home/airflow/.local/lib/python3.12/site-packages/airflow/example_dags/tutorial.py took 0.209 seconds
[2025-05-14T17:13:50.039+0000] {processor.py:186} INFO - Started process (PID=1096) to work on /home/airflow/.local/lib/python3.12/site-packages/airflow/example_dags/tutorial.py
[2025-05-14T17:13:50.042+0000] {processor.py:914} INFO - Processing file /home/airflow/.local/lib/python3.12/site-packages/airflow/example_dags/tutorial.py for tasks to queue
[2025-05-14T17:13:50.061+0000] {logging_mixin.py:190} INFO - [2025-05-14T17:13:50.060+0000] {dagbag.py:588} INFO - Filling up the DagBag from /home/airflow/.local/lib/python3.12/site-packages/airflow/example_dags/tutorial.py
[2025-05-14T17:13:50.099+0000] {processor.py:925} INFO - DAG(s) 'tutorial' retrieved from /home/airflow/.local/lib/python3.12/site-packages/airflow/example_dags/tutorial.py
[2025-05-14T17:13:50.165+0000] {logging_mixin.py:190} INFO - [2025-05-14T17:13:50.164+0000] {dag.py:3239} INFO - Sync 1 DAGs
[2025-05-14T17:13:50.264+0000] {logging_mixin.py:190} INFO - [2025-05-14T17:13:50.264+0000] {dag.py:4180} INFO - Setting next_dagrun for tutorial to 2025-05-13 00:00:00+00:00, run_after=2025-05-14 00:00:00+00:00
[2025-05-14T17:13:50.323+0000] {processor.py:208} INFO - Processing /home/airflow/.local/lib/python3.12/site-packages/airflow/example_dags/tutorial.py took 0.333 seconds
[2025-05-14T17:14:21.046+0000] {processor.py:186} INFO - Started process (PID=1161) to work on /home/airflow/.local/lib/python3.12/site-packages/airflow/example_dags/tutorial.py
[2025-05-14T17:14:21.048+0000] {processor.py:914} INFO - Processing file /home/airflow/.local/lib/python3.12/site-packages/airflow/example_dags/tutorial.py for tasks to queue
[2025-05-14T17:14:21.053+0000] {logging_mixin.py:190} INFO - [2025-05-14T17:14:21.052+0000] {dagbag.py:588} INFO - Filling up the DagBag from /home/airflow/.local/lib/python3.12/site-packages/airflow/example_dags/tutorial.py
[2025-05-14T17:14:21.065+0000] {processor.py:925} INFO - DAG(s) 'tutorial' retrieved from /home/airflow/.local/lib/python3.12/site-packages/airflow/example_dags/tutorial.py
[2025-05-14T17:14:21.102+0000] {logging_mixin.py:190} INFO - [2025-05-14T17:14:21.101+0000] {dag.py:3239} INFO - Sync 1 DAGs
[2025-05-14T17:14:21.140+0000] {logging_mixin.py:190} INFO - [2025-05-14T17:14:21.139+0000] {dag.py:4180} INFO - Setting next_dagrun for tutorial to 2025-05-13 00:00:00+00:00, run_after=2025-05-14 00:00:00+00:00
[2025-05-14T17:14:21.181+0000] {processor.py:208} INFO - Processing /home/airflow/.local/lib/python3.12/site-packages/airflow/example_dags/tutorial.py took 0.144 seconds
[2025-05-14T17:14:51.459+0000] {processor.py:186} INFO - Started process (PID=1223) to work on /home/airflow/.local/lib/python3.12/site-packages/airflow/example_dags/tutorial.py
[2025-05-14T17:14:51.461+0000] {processor.py:914} INFO - Processing file /home/airflow/.local/lib/python3.12/site-packages/airflow/example_dags/tutorial.py for tasks to queue
[2025-05-14T17:14:51.467+0000] {logging_mixin.py:190} INFO - [2025-05-14T17:14:51.466+0000] {dagbag.py:588} INFO - Filling up the DagBag from /home/airflow/.local/lib/python3.12/site-packages/airflow/example_dags/tutorial.py
[2025-05-14T17:14:51.493+0000] {processor.py:925} INFO - DAG(s) 'tutorial' retrieved from /home/airflow/.local/lib/python3.12/site-packages/airflow/example_dags/tutorial.py
[2025-05-14T17:14:51.560+0000] {logging_mixin.py:190} INFO - [2025-05-14T17:14:51.559+0000] {dag.py:3239} INFO - Sync 1 DAGs
[2025-05-14T17:14:51.629+0000] {logging_mixin.py:190} INFO - [2025-05-14T17:14:51.629+0000] {dag.py:4180} INFO - Setting next_dagrun for tutorial to 2025-05-13 00:00:00+00:00, run_after=2025-05-14 00:00:00+00:00
[2025-05-14T17:14:51.680+0000] {processor.py:208} INFO - Processing /home/airflow/.local/lib/python3.12/site-packages/airflow/example_dags/tutorial.py took 0.240 seconds
