[2025-02-17T19:34:03.376+0000] {local_task_job_runner.py:123} INFO - ::group::Pre task execution logs
[2025-02-17T19:34:03.426+0000] {taskinstance.py:2613} INFO - Dependencies all met for dep_context=non-requeueable deps ti=<TaskInstance: news_parser.parse_and_save manual__2025-02-17T19:33:48.146903+00:00 [queued]>
[2025-02-17T19:34:03.450+0000] {taskinstance.py:2613} INFO - Dependencies all met for dep_context=requeueable deps ti=<TaskInstance: news_parser.parse_and_save manual__2025-02-17T19:33:48.146903+00:00 [queued]>
[2025-02-17T19:34:03.451+0000] {taskinstance.py:2866} INFO - Starting attempt 1 of 2
[2025-02-17T19:34:03.486+0000] {taskinstance.py:2889} INFO - Executing <Task(PythonOperator): parse_and_save> on 2025-02-17 19:33:48.146903+00:00
[2025-02-17T19:34:03.508+0000] {warnings.py:112} WARNING - /home/***/.local/lib/python3.12/site-packages/***/task/task_runner/standard_task_runner.py:70: DeprecationWarning: This process (pid=181) is multi-threaded, use of fork() may lead to deadlocks in the child.
  pid = os.fork()

[2025-02-17T19:34:03.512+0000] {standard_task_runner.py:72} INFO - Started process 183 to run task
[2025-02-17T19:34:03.512+0000] {standard_task_runner.py:104} INFO - Running: ['***', 'tasks', 'run', 'news_parser', 'parse_and_save', 'manual__2025-02-17T19:33:48.146903+00:00', '--job-id', '21', '--raw', '--subdir', 'DAGS_FOLDER/news_parser.py', '--cfg-path', '/tmp/tmp38m_k5wz']
[2025-02-17T19:34:03.515+0000] {standard_task_runner.py:105} INFO - Job 21: Subtask parse_and_save
[2025-02-17T19:34:03.642+0000] {task_command.py:467} INFO - Running <TaskInstance: news_parser.parse_and_save manual__2025-02-17T19:33:48.146903+00:00 [running]> on host 14ac0de86ddb
[2025-02-17T19:34:03.893+0000] {taskinstance.py:3132} INFO - Exporting env vars: AIRFLOW_CTX_DAG_OWNER='***' AIRFLOW_CTX_DAG_ID='news_parser' AIRFLOW_CTX_TASK_ID='parse_and_save' AIRFLOW_CTX_EXECUTION_DATE='2025-02-17T19:33:48.146903+00:00' AIRFLOW_CTX_TRY_NUMBER='1' AIRFLOW_CTX_DAG_RUN_ID='manual__2025-02-17T19:33:48.146903+00:00'
[2025-02-17T19:34:03.897+0000] {logging_mixin.py:190} INFO - Task instance is in running state
[2025-02-17T19:34:03.899+0000] {logging_mixin.py:190} INFO -  Previous state of the Task instance: queued
[2025-02-17T19:34:03.900+0000] {logging_mixin.py:190} INFO - Current task name:parse_and_save state:running start_date:2025-02-17 19:34:03.427674+00:00
[2025-02-17T19:34:03.902+0000] {logging_mixin.py:190} INFO - Dag name:news_parser and current dag run status:running
[2025-02-17T19:34:03.903+0000] {taskinstance.py:731} INFO - ::endgroup::
[2025-02-17T19:34:04.428+0000] {python.py:240} INFO - Done. Returned value was: None
[2025-02-17T19:34:04.456+0000] {taskinstance.py:340} INFO - ::group::Post task execution logs
[2025-02-17T19:34:04.458+0000] {taskinstance.py:352} INFO - Marking task as SUCCESS. dag_id=news_parser, task_id=parse_and_save, run_id=manual__2025-02-17T19:33:48.146903+00:00, execution_date=20250217T193348, start_date=20250217T193403, end_date=20250217T193404
[2025-02-17T19:34:04.480+0000] {logging_mixin.py:190} INFO - Task instance in success state
[2025-02-17T19:34:04.482+0000] {logging_mixin.py:190} INFO -  Previous state of the Task instance: running
[2025-02-17T19:34:04.483+0000] {logging_mixin.py:190} INFO - Dag name:news_parser queued_at:2025-02-17 19:33:48.228296+00:00
[2025-02-17T19:34:04.484+0000] {logging_mixin.py:190} INFO - Task hostname:14ac0de86ddb operator:PythonOperator
[2025-02-17T19:34:04.537+0000] {local_task_job_runner.py:266} INFO - Task exited with return code 0
[2025-02-17T19:34:04.571+0000] {taskinstance.py:3895} INFO - 0 downstream tasks scheduled from follow-on schedule check
[2025-02-17T19:34:04.574+0000] {local_task_job_runner.py:245} INFO - ::endgroup::
