[2025-05-19T19:07:43.839+0000] {local_task_job_runner.py:123} INFO - ::group::Pre task execution logs
[2025-05-19T19:07:43.897+0000] {taskinstance.py:2613} INFO - Dependencies all met for dep_context=non-requeueable deps ti=<TaskInstance: car_prices_etl.load_to_greenplum manual__2025-05-19T18:57:29.636449+00:00 [queued]>
[2025-05-19T19:07:43.925+0000] {taskinstance.py:2613} INFO - Dependencies all met for dep_context=requeueable deps ti=<TaskInstance: car_prices_etl.load_to_greenplum manual__2025-05-19T18:57:29.636449+00:00 [queued]>
[2025-05-19T19:07:43.927+0000] {taskinstance.py:2866} INFO - Starting attempt 2 of 2
[2025-05-19T19:07:43.978+0000] {taskinstance.py:2889} INFO - Executing <Task(PythonOperator): load_to_greenplum> on 2025-05-19 18:57:29.636449+00:00
[2025-05-19T19:07:43.993+0000] {warnings.py:112} WARNING - /home/***/.local/lib/python3.12/site-packages/***/task/task_runner/standard_task_runner.py:70: DeprecationWarning: This process (pid=244) is multi-threaded, use of fork() may lead to deadlocks in the child.
  pid = os.fork()

[2025-05-19T19:07:43.997+0000] {standard_task_runner.py:72} INFO - Started process 246 to run task
[2025-05-19T19:07:43.998+0000] {standard_task_runner.py:104} INFO - Running: ['***', 'tasks', 'run', 'car_prices_etl', 'load_to_greenplum', 'manual__2025-05-19T18:57:29.636449+00:00', '--job-id', '7', '--raw', '--subdir', 'DAGS_FOLDER/test_car_2.py', '--cfg-path', '/tmp/tmpcrrcs2yo']
[2025-05-19T19:07:44.005+0000] {standard_task_runner.py:105} INFO - Job 7: Subtask load_to_greenplum
[2025-05-19T19:07:44.131+0000] {task_command.py:467} INFO - Running <TaskInstance: car_prices_etl.load_to_greenplum manual__2025-05-19T18:57:29.636449+00:00 [running]> on host 21ce6642f26a
[2025-05-19T19:07:44.375+0000] {taskinstance.py:3132} INFO - Exporting env vars: AIRFLOW_CTX_DAG_OWNER='***' AIRFLOW_CTX_DAG_ID='car_prices_etl' AIRFLOW_CTX_TASK_ID='load_to_greenplum' AIRFLOW_CTX_EXECUTION_DATE='2025-05-19T18:57:29.636449+00:00' AIRFLOW_CTX_TRY_NUMBER='2' AIRFLOW_CTX_DAG_RUN_ID='manual__2025-05-19T18:57:29.636449+00:00'
[2025-05-19T19:07:44.380+0000] {taskinstance.py:731} INFO - ::endgroup::
[2025-05-19T19:07:44.425+0000] {test_car_2.py:132} INFO - >>> [START] load_to_greenplum
[2025-05-19T19:07:44.513+0000] {base.py:84} INFO - Retrieving connection 'postgres_default'
[2025-05-19T19:07:44.546+0000] {test_car_2.py:200} INFO - Successfully loaded 10/10 records to GreenPlum
[2025-05-19T19:07:44.548+0000] {python.py:240} INFO - Done. Returned value was: None
[2025-05-19T19:07:44.570+0000] {taskinstance.py:340} INFO - ::group::Post task execution logs
[2025-05-19T19:07:44.572+0000] {taskinstance.py:352} INFO - Marking task as SUCCESS. dag_id=car_prices_etl, task_id=load_to_greenplum, run_id=manual__2025-05-19T18:57:29.636449+00:00, execution_date=20250519T185729, start_date=20250519T190743, end_date=20250519T190744
[2025-05-19T19:07:44.677+0000] {local_task_job_runner.py:266} INFO - Task exited with return code 0
[2025-05-19T19:07:44.725+0000] {taskinstance.py:3895} INFO - 0 downstream tasks scheduled from follow-on schedule check
[2025-05-19T19:07:44.747+0000] {local_task_job_runner.py:245} INFO - ::endgroup::
