[2025-05-18T09:31:50.649+0000] {local_task_job_runner.py:123} INFO - ::group::Pre task execution logs
[2025-05-18T09:31:50.899+0000] {taskinstance.py:2613} INFO - Dependencies all met for dep_context=non-requeueable deps ti=<TaskInstance: hh_vacancies_parser.parse_and_save scheduled__2025-05-13T00:00:00+00:00 [queued]>
[2025-05-18T09:31:50.994+0000] {taskinstance.py:2613} INFO - Dependencies all met for dep_context=requeueable deps ti=<TaskInstance: hh_vacancies_parser.parse_and_save scheduled__2025-05-13T00:00:00+00:00 [queued]>
[2025-05-18T09:31:51.016+0000] {taskinstance.py:2866} INFO - Starting attempt 1 of 2
[2025-05-18T09:31:51.137+0000] {taskinstance.py:2889} INFO - Executing <Task(PythonOperator): parse_and_save> on 2025-05-13 00:00:00+00:00
[2025-05-18T09:31:51.164+0000] {warnings.py:112} WARNING - /home/***/.local/lib/python3.12/site-packages/***/task/task_runner/standard_task_runner.py:70: DeprecationWarning: This process (pid=104) is multi-threaded, use of fork() may lead to deadlocks in the child.
  pid = os.fork()

[2025-05-18T09:31:51.171+0000] {standard_task_runner.py:72} INFO - Started process 107 to run task
[2025-05-18T09:31:51.179+0000] {standard_task_runner.py:104} INFO - Running: ['***', 'tasks', 'run', 'hh_vacancies_parser', 'parse_and_save', 'scheduled__2025-05-13T00:00:00+00:00', '--job-id', '5', '--raw', '--subdir', 'DAGS_FOLDER/pars_hh_***.py', '--cfg-path', '/tmp/tmpe3zot2o8']
[2025-05-18T09:31:51.201+0000] {standard_task_runner.py:105} INFO - Job 5: Subtask parse_and_save
[2025-05-18T09:31:51.663+0000] {task_command.py:467} INFO - Running <TaskInstance: hh_vacancies_parser.parse_and_save scheduled__2025-05-13T00:00:00+00:00 [running]> on host 36960384466a
[2025-05-18T09:31:52.000+0000] {taskinstance.py:3132} INFO - Exporting env vars: AIRFLOW_CTX_DAG_OWNER='***' AIRFLOW_CTX_DAG_ID='hh_vacancies_parser' AIRFLOW_CTX_TASK_ID='parse_and_save' AIRFLOW_CTX_EXECUTION_DATE='2025-05-13T00:00:00+00:00' AIRFLOW_CTX_TRY_NUMBER='1' AIRFLOW_CTX_DAG_RUN_ID='scheduled__2025-05-13T00:00:00+00:00'
[2025-05-18T09:31:52.013+0000] {taskinstance.py:731} INFO - ::endgroup::
[2025-05-18T09:31:52.352+0000] {python.py:240} INFO - Done. Returned value was: None
[2025-05-18T09:31:52.381+0000] {taskinstance.py:340} INFO - ::group::Post task execution logs
[2025-05-18T09:31:52.384+0000] {taskinstance.py:352} INFO - Marking task as SUCCESS. dag_id=hh_vacancies_parser, task_id=parse_and_save, run_id=scheduled__2025-05-13T00:00:00+00:00, execution_date=20250513T000000, start_date=20250518T093150, end_date=20250518T093152
[2025-05-18T09:31:52.506+0000] {local_task_job_runner.py:266} INFO - Task exited with return code 0
[2025-05-18T09:31:52.553+0000] {taskinstance.py:3895} INFO - 0 downstream tasks scheduled from follow-on schedule check
[2025-05-18T09:31:52.565+0000] {local_task_job_runner.py:245} INFO - ::endgroup::
[2025-05-18T12:28:19.246+0000] {local_task_job_runner.py:123} INFO - ::group::Pre task execution logs
[2025-05-18T12:28:19.358+0000] {taskinstance.py:2613} INFO - Dependencies all met for dep_context=non-requeueable deps ti=<TaskInstance: hh_vacancies_parser.parse_and_save scheduled__2025-05-13T00:00:00+00:00 [queued]>
[2025-05-18T12:28:19.392+0000] {taskinstance.py:2613} INFO - Dependencies all met for dep_context=requeueable deps ti=<TaskInstance: hh_vacancies_parser.parse_and_save scheduled__2025-05-13T00:00:00+00:00 [queued]>
[2025-05-18T12:28:19.394+0000] {taskinstance.py:2866} INFO - Starting attempt 1 of 2
[2025-05-18T12:28:19.460+0000] {taskinstance.py:2889} INFO - Executing <Task(PythonOperator): parse_and_save> on 2025-05-13 00:00:00+00:00
[2025-05-18T12:28:19.486+0000] {warnings.py:112} WARNING - /home/***/.local/lib/python3.12/site-packages/***/task/task_runner/standard_task_runner.py:70: DeprecationWarning: This process (pid=1501) is multi-threaded, use of fork() may lead to deadlocks in the child.
  pid = os.fork()

[2025-05-18T12:28:19.521+0000] {standard_task_runner.py:72} INFO - Started process 1504 to run task
[2025-05-18T12:28:19.514+0000] {standard_task_runner.py:104} INFO - Running: ['***', 'tasks', 'run', 'hh_vacancies_parser', 'parse_and_save', 'scheduled__2025-05-13T00:00:00+00:00', '--job-id', '11', '--raw', '--subdir', 'DAGS_FOLDER/pars_hh_***.py', '--cfg-path', '/tmp/tmpooyrxv9s']
[2025-05-18T12:28:19.541+0000] {standard_task_runner.py:105} INFO - Job 11: Subtask parse_and_save
[2025-05-18T12:28:19.893+0000] {task_command.py:467} INFO - Running <TaskInstance: hh_vacancies_parser.parse_and_save scheduled__2025-05-13T00:00:00+00:00 [running]> on host 1f5d5888f00f
[2025-05-18T12:28:20.533+0000] {taskinstance.py:3132} INFO - Exporting env vars: AIRFLOW_CTX_DAG_OWNER='***' AIRFLOW_CTX_DAG_ID='hh_vacancies_parser' AIRFLOW_CTX_TASK_ID='parse_and_save' AIRFLOW_CTX_EXECUTION_DATE='2025-05-13T00:00:00+00:00' AIRFLOW_CTX_TRY_NUMBER='1' AIRFLOW_CTX_DAG_RUN_ID='scheduled__2025-05-13T00:00:00+00:00'
[2025-05-18T12:28:20.563+0000] {taskinstance.py:731} INFO - ::endgroup::
[2025-05-18T12:28:21.450+0000] {python.py:240} INFO - Done. Returned value was: None
[2025-05-18T12:28:21.587+0000] {taskinstance.py:340} INFO - ::group::Post task execution logs
[2025-05-18T12:28:21.600+0000] {taskinstance.py:352} INFO - Marking task as SUCCESS. dag_id=hh_vacancies_parser, task_id=parse_and_save, run_id=scheduled__2025-05-13T00:00:00+00:00, execution_date=20250513T000000, start_date=20250518T122819, end_date=20250518T122821
[2025-05-18T12:28:21.813+0000] {local_task_job_runner.py:266} INFO - Task exited with return code 0
[2025-05-18T12:28:21.956+0000] {taskinstance.py:3895} INFO - 0 downstream tasks scheduled from follow-on schedule check
[2025-05-18T12:28:21.972+0000] {local_task_job_runner.py:245} INFO - ::endgroup::
